[2022-03-01_14-01-42] main.py --action TRAINING --arch resnet18Asym-cifar100 --epoch 5 --batch_size 128 --seed 44 --gpu 0 --compute_flavour 9 --v 1

[2022-03-01_14-01-42] arch=resnet18Asym, dataset=cifar100, desc=None, flavour=9, epochs=5, batch_size=128, LR=0.1, LRD=0, WD=0, MOMENTUM=0, GAMMA=0.1, MILESTONES=[60, 120, 160], device=cuda, verbose=1, model_path=None
[2022-03-01_14-01-42] Seed = 44

----------------------------------------
----------- TRAINING NETWORK -----------
----------------------------------------

[2022-03-01_14-01-42] NeuralNet __init__: arch=resnet18Asym, dataset=cifar100 compute_flavour=9, epochs=5,LR=0.1 LRD=0 WD=0 MOMENTUM=0 GAMMA=0.1 MILESTONES=[60, 120, 160] device=cuda verbose=1 gpus=1 distributed=0 model_path=None
[2022-03-01_14-01-42] Seed = 44
[2022-03-01_14-01-45] Model_StatsLogger __init__() Compute flavour: 9

----------------------------------------
----------- Training Epoch 0 -----------
----------------------------------------

[2022-03-01_14-01-47] Epoch: [0][  0/390] 9 Compute flavour conv	Time  1.044 ( 1.044)	Data  0.770 ( 0.770)	Loss 4.7290e+00 (4.7290e+00)	Acc@1   2.34 (  2.34)	Acc@5   4.69 (  4.69)
[2022-03-01_14-02-00] Epoch: [0][128/390] 9 Compute flavour conv	Time  0.107 ( 0.114)	Data  0.000 ( 0.006)	Loss 4.1990e+00 (4.2337e+00)	Acc@1   4.69 (  5.58)	Acc@5  24.22 ( 19.96)
[2022-03-01_14-02-14] Epoch: [0][256/390] 9 Compute flavour conv	Time  0.108 ( 0.111)	Data  0.000 ( 0.003)	Loss 3.8385e+00 (4.0203e+00)	Acc@1  10.16 (  8.13)	Acc@5  32.81 ( 26.47)
[2022-03-01_14-02-28] Epoch: [0][384/390] 9 Compute flavour conv	Time  0.108 ( 0.110)	Data  0.000 ( 0.002)	Loss 3.5274e+00 (3.8743e+00)	Acc@1  19.53 ( 10.08)	Acc@5  46.09 ( 30.96)

----------------------------------------
-------- Training Epoch 0 Stats --------
----------------------------------------

+------------------------+-------------+-------------+-------------+
| Conv                   |   Avg. Loss |   Avg. Acc1 |   Avg. Acc5 |
+========================+=============+=============+=============+
| 9 Compute flavour conv |      3.8697 |       10.16 |       31.09 |
+------------------------+-------------+-------------+-------------+
[2022-03-01_14-02-29] Total Epoch 0 Time:  43.16 seconds

----------------------------------------
----------- Testing Epoch 0 ------------
----------------------------------------

[2022-03-01_14-02-30] Test: [ 0/79] 9 Compute flavour conv	Time  0.765 ( 0.765)	Loss 3.4818e+00 (3.4818e+00)	Acc@1  16.41 ( 16.41)	Acc@5  42.19 ( 42.19)

----------------------------------------
-------- Testing Epoch 0 Stats ---------
----------------------------------------

+------------------------+-------------+-------------+-------------+
| Conv                   |   Avg. Loss |   Avg. Acc1 |   Avg. Acc5 |
+========================+=============+=============+=============+
| 9 Compute flavour conv |       3.431 |       17.33 |       44.58 |
+------------------------+-------------+-------------+-------------+
[2022-03-01_14-02-33] Total Test Time:   0.00 seconds

----------------------------------------
----------- Training Epoch 1 -----------
----------------------------------------

[2022-03-01_14-02-34] Epoch: [1][  0/390] 9 Compute flavour conv	Time  0.914 ( 0.112)	Data  0.766 ( 0.004)	Loss 3.2707e+00 (3.2707e+00)	Acc@1  24.22 ( 24.22)	Acc@5  48.44 ( 48.44)
[2022-03-01_14-02-48] Epoch: [1][128/390] 9 Compute flavour conv	Time  0.110 ( 0.112)	Data  0.000 ( 0.003)	Loss 3.3679e+00 (3.3789e+00)	Acc@1  14.06 ( 17.65)	Acc@5  45.31 ( 45.69)
[2022-03-01_14-03-02] Epoch: [1][256/390] 9 Compute flavour conv	Time  0.111 ( 0.112)	Data  0.000 ( 0.003)	Loss 3.0840e+00 (3.3134e+00)	Acc@1  21.88 ( 19.00)	Acc@5  54.69 ( 47.58)
[2022-03-01_14-03-16] Epoch: [1][384/390] 9 Compute flavour conv	Time  0.111 ( 0.112)	Data  0.000 ( 0.002)	Loss 3.0965e+00 (3.2470e+00)	Acc@1  23.44 ( 20.37)	Acc@5  53.12 ( 49.22)

----------------------------------------
-------- Training Epoch 1 Stats --------
----------------------------------------

+------------------------+-------------+-------------+-------------+
| Conv                   |   Avg. Loss |   Avg. Acc1 |   Avg. Acc5 |
+========================+=============+=============+=============+
| 9 Compute flavour conv |      3.2429 |       20.46 |       49.32 |
+------------------------+-------------+-------------+-------------+
[2022-03-01_14-03-17] Total Epoch 1 Time:  44.21 seconds

----------------------------------------
----------- Testing Epoch 1 ------------
----------------------------------------

[2022-03-01_14-03-18] Test: [ 0/79] 9 Compute flavour conv	Time  0.774 ( 0.058)	Loss 3.0634e+00 (3.0634e+00)	Acc@1  23.44 ( 23.44)	Acc@5  53.12 ( 53.12)

----------------------------------------
-------- Testing Epoch 1 Stats ---------
----------------------------------------

+------------------------+-------------+-------------+-------------+
| Conv                   |   Avg. Loss |   Avg. Acc1 |   Avg. Acc5 |
+========================+=============+=============+=============+
| 9 Compute flavour conv |      3.0892 |        24.3 |       54.21 |
+------------------------+-------------+-------------+-------------+
[2022-03-01_14-03-21] Total Test Time:   1.00 seconds

----------------------------------------
----------- Training Epoch 2 -----------
----------------------------------------

[2022-03-01_14-03-22] Epoch: [2][  0/390] 9 Compute flavour conv	Time  0.921 ( 0.113)	Data  0.778 ( 0.003)	Loss 2.7881e+00 (2.7881e+00)	Acc@1  27.34 ( 27.34)	Acc@5  62.50 ( 62.50)
[2022-03-01_14-03-36] Epoch: [2][128/390] 9 Compute flavour conv	Time  0.112 ( 0.113)	Data  0.000 ( 0.003)	Loss 3.0034e+00 (2.9554e+00)	Acc@1  25.00 ( 25.17)	Acc@5  56.25 ( 56.61)
[2022-03-01_14-03-51] Epoch: [2][256/390] 9 Compute flavour conv	Time  0.113 ( 0.113)	Data  0.000 ( 0.003)	Loss 2.8512e+00 (2.9041e+00)	Acc@1  27.34 ( 26.33)	Acc@5  60.94 ( 57.84)
[2022-03-01_14-04-05] Epoch: [2][384/390] 9 Compute flavour conv	Time  0.113 ( 0.113)	Data  0.000 ( 0.002)	Loss 2.6309e+00 (2.8616e+00)	Acc@1  28.91 ( 27.25)	Acc@5  64.06 ( 58.91)

----------------------------------------
-------- Training Epoch 2 Stats --------
----------------------------------------

+------------------------+-------------+-------------+-------------+
| Conv                   |   Avg. Loss |   Avg. Acc1 |   Avg. Acc5 |
+========================+=============+=============+=============+
| 9 Compute flavour conv |      2.8602 |       27.29 |       58.93 |
+------------------------+-------------+-------------+-------------+
[2022-03-01_14-04-06] Total Epoch 2 Time:  45.02 seconds

----------------------------------------
----------- Testing Epoch 2 ------------
----------------------------------------

[2022-03-01_14-04-07] Test: [ 0/79] 9 Compute flavour conv	Time  0.760 ( 0.053)	Loss 2.8153e+00 (2.8153e+00)	Acc@1  28.91 ( 28.91)	Acc@5  64.06 ( 64.06)

----------------------------------------
-------- Testing Epoch 2 Stats ---------
----------------------------------------

+------------------------+-------------+-------------+-------------+
| Conv                   |   Avg. Loss |   Avg. Acc1 |   Avg. Acc5 |
+========================+=============+=============+=============+
| 9 Compute flavour conv |       2.812 |       29.23 |       61.45 |
+------------------------+-------------+-------------+-------------+
[2022-03-01_14-04-10] Total Test Time:   2.00 seconds

----------------------------------------
----------- Training Epoch 3 -----------
----------------------------------------

[2022-03-01_14-04-11] Epoch: [3][  0/390] 9 Compute flavour conv	Time  0.919 ( 0.113)	Data  0.796 ( 0.003)	Loss 2.3288e+00 (2.3288e+00)	Acc@1  40.62 ( 40.62)	Acc@5  75.78 ( 75.78)
[2022-03-01_14-04-26] Epoch: [3][128/390] 9 Compute flavour conv	Time  0.117 ( 0.114)	Data  0.000 ( 0.003)	Loss 2.6785e+00 (2.6077e+00)	Acc@1  32.81 ( 32.72)	Acc@5  67.19 ( 64.87)
[2022-03-01_14-04-40] Epoch: [3][256/390] 9 Compute flavour conv	Time  0.114 ( 0.114)	Data  0.000 ( 0.002)	Loss 2.3444e+00 (2.5752e+00)	Acc@1  39.06 ( 33.22)	Acc@5  72.66 ( 65.63)
[2022-03-01_14-04-55] Epoch: [3][384/390] 9 Compute flavour conv	Time  0.113 ( 0.114)	Data  0.000 ( 0.002)	Loss 2.1577e+00 (2.5354e+00)	Acc@1  41.41 ( 33.98)	Acc@5  72.66 ( 66.59)

----------------------------------------
-------- Training Epoch 3 Stats --------
----------------------------------------

+------------------------+-------------+-------------+-------------+
| Conv                   |   Avg. Loss |   Avg. Acc1 |   Avg. Acc5 |
+========================+=============+=============+=============+
| 9 Compute flavour conv |      2.5341 |          34 |        66.6 |
+------------------------+-------------+-------------+-------------+
[2022-03-01_14-04-56] Total Epoch 3 Time:  45.69 seconds

----------------------------------------
----------- Testing Epoch 3 ------------
----------------------------------------

[2022-03-01_14-04-57] Test: [ 0/79] 9 Compute flavour conv	Time  0.768 ( 0.052)	Loss 2.3658e+00 (2.3658e+00)	Acc@1  37.50 ( 37.50)	Acc@5  72.66 ( 72.66)

----------------------------------------
-------- Testing Epoch 3 Stats ---------
----------------------------------------

+------------------------+-------------+-------------+-------------+
| Conv                   |   Avg. Loss |   Avg. Acc1 |   Avg. Acc5 |
+========================+=============+=============+=============+
| 9 Compute flavour conv |      2.5345 |       35.09 |       67.13 |
+------------------------+-------------+-------------+-------------+
[2022-03-01_14-05-00] Total Test Time:   3.00 seconds

----------------------------------------
----------- Training Epoch 4 -----------
----------------------------------------

[2022-03-01_14-05-01] Epoch: [4][  0/390] 9 Compute flavour conv	Time  0.934 ( 0.114)	Data  0.811 ( 0.003)	Loss 2.3197e+00 (2.3197e+00)	Acc@1  45.31 ( 45.31)	Acc@5  71.88 ( 71.88)
[2022-03-01_14-05-16] Epoch: [4][128/390] 9 Compute flavour conv	Time  0.114 ( 0.114)	Data  0.000 ( 0.003)	Loss 2.3372e+00 (2.3265e+00)	Acc@1  39.06 ( 37.87)	Acc@5  67.97 ( 71.21)
[2022-03-01_14-05-31] Epoch: [4][256/390] 9 Compute flavour conv	Time  0.115 ( 0.115)	Data  0.000 ( 0.002)	Loss 2.1873e+00 (2.3042e+00)	Acc@1  42.19 ( 38.76)	Acc@5  70.31 ( 71.49)
[2022-03-01_14-05-45] Epoch: [4][384/390] 9 Compute flavour conv	Time  0.115 ( 0.115)	Data  0.000 ( 0.002)	Loss 2.1482e+00 (2.2696e+00)	Acc@1  37.50 ( 39.63)	Acc@5  80.47 ( 72.28)

----------------------------------------
-------- Training Epoch 4 Stats --------
----------------------------------------

+------------------------+-------------+-------------+-------------+
| Conv                   |   Avg. Loss |   Avg. Acc1 |   Avg. Acc5 |
+========================+=============+=============+=============+
| 9 Compute flavour conv |       2.268 |       39.67 |       72.33 |
+------------------------+-------------+-------------+-------------+
[2022-03-01_14-05-46] Total Epoch 4 Time:  46.12 seconds

----------------------------------------
----------- Testing Epoch 4 ------------
----------------------------------------

[2022-03-01_14-05-47] Test: [ 0/79] 9 Compute flavour conv	Time  0.768 ( 0.052)	Loss 2.2055e+00 (2.2055e+00)	Acc@1  46.88 ( 46.88)	Acc@5  72.66 ( 72.66)

----------------------------------------
-------- Testing Epoch 4 Stats ---------
----------------------------------------

+------------------------+-------------+-------------+-------------+
| Conv                   |   Avg. Loss |   Avg. Acc1 |   Avg. Acc5 |
+========================+=============+=============+=============+
| 9 Compute flavour conv |      2.2509 |       41.43 |       73.18 |
+------------------------+-------------+-------------+-------------+
[2022-03-01_14-05-50] Total Test Time:   4.00 seconds
