[2022-03-01_19-31-35] main.py --action TRAINING --arch resnet18Asym-cifar100 --epoch 20 --batch_size 128 --seed 44 --gpu 0 --compute_flavour 9 --v 1

[2022-03-01_19-31-35] arch=resnet18Asym, dataset=cifar100, desc=None, flavour=9, epochs=20, batch_size=128, LR=0.1, LRD=0, WD=0, MOMENTUM=0, GAMMA=0.1, MILESTONES=[60, 120, 160], device=cuda, verbose=1, model_path=None
[2022-03-01_19-31-35] Seed = 44

----------------------------------------
----------- TRAINING NETWORK -----------
----------------------------------------

[2022-03-01_19-31-35] NeuralNet __init__: arch=resnet18Asym, dataset=cifar100 compute_flavour=9, epochs=20,LR=0.1 LRD=0 WD=0 MOMENTUM=0 GAMMA=0.1 MILESTONES=[60, 120, 160] device=cuda verbose=1 gpus=1 distributed=0 model_path=None
[2022-03-01_19-31-35] Seed = 44
[2022-03-01_19-31-38] Model_StatsLogger __init__() Compute flavour: 9

----------------------------------------
----------- Training Epoch 0 -----------
----------------------------------------

[2022-03-01_19-31-40] Epoch: [0][  0/390] 9 Compute flavour conv	Time  1.215 ( 1.215)	Data  0.996 ( 0.996)	Loss 4.7292e+00 (4.7292e+00)	Acc@1   0.00 (  0.00)	Acc@5   3.91 (  3.91)
[2022-03-01_19-31-52] Epoch: [0][128/390] 9 Compute flavour conv	Time  0.095 ( 0.103)	Data  0.000 ( 0.008)	Loss 4.2290e+00 (4.2556e+00)	Acc@1   3.91 (  5.50)	Acc@5  21.88 ( 19.03)
[2022-03-01_19-32-05] Epoch: [0][256/390] 9 Compute flavour conv	Time  0.103 ( 0.100)	Data  0.000 ( 0.004)	Loss 3.8158e+00 (4.0398e+00)	Acc@1  10.94 (  8.03)	Acc@5  31.25 ( 25.76)
[2022-03-01_19-32-17] Epoch: [0][384/390] 9 Compute flavour conv	Time  0.100 ( 0.099)	Data  0.000 ( 0.003)	Loss 3.5195e+00 (3.8936e+00)	Acc@1  17.97 (  9.90)	Acc@5  39.84 ( 30.25)

----------------------------------------
-------- Training Epoch 0 Stats --------
----------------------------------------

+------------------------+-------------+-------------+-------------+
| Conv                   |   Avg. Loss |   Avg. Acc1 |   Avg. Acc5 |
+========================+=============+=============+=============+
| 9 Compute flavour conv |      3.8892 |        9.97 |       30.37 |
+------------------------+-------------+-------------+-------------+
[2022-03-01_19-32-18] Total Epoch 0 Time:  38.99 seconds

----------------------------------------
----------- Testing Epoch 0 ------------
----------------------------------------

[2022-03-01_19-32-19] Test: [ 0/79] 9 Compute flavour conv	Time  0.922 ( 0.922)	Loss 3.5954e+00 (3.5954e+00)	Acc@1  15.62 ( 15.62)	Acc@5  42.19 ( 42.19)

----------------------------------------
-------- Testing Epoch 0 Stats ---------
----------------------------------------

+------------------------+-------------+-------------+-------------+
| Conv                   |   Avg. Loss |   Avg. Acc1 |   Avg. Acc5 |
+========================+=============+=============+=============+
| 9 Compute flavour conv |      3.5021 |       16.53 |       42.54 |
+------------------------+-------------+-------------+-------------+
[2022-03-01_19-32-22] Total Test Time:   0.00 seconds

----------------------------------------
----------- Training Epoch 1 -----------
----------------------------------------

[2022-03-01_19-32-23] Epoch: [1][  0/390] 9 Compute flavour conv	Time  1.123 ( 0.102)	Data  0.989 ( 0.005)	Loss 3.3165e+00 (3.3165e+00)	Acc@1  22.66 ( 22.66)	Acc@5  46.88 ( 46.88)
[2022-03-01_19-32-36] Epoch: [1][128/390] 9 Compute flavour conv	Time  0.101 ( 0.102)	Data  0.000 ( 0.004)	Loss 3.3394e+00 (3.4048e+00)	Acc@1  15.62 ( 17.38)	Acc@5  48.44 ( 45.22)
[2022-03-01_19-32-49] Epoch: [1][256/390] 9 Compute flavour conv	Time  0.103 ( 0.102)	Data  0.000 ( 0.003)	Loss 3.0575e+00 (3.3327e+00)	Acc@1  21.88 ( 18.80)	Acc@5  57.03 ( 47.10)
[2022-03-01_19-33-02] Epoch: [1][384/390] 9 Compute flavour conv	Time  0.101 ( 0.102)	Data  0.000 ( 0.003)	Loss 3.0621e+00 (3.2604e+00)	Acc@1  28.91 ( 20.27)	Acc@5  58.59 ( 48.94)

----------------------------------------
-------- Training Epoch 1 Stats --------
----------------------------------------

+------------------------+-------------+-------------+-------------+
| Conv                   |   Avg. Loss |   Avg. Acc1 |   Avg. Acc5 |
+========================+=============+=============+=============+
| 9 Compute flavour conv |      3.2563 |       20.33 |       49.07 |
+------------------------+-------------+-------------+-------------+
[2022-03-01_19-33-03] Total Epoch 1 Time:  40.93 seconds

----------------------------------------
----------- Testing Epoch 1 ------------
----------------------------------------

[2022-03-01_19-33-04] Test: [ 0/79] 9 Compute flavour conv	Time  0.957 ( 0.054)	Loss 3.1382e+00 (3.1382e+00)	Acc@1  25.00 ( 25.00)	Acc@5  53.91 ( 53.91)

----------------------------------------
-------- Testing Epoch 1 Stats ---------
----------------------------------------

+------------------------+-------------+-------------+-------------+
| Conv                   |   Avg. Loss |   Avg. Acc1 |   Avg. Acc5 |
+========================+=============+=============+=============+
| 9 Compute flavour conv |      3.0818 |       24.43 |       54.24 |
+------------------------+-------------+-------------+-------------+
[2022-03-01_19-33-06] Total Test Time:   1.00 seconds

----------------------------------------
----------- Training Epoch 2 -----------
----------------------------------------

[2022-03-01_19-33-07] Epoch: [2][  0/390] 9 Compute flavour conv	Time  1.098 ( 0.103)	Data  0.969 ( 0.004)	Loss 2.7109e+00 (2.7109e+00)	Acc@1  26.56 ( 26.56)	Acc@5  60.94 ( 60.94)
[2022-03-01_19-33-20] Epoch: [2][128/390] 9 Compute flavour conv	Time  0.102 ( 0.103)	Data  0.000 ( 0.004)	Loss 3.0056e+00 (2.9465e+00)	Acc@1  22.66 ( 25.51)	Acc@5  55.47 ( 56.31)
[2022-03-01_19-33-33] Epoch: [2][256/390] 9 Compute flavour conv	Time  0.102 ( 0.103)	Data  0.000 ( 0.003)	Loss 2.7660e+00 (2.8930e+00)	Acc@1  28.12 ( 26.64)	Acc@5  60.94 ( 57.71)
[2022-03-01_19-33-46] Epoch: [2][384/390] 9 Compute flavour conv	Time  0.100 ( 0.103)	Data  0.000 ( 0.003)	Loss 2.6987e+00 (2.8499e+00)	Acc@1  28.91 ( 27.51)	Acc@5  67.19 ( 58.95)

----------------------------------------
-------- Training Epoch 2 Stats --------
----------------------------------------

+------------------------+-------------+-------------+-------------+
| Conv                   |   Avg. Loss |   Avg. Acc1 |   Avg. Acc5 |
+========================+=============+=============+=============+
| 9 Compute flavour conv |      2.8489 |       27.52 |       58.98 |
+------------------------+-------------+-------------+-------------+
[2022-03-01_19-33-47] Total Epoch 2 Time:  40.80 seconds

----------------------------------------
----------- Testing Epoch 2 ------------
----------------------------------------

[2022-03-01_19-33-48] Test: [ 0/79] 9 Compute flavour conv	Time  0.945 ( 0.049)	Loss 2.6448e+00 (2.6448e+00)	Acc@1  34.38 ( 34.38)	Acc@5  63.28 ( 63.28)

----------------------------------------
-------- Testing Epoch 2 Stats ---------
----------------------------------------

+------------------------+-------------+-------------+-------------+
| Conv                   |   Avg. Loss |   Avg. Acc1 |   Avg. Acc5 |
+========================+=============+=============+=============+
| 9 Compute flavour conv |      2.7588 |       30.45 |       62.86 |
+------------------------+-------------+-------------+-------------+
[2022-03-01_19-33-51] Total Test Time:   2.00 seconds

----------------------------------------
----------- Training Epoch 3 -----------
----------------------------------------

[2022-03-01_19-33-52] Epoch: [3][  0/390] 9 Compute flavour conv	Time  1.090 ( 0.104)	Data  0.946 ( 0.004)	Loss 2.3674e+00 (2.3674e+00)	Acc@1  39.06 ( 39.06)	Acc@5  74.22 ( 74.22)
[2022-03-01_19-34-05] Epoch: [3][128/390] 9 Compute flavour conv	Time  0.101 ( 0.103)	Data  0.000 ( 0.003)	Loss 2.6492e+00 (2.6030e+00)	Acc@1  32.03 ( 32.67)	Acc@5  68.75 ( 65.12)
[2022-03-01_19-34-18] Epoch: [3][256/390] 9 Compute flavour conv	Time  0.101 ( 0.103)	Data  0.000 ( 0.003)	Loss 2.3738e+00 (2.5706e+00)	Acc@1  36.72 ( 33.44)	Acc@5  75.78 ( 65.79)
[2022-03-01_19-34-31] Epoch: [3][384/390] 9 Compute flavour conv	Time  0.101 ( 0.103)	Data  0.000 ( 0.003)	Loss 2.1580e+00 (2.5362e+00)	Acc@1  43.75 ( 33.95)	Acc@5  73.44 ( 66.65)

----------------------------------------
-------- Training Epoch 3 Stats --------
----------------------------------------

+------------------------+-------------+-------------+-------------+
| Conv                   |   Avg. Loss |   Avg. Acc1 |   Avg. Acc5 |
+========================+=============+=============+=============+
| 9 Compute flavour conv |      2.5347 |          34 |       66.65 |
+------------------------+-------------+-------------+-------------+
[2022-03-01_19-34-31] Total Epoch 3 Time:  40.87 seconds

----------------------------------------
----------- Testing Epoch 3 ------------
----------------------------------------

[2022-03-01_19-34-32] Test: [ 0/79] 9 Compute flavour conv	Time  0.934 ( 0.047)	Loss 2.2948e+00 (2.2948e+00)	Acc@1  42.97 ( 42.97)	Acc@5  71.09 ( 71.09)

----------------------------------------
-------- Testing Epoch 3 Stats ---------
----------------------------------------

+------------------------+-------------+-------------+-------------+
| Conv                   |   Avg. Loss |   Avg. Acc1 |   Avg. Acc5 |
+========================+=============+=============+=============+
| 9 Compute flavour conv |      2.4781 |       35.59 |       67.66 |
+------------------------+-------------+-------------+-------------+
[2022-03-01_19-34-35] Total Test Time:   3.00 seconds

----------------------------------------
----------- Training Epoch 4 -----------
----------------------------------------

[2022-03-01_19-34-36] Epoch: [4][  0/390] 9 Compute flavour conv	Time  1.109 ( 0.104)	Data  0.969 ( 0.003)	Loss 2.3504e+00 (2.3504e+00)	Acc@1  41.41 ( 41.41)	Acc@5  72.66 ( 72.66)
[2022-03-01_19-34-49] Epoch: [4][128/390] 9 Compute flavour conv	Time  0.100 ( 0.104)	Data  0.000 ( 0.003)	Loss 2.3378e+00 (2.3277e+00)	Acc@1  42.97 ( 38.06)	Acc@5  71.09 ( 71.15)
[2022-03-01_19-35-02] Epoch: [4][256/390] 9 Compute flavour conv	Time  0.101 ( 0.103)	Data  0.000 ( 0.003)	Loss 2.2248e+00 (2.3065e+00)	Acc@1  39.84 ( 38.78)	Acc@5  75.00 ( 71.58)
[2022-03-01_19-35-15] Epoch: [4][384/390] 9 Compute flavour conv	Time  0.101 ( 0.103)	Data  0.000 ( 0.003)	Loss 2.2308e+00 (2.2756e+00)	Acc@1  34.38 ( 39.43)	Acc@5  76.56 ( 72.18)

----------------------------------------
-------- Training Epoch 4 Stats --------
----------------------------------------

+------------------------+-------------+-------------+-------------+
| Conv                   |   Avg. Loss |   Avg. Acc1 |   Avg. Acc5 |
+========================+=============+=============+=============+
| 9 Compute flavour conv |      2.2738 |       39.49 |       72.23 |
+------------------------+-------------+-------------+-------------+
[2022-03-01_19-35-16] Total Epoch 4 Time:  40.66 seconds

----------------------------------------
----------- Testing Epoch 4 ------------
----------------------------------------

[2022-03-01_19-35-17] Test: [ 0/79] 9 Compute flavour conv	Time  0.955 ( 0.046)	Loss 2.3813e+00 (2.3813e+00)	Acc@1  42.97 ( 42.97)	Acc@5  67.97 ( 67.97)

----------------------------------------
-------- Testing Epoch 4 Stats ---------
----------------------------------------

+------------------------+-------------+-------------+-------------+
| Conv                   |   Avg. Loss |   Avg. Acc1 |   Avg. Acc5 |
+========================+=============+=============+=============+
| 9 Compute flavour conv |      2.3978 |       38.77 |       70.72 |
+------------------------+-------------+-------------+-------------+
[2022-03-01_19-35-19] Total Test Time:   4.00 seconds

----------------------------------------
----------- Training Epoch 5 -----------
----------------------------------------

[2022-03-01_19-35-20] Epoch: [5][  0/390] 9 Compute flavour conv	Time  1.084 ( 0.104)	Data  0.950 ( 0.003)	Loss 1.9138e+00 (1.9138e+00)	Acc@1  52.34 ( 52.34)	Acc@5  76.56 ( 76.56)
[2022-03-01_19-35-33] Epoch: [5][128/390] 9 Compute flavour conv	Time  0.103 ( 0.104)	Data  0.000 ( 0.003)	Loss 2.0323e+00 (2.1009e+00)	Acc@1  44.53 ( 43.42)	Acc@5  76.56 ( 75.71)
[2022-03-01_19-35-46] Epoch: [5][256/390] 9 Compute flavour conv	Time  0.100 ( 0.103)	Data  0.000 ( 0.003)	Loss 1.9436e+00 (2.0865e+00)	Acc@1  48.44 ( 43.55)	Acc@5  74.22 ( 75.98)
[2022-03-01_19-35-59] Epoch: [5][384/390] 9 Compute flavour conv	Time  0.100 ( 0.103)	Data  0.000 ( 0.003)	Loss 2.0968e+00 (2.0611e+00)	Acc@1  42.19 ( 44.18)	Acc@5  75.00 ( 76.53)

----------------------------------------
-------- Training Epoch 5 Stats --------
----------------------------------------

+------------------------+-------------+-------------+-------------+
| Conv                   |   Avg. Loss |   Avg. Acc1 |   Avg. Acc5 |
+========================+=============+=============+=============+
| 9 Compute flavour conv |      2.0594 |        44.2 |       76.56 |
+------------------------+-------------+-------------+-------------+
[2022-03-01_19-36-00] Total Epoch 5 Time:  40.55 seconds

----------------------------------------
----------- Testing Epoch 5 ------------
----------------------------------------

[2022-03-01_19-36-01] Test: [ 0/79] 9 Compute flavour conv	Time  0.935 ( 0.045)	Loss 2.2265e+00 (2.2265e+00)	Acc@1  45.31 ( 45.31)	Acc@5  71.09 ( 71.09)

----------------------------------------
-------- Testing Epoch 5 Stats ---------
----------------------------------------

+------------------------+-------------+-------------+-------------+
| Conv                   |   Avg. Loss |   Avg. Acc1 |   Avg. Acc5 |
+========================+=============+=============+=============+
| 9 Compute flavour conv |      2.3011 |       40.13 |       73.11 |
+------------------------+-------------+-------------+-------------+
[2022-03-01_19-36-03] Total Test Time:   5.00 seconds

----------------------------------------
----------- Training Epoch 6 -----------
----------------------------------------

[2022-03-01_19-36-05] Epoch: [6][  0/390] 9 Compute flavour conv	Time  1.093 ( 0.104)	Data  0.971 ( 0.003)	Loss 1.6405e+00 (1.6405e+00)	Acc@1  54.69 ( 54.69)	Acc@5  84.38 ( 84.38)
[2022-03-01_19-36-17] Epoch: [6][128/390] 9 Compute flavour conv	Time  0.099 ( 0.103)	Data  0.000 ( 0.003)	Loss 1.8966e+00 (1.9051e+00)	Acc@1  48.44 ( 47.80)	Acc@5  75.78 ( 79.54)
[2022-03-01_19-36-30] Epoch: [6][256/390] 9 Compute flavour conv	Time  0.100 ( 0.103)	Data  0.000 ( 0.003)	Loss 1.7637e+00 (1.9074e+00)	Acc@1  50.00 ( 47.68)	Acc@5  84.38 ( 79.49)
[2022-03-01_19-36-43] Epoch: [6][384/390] 9 Compute flavour conv	Time  0.100 ( 0.103)	Data  0.000 ( 0.003)	Loss 1.7221e+00 (1.8896e+00)	Acc@1  51.56 ( 48.17)	Acc@5  85.16 ( 79.73)

----------------------------------------
-------- Training Epoch 6 Stats --------
----------------------------------------

+------------------------+-------------+-------------+-------------+
| Conv                   |   Avg. Loss |   Avg. Acc1 |   Avg. Acc5 |
+========================+=============+=============+=============+
| 9 Compute flavour conv |      1.8907 |       48.17 |       79.72 |
+------------------------+-------------+-------------+-------------+
[2022-03-01_19-36-44] Total Epoch 6 Time:  40.47 seconds

----------------------------------------
----------- Testing Epoch 6 ------------
----------------------------------------

[2022-03-01_19-36-45] Test: [ 0/79] 9 Compute flavour conv	Time  0.906 ( 0.045)	Loss 2.0455e+00 (2.0455e+00)	Acc@1  45.31 ( 45.31)	Acc@5  80.47 ( 80.47)

----------------------------------------
-------- Testing Epoch 6 Stats ---------
----------------------------------------

+------------------------+-------------+-------------+-------------+
| Conv                   |   Avg. Loss |   Avg. Acc1 |   Avg. Acc5 |
+========================+=============+=============+=============+
| 9 Compute flavour conv |      2.0983 |       44.84 |       76.79 |
+------------------------+-------------+-------------+-------------+
[2022-03-01_19-36-48] Total Test Time:   6.00 seconds

----------------------------------------
----------- Training Epoch 7 -----------
----------------------------------------

[2022-03-01_19-36-49] Epoch: [7][  0/390] 9 Compute flavour conv	Time  1.104 ( 0.104)	Data  0.968 ( 0.003)	Loss 1.6236e+00 (1.6236e+00)	Acc@1  59.38 ( 59.38)	Acc@5  83.59 ( 83.59)
[2022-03-01_19-37-01] Epoch: [7][128/390] 9 Compute flavour conv	Time  0.098 ( 0.103)	Data  0.000 ( 0.003)	Loss 1.8894e+00 (1.7628e+00)	Acc@1  50.00 ( 51.12)	Acc@5  79.69 ( 82.29)
[2022-03-01_19-37-14] Epoch: [7][256/390] 9 Compute flavour conv	Time  0.101 ( 0.103)	Data  0.000 ( 0.003)	Loss 1.7720e+00 (1.7538e+00)	Acc@1  51.56 ( 51.52)	Acc@5  79.69 ( 82.26)
[2022-03-01_19-37-27] Epoch: [7][384/390] 9 Compute flavour conv	Time  0.100 ( 0.103)	Data  0.000 ( 0.003)	Loss 1.7277e+00 (1.7353e+00)	Acc@1  53.12 ( 51.77)	Acc@5  80.47 ( 82.54)

----------------------------------------
-------- Training Epoch 7 Stats --------
----------------------------------------

+------------------------+-------------+-------------+-------------+
| Conv                   |   Avg. Loss |   Avg. Acc1 |   Avg. Acc5 |
+========================+=============+=============+=============+
| 9 Compute flavour conv |      1.7357 |       51.72 |       82.55 |
+------------------------+-------------+-------------+-------------+
[2022-03-01_19-37-28] Total Epoch 7 Time:  40.38 seconds

----------------------------------------
----------- Testing Epoch 7 ------------
----------------------------------------

[2022-03-01_19-37-29] Test: [ 0/79] 9 Compute flavour conv	Time  0.934 ( 0.045)	Loss 1.8888e+00 (1.8888e+00)	Acc@1  48.44 ( 48.44)	Acc@5  79.69 ( 79.69)

----------------------------------------
-------- Testing Epoch 7 Stats ---------
----------------------------------------

+------------------------+-------------+-------------+-------------+
| Conv                   |   Avg. Loss |   Avg. Acc1 |   Avg. Acc5 |
+========================+=============+=============+=============+
| 9 Compute flavour conv |      2.0514 |       46.88 |       77.76 |
+------------------------+-------------+-------------+-------------+
[2022-03-01_19-37-31] Total Test Time:   7.00 seconds

----------------------------------------
----------- Training Epoch 8 -----------
----------------------------------------

[2022-03-01_19-37-33] Epoch: [8][  0/390] 9 Compute flavour conv	Time  1.104 ( 0.104)	Data  0.951 ( 0.003)	Loss 1.4001e+00 (1.4001e+00)	Acc@1  57.03 ( 57.03)	Acc@5  88.28 ( 88.28)
[2022-03-01_19-37-45] Epoch: [8][128/390] 9 Compute flavour conv	Time  0.098 ( 0.103)	Data  0.000 ( 0.003)	Loss 1.7938e+00 (1.6175e+00)	Acc@1  52.34 ( 54.54)	Acc@5  78.91 ( 84.31)
[2022-03-01_19-37-58] Epoch: [8][256/390] 9 Compute flavour conv	Time  0.100 ( 0.103)	Data  0.000 ( 0.003)	Loss 1.6896e+00 (1.6127e+00)	Acc@1  52.34 ( 54.77)	Acc@5  85.16 ( 84.52)
[2022-03-01_19-38-11] Epoch: [8][384/390] 9 Compute flavour conv	Time  0.100 ( 0.103)	Data  0.000 ( 0.003)	Loss 1.5403e+00 (1.6168e+00)	Acc@1  53.12 ( 54.69)	Acc@5  88.28 ( 84.34)

----------------------------------------
-------- Training Epoch 8 Stats --------
----------------------------------------

+------------------------+-------------+-------------+-------------+
| Conv                   |   Avg. Loss |   Avg. Acc1 |   Avg. Acc5 |
+========================+=============+=============+=============+
| 9 Compute flavour conv |       1.617 |       54.66 |       84.33 |
+------------------------+-------------+-------------+-------------+
[2022-03-01_19-38-12] Total Epoch 8 Time:  40.26 seconds

----------------------------------------
----------- Testing Epoch 8 ------------
----------------------------------------

[2022-03-01_19-38-13] Test: [ 0/79] 9 Compute flavour conv	Time  0.912 ( 0.044)	Loss 1.8059e+00 (1.8059e+00)	Acc@1  53.91 ( 53.91)	Acc@5  80.47 ( 80.47)

----------------------------------------
-------- Testing Epoch 8 Stats ---------
----------------------------------------

+------------------------+-------------+-------------+-------------+
| Conv                   |   Avg. Loss |   Avg. Acc1 |   Avg. Acc5 |
+========================+=============+=============+=============+
| 9 Compute flavour conv |      1.9635 |       48.92 |       79.43 |
+------------------------+-------------+-------------+-------------+
[2022-03-01_19-38-15] Total Test Time:   8.00 seconds

----------------------------------------
----------- Training Epoch 9 -----------
----------------------------------------

[2022-03-01_19-38-16] Epoch: [9][  0/390] 9 Compute flavour conv	Time  1.119 ( 0.103)	Data  0.997 ( 0.003)	Loss 1.4323e+00 (1.4323e+00)	Acc@1  60.16 ( 60.16)	Acc@5  87.50 ( 87.50)
[2022-03-01_19-38-29] Epoch: [9][128/390] 9 Compute flavour conv	Time  0.101 ( 0.103)	Data  0.000 ( 0.003)	Loss 1.5756e+00 (1.5205e+00)	Acc@1  51.56 ( 57.07)	Acc@5  83.59 ( 86.07)
[2022-03-01_19-38-42] Epoch: [9][256/390] 9 Compute flavour conv	Time  0.100 ( 0.103)	Data  0.000 ( 0.003)	Loss 1.1634e+00 (1.5091e+00)	Acc@1  67.97 ( 57.39)	Acc@5  89.84 ( 86.18)
[2022-03-01_19-38-55] Epoch: [9][384/390] 9 Compute flavour conv	Time  0.100 ( 0.103)	Data  0.000 ( 0.003)	Loss 1.3426e+00 (1.5043e+00)	Acc@1  58.59 ( 57.52)	Acc@5  90.62 ( 86.21)

----------------------------------------
-------- Training Epoch 9 Stats --------
----------------------------------------

+------------------------+-------------+-------------+-------------+
| Conv                   |   Avg. Loss |   Avg. Acc1 |   Avg. Acc5 |
+========================+=============+=============+=============+
| 9 Compute flavour conv |      1.5052 |       57.49 |        86.2 |
+------------------------+-------------+-------------+-------------+
[2022-03-01_19-38-56] Total Epoch 9 Time:  40.32 seconds

----------------------------------------
----------- Testing Epoch 9 ------------
----------------------------------------

[2022-03-01_19-38-57] Test: [ 0/79] 9 Compute flavour conv	Time  0.932 ( 0.044)	Loss 1.9028e+00 (1.9028e+00)	Acc@1  48.44 ( 48.44)	Acc@5  81.25 ( 81.25)

----------------------------------------
-------- Testing Epoch 9 Stats ---------
----------------------------------------

+------------------------+-------------+-------------+-------------+
| Conv                   |   Avg. Loss |   Avg. Acc1 |   Avg. Acc5 |
+========================+=============+=============+=============+
| 9 Compute flavour conv |      1.8045 |       51.81 |       81.13 |
+------------------------+-------------+-------------+-------------+
[2022-03-01_19-38-59] Total Test Time:   9.00 seconds

----------------------------------------
---------- Training Epoch 10 -----------
----------------------------------------

[2022-03-01_19-39-00] Epoch: [10][  0/390] 9 Compute flavour conv	Time  1.113 ( 0.103)	Data  0.968 ( 0.003)	Loss 1.2708e+00 (1.2708e+00)	Acc@1  67.19 ( 67.19)	Acc@5  88.28 ( 88.28)
[2022-03-01_19-39-13] Epoch: [10][128/390] 9 Compute flavour conv	Time  0.100 ( 0.103)	Data  0.000 ( 0.003)	Loss 1.2486e+00 (1.4019e+00)	Acc@1  60.94 ( 59.76)	Acc@5  90.62 ( 88.02)
[2022-03-01_19-39-26] Epoch: [10][256/390] 9 Compute flavour conv	Time  0.100 ( 0.103)	Data  0.000 ( 0.003)	Loss 1.4064e+00 (1.4124e+00)	Acc@1  61.72 ( 59.58)	Acc@5  87.50 ( 87.78)
[2022-03-01_19-39-39] Epoch: [10][384/390] 9 Compute flavour conv	Time  0.100 ( 0.103)	Data  0.000 ( 0.003)	Loss 1.0992e+00 (1.4130e+00)	Acc@1  68.75 ( 59.54)	Acc@5  92.19 ( 87.80)

----------------------------------------
------- Training Epoch 10 Stats --------
----------------------------------------

+------------------------+-------------+-------------+-------------+
| Conv                   |   Avg. Loss |   Avg. Acc1 |   Avg. Acc5 |
+========================+=============+=============+=============+
| 9 Compute flavour conv |      1.4127 |       59.53 |       87.83 |
+------------------------+-------------+-------------+-------------+
[2022-03-01_19-39-39] Total Epoch 10 Time:  40.27 seconds

----------------------------------------
----------- Testing Epoch 10 -----------
----------------------------------------

[2022-03-01_19-39-40] Test: [ 0/79] 9 Compute flavour conv	Time  0.968 ( 0.044)	Loss 1.8859e+00 (1.8859e+00)	Acc@1  48.44 ( 48.44)	Acc@5  82.03 ( 82.03)

----------------------------------------
-------- Testing Epoch 10 Stats --------
----------------------------------------

+------------------------+-------------+-------------+-------------+
| Conv                   |   Avg. Loss |   Avg. Acc1 |   Avg. Acc5 |
+========================+=============+=============+=============+
| 9 Compute flavour conv |      1.8782 |        51.1 |       81.56 |
+------------------------+-------------+-------------+-------------+
[2022-03-01_19-39-43] Total Test Time:  10.00 seconds

----------------------------------------
---------- Training Epoch 11 -----------
----------------------------------------

[2022-03-01_19-39-44] Epoch: [11][  0/390] 9 Compute flavour conv	Time  1.114 ( 0.103)	Data  0.978 ( 0.003)	Loss 1.3314e+00 (1.3314e+00)	Acc@1  62.50 ( 62.50)	Acc@5  88.28 ( 88.28)
[2022-03-01_19-39-57] Epoch: [11][128/390] 9 Compute flavour conv	Time  0.101 ( 0.103)	Data  0.000 ( 0.003)	Loss 1.4335e+00 (1.2990e+00)	Acc@1  60.16 ( 62.30)	Acc@5  86.72 ( 89.17)
[2022-03-01_19-40-10] Epoch: [11][256/390] 9 Compute flavour conv	Time  0.097 ( 0.103)	Data  0.000 ( 0.003)	Loss 1.4828e+00 (1.3127e+00)	Acc@1  59.38 ( 61.87)	Acc@5  84.38 ( 89.14)
[2022-03-01_19-40-23] Epoch: [11][384/390] 9 Compute flavour conv	Time  0.100 ( 0.103)	Data  0.000 ( 0.003)	Loss 1.3179e+00 (1.3187e+00)	Acc@1  57.03 ( 61.96)	Acc@5  89.06 ( 89.09)

----------------------------------------
------- Training Epoch 11 Stats --------
----------------------------------------

+------------------------+-------------+-------------+-------------+
| Conv                   |   Avg. Loss |   Avg. Acc1 |   Avg. Acc5 |
+========================+=============+=============+=============+
| 9 Compute flavour conv |      1.3187 |       61.96 |       89.09 |
+------------------------+-------------+-------------+-------------+
[2022-03-01_19-40-23] Total Epoch 11 Time:  40.30 seconds

----------------------------------------
----------- Testing Epoch 11 -----------
----------------------------------------

[2022-03-01_19-40-24] Test: [ 0/79] 9 Compute flavour conv	Time  0.936 ( 0.044)	Loss 1.6128e+00 (1.6128e+00)	Acc@1  57.81 ( 57.81)	Acc@5  83.59 ( 83.59)

----------------------------------------
-------- Testing Epoch 11 Stats --------
----------------------------------------

+------------------------+-------------+-------------+-------------+
| Conv                   |   Avg. Loss |   Avg. Acc1 |   Avg. Acc5 |
+========================+=============+=============+=============+
| 9 Compute flavour conv |      1.6627 |       55.43 |       83.79 |
+------------------------+-------------+-------------+-------------+
[2022-03-01_19-40-27] Total Test Time:  11.00 seconds

----------------------------------------
---------- Training Epoch 12 -----------
----------------------------------------

[2022-03-01_19-40-28] Epoch: [12][  0/390] 9 Compute flavour conv	Time  1.108 ( 0.103)	Data  0.966 ( 0.003)	Loss 1.3290e+00 (1.3290e+00)	Acc@1  61.72 ( 61.72)	Acc@5  90.62 ( 90.62)
[2022-03-01_19-40-41] Epoch: [12][128/390] 9 Compute flavour conv	Time  0.099 ( 0.103)	Data  0.000 ( 0.003)	Loss 1.1298e+00 (1.2349e+00)	Acc@1  63.28 ( 64.10)	Acc@5  92.19 ( 90.48)
[2022-03-01_19-40-54] Epoch: [12][256/390] 9 Compute flavour conv	Time  0.109 ( 0.103)	Data  0.000 ( 0.003)	Loss 1.2507e+00 (1.2492e+00)	Acc@1  63.28 ( 63.73)	Acc@5  89.06 ( 90.20)
[2022-03-01_19-41-06] Epoch: [12][384/390] 9 Compute flavour conv	Time  0.099 ( 0.103)	Data  0.000 ( 0.003)	Loss 1.2083e+00 (1.2488e+00)	Acc@1  66.41 ( 63.74)	Acc@5  89.06 ( 90.13)

----------------------------------------
------- Training Epoch 12 Stats --------
----------------------------------------

+------------------------+-------------+-------------+-------------+
| Conv                   |   Avg. Loss |   Avg. Acc1 |   Avg. Acc5 |
+========================+=============+=============+=============+
| 9 Compute flavour conv |      1.2491 |        63.7 |       90.13 |
+------------------------+-------------+-------------+-------------+
[2022-03-01_19-41-07] Total Epoch 12 Time:  40.12 seconds

----------------------------------------
----------- Testing Epoch 12 -----------
----------------------------------------

[2022-03-01_19-41-08] Test: [ 0/79] 9 Compute flavour conv	Time  0.983 ( 0.044)	Loss 1.6090e+00 (1.6090e+00)	Acc@1  55.47 ( 55.47)	Acc@5  82.81 ( 82.81)

----------------------------------------
-------- Testing Epoch 12 Stats --------
----------------------------------------

+------------------------+-------------+-------------+-------------+
| Conv                   |   Avg. Loss |   Avg. Acc1 |   Avg. Acc5 |
+========================+=============+=============+=============+
| 9 Compute flavour conv |      1.6585 |       55.85 |       84.02 |
+------------------------+-------------+-------------+-------------+
[2022-03-01_19-41-11] Total Test Time:  12.00 seconds

----------------------------------------
---------- Training Epoch 13 -----------
----------------------------------------

[2022-03-01_19-41-12] Epoch: [13][  0/390] 9 Compute flavour conv	Time  1.104 ( 0.103)	Data  0.942 ( 0.003)	Loss 1.2921e+00 (1.2921e+00)	Acc@1  57.81 ( 57.81)	Acc@5  91.41 ( 91.41)
[2022-03-01_19-41-24] Epoch: [13][128/390] 9 Compute flavour conv	Time  0.100 ( 0.103)	Data  0.000 ( 0.003)	Loss 1.3003e+00 (1.1496e+00)	Acc@1  60.94 ( 66.25)	Acc@5  86.72 ( 91.25)
[2022-03-01_19-41-37] Epoch: [13][256/390] 9 Compute flavour conv	Time  0.100 ( 0.103)	Data  0.000 ( 0.003)	Loss 9.8121e-01 (1.1675e+00)	Acc@1  69.53 ( 65.82)	Acc@5  95.31 ( 91.10)
[2022-03-01_19-41-50] Epoch: [13][384/390] 9 Compute flavour conv	Time  0.099 ( 0.103)	Data  0.000 ( 0.003)	Loss 9.7727e-01 (1.1716e+00)	Acc@1  70.31 ( 65.66)	Acc@5  95.31 ( 91.14)

----------------------------------------
------- Training Epoch 13 Stats --------
----------------------------------------

+------------------------+-------------+-------------+-------------+
| Conv                   |   Avg. Loss |   Avg. Acc1 |   Avg. Acc5 |
+========================+=============+=============+=============+
| 9 Compute flavour conv |      1.1729 |       65.64 |       91.12 |
+------------------------+-------------+-------------+-------------+
[2022-03-01_19-41-51] Total Epoch 13 Time:  40.06 seconds

----------------------------------------
----------- Testing Epoch 13 -----------
----------------------------------------

[2022-03-01_19-41-52] Test: [ 0/79] 9 Compute flavour conv	Time  0.945 ( 0.044)	Loss 1.5829e+00 (1.5829e+00)	Acc@1  56.25 ( 56.25)	Acc@5  82.81 ( 82.81)

----------------------------------------
-------- Testing Epoch 13 Stats --------
----------------------------------------

+------------------------+-------------+-------------+-------------+
| Conv                   |   Avg. Loss |   Avg. Acc1 |   Avg. Acc5 |
+========================+=============+=============+=============+
| 9 Compute flavour conv |      1.7467 |       54.38 |       82.67 |
+------------------------+-------------+-------------+-------------+
[2022-03-01_19-41-54] Total Test Time:  13.00 seconds

----------------------------------------
---------- Training Epoch 14 -----------
----------------------------------------

[2022-03-01_19-41-55] Epoch: [14][  0/390] 9 Compute flavour conv	Time  1.103 ( 0.103)	Data  0.978 ( 0.003)	Loss 1.1448e+00 (1.1448e+00)	Acc@1  64.84 ( 64.84)	Acc@5  92.19 ( 92.19)
[2022-03-01_19-42-08] Epoch: [14][128/390] 9 Compute flavour conv	Time  0.099 ( 0.103)	Data  0.000 ( 0.003)	Loss 9.9601e-01 (1.1038e+00)	Acc@1  67.19 ( 67.64)	Acc@5  94.53 ( 91.93)
[2022-03-01_19-42-21] Epoch: [14][256/390] 9 Compute flavour conv	Time  0.100 ( 0.103)	Data  0.000 ( 0.003)	Loss 9.6587e-01 (1.1022e+00)	Acc@1  72.66 ( 67.49)	Acc@5  93.75 ( 92.12)
[2022-03-01_19-42-34] Epoch: [14][384/390] 9 Compute flavour conv	Time  0.101 ( 0.103)	Data  0.000 ( 0.003)	Loss 1.0279e+00 (1.1142e+00)	Acc@1  66.41 ( 67.18)	Acc@5  92.97 ( 91.99)

----------------------------------------
------- Training Epoch 14 Stats --------
----------------------------------------

+------------------------+-------------+-------------+-------------+
| Conv                   |   Avg. Loss |   Avg. Acc1 |   Avg. Acc5 |
+========================+=============+=============+=============+
| 9 Compute flavour conv |      1.1147 |       67.17 |       91.98 |
+------------------------+-------------+-------------+-------------+
[2022-03-01_19-42-35] Total Epoch 14 Time:  40.30 seconds

----------------------------------------
----------- Testing Epoch 14 -----------
----------------------------------------

[2022-03-01_19-42-36] Test: [ 0/79] 9 Compute flavour conv	Time  0.953 ( 0.044)	Loss 1.5640e+00 (1.5640e+00)	Acc@1  62.50 ( 62.50)	Acc@5  86.72 ( 86.72)

----------------------------------------
-------- Testing Epoch 14 Stats --------
----------------------------------------

+------------------------+-------------+-------------+-------------+
| Conv                   |   Avg. Loss |   Avg. Acc1 |   Avg. Acc5 |
+========================+=============+=============+=============+
| 9 Compute flavour conv |      1.5673 |       58.67 |       86.08 |
+------------------------+-------------+-------------+-------------+
[2022-03-01_19-42-38] Total Test Time:  14.00 seconds

----------------------------------------
---------- Training Epoch 15 -----------
----------------------------------------

[2022-03-01_19-42-39] Epoch: [15][  0/390] 9 Compute flavour conv	Time  1.082 ( 0.103)	Data  0.950 ( 0.003)	Loss 8.4917e-01 (8.4917e-01)	Acc@1  73.44 ( 73.44)	Acc@5  96.88 ( 96.88)
[2022-03-01_19-42-52] Epoch: [15][128/390] 9 Compute flavour conv	Time  0.100 ( 0.103)	Data  0.000 ( 0.003)	Loss 1.0467e+00 (1.0180e+00)	Acc@1  72.66 ( 70.06)	Acc@5  89.84 ( 93.08)
[2022-03-01_19-43-05] Epoch: [15][256/390] 9 Compute flavour conv	Time  0.100 ( 0.103)	Data  0.000 ( 0.003)	Loss 8.2365e-01 (1.0336e+00)	Acc@1  70.31 ( 69.27)	Acc@5  97.66 ( 93.01)
[2022-03-01_19-43-18] Epoch: [15][384/390] 9 Compute flavour conv	Time  0.100 ( 0.103)	Data  0.000 ( 0.003)	Loss 1.0829e+00 (1.0494e+00)	Acc@1  72.66 ( 68.70)	Acc@5  91.41 ( 92.85)

----------------------------------------
------- Training Epoch 15 Stats --------
----------------------------------------

+------------------------+-------------+-------------+-------------+
| Conv                   |   Avg. Loss |   Avg. Acc1 |   Avg. Acc5 |
+========================+=============+=============+=============+
| 9 Compute flavour conv |      1.0497 |       68.68 |       92.83 |
+------------------------+-------------+-------------+-------------+
[2022-03-01_19-43-18] Total Epoch 15 Time:  40.23 seconds

----------------------------------------
----------- Testing Epoch 15 -----------
----------------------------------------

[2022-03-01_19-43-19] Test: [ 0/79] 9 Compute flavour conv	Time  0.951 ( 0.044)	Loss 1.5188e+00 (1.5188e+00)	Acc@1  62.50 ( 62.50)	Acc@5  84.38 ( 84.38)

----------------------------------------
-------- Testing Epoch 15 Stats --------
----------------------------------------

+------------------------+-------------+-------------+-------------+
| Conv                   |   Avg. Loss |   Avg. Acc1 |   Avg. Acc5 |
+========================+=============+=============+=============+
| 9 Compute flavour conv |      1.6367 |       57.38 |       85.21 |
+------------------------+-------------+-------------+-------------+
[2022-03-01_19-43-22] Total Test Time:  15.00 seconds

----------------------------------------
---------- Training Epoch 16 -----------
----------------------------------------

[2022-03-01_19-43-23] Epoch: [16][  0/390] 9 Compute flavour conv	Time  1.102 ( 0.103)	Data  0.959 ( 0.003)	Loss 9.4475e-01 (9.4475e-01)	Acc@1  71.09 ( 71.09)	Acc@5  92.97 ( 92.97)
[2022-03-01_19-43-36] Epoch: [16][128/390] 9 Compute flavour conv	Time  0.100 ( 0.103)	Data  0.000 ( 0.003)	Loss 9.7610e-01 (9.6156e-01)	Acc@1  69.53 ( 71.06)	Acc@5  92.97 ( 93.98)
[2022-03-01_19-43-49] Epoch: [16][256/390] 9 Compute flavour conv	Time  0.100 ( 0.103)	Data  0.000 ( 0.003)	Loss 9.1507e-01 (9.7294e-01)	Acc@1  72.66 ( 70.84)	Acc@5  95.31 ( 93.80)
[2022-03-01_19-44-02] Epoch: [16][384/390] 9 Compute flavour conv	Time  0.097 ( 0.103)	Data  0.000 ( 0.003)	Loss 1.1418e+00 (9.9202e-01)	Acc@1  62.50 ( 70.24)	Acc@5  92.19 ( 93.62)

----------------------------------------
------- Training Epoch 16 Stats --------
----------------------------------------

+------------------------+-------------+-------------+-------------+
| Conv                   |   Avg. Loss |   Avg. Acc1 |   Avg. Acc5 |
+========================+=============+=============+=============+
| 9 Compute flavour conv |     0.99158 |       70.24 |       93.61 |
+------------------------+-------------+-------------+-------------+
[2022-03-01_19-44-02] Total Epoch 16 Time:  40.26 seconds

----------------------------------------
----------- Testing Epoch 16 -----------
----------------------------------------

[2022-03-01_19-44-03] Test: [ 0/79] 9 Compute flavour conv	Time  0.938 ( 0.044)	Loss 1.5096e+00 (1.5096e+00)	Acc@1  60.94 ( 60.94)	Acc@5  84.38 ( 84.38)

----------------------------------------
-------- Testing Epoch 16 Stats --------
----------------------------------------

+------------------------+-------------+-------------+-------------+
| Conv                   |   Avg. Loss |   Avg. Acc1 |   Avg. Acc5 |
+========================+=============+=============+=============+
| 9 Compute flavour conv |      1.5787 |       59.07 |       85.96 |
+------------------------+-------------+-------------+-------------+
[2022-03-01_19-44-06] Total Test Time:  16.00 seconds

----------------------------------------
---------- Training Epoch 17 -----------
----------------------------------------

[2022-03-01_19-44-07] Epoch: [17][  0/390] 9 Compute flavour conv	Time  1.074 ( 0.103)	Data  0.966 ( 0.003)	Loss 8.7573e-01 (8.7573e-01)	Acc@1  72.66 ( 72.66)	Acc@5  96.09 ( 96.09)
[2022-03-01_19-44-20] Epoch: [17][128/390] 9 Compute flavour conv	Time  0.100 ( 0.103)	Data  0.000 ( 0.003)	Loss 1.0266e+00 (9.0466e-01)	Acc@1  72.66 ( 72.90)	Acc@5  92.97 ( 94.49)
[2022-03-01_19-44-33] Epoch: [17][256/390] 9 Compute flavour conv	Time  0.102 ( 0.103)	Data  0.000 ( 0.003)	Loss 9.9075e-01 (9.2708e-01)	Acc@1  66.41 ( 72.28)	Acc@5  94.53 ( 94.25)
[2022-03-01_19-44-45] Epoch: [17][384/390] 9 Compute flavour conv	Time  0.099 ( 0.103)	Data  0.000 ( 0.003)	Loss 8.6270e-01 (9.3349e-01)	Acc@1  73.44 ( 72.08)	Acc@5  92.97 ( 94.11)

----------------------------------------
------- Training Epoch 17 Stats --------
----------------------------------------

+------------------------+-------------+-------------+-------------+
| Conv                   |   Avg. Loss |   Avg. Acc1 |   Avg. Acc5 |
+========================+=============+=============+=============+
| 9 Compute flavour conv |     0.93384 |       72.05 |       94.11 |
+------------------------+-------------+-------------+-------------+
[2022-03-01_19-44-46] Total Epoch 17 Time:  40.29 seconds

----------------------------------------
----------- Testing Epoch 17 -----------
----------------------------------------

[2022-03-01_19-44-47] Test: [ 0/79] 9 Compute flavour conv	Time  0.941 ( 0.044)	Loss 1.6486e+00 (1.6486e+00)	Acc@1  60.94 ( 60.94)	Acc@5  83.59 ( 83.59)

----------------------------------------
-------- Testing Epoch 17 Stats --------
----------------------------------------

+------------------------+-------------+-------------+-------------+
| Conv                   |   Avg. Loss |   Avg. Acc1 |   Avg. Acc5 |
+========================+=============+=============+=============+
| 9 Compute flavour conv |      1.6169 |       58.52 |       85.91 |
+------------------------+-------------+-------------+-------------+
[2022-03-01_19-44-50] Total Test Time:  17.00 seconds

----------------------------------------
---------- Training Epoch 18 -----------
----------------------------------------

[2022-03-01_19-44-51] Epoch: [18][  0/390] 9 Compute flavour conv	Time  1.095 ( 0.103)	Data  0.977 ( 0.003)	Loss 9.9705e-01 (9.9705e-01)	Acc@1  67.97 ( 67.97)	Acc@5  92.97 ( 92.97)
[2022-03-01_19-45-04] Epoch: [18][128/390] 9 Compute flavour conv	Time  0.100 ( 0.103)	Data  0.000 ( 0.003)	Loss 8.2353e-01 (8.5806e-01)	Acc@1  73.44 ( 73.88)	Acc@5  95.31 ( 94.92)
[2022-03-01_19-45-16] Epoch: [18][256/390] 9 Compute flavour conv	Time  0.099 ( 0.103)	Data  0.000 ( 0.003)	Loss 7.3885e-01 (8.7386e-01)	Acc@1  80.47 ( 73.70)	Acc@5  98.44 ( 94.85)
[2022-03-01_19-45-29] Epoch: [18][384/390] 9 Compute flavour conv	Time  0.099 ( 0.103)	Data  0.000 ( 0.003)	Loss 8.9925e-01 (8.8575e-01)	Acc@1  77.34 ( 73.27)	Acc@5  96.09 ( 94.70)

----------------------------------------
------- Training Epoch 18 Stats --------
----------------------------------------

+------------------------+-------------+-------------+-------------+
| Conv                   |   Avg. Loss |   Avg. Acc1 |   Avg. Acc5 |
+========================+=============+=============+=============+
| 9 Compute flavour conv |     0.88678 |       73.23 |       94.68 |
+------------------------+-------------+-------------+-------------+
[2022-03-01_19-45-30] Total Epoch 18 Time:  40.12 seconds

----------------------------------------
----------- Testing Epoch 18 -----------
----------------------------------------

[2022-03-01_19-45-31] Test: [ 0/79] 9 Compute flavour conv	Time  0.939 ( 0.044)	Loss 1.7041e+00 (1.7041e+00)	Acc@1  62.50 ( 62.50)	Acc@5  82.03 ( 82.03)

----------------------------------------
-------- Testing Epoch 18 Stats --------
----------------------------------------

+------------------------+-------------+-------------+-------------+
| Conv                   |   Avg. Loss |   Avg. Acc1 |   Avg. Acc5 |
+========================+=============+=============+=============+
| 9 Compute flavour conv |      1.5645 |       60.08 |       86.97 |
+------------------------+-------------+-------------+-------------+
[2022-03-01_19-45-33] Total Test Time:  18.00 seconds

----------------------------------------
---------- Training Epoch 19 -----------
----------------------------------------

[2022-03-01_19-45-35] Epoch: [19][  0/390] 9 Compute flavour conv	Time  1.127 ( 0.103)	Data  0.981 ( 0.003)	Loss 9.2427e-01 (9.2427e-01)	Acc@1  74.22 ( 74.22)	Acc@5  94.53 ( 94.53)
[2022-03-01_19-45-47] Epoch: [19][128/390] 9 Compute flavour conv	Time  0.100 ( 0.103)	Data  0.000 ( 0.003)	Loss 8.7456e-01 (7.9953e-01)	Acc@1  75.00 ( 75.45)	Acc@5  94.53 ( 95.80)
[2022-03-01_19-46-00] Epoch: [19][256/390] 9 Compute flavour conv	Time  0.100 ( 0.103)	Data  0.000 ( 0.003)	Loss 9.5827e-01 (8.1433e-01)	Acc@1  70.31 ( 75.21)	Acc@5  91.41 ( 95.46)
[2022-03-01_19-46-13] Epoch: [19][384/390] 9 Compute flavour conv	Time  0.099 ( 0.103)	Data  0.000 ( 0.003)	Loss 7.3380e-01 (8.2875e-01)	Acc@1  73.44 ( 74.85)	Acc@5  97.66 ( 95.34)

----------------------------------------
------- Training Epoch 19 Stats --------
----------------------------------------

+------------------------+-------------+-------------+-------------+
| Conv                   |   Avg. Loss |   Avg. Acc1 |   Avg. Acc5 |
+========================+=============+=============+=============+
| 9 Compute flavour conv |     0.83001 |       74.81 |       95.33 |
+------------------------+-------------+-------------+-------------+
[2022-03-01_19-46-14] Total Epoch 19 Time:  40.24 seconds

----------------------------------------
----------- Testing Epoch 19 -----------
----------------------------------------

[2022-03-01_19-46-15] Test: [ 0/79] 9 Compute flavour conv	Time  0.924 ( 0.043)	Loss 1.5575e+00 (1.5575e+00)	Acc@1  64.06 ( 64.06)	Acc@5  85.94 ( 85.94)

----------------------------------------
-------- Testing Epoch 19 Stats --------
----------------------------------------

+------------------------+-------------+-------------+-------------+
| Conv                   |   Avg. Loss |   Avg. Acc1 |   Avg. Acc5 |
+========================+=============+=============+=============+
| 9 Compute flavour conv |      1.5657 |       59.98 |       86.87 |
+------------------------+-------------+-------------+-------------+
[2022-03-01_19-46-17] Total Test Time:  19.00 seconds
