[2022-03-01_18-45-55] main.py --action TRAINING --arch resnet18Asym-cifar100 --epoch 20 --batch_size 128 --seed 44 --gpu 0 --compute_flavour 9 --v 1

[2022-03-01_18-45-55] arch=resnet18Asym, dataset=cifar100, desc=None, flavour=9, epochs=20, batch_size=128, LR=0.1, LRD=0, WD=0, MOMENTUM=0, GAMMA=0.1, MILESTONES=[60, 120, 160], device=cuda, verbose=1, model_path=None
[2022-03-01_18-45-55] Seed = 44

----------------------------------------
----------- TRAINING NETWORK -----------
----------------------------------------

[2022-03-01_18-45-55] NeuralNet __init__: arch=resnet18Asym, dataset=cifar100 compute_flavour=9, epochs=20,LR=0.1 LRD=0 WD=0 MOMENTUM=0 GAMMA=0.1 MILESTONES=[60, 120, 160] device=cuda verbose=1 gpus=1 distributed=0 model_path=None
[2022-03-01_18-45-55] Seed = 44
[2022-03-01_18-45-58] Model_StatsLogger __init__() Compute flavour: 9

----------------------------------------
----------- Training Epoch 0 -----------
----------------------------------------

[2022-03-01_18-46-00] Epoch: [0][  0/390] 9 Compute flavour conv	Time  1.205 ( 1.205)	Data  0.959 ( 0.959)	Loss 4.7290e+00 (4.7290e+00)	Acc@1   2.34 (  2.34)	Acc@5   4.69 (  4.69)
[2022-03-01_18-46-14] Epoch: [0][128/390] 9 Compute flavour conv	Time  0.113 ( 0.121)	Data  0.000 ( 0.008)	Loss 4.1990e+00 (4.2337e+00)	Acc@1   4.69 (  5.58)	Acc@5  24.22 ( 19.96)
[2022-03-01_18-46-29] Epoch: [0][256/390] 9 Compute flavour conv	Time  0.116 ( 0.118)	Data  0.000 ( 0.004)	Loss 3.8385e+00 (4.0203e+00)	Acc@1  10.16 (  8.13)	Acc@5  32.81 ( 26.47)
[2022-03-01_18-46-44] Epoch: [0][384/390] 9 Compute flavour conv	Time  0.119 ( 0.118)	Data  0.000 ( 0.003)	Loss 3.5274e+00 (3.8743e+00)	Acc@1  19.53 ( 10.08)	Acc@5  46.09 ( 30.96)

----------------------------------------
-------- Training Epoch 0 Stats --------
----------------------------------------

+------------------------+-------------+-------------+-------------+
| Conv                   |   Avg. Loss |   Avg. Acc1 |   Avg. Acc5 |
+========================+=============+=============+=============+
| 9 Compute flavour conv |      3.8697 |       10.16 |       31.09 |
+------------------------+-------------+-------------+-------------+
[2022-03-01_18-46-45] Total Epoch 0 Time:  46.31 seconds

----------------------------------------
----------- Testing Epoch 0 ------------
----------------------------------------

[2022-03-01_18-46-46] Test: [ 0/79] 9 Compute flavour conv	Time  0.944 ( 0.944)	Loss 3.4818e+00 (3.4818e+00)	Acc@1  16.41 ( 16.41)	Acc@5  42.19 ( 42.19)

----------------------------------------
-------- Testing Epoch 0 Stats ---------
----------------------------------------

+------------------------+-------------+-------------+-------------+
| Conv                   |   Avg. Loss |   Avg. Acc1 |   Avg. Acc5 |
+========================+=============+=============+=============+
| 9 Compute flavour conv |       3.431 |       17.33 |       44.58 |
+------------------------+-------------+-------------+-------------+
[2022-03-01_18-46-50] Total Test Time:   0.00 seconds

----------------------------------------
----------- Training Epoch 1 -----------
----------------------------------------

[2022-03-01_18-46-51] Epoch: [1][  0/390] 9 Compute flavour conv	Time  1.115 ( 0.121)	Data  0.989 ( 0.005)	Loss 3.2707e+00 (3.2707e+00)	Acc@1  24.22 ( 24.22)	Acc@5  48.44 ( 48.44)
[2022-03-01_18-47-06] Epoch: [1][128/390] 9 Compute flavour conv	Time  0.124 ( 0.121)	Data  0.000 ( 0.004)	Loss 3.3679e+00 (3.3789e+00)	Acc@1  14.06 ( 17.65)	Acc@5  45.31 ( 45.69)
[2022-03-01_18-47-22] Epoch: [1][256/390] 9 Compute flavour conv	Time  0.123 ( 0.121)	Data  0.000 ( 0.003)	Loss 3.0840e+00 (3.3134e+00)	Acc@1  21.88 ( 19.00)	Acc@5  54.69 ( 47.58)
[2022-03-01_18-47-38] Epoch: [1][384/390] 9 Compute flavour conv	Time  0.121 ( 0.121)	Data  0.000 ( 0.003)	Loss 3.0965e+00 (3.2470e+00)	Acc@1  23.44 ( 20.37)	Acc@5  53.12 ( 49.22)

----------------------------------------
-------- Training Epoch 1 Stats --------
----------------------------------------

+------------------------+-------------+-------------+-------------+
| Conv                   |   Avg. Loss |   Avg. Acc1 |   Avg. Acc5 |
+========================+=============+=============+=============+
| 9 Compute flavour conv |      3.2429 |       20.46 |       49.32 |
+------------------------+-------------+-------------+-------------+
[2022-03-01_18-47-38] Total Epoch 1 Time:  48.83 seconds

----------------------------------------
----------- Testing Epoch 1 ------------
----------------------------------------

[2022-03-01_18-47-39] Test: [ 0/79] 9 Compute flavour conv	Time  0.939 ( 0.066)	Loss 3.0634e+00 (3.0634e+00)	Acc@1  23.44 ( 23.44)	Acc@5  53.12 ( 53.12)

----------------------------------------
-------- Testing Epoch 1 Stats ---------
----------------------------------------

+------------------------+-------------+-------------+-------------+
| Conv                   |   Avg. Loss |   Avg. Acc1 |   Avg. Acc5 |
+========================+=============+=============+=============+
| 9 Compute flavour conv |      3.0892 |        24.3 |       54.21 |
+------------------------+-------------+-------------+-------------+
[2022-03-01_18-47-43] Total Test Time:   1.00 seconds

----------------------------------------
----------- Training Epoch 2 -----------
----------------------------------------

[2022-03-01_18-47-44] Epoch: [2][  0/390] 9 Compute flavour conv	Time  1.119 ( 0.123)	Data  0.982 ( 0.004)	Loss 2.7881e+00 (2.7881e+00)	Acc@1  27.34 ( 27.34)	Acc@5  62.50 ( 62.50)
[2022-03-01_18-47-59] Epoch: [2][128/390] 9 Compute flavour conv	Time  0.120 ( 0.123)	Data  0.000 ( 0.004)	Loss 3.0034e+00 (2.9554e+00)	Acc@1  25.00 ( 25.17)	Acc@5  56.25 ( 56.61)
[2022-03-01_18-48-15] Epoch: [2][256/390] 9 Compute flavour conv	Time  0.121 ( 0.122)	Data  0.000 ( 0.003)	Loss 2.8512e+00 (2.9041e+00)	Acc@1  27.34 ( 26.33)	Acc@5  60.94 ( 57.84)
[2022-03-01_18-48-31] Epoch: [2][384/390] 9 Compute flavour conv	Time  0.121 ( 0.122)	Data  0.000 ( 0.003)	Loss 2.6309e+00 (2.8616e+00)	Acc@1  28.91 ( 27.25)	Acc@5  64.06 ( 58.91)

----------------------------------------
-------- Training Epoch 2 Stats --------
----------------------------------------

+------------------------+-------------+-------------+-------------+
| Conv                   |   Avg. Loss |   Avg. Acc1 |   Avg. Acc5 |
+========================+=============+=============+=============+
| 9 Compute flavour conv |      2.8602 |       27.29 |       58.93 |
+------------------------+-------------+-------------+-------------+
[2022-03-01_18-48-31] Total Epoch 2 Time:  48.53 seconds

----------------------------------------
----------- Testing Epoch 2 ------------
----------------------------------------

[2022-03-01_18-48-32] Test: [ 0/79] 9 Compute flavour conv	Time  0.942 ( 0.060)	Loss 2.8153e+00 (2.8153e+00)	Acc@1  28.91 ( 28.91)	Acc@5  64.06 ( 64.06)

----------------------------------------
-------- Testing Epoch 2 Stats ---------
----------------------------------------

+------------------------+-------------+-------------+-------------+
| Conv                   |   Avg. Loss |   Avg. Acc1 |   Avg. Acc5 |
+========================+=============+=============+=============+
| 9 Compute flavour conv |       2.812 |       29.23 |       61.45 |
+------------------------+-------------+-------------+-------------+
[2022-03-01_18-48-36] Total Test Time:   2.00 seconds

----------------------------------------
----------- Training Epoch 3 -----------
----------------------------------------

[2022-03-01_18-48-37] Epoch: [3][  0/390] 9 Compute flavour conv	Time  1.102 ( 0.123)	Data  0.905 ( 0.004)	Loss 2.3288e+00 (2.3288e+00)	Acc@1  40.62 ( 40.62)	Acc@5  75.78 ( 75.78)
[2022-03-01_18-48-52] Epoch: [3][128/390] 9 Compute flavour conv	Time  0.120 ( 0.123)	Data  0.000 ( 0.003)	Loss 2.6785e+00 (2.6077e+00)	Acc@1  32.81 ( 32.72)	Acc@5  67.19 ( 64.87)
[2022-03-01_18-49-08] Epoch: [3][256/390] 9 Compute flavour conv	Time  0.119 ( 0.123)	Data  0.000 ( 0.003)	Loss 2.3444e+00 (2.5752e+00)	Acc@1  39.06 ( 33.22)	Acc@5  72.66 ( 65.63)
[2022-03-01_18-49-23] Epoch: [3][384/390] 9 Compute flavour conv	Time  0.121 ( 0.123)	Data  0.000 ( 0.003)	Loss 2.1577e+00 (2.5354e+00)	Acc@1  41.41 ( 33.98)	Acc@5  72.66 ( 66.59)

----------------------------------------
-------- Training Epoch 3 Stats --------
----------------------------------------

+------------------------+-------------+-------------+-------------+
| Conv                   |   Avg. Loss |   Avg. Acc1 |   Avg. Acc5 |
+========================+=============+=============+=============+
| 9 Compute flavour conv |      2.5341 |          34 |        66.6 |
+------------------------+-------------+-------------+-------------+
[2022-03-01_18-49-24] Total Epoch 3 Time:  48.35 seconds

----------------------------------------
----------- Testing Epoch 3 ------------
----------------------------------------

[2022-03-01_18-49-25] Test: [ 0/79] 9 Compute flavour conv	Time  0.952 ( 0.058)	Loss 2.3658e+00 (2.3658e+00)	Acc@1  37.50 ( 37.50)	Acc@5  72.66 ( 72.66)

----------------------------------------
-------- Testing Epoch 3 Stats ---------
----------------------------------------

+------------------------+-------------+-------------+-------------+
| Conv                   |   Avg. Loss |   Avg. Acc1 |   Avg. Acc5 |
+========================+=============+=============+=============+
| 9 Compute flavour conv |      2.5345 |       35.09 |       67.13 |
+------------------------+-------------+-------------+-------------+
[2022-03-01_18-49-29] Total Test Time:   3.00 seconds

----------------------------------------
----------- Training Epoch 4 -----------
----------------------------------------

[2022-03-01_18-49-30] Epoch: [4][  0/390] 9 Compute flavour conv	Time  1.094 ( 0.123)	Data  0.941 ( 0.003)	Loss 2.3197e+00 (2.3197e+00)	Acc@1  45.31 ( 45.31)	Acc@5  71.88 ( 71.88)
[2022-03-01_18-49-45] Epoch: [4][128/390] 9 Compute flavour conv	Time  0.120 ( 0.123)	Data  0.000 ( 0.003)	Loss 2.3372e+00 (2.3265e+00)	Acc@1  39.06 ( 37.87)	Acc@5  67.97 ( 71.21)
[2022-03-01_18-50-01] Epoch: [4][256/390] 9 Compute flavour conv	Time  0.121 ( 0.123)	Data  0.000 ( 0.003)	Loss 2.1873e+00 (2.3042e+00)	Acc@1  42.19 ( 38.76)	Acc@5  70.31 ( 71.49)
[2022-03-01_18-50-16] Epoch: [4][384/390] 9 Compute flavour conv	Time  0.123 ( 0.123)	Data  0.000 ( 0.003)	Loss 2.1482e+00 (2.2696e+00)	Acc@1  37.50 ( 39.63)	Acc@5  80.47 ( 72.28)

----------------------------------------
-------- Training Epoch 4 Stats --------
----------------------------------------

+------------------------+-------------+-------------+-------------+
| Conv                   |   Avg. Loss |   Avg. Acc1 |   Avg. Acc5 |
+========================+=============+=============+=============+
| 9 Compute flavour conv |       2.268 |       39.67 |       72.33 |
+------------------------+-------------+-------------+-------------+
[2022-03-01_18-50-17] Total Epoch 4 Time:  48.33 seconds

----------------------------------------
----------- Testing Epoch 4 ------------
----------------------------------------

[2022-03-01_18-50-18] Test: [ 0/79] 9 Compute flavour conv	Time  0.958 ( 0.057)	Loss 2.2055e+00 (2.2055e+00)	Acc@1  46.88 ( 46.88)	Acc@5  72.66 ( 72.66)

----------------------------------------
-------- Testing Epoch 4 Stats ---------
----------------------------------------

+------------------------+-------------+-------------+-------------+
| Conv                   |   Avg. Loss |   Avg. Acc1 |   Avg. Acc5 |
+========================+=============+=============+=============+
| 9 Compute flavour conv |      2.2509 |       41.43 |       73.18 |
+------------------------+-------------+-------------+-------------+
[2022-03-01_18-50-22] Total Test Time:   4.00 seconds

----------------------------------------
----------- Training Epoch 5 -----------
----------------------------------------

[2022-03-01_18-50-23] Epoch: [5][  0/390] 9 Compute flavour conv	Time  1.096 ( 0.123)	Data  0.952 ( 0.003)	Loss 1.8311e+00 (1.8311e+00)	Acc@1  51.56 ( 51.56)	Acc@5  82.81 ( 82.81)
[2022-03-01_18-50-38] Epoch: [5][128/390] 9 Compute flavour conv	Time  0.122 ( 0.123)	Data  0.000 ( 0.003)	Loss 2.0839e+00 (2.0904e+00)	Acc@1  45.31 ( 43.53)	Acc@5  78.12 ( 75.93)
[2022-03-01_18-50-54] Epoch: [5][256/390] 9 Compute flavour conv	Time  0.121 ( 0.123)	Data  0.000 ( 0.003)	Loss 2.0276e+00 (2.0800e+00)	Acc@1  44.53 ( 43.91)	Acc@5  77.34 ( 76.09)
[2022-03-01_18-51-09] Epoch: [5][384/390] 9 Compute flavour conv	Time  0.118 ( 0.123)	Data  0.000 ( 0.003)	Loss 2.0520e+00 (2.0511e+00)	Acc@1  44.53 ( 44.52)	Acc@5  79.69 ( 76.70)

----------------------------------------
-------- Training Epoch 5 Stats --------
----------------------------------------

+------------------------+-------------+-------------+-------------+
| Conv                   |   Avg. Loss |   Avg. Acc1 |   Avg. Acc5 |
+========================+=============+=============+=============+
| 9 Compute flavour conv |      2.0495 |       44.55 |       76.74 |
+------------------------+-------------+-------------+-------------+
[2022-03-01_18-51-10] Total Epoch 5 Time:  48.16 seconds

----------------------------------------
----------- Testing Epoch 5 ------------
----------------------------------------

[2022-03-01_18-51-11] Test: [ 0/79] 9 Compute flavour conv	Time  0.952 ( 0.057)	Loss 2.1997e+00 (2.1997e+00)	Acc@1  46.88 ( 46.88)	Acc@5  75.00 ( 75.00)

----------------------------------------
-------- Testing Epoch 5 Stats ---------
----------------------------------------

+------------------------+-------------+-------------+-------------+
| Conv                   |   Avg. Loss |   Avg. Acc1 |   Avg. Acc5 |
+========================+=============+=============+=============+
| 9 Compute flavour conv |      2.3059 |       41.06 |       73.53 |
+------------------------+-------------+-------------+-------------+
[2022-03-01_18-51-14] Total Test Time:   5.00 seconds

----------------------------------------
----------- Training Epoch 6 -----------
----------------------------------------

[2022-03-01_18-51-15] Epoch: [6][  0/390] 9 Compute flavour conv	Time  1.110 ( 0.123)	Data  0.958 ( 0.003)	Loss 1.7080e+00 (1.7080e+00)	Acc@1  52.34 ( 52.34)	Acc@5  82.81 ( 82.81)
[2022-03-01_18-51-31] Epoch: [6][128/390] 9 Compute flavour conv	Time  0.118 ( 0.123)	Data  0.000 ( 0.003)	Loss 1.8559e+00 (1.8930e+00)	Acc@1  51.56 ( 47.81)	Acc@5  77.34 ( 79.40)
[2022-03-01_18-51-46] Epoch: [6][256/390] 9 Compute flavour conv	Time  0.119 ( 0.123)	Data  0.000 ( 0.003)	Loss 1.7482e+00 (1.8916e+00)	Acc@1  53.12 ( 48.09)	Acc@5  81.25 ( 79.60)
[2022-03-01_18-52-01] Epoch: [6][384/390] 9 Compute flavour conv	Time  0.121 ( 0.123)	Data  0.000 ( 0.003)	Loss 1.7413e+00 (1.8759e+00)	Acc@1  49.22 ( 48.39)	Acc@5  83.59 ( 79.84)

----------------------------------------
-------- Training Epoch 6 Stats --------
----------------------------------------

+------------------------+-------------+-------------+-------------+
| Conv                   |   Avg. Loss |   Avg. Acc1 |   Avg. Acc5 |
+========================+=============+=============+=============+
| 9 Compute flavour conv |      1.8763 |        48.4 |       79.85 |
+------------------------+-------------+-------------+-------------+
[2022-03-01_18-52-02] Total Epoch 6 Time:  48.00 seconds

----------------------------------------
----------- Testing Epoch 6 ------------
----------------------------------------

[2022-03-01_18-52-03] Test: [ 0/79] 9 Compute flavour conv	Time  0.946 ( 0.056)	Loss 2.1851e+00 (2.1851e+00)	Acc@1  42.97 ( 42.97)	Acc@5  76.56 ( 76.56)

----------------------------------------
-------- Testing Epoch 6 Stats ---------
----------------------------------------

+------------------------+-------------+-------------+-------------+
| Conv                   |   Avg. Loss |   Avg. Acc1 |   Avg. Acc5 |
+========================+=============+=============+=============+
| 9 Compute flavour conv |      2.2225 |       43.15 |       74.93 |
+------------------------+-------------+-------------+-------------+
[2022-03-01_18-52-07] Total Test Time:   6.00 seconds

----------------------------------------
----------- Training Epoch 7 -----------
----------------------------------------

[2022-03-01_18-52-08] Epoch: [7][  0/390] 9 Compute flavour conv	Time  1.097 ( 0.123)	Data  0.953 ( 0.003)	Loss 1.6420e+00 (1.6420e+00)	Acc@1  59.38 ( 59.38)	Acc@5  81.25 ( 81.25)
[2022-03-01_18-52-23] Epoch: [7][128/390] 9 Compute flavour conv	Time  0.118 ( 0.123)	Data  0.000 ( 0.003)	Loss 1.7936e+00 (1.7492e+00)	Acc@1  46.88 ( 51.75)	Acc@5  82.03 ( 82.46)
[2022-03-01_18-52-39] Epoch: [7][256/390] 9 Compute flavour conv	Time  0.120 ( 0.123)	Data  0.000 ( 0.003)	Loss 1.7131e+00 (1.7359e+00)	Acc@1  45.31 ( 51.93)	Acc@5  83.59 ( 82.57)
[2022-03-01_18-52-54] Epoch: [7][384/390] 9 Compute flavour conv	Time  0.121 ( 0.123)	Data  0.000 ( 0.003)	Loss 1.6803e+00 (1.7176e+00)	Acc@1  54.69 ( 52.25)	Acc@5  85.94 ( 82.82)

----------------------------------------
-------- Training Epoch 7 Stats --------
----------------------------------------

+------------------------+-------------+-------------+-------------+
| Conv                   |   Avg. Loss |   Avg. Acc1 |   Avg. Acc5 |
+========================+=============+=============+=============+
| 9 Compute flavour conv |      1.7182 |       52.24 |       82.81 |
+------------------------+-------------+-------------+-------------+
[2022-03-01_18-52-55] Total Epoch 7 Time:  47.89 seconds

----------------------------------------
----------- Testing Epoch 7 ------------
----------------------------------------

[2022-03-01_18-52-56] Test: [ 0/79] 9 Compute flavour conv	Time  0.904 ( 0.056)	Loss 1.8526e+00 (1.8526e+00)	Acc@1  50.00 ( 50.00)	Acc@5  77.34 ( 77.34)

----------------------------------------
-------- Testing Epoch 7 Stats ---------
----------------------------------------

+------------------------+-------------+-------------+-------------+
| Conv                   |   Avg. Loss |   Avg. Acc1 |   Avg. Acc5 |
+========================+=============+=============+=============+
| 9 Compute flavour conv |      1.9197 |       48.26 |       79.54 |
+------------------------+-------------+-------------+-------------+
[2022-03-01_18-52-59] Total Test Time:   7.00 seconds

----------------------------------------
----------- Training Epoch 8 -----------
----------------------------------------

[2022-03-01_18-53-00] Epoch: [8][  0/390] 9 Compute flavour conv	Time  1.111 ( 0.123)	Data  0.968 ( 0.003)	Loss 1.3747e+00 (1.3747e+00)	Acc@1  60.16 ( 60.16)	Acc@5  87.50 ( 87.50)
[2022-03-01_18-53-15] Epoch: [8][128/390] 9 Compute flavour conv	Time  0.118 ( 0.123)	Data  0.000 ( 0.003)	Loss 1.7212e+00 (1.5954e+00)	Acc@1  55.47 ( 55.25)	Acc@5  80.47 ( 84.74)
[2022-03-01_18-53-31] Epoch: [8][256/390] 9 Compute flavour conv	Time  0.120 ( 0.123)	Data  0.000 ( 0.003)	Loss 1.7418e+00 (1.5986e+00)	Acc@1  46.88 ( 54.92)	Acc@5  82.81 ( 84.66)
[2022-03-01_18-53-46] Epoch: [8][384/390] 9 Compute flavour conv	Time  0.122 ( 0.123)	Data  0.000 ( 0.003)	Loss 1.5185e+00 (1.5992e+00)	Acc@1  53.12 ( 54.95)	Acc@5  86.72 ( 84.60)

----------------------------------------
-------- Training Epoch 8 Stats --------
----------------------------------------

+------------------------+-------------+-------------+-------------+
| Conv                   |   Avg. Loss |   Avg. Acc1 |   Avg. Acc5 |
+========================+=============+=============+=============+
| 9 Compute flavour conv |      1.5988 |       54.95 |        84.6 |
+------------------------+-------------+-------------+-------------+
[2022-03-01_18-53-47] Total Epoch 8 Time:  47.78 seconds

----------------------------------------
----------- Testing Epoch 8 ------------
----------------------------------------

[2022-03-01_18-53-48] Test: [ 0/79] 9 Compute flavour conv	Time  0.932 ( 0.056)	Loss 1.7742e+00 (1.7742e+00)	Acc@1  54.69 ( 54.69)	Acc@5  83.59 ( 83.59)

----------------------------------------
-------- Testing Epoch 8 Stats ---------
----------------------------------------

+------------------------+-------------+-------------+-------------+
| Conv                   |   Avg. Loss |   Avg. Acc1 |   Avg. Acc5 |
+========================+=============+=============+=============+
| 9 Compute flavour conv |      1.9913 |       48.05 |       78.57 |
+------------------------+-------------+-------------+-------------+
[2022-03-01_18-53-51] Total Test Time:   8.00 seconds

----------------------------------------
----------- Training Epoch 9 -----------
----------------------------------------

[2022-03-01_18-53-52] Epoch: [9][  0/390] 9 Compute flavour conv	Time  1.111 ( 0.123)	Data  0.943 ( 0.003)	Loss 1.3287e+00 (1.3287e+00)	Acc@1  62.50 ( 62.50)	Acc@5  92.19 ( 92.19)
[2022-03-01_18-54-08] Epoch: [9][128/390] 9 Compute flavour conv	Time  0.117 ( 0.123)	Data  0.000 ( 0.003)	Loss 1.5116e+00 (1.4799e+00)	Acc@1  59.38 ( 58.38)	Acc@5  87.50 ( 86.72)
[2022-03-01_18-54-23] Epoch: [9][256/390] 9 Compute flavour conv	Time  0.120 ( 0.123)	Data  0.000 ( 0.003)	Loss 1.1910e+00 (1.4829e+00)	Acc@1  62.50 ( 58.16)	Acc@5  92.19 ( 86.76)
[2022-03-01_18-54-38] Epoch: [9][384/390] 9 Compute flavour conv	Time  0.119 ( 0.123)	Data  0.000 ( 0.003)	Loss 1.2641e+00 (1.4805e+00)	Acc@1  61.72 ( 58.19)	Acc@5  89.84 ( 86.66)

----------------------------------------
-------- Training Epoch 9 Stats --------
----------------------------------------

+------------------------+-------------+-------------+-------------+
| Conv                   |   Avg. Loss |   Avg. Acc1 |   Avg. Acc5 |
+========================+=============+=============+=============+
| 9 Compute flavour conv |      1.4821 |       58.15 |       86.64 |
+------------------------+-------------+-------------+-------------+
[2022-03-01_18-54-39] Total Epoch 9 Time:  47.74 seconds

----------------------------------------
----------- Testing Epoch 9 ------------
----------------------------------------

[2022-03-01_18-54-40] Test: [ 0/79] 9 Compute flavour conv	Time  0.946 ( 0.056)	Loss 1.6763e+00 (1.6763e+00)	Acc@1  58.59 ( 58.59)	Acc@5  82.03 ( 82.03)

----------------------------------------
-------- Testing Epoch 9 Stats ---------
----------------------------------------

+------------------------+-------------+-------------+-------------+
| Conv                   |   Avg. Loss |   Avg. Acc1 |   Avg. Acc5 |
+========================+=============+=============+=============+
| 9 Compute flavour conv |      1.8041 |       52.31 |       81.61 |
+------------------------+-------------+-------------+-------------+
[2022-03-01_18-54-43] Total Test Time:   9.00 seconds

----------------------------------------
---------- Training Epoch 10 -----------
----------------------------------------

[2022-03-01_18-54-45] Epoch: [10][  0/390] 9 Compute flavour conv	Time  1.108 ( 0.123)	Data  0.958 ( 0.003)	Loss 1.1784e+00 (1.1784e+00)	Acc@1  65.62 ( 65.62)	Acc@5  88.28 ( 88.28)
[2022-03-01_18-55-00] Epoch: [10][128/390] 9 Compute flavour conv	Time  0.119 ( 0.123)	Data  0.000 ( 0.003)	Loss 1.1985e+00 (1.3754e+00)	Acc@1  62.50 ( 60.64)	Acc@5  91.41 ( 88.62)
[2022-03-01_18-55-15] Epoch: [10][256/390] 9 Compute flavour conv	Time  0.122 ( 0.123)	Data  0.000 ( 0.003)	Loss 1.4981e+00 (1.3857e+00)	Acc@1  56.25 ( 60.38)	Acc@5  85.94 ( 88.30)
[2022-03-01_18-55-31] Epoch: [10][384/390] 9 Compute flavour conv	Time  0.119 ( 0.123)	Data  0.000 ( 0.003)	Loss 1.2069e+00 (1.3882e+00)	Acc@1  64.84 ( 60.23)	Acc@5  90.62 ( 88.19)

----------------------------------------
------- Training Epoch 10 Stats --------
----------------------------------------

+------------------------+-------------+-------------+-------------+
| Conv                   |   Avg. Loss |   Avg. Acc1 |   Avg. Acc5 |
+========================+=============+=============+=============+
| 9 Compute flavour conv |      1.3882 |       60.25 |       88.19 |
+------------------------+-------------+-------------+-------------+
[2022-03-01_18-55-31] Total Epoch 10 Time:  47.87 seconds

----------------------------------------
----------- Testing Epoch 10 -----------
----------------------------------------

[2022-03-01_18-55-32] Test: [ 0/79] 9 Compute flavour conv	Time  0.949 ( 0.055)	Loss 1.6606e+00 (1.6606e+00)	Acc@1  55.47 ( 55.47)	Acc@5  81.25 ( 81.25)

----------------------------------------
-------- Testing Epoch 10 Stats --------
----------------------------------------

+------------------------+-------------+-------------+-------------+
| Conv                   |   Avg. Loss |   Avg. Acc1 |   Avg. Acc5 |
+========================+=============+=============+=============+
| 9 Compute flavour conv |      1.8124 |       51.95 |       81.99 |
+------------------------+-------------+-------------+-------------+
[2022-03-01_18-55-36] Total Test Time:  10.00 seconds

----------------------------------------
---------- Training Epoch 11 -----------
----------------------------------------

[2022-03-01_18-55-37] Epoch: [11][  0/390] 9 Compute flavour conv	Time  1.104 ( 0.123)	Data  0.968 ( 0.003)	Loss 1.2274e+00 (1.2274e+00)	Acc@1  65.62 ( 65.62)	Acc@5  91.41 ( 91.41)
[2022-03-01_18-55-52] Epoch: [11][128/390] 9 Compute flavour conv	Time  0.121 ( 0.123)	Data  0.000 ( 0.003)	Loss 1.3183e+00 (1.2830e+00)	Acc@1  61.72 ( 63.18)	Acc@5  86.72 ( 89.64)
[2022-03-01_18-56-08] Epoch: [11][256/390] 9 Compute flavour conv	Time  0.123 ( 0.123)	Data  0.000 ( 0.003)	Loss 1.3772e+00 (1.2996e+00)	Acc@1  59.38 ( 62.53)	Acc@5  84.38 ( 89.43)
[2022-03-01_18-56-23] Epoch: [11][384/390] 9 Compute flavour conv	Time  0.120 ( 0.123)	Data  0.000 ( 0.003)	Loss 1.2494e+00 (1.3007e+00)	Acc@1  64.84 ( 62.55)	Acc@5  92.19 ( 89.30)

----------------------------------------
------- Training Epoch 11 Stats --------
----------------------------------------

+------------------------+-------------+-------------+-------------+
| Conv                   |   Avg. Loss |   Avg. Acc1 |   Avg. Acc5 |
+========================+=============+=============+=============+
| 9 Compute flavour conv |      1.3014 |       62.54 |       89.29 |
+------------------------+-------------+-------------+-------------+
[2022-03-01_18-56-24] Total Epoch 11 Time:  47.85 seconds

----------------------------------------
----------- Testing Epoch 11 -----------
----------------------------------------

[2022-03-01_18-56-25] Test: [ 0/79] 9 Compute flavour conv	Time  0.955 ( 0.055)	Loss 1.6508e+00 (1.6508e+00)	Acc@1  57.03 ( 57.03)	Acc@5  85.16 ( 85.16)

----------------------------------------
-------- Testing Epoch 11 Stats --------
----------------------------------------

+------------------------+-------------+-------------+-------------+
| Conv                   |   Avg. Loss |   Avg. Acc1 |   Avg. Acc5 |
+========================+=============+=============+=============+
| 9 Compute flavour conv |      1.8099 |       52.96 |       82.01 |
+------------------------+-------------+-------------+-------------+
[2022-03-01_18-56-28] Total Test Time:  11.00 seconds

----------------------------------------
---------- Training Epoch 12 -----------
----------------------------------------

[2022-03-01_18-56-29] Epoch: [12][  0/390] 9 Compute flavour conv	Time  1.097 ( 0.123)	Data  0.973 ( 0.003)	Loss 1.2800e+00 (1.2800e+00)	Acc@1  63.28 ( 63.28)	Acc@5  89.84 ( 89.84)
[2022-03-01_18-56-45] Epoch: [12][128/390] 9 Compute flavour conv	Time  0.119 ( 0.123)	Data  0.000 ( 0.003)	Loss 1.1971e+00 (1.2116e+00)	Acc@1  64.84 ( 64.70)	Acc@5  89.84 ( 90.70)
[2022-03-01_18-57-00] Epoch: [12][256/390] 9 Compute flavour conv	Time  0.119 ( 0.123)	Data  0.000 ( 0.003)	Loss 1.3012e+00 (1.2243e+00)	Acc@1  61.72 ( 64.46)	Acc@5  92.97 ( 90.37)
[2022-03-01_18-57-16] Epoch: [12][384/390] 9 Compute flavour conv	Time  0.119 ( 0.123)	Data  0.000 ( 0.003)	Loss 1.1697e+00 (1.2242e+00)	Acc@1  64.06 ( 64.45)	Acc@5  92.19 ( 90.35)

----------------------------------------
------- Training Epoch 12 Stats --------
----------------------------------------

+------------------------+-------------+-------------+-------------+
| Conv                   |   Avg. Loss |   Avg. Acc1 |   Avg. Acc5 |
+========================+=============+=============+=============+
| 9 Compute flavour conv |      1.2249 |        64.4 |       90.34 |
+------------------------+-------------+-------------+-------------+
[2022-03-01_18-57-16] Total Epoch 12 Time:  48.15 seconds

----------------------------------------
----------- Testing Epoch 12 -----------
----------------------------------------

[2022-03-01_18-57-17] Test: [ 0/79] 9 Compute flavour conv	Time  0.972 ( 0.055)	Loss 1.5492e+00 (1.5492e+00)	Acc@1  54.69 ( 54.69)	Acc@5  85.16 ( 85.16)

----------------------------------------
-------- Testing Epoch 12 Stats --------
----------------------------------------

+------------------------+-------------+-------------+-------------+
| Conv                   |   Avg. Loss |   Avg. Acc1 |   Avg. Acc5 |
+========================+=============+=============+=============+
| 9 Compute flavour conv |      1.6771 |       55.97 |       83.52 |
+------------------------+-------------+-------------+-------------+
[2022-03-01_18-57-21] Total Test Time:  12.00 seconds

----------------------------------------
---------- Training Epoch 13 -----------
----------------------------------------

[2022-03-01_18-57-22] Epoch: [13][  0/390] 9 Compute flavour conv	Time  1.113 ( 0.123)	Data  0.961 ( 0.003)	Loss 1.1401e+00 (1.1401e+00)	Acc@1  70.31 ( 70.31)	Acc@5  89.84 ( 89.84)
[2022-03-01_18-57-37] Epoch: [13][128/390] 9 Compute flavour conv	Time  0.119 ( 0.123)	Data  0.000 ( 0.003)	Loss 1.3468e+00 (1.1245e+00)	Acc@1  62.50 ( 66.80)	Acc@5  84.38 ( 91.58)
[2022-03-01_18-57-53] Epoch: [13][256/390] 9 Compute flavour conv	Time  0.122 ( 0.123)	Data  0.000 ( 0.003)	Loss 9.3220e-01 (1.1400e+00)	Acc@1  75.00 ( 66.46)	Acc@5  96.88 ( 91.42)
[2022-03-01_18-58-08] Epoch: [13][384/390] 9 Compute flavour conv	Time  0.118 ( 0.123)	Data  0.000 ( 0.003)	Loss 9.6035e-01 (1.1428e+00)	Acc@1  71.88 ( 66.34)	Acc@5  92.97 ( 91.47)

----------------------------------------
------- Training Epoch 13 Stats --------
----------------------------------------

+------------------------+-------------+-------------+-------------+
| Conv                   |   Avg. Loss |   Avg. Acc1 |   Avg. Acc5 |
+========================+=============+=============+=============+
| 9 Compute flavour conv |      1.1435 |       66.32 |       91.45 |
+------------------------+-------------+-------------+-------------+
[2022-03-01_18-58-09] Total Epoch 13 Time:  48.06 seconds

----------------------------------------
----------- Testing Epoch 13 -----------
----------------------------------------

[2022-03-01_18-58-10] Test: [ 0/79] 9 Compute flavour conv	Time  0.942 ( 0.055)	Loss 1.5001e+00 (1.5001e+00)	Acc@1  57.03 ( 57.03)	Acc@5  89.06 ( 89.06)

----------------------------------------
-------- Testing Epoch 13 Stats --------
----------------------------------------

+------------------------+-------------+-------------+-------------+
| Conv                   |   Avg. Loss |   Avg. Acc1 |   Avg. Acc5 |
+========================+=============+=============+=============+
| 9 Compute flavour conv |      1.7891 |       53.38 |       83.07 |
+------------------------+-------------+-------------+-------------+
[2022-03-01_18-58-13] Total Test Time:  13.00 seconds

----------------------------------------
---------- Training Epoch 14 -----------
----------------------------------------

[2022-03-01_18-58-14] Epoch: [14][  0/390] 9 Compute flavour conv	Time  1.121 ( 0.123)	Data  0.987 ( 0.003)	Loss 1.0226e+00 (1.0226e+00)	Acc@1  64.84 ( 64.84)	Acc@5  92.97 ( 92.97)
[2022-03-01_18-58-30] Epoch: [14][128/390] 9 Compute flavour conv	Time  0.123 ( 0.123)	Data  0.000 ( 0.003)	Loss 9.4059e-01 (1.0614e+00)	Acc@1  71.09 ( 68.39)	Acc@5  96.88 ( 92.84)
[2022-03-01_18-58-45] Epoch: [14][256/390] 9 Compute flavour conv	Time  0.119 ( 0.123)	Data  0.000 ( 0.003)	Loss 9.3794e-01 (1.0664e+00)	Acc@1  74.22 ( 68.27)	Acc@5  94.53 ( 92.68)
[2022-03-01_18-59-01] Epoch: [14][384/390] 9 Compute flavour conv	Time  0.117 ( 0.123)	Data  0.000 ( 0.003)	Loss 1.0609e+00 (1.0773e+00)	Acc@1  70.31 ( 68.04)	Acc@5  92.97 ( 92.51)

----------------------------------------
------- Training Epoch 14 Stats --------
----------------------------------------

+------------------------+-------------+-------------+-------------+
| Conv                   |   Avg. Loss |   Avg. Acc1 |   Avg. Acc5 |
+========================+=============+=============+=============+
| 9 Compute flavour conv |      1.0783 |       68.03 |       92.48 |
+------------------------+-------------+-------------+-------------+
[2022-03-01_18-59-01] Total Epoch 14 Time:  47.97 seconds

----------------------------------------
----------- Testing Epoch 14 -----------
----------------------------------------

[2022-03-01_18-59-02] Test: [ 0/79] 9 Compute flavour conv	Time  0.948 ( 0.055)	Loss 1.6783e+00 (1.6783e+00)	Acc@1  57.81 ( 57.81)	Acc@5  84.38 ( 84.38)

----------------------------------------
-------- Testing Epoch 14 Stats --------
----------------------------------------

+------------------------+-------------+-------------+-------------+
| Conv                   |   Avg. Loss |   Avg. Acc1 |   Avg. Acc5 |
+========================+=============+=============+=============+
| 9 Compute flavour conv |      1.6604 |       56.71 |       84.81 |
+------------------------+-------------+-------------+-------------+
[2022-03-01_18-59-06] Total Test Time:  14.00 seconds

----------------------------------------
---------- Training Epoch 15 -----------
----------------------------------------

[2022-03-01_18-59-07] Epoch: [15][  0/390] 9 Compute flavour conv	Time  1.118 ( 0.123)	Data  0.950 ( 0.003)	Loss 8.7189e-01 (8.7189e-01)	Acc@1  72.66 ( 72.66)	Acc@5  94.53 ( 94.53)
[2022-03-01_18-59-22] Epoch: [15][128/390] 9 Compute flavour conv	Time  0.121 ( 0.123)	Data  0.000 ( 0.003)	Loss 1.1434e+00 (9.7496e-01)	Acc@1  66.41 ( 71.11)	Acc@5  89.84 ( 93.39)
[2022-03-01_18-59-38] Epoch: [15][256/390] 9 Compute flavour conv	Time  0.119 ( 0.123)	Data  0.000 ( 0.003)	Loss 9.3896e-01 (9.9813e-01)	Acc@1  66.41 ( 70.18)	Acc@5  96.09 ( 93.33)
[2022-03-01_18-59-53] Epoch: [15][384/390] 9 Compute flavour conv	Time  0.119 ( 0.123)	Data  0.000 ( 0.003)	Loss 1.1054e+00 (1.0166e+00)	Acc@1  67.97 ( 69.58)	Acc@5  92.19 ( 93.10)

----------------------------------------
------- Training Epoch 15 Stats --------
----------------------------------------

+------------------------+-------------+-------------+-------------+
| Conv                   |   Avg. Loss |   Avg. Acc1 |   Avg. Acc5 |
+========================+=============+=============+=============+
| 9 Compute flavour conv |      1.0171 |       69.58 |       93.08 |
+------------------------+-------------+-------------+-------------+
[2022-03-01_18-59-54] Total Epoch 15 Time:  47.90 seconds

----------------------------------------
----------- Testing Epoch 15 -----------
----------------------------------------

[2022-03-01_18-59-55] Test: [ 0/79] 9 Compute flavour conv	Time  0.950 ( 0.055)	Loss 1.6953e+00 (1.6953e+00)	Acc@1  57.81 ( 57.81)	Acc@5  87.50 ( 87.50)

----------------------------------------
-------- Testing Epoch 15 Stats --------
----------------------------------------

+------------------------+-------------+-------------+-------------+
| Conv                   |   Avg. Loss |   Avg. Acc1 |   Avg. Acc5 |
+========================+=============+=============+=============+
| 9 Compute flavour conv |      1.6839 |       56.81 |       84.54 |
+------------------------+-------------+-------------+-------------+
[2022-03-01_18-59-58] Total Test Time:  15.00 seconds

----------------------------------------
---------- Training Epoch 16 -----------
----------------------------------------

[2022-03-01_18-59-59] Epoch: [16][  0/390] 9 Compute flavour conv	Time  1.110 ( 0.123)	Data  0.983 ( 0.003)	Loss 8.8580e-01 (8.8580e-01)	Acc@1  71.09 ( 71.09)	Acc@5  94.53 ( 94.53)
[2022-03-01_19-00-14] Epoch: [16][128/390] 9 Compute flavour conv	Time  0.121 ( 0.123)	Data  0.000 ( 0.003)	Loss 9.1979e-01 (9.2136e-01)	Acc@1  75.00 ( 72.50)	Acc@5  93.75 ( 94.14)
[2022-03-01_19-00-30] Epoch: [16][256/390] 9 Compute flavour conv	Time  0.124 ( 0.123)	Data  0.000 ( 0.003)	Loss 9.0289e-01 (9.3635e-01)	Acc@1  74.22 ( 71.85)	Acc@5  94.53 ( 94.12)
[2022-03-01_19-00-45] Epoch: [16][384/390] 9 Compute flavour conv	Time  0.121 ( 0.123)	Data  0.000 ( 0.003)	Loss 1.0389e+00 (9.5218e-01)	Acc@1  72.66 ( 71.39)	Acc@5  94.53 ( 93.99)

----------------------------------------
------- Training Epoch 16 Stats --------
----------------------------------------

+------------------------+-------------+-------------+-------------+
| Conv                   |   Avg. Loss |   Avg. Acc1 |   Avg. Acc5 |
+========================+=============+=============+=============+
| 9 Compute flavour conv |     0.95146 |        71.4 |       93.98 |
+------------------------+-------------+-------------+-------------+
[2022-03-01_19-00-46] Total Epoch 16 Time:  47.85 seconds

----------------------------------------
----------- Testing Epoch 16 -----------
----------------------------------------

[2022-03-01_19-00-47] Test: [ 0/79] 9 Compute flavour conv	Time  0.943 ( 0.055)	Loss 1.4365e+00 (1.4365e+00)	Acc@1  64.84 ( 64.84)	Acc@5  85.94 ( 85.94)

----------------------------------------
-------- Testing Epoch 16 Stats --------
----------------------------------------

+------------------------+-------------+-------------+-------------+
| Conv                   |   Avg. Loss |   Avg. Acc1 |   Avg. Acc5 |
+========================+=============+=============+=============+
| 9 Compute flavour conv |      1.4741 |       61.34 |       86.78 |
+------------------------+-------------+-------------+-------------+
[2022-03-01_19-00-50] Total Test Time:  16.00 seconds

----------------------------------------
---------- Training Epoch 17 -----------
----------------------------------------

[2022-03-01_19-00-52] Epoch: [17][  0/390] 9 Compute flavour conv	Time  1.094 ( 0.123)	Data  0.960 ( 0.003)	Loss 8.9664e-01 (8.9664e-01)	Acc@1  71.88 ( 71.88)	Acc@5  95.31 ( 95.31)
[2022-03-01_19-01-07] Epoch: [17][128/390] 9 Compute flavour conv	Time  0.119 ( 0.123)	Data  0.000 ( 0.003)	Loss 1.0278e+00 (8.6934e-01)	Acc@1  71.09 ( 74.10)	Acc@5  92.19 ( 94.61)
[2022-03-01_19-01-22] Epoch: [17][256/390] 9 Compute flavour conv	Time  0.119 ( 0.123)	Data  0.000 ( 0.003)	Loss 9.3612e-01 (8.9282e-01)	Acc@1  74.22 ( 73.22)	Acc@5  95.31 ( 94.43)
[2022-03-01_19-01-38] Epoch: [17][384/390] 9 Compute flavour conv	Time  0.118 ( 0.123)	Data  0.000 ( 0.003)	Loss 7.8111e-01 (8.9841e-01)	Acc@1  75.78 ( 72.99)	Acc@5  94.53 ( 94.36)

----------------------------------------
------- Training Epoch 17 Stats --------
----------------------------------------

+------------------------+-------------+-------------+-------------+
| Conv                   |   Avg. Loss |   Avg. Acc1 |   Avg. Acc5 |
+========================+=============+=============+=============+
| 9 Compute flavour conv |       0.899 |       72.97 |       94.35 |
+------------------------+-------------+-------------+-------------+
[2022-03-01_19-01-38] Total Epoch 17 Time:  47.83 seconds

----------------------------------------
----------- Testing Epoch 17 -----------
----------------------------------------

[2022-03-01_19-01-39] Test: [ 0/79] 9 Compute flavour conv	Time  0.939 ( 0.055)	Loss 1.7641e+00 (1.7641e+00)	Acc@1  60.94 ( 60.94)	Acc@5  84.38 ( 84.38)

----------------------------------------
-------- Testing Epoch 17 Stats --------
----------------------------------------

+------------------------+-------------+-------------+-------------+
| Conv                   |   Avg. Loss |   Avg. Acc1 |   Avg. Acc5 |
+========================+=============+=============+=============+
| 9 Compute flavour conv |      1.5827 |       59.33 |       86.23 |
+------------------------+-------------+-------------+-------------+
[2022-03-01_19-01-43] Total Test Time:  17.00 seconds

----------------------------------------
---------- Training Epoch 18 -----------
----------------------------------------

[2022-03-01_19-01-44] Epoch: [18][  0/390] 9 Compute flavour conv	Time  1.078 ( 0.123)	Data  0.932 ( 0.003)	Loss 8.1407e-01 (8.1407e-01)	Acc@1  75.78 ( 75.78)	Acc@5  94.53 ( 94.53)
[2022-03-01_19-01-59] Epoch: [18][128/390] 9 Compute flavour conv	Time  0.119 ( 0.123)	Data  0.000 ( 0.003)	Loss 7.2879e-01 (8.1002e-01)	Acc@1  73.44 ( 75.30)	Acc@5  96.09 ( 95.46)
[2022-03-01_19-02-14] Epoch: [18][256/390] 9 Compute flavour conv	Time  0.120 ( 0.123)	Data  0.000 ( 0.003)	Loss 7.2017e-01 (8.2790e-01)	Acc@1  75.00 ( 74.67)	Acc@5  98.44 ( 95.35)
[2022-03-01_19-02-30] Epoch: [18][384/390] 9 Compute flavour conv	Time  0.118 ( 0.122)	Data  0.000 ( 0.003)	Loss 8.7505e-01 (8.4350e-01)	Acc@1  75.00 ( 74.31)	Acc@5  95.31 ( 95.13)

----------------------------------------
------- Training Epoch 18 Stats --------
----------------------------------------

+------------------------+-------------+-------------+-------------+
| Conv                   |   Avg. Loss |   Avg. Acc1 |   Avg. Acc5 |
+========================+=============+=============+=============+
| 9 Compute flavour conv |     0.84445 |       74.31 |       95.11 |
+------------------------+-------------+-------------+-------------+
[2022-03-01_19-02-31] Total Epoch 18 Time:  47.72 seconds

----------------------------------------
----------- Testing Epoch 18 -----------
----------------------------------------

[2022-03-01_19-02-31] Test: [ 0/79] 9 Compute flavour conv	Time  0.946 ( 0.055)	Loss 1.7021e+00 (1.7021e+00)	Acc@1  60.16 ( 60.16)	Acc@5  82.03 ( 82.03)

----------------------------------------
-------- Testing Epoch 18 Stats --------
----------------------------------------

+------------------------+-------------+-------------+-------------+
| Conv                   |   Avg. Loss |   Avg. Acc1 |   Avg. Acc5 |
+========================+=============+=============+=============+
| 9 Compute flavour conv |      1.6103 |       60.08 |       86.27 |
+------------------------+-------------+-------------+-------------+
[2022-03-01_19-02-35] Total Test Time:  18.00 seconds

----------------------------------------
---------- Training Epoch 19 -----------
----------------------------------------

[2022-03-01_19-02-36] Epoch: [19][  0/390] 9 Compute flavour conv	Time  1.125 ( 0.123)	Data  0.971 ( 0.003)	Loss 9.5822e-01 (9.5822e-01)	Acc@1  71.09 ( 71.09)	Acc@5  93.75 ( 93.75)
[2022-03-01_19-02-51] Epoch: [19][128/390] 9 Compute flavour conv	Time  0.119 ( 0.123)	Data  0.000 ( 0.003)	Loss 8.0797e-01 (7.4963e-01)	Acc@1  75.00 ( 77.13)	Acc@5  94.53 ( 96.10)
[2022-03-01_19-03-07] Epoch: [19][256/390] 9 Compute flavour conv	Time  0.117 ( 0.122)	Data  0.000 ( 0.003)	Loss 8.6563e-01 (7.7131e-01)	Acc@1  75.00 ( 76.58)	Acc@5  96.88 ( 95.89)
[2022-03-01_19-03-22] Epoch: [19][384/390] 9 Compute flavour conv	Time  0.118 ( 0.122)	Data  0.000 ( 0.003)	Loss 6.4736e-01 (7.8602e-01)	Acc@1  79.69 ( 76.10)	Acc@5  97.66 ( 95.77)

----------------------------------------
------- Training Epoch 19 Stats --------
----------------------------------------

+------------------------+-------------+-------------+-------------+
| Conv                   |   Avg. Loss |   Avg. Acc1 |   Avg. Acc5 |
+========================+=============+=============+=============+
| 9 Compute flavour conv |     0.78732 |       76.07 |       95.75 |
+------------------------+-------------+-------------+-------------+
[2022-03-01_19-03-23] Total Epoch 19 Time:  47.80 seconds

----------------------------------------
----------- Testing Epoch 19 -----------
----------------------------------------

[2022-03-01_19-03-24] Test: [ 0/79] 9 Compute flavour conv	Time  0.934 ( 0.055)	Loss 1.6049e+00 (1.6049e+00)	Acc@1  59.38 ( 59.38)	Acc@5  87.50 ( 87.50)

----------------------------------------
-------- Testing Epoch 19 Stats --------
----------------------------------------

+------------------------+-------------+-------------+-------------+
| Conv                   |   Avg. Loss |   Avg. Acc1 |   Avg. Acc5 |
+========================+=============+=============+=============+
| 9 Compute flavour conv |      1.5701 |       60.59 |       86.65 |
+------------------------+-------------+-------------+-------------+
[2022-03-01_19-03-27] Total Test Time:  19.00 seconds
