[2022-03-01_19-47-06] main.py --action TRAINING --arch resnet18Asym-cifar100 --epoch 20 --batch_size 128 --seed 44 --gpu 0 --compute_flavour 9 --v 1

[2022-03-01_19-47-06] arch=resnet18Asym, dataset=cifar100, desc=None, flavour=9, epochs=20, batch_size=128, LR=0.1, LRD=0, WD=0, MOMENTUM=0, GAMMA=0.1, MILESTONES=[60, 120, 160], device=cuda, verbose=1, model_path=None
[2022-03-01_19-47-06] Seed = 44

----------------------------------------
----------- TRAINING NETWORK -----------
----------------------------------------

[2022-03-01_19-47-06] NeuralNet __init__: arch=resnet18Asym, dataset=cifar100 compute_flavour=9, epochs=20,LR=0.1 LRD=0 WD=0 MOMENTUM=0 GAMMA=0.1 MILESTONES=[60, 120, 160] device=cuda verbose=1 gpus=1 distributed=0 model_path=None
[2022-03-01_19-47-06] Seed = 44
[2022-03-01_19-47-08] Model_StatsLogger __init__() Compute flavour: 9

----------------------------------------
----------- Training Epoch 0 -----------
----------------------------------------

[2022-03-01_19-47-11] Epoch: [0][  0/390] 9 Compute flavour conv	Time  1.196 ( 1.196)	Data  0.942 ( 0.942)	Loss 4.7318e+00 (4.7318e+00)	Acc@1   1.56 (  1.56)	Acc@5   7.03 (  7.03)
[2022-03-01_19-47-23] Epoch: [0][128/390] 9 Compute flavour conv	Time  0.097 ( 0.106)	Data  0.000 ( 0.008)	Loss 4.2083e+00 (4.2433e+00)	Acc@1   3.91 (  5.55)	Acc@5  21.09 ( 19.45)
[2022-03-01_19-47-36] Epoch: [0][256/390] 9 Compute flavour conv	Time  0.099 ( 0.102)	Data  0.000 ( 0.004)	Loss 3.9018e+00 (4.0328e+00)	Acc@1  11.72 (  8.07)	Acc@5  28.91 ( 25.99)
[2022-03-01_19-47-48] Epoch: [0][384/390] 9 Compute flavour conv	Time  0.102 ( 0.102)	Data  0.000 ( 0.003)	Loss 3.5407e+00 (3.8891e+00)	Acc@1  19.53 (  9.95)	Acc@5  41.41 ( 30.28)

----------------------------------------
-------- Training Epoch 0 Stats --------
----------------------------------------

+------------------------+-------------+-------------+-------------+
| Conv                   |   Avg. Loss |   Avg. Acc1 |   Avg. Acc5 |
+========================+=============+=============+=============+
| 9 Compute flavour conv |      3.8846 |       10.02 |       30.38 |
+------------------------+-------------+-------------+-------------+
[2022-03-01_19-47-49] Total Epoch 0 Time:  39.82 seconds

----------------------------------------
----------- Testing Epoch 0 ------------
----------------------------------------

[2022-03-01_19-47-50] Test: [ 0/79] 9 Compute flavour conv	Time  0.929 ( 0.929)	Loss 3.6250e+00 (3.6250e+00)	Acc@1  12.50 ( 12.50)	Acc@5  39.84 ( 39.84)

----------------------------------------
-------- Testing Epoch 0 Stats ---------
----------------------------------------

+------------------------+-------------+-------------+-------------+
| Conv                   |   Avg. Loss |   Avg. Acc1 |   Avg. Acc5 |
+========================+=============+=============+=============+
| 9 Compute flavour conv |      3.5034 |       16.05 |       41.67 |
+------------------------+-------------+-------------+-------------+
[2022-03-01_19-47-53] Total Test Time:   0.00 seconds

----------------------------------------
----------- Training Epoch 1 -----------
----------------------------------------

[2022-03-01_19-47-54] Epoch: [1][  0/390] 9 Compute flavour conv	Time  1.119 ( 0.104)	Data  0.980 ( 0.005)	Loss 3.3691e+00 (3.3691e+00)	Acc@1  24.22 ( 24.22)	Acc@5  48.44 ( 48.44)
[2022-03-01_19-48-07] Epoch: [1][128/390] 9 Compute flavour conv	Time  0.103 ( 0.104)	Data  0.000 ( 0.004)	Loss 3.3288e+00 (3.4046e+00)	Acc@1  14.84 ( 17.65)	Acc@5  46.88 ( 44.80)
[2022-03-01_19-48-20] Epoch: [1][256/390] 9 Compute flavour conv	Time  0.103 ( 0.103)	Data  0.000 ( 0.003)	Loss 3.0868e+00 (3.3355e+00)	Acc@1  20.31 ( 18.80)	Acc@5  50.00 ( 46.97)
[2022-03-01_19-48-33] Epoch: [1][384/390] 9 Compute flavour conv	Time  0.103 ( 0.103)	Data  0.000 ( 0.003)	Loss 3.0338e+00 (3.2651e+00)	Acc@1  25.78 ( 20.08)	Acc@5  53.91 ( 48.80)

----------------------------------------
-------- Training Epoch 1 Stats --------
----------------------------------------

+------------------------+-------------+-------------+-------------+
| Conv                   |   Avg. Loss |   Avg. Acc1 |   Avg. Acc5 |
+========================+=============+=============+=============+
| 9 Compute flavour conv |      3.2606 |       20.17 |       48.93 |
+------------------------+-------------+-------------+-------------+
[2022-03-01_19-48-34] Total Epoch 1 Time:  41.09 seconds

----------------------------------------
----------- Testing Epoch 1 ------------
----------------------------------------

[2022-03-01_19-48-35] Test: [ 0/79] 9 Compute flavour conv	Time  0.938 ( 0.052)	Loss 3.1607e+00 (3.1607e+00)	Acc@1  21.88 ( 21.88)	Acc@5  46.88 ( 46.88)

----------------------------------------
-------- Testing Epoch 1 Stats ---------
----------------------------------------

+------------------------+-------------+-------------+-------------+
| Conv                   |   Avg. Loss |   Avg. Acc1 |   Avg. Acc5 |
+========================+=============+=============+=============+
| 9 Compute flavour conv |      3.1245 |       23.55 |       53.06 |
+------------------------+-------------+-------------+-------------+
[2022-03-01_19-48-37] Total Test Time:   1.00 seconds

----------------------------------------
----------- Training Epoch 2 -----------
----------------------------------------

[2022-03-01_19-48-38] Epoch: [2][  0/390] 9 Compute flavour conv	Time  1.121 ( 0.105)	Data  0.971 ( 0.004)	Loss 2.6793e+00 (2.6793e+00)	Acc@1  28.12 ( 28.12)	Acc@5  60.16 ( 60.16)
[2022-03-01_19-48-51] Epoch: [2][128/390] 9 Compute flavour conv	Time  0.101 ( 0.104)	Data  0.000 ( 0.003)	Loss 3.0316e+00 (2.9504e+00)	Acc@1  21.88 ( 25.12)	Acc@5  52.34 ( 56.44)
[2022-03-01_19-49-04] Epoch: [2][256/390] 9 Compute flavour conv	Time  0.102 ( 0.104)	Data  0.000 ( 0.003)	Loss 2.8290e+00 (2.9041e+00)	Acc@1  27.34 ( 26.09)	Acc@5  62.50 ( 57.67)
[2022-03-01_19-49-17] Epoch: [2][384/390] 9 Compute flavour conv	Time  0.101 ( 0.104)	Data  0.000 ( 0.003)	Loss 2.6127e+00 (2.8618e+00)	Acc@1  32.81 ( 27.03)	Acc@5  65.62 ( 58.80)

----------------------------------------
-------- Training Epoch 2 Stats --------
----------------------------------------

+------------------------+-------------+-------------+-------------+
| Conv                   |   Avg. Loss |   Avg. Acc1 |   Avg. Acc5 |
+========================+=============+=============+=============+
| 9 Compute flavour conv |      2.8606 |       27.07 |       58.86 |
+------------------------+-------------+-------------+-------------+
[2022-03-01_19-49-18] Total Epoch 2 Time:  41.00 seconds

----------------------------------------
----------- Testing Epoch 2 ------------
----------------------------------------

[2022-03-01_19-49-19] Test: [ 0/79] 9 Compute flavour conv	Time  0.963 ( 0.046)	Loss 2.7718e+00 (2.7718e+00)	Acc@1  29.69 ( 29.69)	Acc@5  64.06 ( 64.06)

----------------------------------------
-------- Testing Epoch 2 Stats ---------
----------------------------------------

+------------------------+-------------+-------------+-------------+
| Conv                   |   Avg. Loss |   Avg. Acc1 |   Avg. Acc5 |
+========================+=============+=============+=============+
| 9 Compute flavour conv |      2.8482 |       28.84 |       61.62 |
+------------------------+-------------+-------------+-------------+
[2022-03-01_19-49-22] Total Test Time:   2.00 seconds

----------------------------------------
----------- Training Epoch 3 -----------
----------------------------------------

[2022-03-01_19-49-23] Epoch: [3][  0/390] 9 Compute flavour conv	Time  1.123 ( 0.105)	Data  0.972 ( 0.004)	Loss 2.2803e+00 (2.2803e+00)	Acc@1  42.19 ( 42.19)	Acc@5  76.56 ( 76.56)
[2022-03-01_19-49-36] Epoch: [3][128/390] 9 Compute flavour conv	Time  0.101 ( 0.104)	Data  0.000 ( 0.003)	Loss 2.6453e+00 (2.6209e+00)	Acc@1  33.59 ( 32.33)	Acc@5  68.75 ( 64.66)
[2022-03-01_19-49-49] Epoch: [3][256/390] 9 Compute flavour conv	Time  0.102 ( 0.104)	Data  0.000 ( 0.003)	Loss 2.4239e+00 (2.5899e+00)	Acc@1  32.03 ( 32.88)	Acc@5  76.56 ( 65.43)
[2022-03-01_19-50-02] Epoch: [3][384/390] 9 Compute flavour conv	Time  0.102 ( 0.104)	Data  0.000 ( 0.003)	Loss 2.0892e+00 (2.5533e+00)	Acc@1  42.19 ( 33.45)	Acc@5  75.00 ( 66.28)

----------------------------------------
-------- Training Epoch 3 Stats --------
----------------------------------------

+------------------------+-------------+-------------+-------------+
| Conv                   |   Avg. Loss |   Avg. Acc1 |   Avg. Acc5 |
+========================+=============+=============+=============+
| 9 Compute flavour conv |      2.5519 |       33.49 |       66.29 |
+------------------------+-------------+-------------+-------------+
[2022-03-01_19-50-03] Total Epoch 3 Time:  41.14 seconds

----------------------------------------
----------- Testing Epoch 3 ------------
----------------------------------------

[2022-03-01_19-50-04] Test: [ 0/79] 9 Compute flavour conv	Time  0.950 ( 0.045)	Loss 2.4219e+00 (2.4219e+00)	Acc@1  34.38 ( 34.38)	Acc@5  70.31 ( 70.31)

----------------------------------------
-------- Testing Epoch 3 Stats ---------
----------------------------------------

+------------------------+-------------+-------------+-------------+
| Conv                   |   Avg. Loss |   Avg. Acc1 |   Avg. Acc5 |
+========================+=============+=============+=============+
| 9 Compute flavour conv |      2.5367 |       34.07 |          67 |
+------------------------+-------------+-------------+-------------+
[2022-03-01_19-50-06] Total Test Time:   3.00 seconds

----------------------------------------
----------- Training Epoch 4 -----------
----------------------------------------

[2022-03-01_19-50-07] Epoch: [4][  0/390] 9 Compute flavour conv	Time  1.094 ( 0.105)	Data  0.977 ( 0.003)	Loss 2.4089e+00 (2.4089e+00)	Acc@1  35.16 ( 35.16)	Acc@5  72.66 ( 72.66)
[2022-03-01_19-50-20] Epoch: [4][128/390] 9 Compute flavour conv	Time  0.103 ( 0.104)	Data  0.000 ( 0.003)	Loss 2.3419e+00 (2.3561e+00)	Acc@1  42.19 ( 37.28)	Acc@5  67.97 ( 70.16)
[2022-03-01_19-50-33] Epoch: [4][256/390] 9 Compute flavour conv	Time  0.102 ( 0.104)	Data  0.000 ( 0.003)	Loss 2.2570e+00 (2.3326e+00)	Acc@1  43.75 ( 38.12)	Acc@5  71.09 ( 70.50)
[2022-03-01_19-50-47] Epoch: [4][384/390] 9 Compute flavour conv	Time  0.102 ( 0.104)	Data  0.000 ( 0.003)	Loss 2.1963e+00 (2.2952e+00)	Acc@1  35.94 ( 38.90)	Acc@5  77.34 ( 71.58)

----------------------------------------
-------- Training Epoch 4 Stats --------
----------------------------------------

+------------------------+-------------+-------------+-------------+
| Conv                   |   Avg. Loss |   Avg. Acc1 |   Avg. Acc5 |
+========================+=============+=============+=============+
| 9 Compute flavour conv |      2.2927 |       38.97 |       71.66 |
+------------------------+-------------+-------------+-------------+
[2022-03-01_19-50-47] Total Epoch 4 Time:  41.11 seconds

----------------------------------------
----------- Testing Epoch 4 ------------
----------------------------------------

[2022-03-01_19-50-48] Test: [ 0/79] 9 Compute flavour conv	Time  0.940 ( 0.044)	Loss 2.3841e+00 (2.3841e+00)	Acc@1  41.41 ( 41.41)	Acc@5  71.88 ( 71.88)

----------------------------------------
-------- Testing Epoch 4 Stats ---------
----------------------------------------

+------------------------+-------------+-------------+-------------+
| Conv                   |   Avg. Loss |   Avg. Acc1 |   Avg. Acc5 |
+========================+=============+=============+=============+
| 9 Compute flavour conv |      2.4764 |       37.86 |       69.03 |
+------------------------+-------------+-------------+-------------+
[2022-03-01_19-50-51] Total Test Time:   4.00 seconds

----------------------------------------
----------- Training Epoch 5 -----------
----------------------------------------

[2022-03-01_19-50-52] Epoch: [5][  0/390] 9 Compute flavour conv	Time  1.091 ( 0.105)	Data  0.949 ( 0.003)	Loss 1.7738e+00 (1.7738e+00)	Acc@1  49.22 ( 49.22)	Acc@5  82.03 ( 82.03)
[2022-03-01_19-51-05] Epoch: [5][128/390] 9 Compute flavour conv	Time  0.101 ( 0.105)	Data  0.000 ( 0.003)	Loss 2.1329e+00 (2.1161e+00)	Acc@1  42.19 ( 42.30)	Acc@5  77.34 ( 75.13)
[2022-03-01_19-51-18] Epoch: [5][256/390] 9 Compute flavour conv	Time  0.102 ( 0.104)	Data  0.000 ( 0.003)	Loss 1.9950e+00 (2.1041e+00)	Acc@1  48.44 ( 42.87)	Acc@5  76.56 ( 75.54)
[2022-03-01_19-51-31] Epoch: [5][384/390] 9 Compute flavour conv	Time  0.102 ( 0.104)	Data  0.000 ( 0.003)	Loss 2.1524e+00 (2.0763e+00)	Acc@1  42.97 ( 43.61)	Acc@5  71.88 ( 76.11)

----------------------------------------
-------- Training Epoch 5 Stats --------
----------------------------------------

+------------------------+-------------+-------------+-------------+
| Conv                   |   Avg. Loss |   Avg. Acc1 |   Avg. Acc5 |
+========================+=============+=============+=============+
| 9 Compute flavour conv |      2.0745 |       43.63 |       76.16 |
+------------------------+-------------+-------------+-------------+
[2022-03-01_19-51-32] Total Epoch 5 Time:  41.12 seconds

----------------------------------------
----------- Testing Epoch 5 ------------
----------------------------------------

[2022-03-01_19-51-33] Test: [ 0/79] 9 Compute flavour conv	Time  0.951 ( 0.043)	Loss 2.4995e+00 (2.4995e+00)	Acc@1  38.28 ( 38.28)	Acc@5  71.09 ( 71.09)

----------------------------------------
-------- Testing Epoch 5 Stats ---------
----------------------------------------

+------------------------+-------------+-------------+-------------+
| Conv                   |   Avg. Loss |   Avg. Acc1 |   Avg. Acc5 |
+========================+=============+=============+=============+
| 9 Compute flavour conv |      2.6276 |       35.92 |       68.63 |
+------------------------+-------------+-------------+-------------+
[2022-03-01_19-51-35] Total Test Time:   5.00 seconds

----------------------------------------
----------- Training Epoch 6 -----------
----------------------------------------

[2022-03-01_19-51-36] Epoch: [6][  0/390] 9 Compute flavour conv	Time  1.101 ( 0.105)	Data  0.962 ( 0.003)	Loss 1.5890e+00 (1.5890e+00)	Acc@1  54.69 ( 54.69)	Acc@5  87.50 ( 87.50)
[2022-03-01_19-51-49] Epoch: [6][128/390] 9 Compute flavour conv	Time  0.100 ( 0.105)	Data  0.000 ( 0.003)	Loss 1.9212e+00 (1.9154e+00)	Acc@1  46.09 ( 47.15)	Acc@5  76.56 ( 79.18)
[2022-03-01_19-52-03] Epoch: [6][256/390] 9 Compute flavour conv	Time  0.103 ( 0.104)	Data  0.000 ( 0.003)	Loss 1.7613e+00 (1.9213e+00)	Acc@1  47.66 ( 47.19)	Acc@5  83.59 ( 79.05)
[2022-03-01_19-52-16] Epoch: [6][384/390] 9 Compute flavour conv	Time  0.102 ( 0.104)	Data  0.000 ( 0.003)	Loss 1.6311e+00 (1.9040e+00)	Acc@1  55.47 ( 47.67)	Acc@5  84.38 ( 79.27)

----------------------------------------
-------- Training Epoch 6 Stats --------
----------------------------------------

+------------------------+-------------+-------------+-------------+
| Conv                   |   Avg. Loss |   Avg. Acc1 |   Avg. Acc5 |
+========================+=============+=============+=============+
| 9 Compute flavour conv |      1.9042 |       47.67 |       79.26 |
+------------------------+-------------+-------------+-------------+
[2022-03-01_19-52-16] Total Epoch 6 Time:  41.10 seconds

----------------------------------------
----------- Testing Epoch 6 ------------
----------------------------------------

[2022-03-01_19-52-17] Test: [ 0/79] 9 Compute flavour conv	Time  0.978 ( 0.043)	Loss 2.0099e+00 (2.0099e+00)	Acc@1  44.53 ( 44.53)	Acc@5  81.25 ( 81.25)

----------------------------------------
-------- Testing Epoch 6 Stats ---------
----------------------------------------

+------------------------+-------------+-------------+-------------+
| Conv                   |   Avg. Loss |   Avg. Acc1 |   Avg. Acc5 |
+========================+=============+=============+=============+
| 9 Compute flavour conv |      2.1869 |       42.97 |       75.16 |
+------------------------+-------------+-------------+-------------+
[2022-03-01_19-52-20] Total Test Time:   6.00 seconds

----------------------------------------
----------- Training Epoch 7 -----------
----------------------------------------

[2022-03-01_19-52-21] Epoch: [7][  0/390] 9 Compute flavour conv	Time  1.094 ( 0.105)	Data  0.943 ( 0.003)	Loss 1.7294e+00 (1.7294e+00)	Acc@1  53.12 ( 53.12)	Acc@5  78.91 ( 78.91)
[2022-03-01_19-52-34] Epoch: [7][128/390] 9 Compute flavour conv	Time  0.100 ( 0.105)	Data  0.000 ( 0.003)	Loss 1.8356e+00 (1.7793e+00)	Acc@1  44.53 ( 50.76)	Acc@5  80.47 ( 81.79)
[2022-03-01_19-52-47] Epoch: [7][256/390] 9 Compute flavour conv	Time  0.103 ( 0.105)	Data  0.000 ( 0.003)	Loss 1.8315e+00 (1.7700e+00)	Acc@1  46.88 ( 50.73)	Acc@5  75.78 ( 81.88)
[2022-03-01_19-53-00] Epoch: [7][384/390] 9 Compute flavour conv	Time  0.102 ( 0.104)	Data  0.000 ( 0.003)	Loss 1.7784e+00 (1.7512e+00)	Acc@1  49.22 ( 51.29)	Acc@5  82.03 ( 82.21)

----------------------------------------
-------- Training Epoch 7 Stats --------
----------------------------------------

+------------------------+-------------+-------------+-------------+
| Conv                   |   Avg. Loss |   Avg. Acc1 |   Avg. Acc5 |
+========================+=============+=============+=============+
| 9 Compute flavour conv |      1.7506 |       51.29 |       82.22 |
+------------------------+-------------+-------------+-------------+
[2022-03-01_19-53-01] Total Epoch 7 Time:  41.09 seconds

----------------------------------------
----------- Testing Epoch 7 ------------
----------------------------------------

[2022-03-01_19-53-02] Test: [ 0/79] 9 Compute flavour conv	Time  0.946 ( 0.042)	Loss 1.8791e+00 (1.8791e+00)	Acc@1  53.12 ( 53.12)	Acc@5  82.03 ( 82.03)

----------------------------------------
-------- Testing Epoch 7 Stats ---------
----------------------------------------

+------------------------+-------------+-------------+-------------+
| Conv                   |   Avg. Loss |   Avg. Acc1 |   Avg. Acc5 |
+========================+=============+=============+=============+
| 9 Compute flavour conv |      1.9882 |       47.07 |       78.68 |
+------------------------+-------------+-------------+-------------+
[2022-03-01_19-53-04] Total Test Time:   7.00 seconds

----------------------------------------
----------- Training Epoch 8 -----------
----------------------------------------

[2022-03-01_19-53-06] Epoch: [8][  0/390] 9 Compute flavour conv	Time  1.220 ( 0.105)	Data  1.090 ( 0.003)	Loss 1.5038e+00 (1.5038e+00)	Acc@1  54.69 ( 54.69)	Acc@5  82.81 ( 82.81)
[2022-03-01_19-53-19] Epoch: [8][128/390] 9 Compute flavour conv	Time  0.101 ( 0.105)	Data  0.000 ( 0.003)	Loss 1.7697e+00 (1.6412e+00)	Acc@1  52.34 ( 53.85)	Acc@5  82.03 ( 84.13)
[2022-03-01_19-53-32] Epoch: [8][256/390] 9 Compute flavour conv	Time  0.104 ( 0.105)	Data  0.000 ( 0.003)	Loss 1.8034e+00 (1.6341e+00)	Acc@1  45.31 ( 53.74)	Acc@5  83.59 ( 84.22)
[2022-03-01_19-53-45] Epoch: [8][384/390] 9 Compute flavour conv	Time  0.102 ( 0.105)	Data  0.000 ( 0.003)	Loss 1.5318e+00 (1.6342e+00)	Acc@1  57.81 ( 53.91)	Acc@5  88.28 ( 84.23)

----------------------------------------
-------- Training Epoch 8 Stats --------
----------------------------------------

+------------------------+-------------+-------------+-------------+
| Conv                   |   Avg. Loss |   Avg. Acc1 |   Avg. Acc5 |
+========================+=============+=============+=============+
| 9 Compute flavour conv |      1.6343 |       53.91 |       84.23 |
+------------------------+-------------+-------------+-------------+
[2022-03-01_19-53-46] Total Epoch 8 Time:  41.72 seconds

----------------------------------------
----------- Testing Epoch 8 ------------
----------------------------------------

[2022-03-01_19-53-47] Test: [ 0/79] 9 Compute flavour conv	Time  0.933 ( 0.042)	Loss 1.7052e+00 (1.7052e+00)	Acc@1  52.34 ( 52.34)	Acc@5  84.38 ( 84.38)

----------------------------------------
-------- Testing Epoch 8 Stats ---------
----------------------------------------

+------------------------+-------------+-------------+-------------+
| Conv                   |   Avg. Loss |   Avg. Acc1 |   Avg. Acc5 |
+========================+=============+=============+=============+
| 9 Compute flavour conv |      1.9179 |       49.83 |        80.5 |
+------------------------+-------------+-------------+-------------+
[2022-03-01_19-53-50] Total Test Time:   8.00 seconds

----------------------------------------
----------- Training Epoch 9 -----------
----------------------------------------

[2022-03-01_19-53-51] Epoch: [9][  0/390] 9 Compute flavour conv	Time  1.114 ( 0.105)	Data  0.996 ( 0.003)	Loss 1.4639e+00 (1.4639e+00)	Acc@1  60.16 ( 60.16)	Acc@5  86.72 ( 86.72)
[2022-03-01_19-54-04] Epoch: [9][128/390] 9 Compute flavour conv	Time  0.100 ( 0.105)	Data  0.000 ( 0.003)	Loss 1.5288e+00 (1.5316e+00)	Acc@1  57.81 ( 56.44)	Acc@5  85.94 ( 85.95)
[2022-03-01_19-54-17] Epoch: [9][256/390] 9 Compute flavour conv	Time  0.102 ( 0.105)	Data  0.000 ( 0.003)	Loss 1.2135e+00 (1.5245e+00)	Acc@1  64.84 ( 56.77)	Acc@5  92.97 ( 86.14)
[2022-03-01_19-54-30] Epoch: [9][384/390] 9 Compute flavour conv	Time  0.102 ( 0.105)	Data  0.000 ( 0.003)	Loss 1.3541e+00 (1.5191e+00)	Acc@1  59.38 ( 56.88)	Acc@5  87.50 ( 86.06)

----------------------------------------
-------- Training Epoch 9 Stats --------
----------------------------------------

+------------------------+-------------+-------------+-------------+
| Conv                   |   Avg. Loss |   Avg. Acc1 |   Avg. Acc5 |
+========================+=============+=============+=============+
| 9 Compute flavour conv |      1.5199 |       56.85 |       86.05 |
+------------------------+-------------+-------------+-------------+
[2022-03-01_19-54-31] Total Epoch 9 Time:  41.09 seconds

----------------------------------------
----------- Testing Epoch 9 ------------
----------------------------------------

[2022-03-01_19-54-32] Test: [ 0/79] 9 Compute flavour conv	Time  0.932 ( 0.042)	Loss 1.6387e+00 (1.6387e+00)	Acc@1  55.47 ( 55.47)	Acc@5  84.38 ( 84.38)

----------------------------------------
-------- Testing Epoch 9 Stats ---------
----------------------------------------

+------------------------+-------------+-------------+-------------+
| Conv                   |   Avg. Loss |   Avg. Acc1 |   Avg. Acc5 |
+========================+=============+=============+=============+
| 9 Compute flavour conv |      1.7432 |       53.14 |       82.63 |
+------------------------+-------------+-------------+-------------+
[2022-03-01_19-54-34] Total Test Time:   9.00 seconds

----------------------------------------
---------- Training Epoch 10 -----------
----------------------------------------

[2022-03-01_19-54-35] Epoch: [10][  0/390] 9 Compute flavour conv	Time  1.094 ( 0.105)	Data  0.956 ( 0.003)	Loss 1.2361e+00 (1.2361e+00)	Acc@1  64.06 ( 64.06)	Acc@5  89.06 ( 89.06)
[2022-03-01_19-54-48] Epoch: [10][128/390] 9 Compute flavour conv	Time  0.105 ( 0.105)	Data  0.000 ( 0.003)	Loss 1.2210e+00 (1.4119e+00)	Acc@1  63.28 ( 59.50)	Acc@5  90.62 ( 87.75)
[2022-03-01_19-55-02] Epoch: [10][256/390] 9 Compute flavour conv	Time  0.105 ( 0.105)	Data  0.000 ( 0.003)	Loss 1.4641e+00 (1.4224e+00)	Acc@1  56.25 ( 59.60)	Acc@5  81.25 ( 87.38)
[2022-03-01_19-55-15] Epoch: [10][384/390] 9 Compute flavour conv	Time  0.103 ( 0.105)	Data  0.000 ( 0.003)	Loss 1.2002e+00 (1.4220e+00)	Acc@1  69.53 ( 59.48)	Acc@5  92.19 ( 87.39)

----------------------------------------
------- Training Epoch 10 Stats --------
----------------------------------------

+------------------------+-------------+-------------+-------------+
| Conv                   |   Avg. Loss |   Avg. Acc1 |   Avg. Acc5 |
+========================+=============+=============+=============+
| 9 Compute flavour conv |      1.4213 |       59.51 |       87.41 |
+------------------------+-------------+-------------+-------------+
[2022-03-01_19-55-16] Total Epoch 10 Time:  41.89 seconds

----------------------------------------
----------- Testing Epoch 10 -----------
----------------------------------------

[2022-03-01_19-55-17] Test: [ 0/79] 9 Compute flavour conv	Time  0.942 ( 0.042)	Loss 1.7190e+00 (1.7190e+00)	Acc@1  56.25 ( 56.25)	Acc@5  83.59 ( 83.59)

----------------------------------------
-------- Testing Epoch 10 Stats --------
----------------------------------------

+------------------------+-------------+-------------+-------------+
| Conv                   |   Avg. Loss |   Avg. Acc1 |   Avg. Acc5 |
+========================+=============+=============+=============+
| 9 Compute flavour conv |      1.8864 |       51.13 |       81.25 |
+------------------------+-------------+-------------+-------------+
[2022-03-01_19-55-19] Total Test Time:  10.00 seconds

----------------------------------------
---------- Training Epoch 11 -----------
----------------------------------------

[2022-03-01_19-55-20] Epoch: [11][  0/390] 9 Compute flavour conv	Time  1.104 ( 0.105)	Data  0.985 ( 0.003)	Loss 1.2817e+00 (1.2817e+00)	Acc@1  60.16 ( 60.16)	Acc@5  91.41 ( 91.41)
[2022-03-01_19-55-34] Epoch: [11][128/390] 9 Compute flavour conv	Time  0.104 ( 0.105)	Data  0.000 ( 0.003)	Loss 1.3593e+00 (1.3227e+00)	Acc@1  58.59 ( 61.60)	Acc@5  89.06 ( 89.00)
[2022-03-01_19-55-47] Epoch: [11][256/390] 9 Compute flavour conv	Time  0.102 ( 0.105)	Data  0.000 ( 0.003)	Loss 1.4059e+00 (1.3363e+00)	Acc@1  63.28 ( 61.49)	Acc@5  85.94 ( 88.76)
[2022-03-01_19-56-00] Epoch: [11][384/390] 9 Compute flavour conv	Time  0.100 ( 0.105)	Data  0.000 ( 0.003)	Loss 1.3654e+00 (1.3398e+00)	Acc@1  55.47 ( 61.30)	Acc@5  88.28 ( 88.76)

----------------------------------------
------- Training Epoch 11 Stats --------
----------------------------------------

+------------------------+-------------+-------------+-------------+
| Conv                   |   Avg. Loss |   Avg. Acc1 |   Avg. Acc5 |
+========================+=============+=============+=============+
| 9 Compute flavour conv |      1.3402 |       61.29 |       88.75 |
+------------------------+-------------+-------------+-------------+
[2022-03-01_19-56-00] Total Epoch 11 Time:  41.05 seconds

----------------------------------------
----------- Testing Epoch 11 -----------
----------------------------------------

[2022-03-01_19-56-01] Test: [ 0/79] 9 Compute flavour conv	Time  0.941 ( 0.042)	Loss 1.7968e+00 (1.7968e+00)	Acc@1  54.69 ( 54.69)	Acc@5  83.59 ( 83.59)

----------------------------------------
-------- Testing Epoch 11 Stats --------
----------------------------------------

+------------------------+-------------+-------------+-------------+
| Conv                   |   Avg. Loss |   Avg. Acc1 |   Avg. Acc5 |
+========================+=============+=============+=============+
| 9 Compute flavour conv |      1.8207 |       52.45 |       81.52 |
+------------------------+-------------+-------------+-------------+
[2022-03-01_19-56-04] Total Test Time:  11.00 seconds

----------------------------------------
---------- Training Epoch 12 -----------
----------------------------------------

[2022-03-01_19-56-05] Epoch: [12][  0/390] 9 Compute flavour conv	Time  1.097 ( 0.105)	Data  0.950 ( 0.003)	Loss 1.3412e+00 (1.3412e+00)	Acc@1  58.59 ( 58.59)	Acc@5  90.62 ( 90.62)
[2022-03-01_19-56-18] Epoch: [12][128/390] 9 Compute flavour conv	Time  0.101 ( 0.105)	Data  0.000 ( 0.003)	Loss 1.2701e+00 (1.2513e+00)	Acc@1  62.50 ( 63.49)	Acc@5  91.41 ( 90.26)
[2022-03-01_19-56-31] Epoch: [12][256/390] 9 Compute flavour conv	Time  0.102 ( 0.105)	Data  0.000 ( 0.003)	Loss 1.3309e+00 (1.2675e+00)	Acc@1  60.94 ( 62.98)	Acc@5  90.62 ( 89.93)
[2022-03-01_19-56-44] Epoch: [12][384/390] 9 Compute flavour conv	Time  0.101 ( 0.105)	Data  0.000 ( 0.003)	Loss 1.3256e+00 (1.2639e+00)	Acc@1  62.50 ( 63.07)	Acc@5  89.06 ( 90.04)

----------------------------------------
------- Training Epoch 12 Stats --------
----------------------------------------

+------------------------+-------------+-------------+-------------+
| Conv                   |   Avg. Loss |   Avg. Acc1 |   Avg. Acc5 |
+========================+=============+=============+=============+
| 9 Compute flavour conv |      1.2639 |       63.03 |       90.06 |
+------------------------+-------------+-------------+-------------+
[2022-03-01_19-56-45] Total Epoch 12 Time:  40.98 seconds

----------------------------------------
----------- Testing Epoch 12 -----------
----------------------------------------

[2022-03-01_19-56-46] Test: [ 0/79] 9 Compute flavour conv	Time  0.972 ( 0.042)	Loss 1.5295e+00 (1.5295e+00)	Acc@1  59.38 ( 59.38)	Acc@5  83.59 ( 83.59)

----------------------------------------
-------- Testing Epoch 12 Stats --------
----------------------------------------

+------------------------+-------------+-------------+-------------+
| Conv                   |   Avg. Loss |   Avg. Acc1 |   Avg. Acc5 |
+========================+=============+=============+=============+
| 9 Compute flavour conv |       1.712 |       55.22 |        83.8 |
+------------------------+-------------+-------------+-------------+
[2022-03-01_19-56-48] Total Test Time:  12.00 seconds

----------------------------------------
---------- Training Epoch 13 -----------
----------------------------------------

[2022-03-01_19-56-49] Epoch: [13][  0/390] 9 Compute flavour conv	Time  1.101 ( 0.105)	Data  0.988 ( 0.003)	Loss 1.2059e+00 (1.2059e+00)	Acc@1  65.62 ( 65.62)	Acc@5  91.41 ( 91.41)
[2022-03-01_19-57-03] Epoch: [13][128/390] 9 Compute flavour conv	Time  0.101 ( 0.105)	Data  0.000 ( 0.003)	Loss 1.2863e+00 (1.1681e+00)	Acc@1  66.41 ( 65.35)	Acc@5  88.28 ( 91.36)
[2022-03-01_19-57-16] Epoch: [13][256/390] 9 Compute flavour conv	Time  0.103 ( 0.105)	Data  0.000 ( 0.003)	Loss 9.6752e-01 (1.1873e+00)	Acc@1  71.88 ( 65.14)	Acc@5  95.31 ( 91.00)
[2022-03-01_19-57-29] Epoch: [13][384/390] 9 Compute flavour conv	Time  0.103 ( 0.105)	Data  0.000 ( 0.003)	Loss 9.7611e-01 (1.1897e+00)	Acc@1  67.19 ( 65.08)	Acc@5  95.31 ( 90.89)

----------------------------------------
------- Training Epoch 13 Stats --------
----------------------------------------

+------------------------+-------------+-------------+-------------+
| Conv                   |   Avg. Loss |   Avg. Acc1 |   Avg. Acc5 |
+========================+=============+=============+=============+
| 9 Compute flavour conv |      1.1903 |       65.06 |       90.88 |
+------------------------+-------------+-------------+-------------+
[2022-03-01_19-57-30] Total Epoch 13 Time:  41.91 seconds

----------------------------------------
----------- Testing Epoch 13 -----------
----------------------------------------

[2022-03-01_19-57-31] Test: [ 0/79] 9 Compute flavour conv	Time  0.954 ( 0.042)	Loss 1.4673e+00 (1.4673e+00)	Acc@1  63.28 ( 63.28)	Acc@5  85.16 ( 85.16)

----------------------------------------
-------- Testing Epoch 13 Stats --------
----------------------------------------

+------------------------+-------------+-------------+-------------+
| Conv                   |   Avg. Loss |   Avg. Acc1 |   Avg. Acc5 |
+========================+=============+=============+=============+
| 9 Compute flavour conv |      1.6743 |        55.8 |       83.85 |
+------------------------+-------------+-------------+-------------+
[2022-03-01_19-57-33] Total Test Time:  13.00 seconds

----------------------------------------
---------- Training Epoch 14 -----------
----------------------------------------

[2022-03-01_19-57-35] Epoch: [14][  0/390] 9 Compute flavour conv	Time  1.122 ( 0.105)	Data  0.965 ( 0.003)	Loss 1.1857e+00 (1.1857e+00)	Acc@1  64.06 ( 64.06)	Acc@5  89.84 ( 89.84)
[2022-03-01_19-57-48] Epoch: [14][128/390] 9 Compute flavour conv	Time  0.106 ( 0.105)	Data  0.000 ( 0.003)	Loss 1.0247e+00 (1.1184e+00)	Acc@1  67.19 ( 67.25)	Acc@5  93.75 ( 91.98)
[2022-03-01_19-58-01] Epoch: [14][256/390] 9 Compute flavour conv	Time  0.103 ( 0.105)	Data  0.000 ( 0.003)	Loss 1.0311e+00 (1.1211e+00)	Acc@1  73.44 ( 67.02)	Acc@5  92.19 ( 91.94)
[2022-03-01_19-58-14] Epoch: [14][384/390] 9 Compute flavour conv	Time  0.103 ( 0.105)	Data  0.000 ( 0.003)	Loss 1.0268e+00 (1.1286e+00)	Acc@1  67.19 ( 66.68)	Acc@5  94.53 ( 91.81)

----------------------------------------
------- Training Epoch 14 Stats --------
----------------------------------------

+------------------------+-------------+-------------+-------------+
| Conv                   |   Avg. Loss |   Avg. Acc1 |   Avg. Acc5 |
+========================+=============+=============+=============+
| 9 Compute flavour conv |       1.129 |       66.68 |       91.79 |
+------------------------+-------------+-------------+-------------+
[2022-03-01_19-58-14] Total Epoch 14 Time:  40.99 seconds

----------------------------------------
----------- Testing Epoch 14 -----------
----------------------------------------

[2022-03-01_19-58-15] Test: [ 0/79] 9 Compute flavour conv	Time  0.941 ( 0.041)	Loss 1.6954e+00 (1.6954e+00)	Acc@1  59.38 ( 59.38)	Acc@5  82.03 ( 82.03)

----------------------------------------
-------- Testing Epoch 14 Stats --------
----------------------------------------

+------------------------+-------------+-------------+-------------+
| Conv                   |   Avg. Loss |   Avg. Acc1 |   Avg. Acc5 |
+========================+=============+=============+=============+
| 9 Compute flavour conv |      1.6685 |       57.32 |       84.92 |
+------------------------+-------------+-------------+-------------+
[2022-03-01_19-58-18] Total Test Time:  14.00 seconds

----------------------------------------
---------- Training Epoch 15 -----------
----------------------------------------

[2022-03-01_19-58-19] Epoch: [15][  0/390] 9 Compute flavour conv	Time  1.102 ( 0.105)	Data  0.931 ( 0.003)	Loss 9.0274e-01 (9.0274e-01)	Acc@1  70.31 ( 70.31)	Acc@5  96.88 ( 96.88)
[2022-03-01_19-58-32] Epoch: [15][128/390] 9 Compute flavour conv	Time  0.104 ( 0.105)	Data  0.000 ( 0.003)	Loss 1.1272e+00 (1.0277e+00)	Acc@1  69.53 ( 69.32)	Acc@5  90.62 ( 92.94)
[2022-03-01_19-58-45] Epoch: [15][256/390] 9 Compute flavour conv	Time  0.099 ( 0.105)	Data  0.000 ( 0.003)	Loss 9.6229e-01 (1.0503e+00)	Acc@1  72.66 ( 68.63)	Acc@5  94.53 ( 92.78)
[2022-03-01_19-58-58] Epoch: [15][384/390] 9 Compute flavour conv	Time  0.102 ( 0.105)	Data  0.000 ( 0.003)	Loss 1.0483e+00 (1.0654e+00)	Acc@1  68.75 ( 68.14)	Acc@5  92.97 ( 92.61)

----------------------------------------
------- Training Epoch 15 Stats --------
----------------------------------------

+------------------------+-------------+-------------+-------------+
| Conv                   |   Avg. Loss |   Avg. Acc1 |   Avg. Acc5 |
+========================+=============+=============+=============+
| 9 Compute flavour conv |      1.0655 |       68.16 |       92.61 |
+------------------------+-------------+-------------+-------------+
[2022-03-01_19-58-59] Total Epoch 15 Time:  41.14 seconds

----------------------------------------
----------- Testing Epoch 15 -----------
----------------------------------------

[2022-03-01_19-59-00] Test: [ 0/79] 9 Compute flavour conv	Time  0.940 ( 0.041)	Loss 1.5208e+00 (1.5208e+00)	Acc@1  62.50 ( 62.50)	Acc@5  87.50 ( 87.50)

----------------------------------------
-------- Testing Epoch 15 Stats --------
----------------------------------------

+------------------------+-------------+-------------+-------------+
| Conv                   |   Avg. Loss |   Avg. Acc1 |   Avg. Acc5 |
+========================+=============+=============+=============+
| 9 Compute flavour conv |      1.7166 |       56.08 |       84.55 |
+------------------------+-------------+-------------+-------------+
[2022-03-01_19-59-02] Total Test Time:  15.00 seconds

----------------------------------------
---------- Training Epoch 16 -----------
----------------------------------------

[2022-03-01_19-59-04] Epoch: [16][  0/390] 9 Compute flavour conv	Time  1.103 ( 0.105)	Data  0.975 ( 0.003)	Loss 8.8958e-01 (8.8958e-01)	Acc@1  75.78 ( 75.78)	Acc@5  93.75 ( 93.75)
[2022-03-01_19-59-17] Epoch: [16][128/390] 9 Compute flavour conv	Time  0.099 ( 0.105)	Data  0.000 ( 0.003)	Loss 1.0075e+00 (9.8267e-01)	Acc@1  67.19 ( 70.46)	Acc@5  92.19 ( 93.53)
[2022-03-01_19-59-30] Epoch: [16][256/390] 9 Compute flavour conv	Time  0.100 ( 0.105)	Data  0.000 ( 0.003)	Loss 1.0335e+00 (9.9454e-01)	Acc@1  68.75 ( 70.17)	Acc@5  92.19 ( 93.46)
[2022-03-01_19-59-43] Epoch: [16][384/390] 9 Compute flavour conv	Time  0.150 ( 0.105)	Data  0.000 ( 0.003)	Loss 1.1452e+00 (1.0075e+00)	Acc@1  68.75 ( 69.76)	Acc@5  92.97 ( 93.34)

----------------------------------------
------- Training Epoch 16 Stats --------
----------------------------------------

+------------------------+-------------+-------------+-------------+
| Conv                   |   Avg. Loss |   Avg. Acc1 |   Avg. Acc5 |
+========================+=============+=============+=============+
| 9 Compute flavour conv |      1.0068 |        69.8 |       93.34 |
+------------------------+-------------+-------------+-------------+
[2022-03-01_19-59-44] Total Epoch 16 Time:  41.73 seconds

----------------------------------------
----------- Testing Epoch 16 -----------
----------------------------------------

[2022-03-01_19-59-45] Test: [ 0/79] 9 Compute flavour conv	Time  1.005 ( 0.041)	Loss 1.7229e+00 (1.7229e+00)	Acc@1  60.94 ( 60.94)	Acc@5  83.59 ( 83.59)

----------------------------------------
-------- Testing Epoch 16 Stats --------
----------------------------------------

+------------------------+-------------+-------------+-------------+
| Conv                   |   Avg. Loss |   Avg. Acc1 |   Avg. Acc5 |
+========================+=============+=============+=============+
| 9 Compute flavour conv |      1.7441 |       56.75 |       83.85 |
+------------------------+-------------+-------------+-------------+
[2022-03-01_19-59-48] Total Test Time:  16.00 seconds

----------------------------------------
---------- Training Epoch 17 -----------
----------------------------------------

[2022-03-01_19-59-49] Epoch: [17][  0/390] 9 Compute flavour conv	Time  1.108 ( 0.105)	Data  0.951 ( 0.003)	Loss 7.9634e-01 (7.9634e-01)	Acc@1  75.78 ( 75.78)	Acc@5  97.66 ( 97.66)
[2022-03-01_20-00-03] Epoch: [17][128/390] 9 Compute flavour conv	Time  0.103 ( 0.105)	Data  0.000 ( 0.003)	Loss 1.1197e+00 (9.2949e-01)	Acc@1  69.53 ( 72.21)	Acc@5  92.97 ( 94.22)
[2022-03-01_20-00-16] Epoch: [17][256/390] 9 Compute flavour conv	Time  0.100 ( 0.105)	Data  0.000 ( 0.003)	Loss 9.6860e-01 (9.5014e-01)	Acc@1  70.31 ( 71.63)	Acc@5  95.31 ( 93.99)
[2022-03-01_20-00-29] Epoch: [17][384/390] 9 Compute flavour conv	Time  0.102 ( 0.105)	Data  0.000 ( 0.003)	Loss 8.5743e-01 (9.5531e-01)	Acc@1  71.09 ( 71.37)	Acc@5  95.31 ( 93.91)

----------------------------------------
------- Training Epoch 17 Stats --------
----------------------------------------

+------------------------+-------------+-------------+-------------+
| Conv                   |   Avg. Loss |   Avg. Acc1 |   Avg. Acc5 |
+========================+=============+=============+=============+
| 9 Compute flavour conv |     0.95588 |       71.36 |       93.89 |
+------------------------+-------------+-------------+-------------+
[2022-03-01_20-00-30] Total Epoch 17 Time:  41.38 seconds

----------------------------------------
----------- Testing Epoch 17 -----------
----------------------------------------

[2022-03-01_20-00-31] Test: [ 0/79] 9 Compute flavour conv	Time  0.943 ( 0.042)	Loss 1.5850e+00 (1.5850e+00)	Acc@1  60.16 ( 60.16)	Acc@5  86.72 ( 86.72)

----------------------------------------
-------- Testing Epoch 17 Stats --------
----------------------------------------

+------------------------+-------------+-------------+-------------+
| Conv                   |   Avg. Loss |   Avg. Acc1 |   Avg. Acc5 |
+========================+=============+=============+=============+
| 9 Compute flavour conv |      1.5862 |       59.11 |       86.52 |
+------------------------+-------------+-------------+-------------+
[2022-03-01_20-00-33] Total Test Time:  17.00 seconds

----------------------------------------
---------- Training Epoch 18 -----------
----------------------------------------

[2022-03-01_20-00-34] Epoch: [18][  0/390] 9 Compute flavour conv	Time  1.097 ( 0.105)	Data  0.966 ( 0.003)	Loss 1.0753e+00 (1.0753e+00)	Acc@1  67.97 ( 67.97)	Acc@5  92.19 ( 92.19)
[2022-03-01_20-00-47] Epoch: [18][128/390] 9 Compute flavour conv	Time  0.100 ( 0.105)	Data  0.000 ( 0.003)	Loss 7.7913e-01 (8.7557e-01)	Acc@1  75.00 ( 73.49)	Acc@5  95.31 ( 94.75)
[2022-03-01_20-01-00] Epoch: [18][256/390] 9 Compute flavour conv	Time  0.102 ( 0.105)	Data  0.000 ( 0.003)	Loss 8.3050e-01 (8.9356e-01)	Acc@1  75.00 ( 72.98)	Acc@5  96.88 ( 94.53)
[2022-03-01_20-01-14] Epoch: [18][384/390] 9 Compute flavour conv	Time  0.102 ( 0.105)	Data  0.000 ( 0.003)	Loss 9.1307e-01 (9.0754e-01)	Acc@1  73.44 ( 72.49)	Acc@5  95.31 ( 94.44)

----------------------------------------
------- Training Epoch 18 Stats --------
----------------------------------------

+------------------------+-------------+-------------+-------------+
| Conv                   |   Avg. Loss |   Avg. Acc1 |   Avg. Acc5 |
+========================+=============+=============+=============+
| 9 Compute flavour conv |     0.90841 |       72.49 |       94.43 |
+------------------------+-------------+-------------+-------------+
[2022-03-01_20-01-14] Total Epoch 18 Time:  41.13 seconds

----------------------------------------
----------- Testing Epoch 18 -----------
----------------------------------------

[2022-03-01_20-01-15] Test: [ 0/79] 9 Compute flavour conv	Time  0.953 ( 0.042)	Loss 1.4713e+00 (1.4713e+00)	Acc@1  64.84 ( 64.84)	Acc@5  87.50 ( 87.50)

----------------------------------------
-------- Testing Epoch 18 Stats --------
----------------------------------------

+------------------------+-------------+-------------+-------------+
| Conv                   |   Avg. Loss |   Avg. Acc1 |   Avg. Acc5 |
+========================+=============+=============+=============+
| 9 Compute flavour conv |      1.5549 |       60.56 |       87.37 |
+------------------------+-------------+-------------+-------------+
[2022-03-01_20-01-18] Total Test Time:  18.00 seconds

----------------------------------------
---------- Training Epoch 19 -----------
----------------------------------------

[2022-03-01_20-01-19] Epoch: [19][  0/390] 9 Compute flavour conv	Time  1.129 ( 0.105)	Data  0.989 ( 0.003)	Loss 8.6735e-01 (8.6735e-01)	Acc@1  75.78 ( 75.78)	Acc@5  94.53 ( 94.53)
[2022-03-01_20-01-32] Epoch: [19][128/390] 9 Compute flavour conv	Time  0.104 ( 0.105)	Data  0.001 ( 0.003)	Loss 9.1374e-01 (8.2589e-01)	Acc@1  76.56 ( 74.87)	Acc@5  92.19 ( 95.32)
[2022-03-01_20-01-45] Epoch: [19][256/390] 9 Compute flavour conv	Time  0.104 ( 0.105)	Data  0.000 ( 0.003)	Loss 9.7720e-01 (8.4167e-01)	Acc@1  70.31 ( 74.30)	Acc@5  92.97 ( 95.14)
[2022-03-01_20-01-58] Epoch: [19][384/390] 9 Compute flavour conv	Time  0.102 ( 0.105)	Data  0.000 ( 0.003)	Loss 6.5451e-01 (8.5320e-01)	Acc@1  79.69 ( 74.05)	Acc@5  96.09 ( 95.04)

----------------------------------------
------- Training Epoch 19 Stats --------
----------------------------------------

+------------------------+-------------+-------------+-------------+
| Conv                   |   Avg. Loss |   Avg. Acc1 |   Avg. Acc5 |
+========================+=============+=============+=============+
| 9 Compute flavour conv |     0.85424 |       74.04 |       95.03 |
+------------------------+-------------+-------------+-------------+
[2022-03-01_20-01-59] Total Epoch 19 Time:  41.03 seconds

----------------------------------------
----------- Testing Epoch 19 -----------
----------------------------------------

[2022-03-01_20-02-00] Test: [ 0/79] 9 Compute flavour conv	Time  0.953 ( 0.042)	Loss 1.3895e+00 (1.3895e+00)	Acc@1  61.72 ( 61.72)	Acc@5  87.50 ( 87.50)

----------------------------------------
-------- Testing Epoch 19 Stats --------
----------------------------------------

+------------------------+-------------+-------------+-------------+
| Conv                   |   Avg. Loss |   Avg. Acc1 |   Avg. Acc5 |
+========================+=============+=============+=============+
| 9 Compute flavour conv |      1.5527 |       60.58 |       86.56 |
+------------------------+-------------+-------------+-------------+
[2022-03-01_20-02-02] Total Test Time:  19.00 seconds
