[2022-03-01_13-08-38] main.py --action TRAINING --arch resnet18Asym-cifar100 --epoch 5 --batch_size 128 --seed 44 --gpu 1 --compute_flavour 9 --v 1

[2022-03-01_13-08-38] arch=resnet18Asym, dataset=cifar100, desc=None, flavour=9, epochs=5, batch_size=128, LR=0.1, LRD=0, WD=0, MOMENTUM=0, GAMMA=0.1, MILESTONES=[60, 120, 160], device=cuda, verbose=1, model_path=None
[2022-03-01_13-08-38] Seed = 44

----------------------------------------
----------- TRAINING NETWORK -----------
----------------------------------------

[2022-03-01_13-08-38] NeuralNet __init__: arch=resnet18Asym, dataset=cifar100 compute_flavour=9, epochs=5,LR=0.1 LRD=0 WD=0 MOMENTUM=0 GAMMA=0.1 MILESTONES=[60, 120, 160] device=cuda verbose=1 gpus=1 distributed=0 model_path=None
[2022-03-01_13-08-38] Seed = 44
[2022-03-01_13-08-40] Model_StatsLogger __init__() Compute flavour: 9

----------------------------------------
----------- Training Epoch 0 -----------
----------------------------------------

[2022-03-01_13-08-42] Epoch: [0][  0/390] 9 Compute flavour conv	Time  1.245 ( 1.245)	Data  0.630 ( 0.630)	Loss 4.7292e+00 (4.7292e+00)	Acc@1   0.00 (  0.00)	Acc@5   3.91 (  3.91)
[2022-03-01_13-08-57] Epoch: [0][128/390] 9 Compute flavour conv	Time  0.119 ( 0.128)	Data  0.000 ( 0.005)	Loss 4.2196e+00 (4.2616e+00)	Acc@1   5.47 (  5.11)	Acc@5  19.53 ( 19.13)
[2022-03-01_13-09-13] Epoch: [0][256/390] 9 Compute flavour conv	Time  0.120 ( 0.124)	Data  0.000 ( 0.003)	Loss 3.8283e+00 (4.0441e+00)	Acc@1  11.72 (  7.70)	Acc@5  29.69 ( 25.66)
[2022-03-01_13-09-28] Epoch: [0][384/390] 9 Compute flavour conv	Time  0.120 ( 0.123)	Data  0.000 ( 0.002)	Loss 3.5591e+00 (3.8974e+00)	Acc@1  17.97 (  9.68)	Acc@5  41.41 ( 30.14)

----------------------------------------
-------- Training Epoch 0 Stats --------
----------------------------------------

+------------------------+-------------+-------------+-------------+
| Conv                   |   Avg. Loss |   Avg. Acc1 |   Avg. Acc5 |
+========================+=============+=============+=============+
| 9 Compute flavour conv |      3.8928 |        9.75 |       30.25 |
+------------------------+-------------+-------------+-------------+
[2022-03-01_13-09-29] Total Epoch 0 Time:  48.07 seconds

----------------------------------------
----------- Testing Epoch 0 ------------
----------------------------------------

[2022-03-01_13-09-29] Test: [ 0/79] 9 Compute flavour conv	Time  0.638 ( 0.638)	Loss 3.5932e+00 (3.5932e+00)	Acc@1  15.62 ( 15.62)	Acc@5  40.62 ( 40.62)

----------------------------------------
-------- Testing Epoch 0 Stats ---------
----------------------------------------

+------------------------+-------------+-------------+-------------+
| Conv                   |   Avg. Loss |   Avg. Acc1 |   Avg. Acc5 |
+========================+=============+=============+=============+
| 9 Compute flavour conv |      3.4917 |       16.58 |       42.79 |
+------------------------+-------------+-------------+-------------+
[2022-03-01_13-09-33] Total Test Time:   0.00 seconds

----------------------------------------
----------- Training Epoch 1 -----------
----------------------------------------

[2022-03-01_13-09-33] Epoch: [1][  0/390] 9 Compute flavour conv	Time  0.814 ( 0.125)	Data  0.657 ( 0.004)	Loss 3.3057e+00 (3.3057e+00)	Acc@1  21.88 ( 21.88)	Acc@5  52.34 ( 52.34)
[2022-03-01_13-09-49] Epoch: [1][128/390] 9 Compute flavour conv	Time  0.125 ( 0.124)	Data  0.000 ( 0.003)	Loss 3.3839e+00 (3.3916e+00)	Acc@1  15.62 ( 17.53)	Acc@5  46.88 ( 45.54)
[2022-03-01_13-10-05] Epoch: [1][256/390] 9 Compute flavour conv	Time  0.126 ( 0.124)	Data  0.000 ( 0.002)	Loss 3.1516e+00 (3.3226e+00)	Acc@1  17.97 ( 18.84)	Acc@5  50.00 ( 47.43)
[2022-03-01_13-10-20] Epoch: [1][384/390] 9 Compute flavour conv	Time  0.121 ( 0.123)	Data  0.000 ( 0.002)	Loss 3.0386e+00 (3.2503e+00)	Acc@1  27.34 ( 20.23)	Acc@5  56.25 ( 49.19)

----------------------------------------
-------- Training Epoch 1 Stats --------
----------------------------------------

+------------------------+-------------+-------------+-------------+
| Conv                   |   Avg. Loss |   Avg. Acc1 |   Avg. Acc5 |
+========================+=============+=============+=============+
| 9 Compute flavour conv |      3.2462 |       20.32 |        49.3 |
+------------------------+-------------+-------------+-------------+
[2022-03-01_13-10-21] Total Epoch 1 Time:  48.26 seconds

----------------------------------------
----------- Testing Epoch 1 ------------
----------------------------------------

[2022-03-01_13-10-22] Test: [ 0/79] 9 Compute flavour conv	Time  0.640 ( 0.054)	Loss 3.1120e+00 (3.1120e+00)	Acc@1  22.66 ( 22.66)	Acc@5  52.34 ( 52.34)

----------------------------------------
-------- Testing Epoch 1 Stats ---------
----------------------------------------

+------------------------+-------------+-------------+-------------+
| Conv                   |   Avg. Loss |   Avg. Acc1 |   Avg. Acc5 |
+========================+=============+=============+=============+
| 9 Compute flavour conv |      3.0567 |        24.6 |       55.06 |
+------------------------+-------------+-------------+-------------+
[2022-03-01_13-10-25] Total Test Time:   1.00 seconds

----------------------------------------
----------- Training Epoch 2 -----------
----------------------------------------

[2022-03-01_13-10-26] Epoch: [2][  0/390] 9 Compute flavour conv	Time  0.795 ( 0.124)	Data  0.645 ( 0.003)	Loss 2.6769e+00 (2.6769e+00)	Acc@1  30.47 ( 30.47)	Acc@5  64.06 ( 64.06)
[2022-03-01_13-10-41] Epoch: [2][128/390] 9 Compute flavour conv	Time  0.126 ( 0.124)	Data  0.000 ( 0.002)	Loss 2.9244e+00 (2.9246e+00)	Acc@1  25.78 ( 25.51)	Acc@5  56.25 ( 57.43)
[2022-03-01_13-10-57] Epoch: [2][256/390] 9 Compute flavour conv	Time  0.127 ( 0.124)	Data  0.000 ( 0.002)	Loss 2.8384e+00 (2.8754e+00)	Acc@1  29.69 ( 26.74)	Acc@5  57.03 ( 58.50)
[2022-03-01_13-11-13] Epoch: [2][384/390] 9 Compute flavour conv	Time  0.121 ( 0.124)	Data  0.000 ( 0.002)	Loss 2.6162e+00 (2.8330e+00)	Acc@1  28.12 ( 27.60)	Acc@5  70.31 ( 59.61)

----------------------------------------
-------- Training Epoch 2 Stats --------
----------------------------------------

+------------------------+-------------+-------------+-------------+
| Conv                   |   Avg. Loss |   Avg. Acc1 |   Avg. Acc5 |
+========================+=============+=============+=============+
| 9 Compute flavour conv |      2.8318 |       27.61 |       59.63 |
+------------------------+-------------+-------------+-------------+
[2022-03-01_13-11-13] Total Epoch 2 Time:  48.70 seconds

----------------------------------------
----------- Testing Epoch 2 ------------
----------------------------------------

[2022-03-01_13-11-14] Test: [ 0/79] 9 Compute flavour conv	Time  0.660 ( 0.051)	Loss 2.6359e+00 (2.6359e+00)	Acc@1  33.59 ( 33.59)	Acc@5  66.41 ( 66.41)

----------------------------------------
-------- Testing Epoch 2 Stats ---------
----------------------------------------

+------------------------+-------------+-------------+-------------+
| Conv                   |   Avg. Loss |   Avg. Acc1 |   Avg. Acc5 |
+========================+=============+=============+=============+
| 9 Compute flavour conv |      2.7645 |       29.69 |       62.27 |
+------------------------+-------------+-------------+-------------+
[2022-03-01_13-11-17] Total Test Time:   2.00 seconds

----------------------------------------
----------- Training Epoch 3 -----------
----------------------------------------

[2022-03-01_13-11-18] Epoch: [3][  0/390] 9 Compute flavour conv	Time  0.826 ( 0.124)	Data  0.663 ( 0.002)	Loss 2.3659e+00 (2.3659e+00)	Acc@1  35.94 ( 35.94)	Acc@5  76.56 ( 76.56)
[2022-03-01_13-11-34] Epoch: [3][128/390] 9 Compute flavour conv	Time  0.122 ( 0.124)	Data  0.000 ( 0.002)	Loss 2.5867e+00 (2.5870e+00)	Acc@1  34.38 ( 33.41)	Acc@5  68.75 ( 65.69)
[2022-03-01_13-11-50] Epoch: [3][256/390] 9 Compute flavour conv	Time  0.122 ( 0.124)	Data  0.000 ( 0.002)	Loss 2.3116e+00 (2.5541e+00)	Acc@1  32.81 ( 33.84)	Acc@5  75.78 ( 66.08)
[2022-03-01_13-12-05] Epoch: [3][384/390] 9 Compute flavour conv	Time  0.126 ( 0.124)	Data  0.000 ( 0.002)	Loss 2.1334e+00 (2.5188e+00)	Acc@1  43.75 ( 34.38)	Acc@5  69.53 ( 66.88)

----------------------------------------
-------- Training Epoch 3 Stats --------
----------------------------------------

+------------------------+-------------+-------------+-------------+
| Conv                   |   Avg. Loss |   Avg. Acc1 |   Avg. Acc5 |
+========================+=============+=============+=============+
| 9 Compute flavour conv |      2.5178 |        34.4 |        66.9 |
+------------------------+-------------+-------------+-------------+
[2022-03-01_13-12-06] Total Epoch 3 Time:  48.78 seconds

----------------------------------------
----------- Testing Epoch 3 ------------
----------------------------------------

[2022-03-01_13-12-07] Test: [ 0/79] 9 Compute flavour conv	Time  0.648 ( 0.050)	Loss 2.4199e+00 (2.4199e+00)	Acc@1  38.28 ( 38.28)	Acc@5  69.53 ( 69.53)

----------------------------------------
-------- Testing Epoch 3 Stats ---------
----------------------------------------

+------------------------+-------------+-------------+-------------+
| Conv                   |   Avg. Loss |   Avg. Acc1 |   Avg. Acc5 |
+========================+=============+=============+=============+
| 9 Compute flavour conv |      2.5968 |       34.72 |       66.03 |
+------------------------+-------------+-------------+-------------+
[2022-03-01_13-12-10] Total Test Time:   3.00 seconds

----------------------------------------
----------- Training Epoch 4 -----------
----------------------------------------

[2022-03-01_13-12-11] Epoch: [4][  0/390] 9 Compute flavour conv	Time  0.800 ( 0.124)	Data  0.647 ( 0.002)	Loss 2.4424e+00 (2.4424e+00)	Acc@1  42.19 ( 42.19)	Acc@5  70.31 ( 70.31)
[2022-03-01_13-12-26] Epoch: [4][128/390] 9 Compute flavour conv	Time  0.123 ( 0.124)	Data  0.000 ( 0.002)	Loss 2.3005e+00 (2.3165e+00)	Acc@1  42.19 ( 37.92)	Acc@5  69.53 ( 71.28)
[2022-03-01_13-12-42] Epoch: [4][256/390] 9 Compute flavour conv	Time  0.122 ( 0.124)	Data  0.000 ( 0.002)	Loss 2.2455e+00 (2.2991e+00)	Acc@1  42.97 ( 38.62)	Acc@5  70.31 ( 71.74)
[2022-03-01_13-12-58] Epoch: [4][384/390] 9 Compute flavour conv	Time  0.121 ( 0.124)	Data  0.000 ( 0.002)	Loss 2.1484e+00 (2.2661e+00)	Acc@1  34.38 ( 39.46)	Acc@5  82.03 ( 72.44)

----------------------------------------
-------- Training Epoch 4 Stats --------
----------------------------------------

+------------------------+-------------+-------------+-------------+
| Conv                   |   Avg. Loss |   Avg. Acc1 |   Avg. Acc5 |
+========================+=============+=============+=============+
| 9 Compute flavour conv |      2.2636 |       39.53 |        72.5 |
+------------------------+-------------+-------------+-------------+
[2022-03-01_13-12-59] Total Epoch 4 Time:  48.85 seconds

----------------------------------------
----------- Testing Epoch 4 ------------
----------------------------------------

[2022-03-01_13-12-59] Test: [ 0/79] 9 Compute flavour conv	Time  0.663 ( 0.049)	Loss 2.1838e+00 (2.1838e+00)	Acc@1  47.66 ( 47.66)	Acc@5  71.09 ( 71.09)

----------------------------------------
-------- Testing Epoch 4 Stats ---------
----------------------------------------

+------------------------+-------------+-------------+-------------+
| Conv                   |   Avg. Loss |   Avg. Acc1 |   Avg. Acc5 |
+========================+=============+=============+=============+
| 9 Compute flavour conv |      2.3475 |       39.56 |       71.34 |
+------------------------+-------------+-------------+-------------+
[2022-03-01_13-13-03] Total Test Time:   4.00 seconds
