[2022-03-01_14-06-35] main.py --action TRAINING --arch resnet18Asym-cifar100 --epoch 5 --batch_size 128 --seed 44 --gpu 0 --compute_flavour 9 --v 1

[2022-03-01_14-06-35] arch=resnet18Asym, dataset=cifar100, desc=None, flavour=9, epochs=5, batch_size=128, LR=0.1, LRD=0, WD=0, MOMENTUM=0, GAMMA=0.1, MILESTONES=[60, 120, 160], device=cuda, verbose=1, model_path=None
[2022-03-01_14-06-35] Seed = 44

----------------------------------------
----------- TRAINING NETWORK -----------
----------------------------------------

[2022-03-01_14-06-35] NeuralNet __init__: arch=resnet18Asym, dataset=cifar100 compute_flavour=9, epochs=5,LR=0.1 LRD=0 WD=0 MOMENTUM=0 GAMMA=0.1 MILESTONES=[60, 120, 160] device=cuda verbose=1 gpus=1 distributed=0 model_path=None
[2022-03-01_14-06-35] Seed = 44
[2022-03-01_14-06-37] Model_StatsLogger __init__() Compute flavour: 9

----------------------------------------
----------- Training Epoch 0 -----------
----------------------------------------

[2022-03-01_14-06-39] Epoch: [0][  0/390] 9 Compute flavour conv	Time  0.993 ( 0.993)	Data  0.775 ( 0.775)	Loss 4.7425e+00 (4.7425e+00)	Acc@1   1.56 (  1.56)	Acc@5   3.91 (  3.91)
[2022-03-01_14-06-48] Epoch: [0][128/390] 9 Compute flavour conv	Time  0.069 ( 0.076)	Data  0.000 ( 0.006)	Loss 4.1966e+00 (4.2290e+00)	Acc@1   4.69 (  5.79)	Acc@5  21.88 ( 19.93)
[2022-03-01_14-06-58] Epoch: [0][256/390] 9 Compute flavour conv	Time  0.070 ( 0.075)	Data  0.000 ( 0.003)	Loss 3.8782e+00 (4.0224e+00)	Acc@1  10.94 (  8.25)	Acc@5  27.34 ( 26.39)
[2022-03-01_14-07-07] Epoch: [0][384/390] 9 Compute flavour conv	Time  0.070 ( 0.073)	Data  0.000 ( 0.002)	Loss 3.5135e+00 (3.8790e+00)	Acc@1  20.31 ( 10.10)	Acc@5  41.41 ( 30.76)

----------------------------------------
-------- Training Epoch 0 Stats --------
----------------------------------------

+------------------------+-------------+-------------+-------------+
| Conv                   |   Avg. Loss |   Avg. Acc1 |   Avg. Acc5 |
+========================+=============+=============+=============+
| 9 Compute flavour conv |      3.8748 |       10.16 |       30.89 |
+------------------------+-------------+-------------+-------------+
[2022-03-01_14-07-07] Total Epoch 0 Time:  28.69 seconds

----------------------------------------
----------- Testing Epoch 0 ------------
----------------------------------------

[2022-03-01_14-07-08] Test: [ 0/79] 9 Compute flavour conv	Time  0.839 ( 0.839)	Loss 3.5407e+00 (3.5407e+00)	Acc@1  16.41 ( 16.41)	Acc@5  41.41 ( 41.41)

----------------------------------------
-------- Testing Epoch 0 Stats ---------
----------------------------------------

+------------------------+-------------+-------------+-------------+
| Conv                   |   Avg. Loss |   Avg. Acc1 |   Avg. Acc5 |
+========================+=============+=============+=============+
| 9 Compute flavour conv |      3.4945 |       17.01 |       42.63 |
+------------------------+-------------+-------------+-------------+
[2022-03-01_14-07-14] Total Test Time:   0.00 seconds

----------------------------------------
----------- Training Epoch 1 -----------
----------------------------------------

[2022-03-01_14-07-15] Epoch: [1][  0/390] 9 Compute flavour conv	Time  1.092 ( 0.076)	Data  0.829 ( 0.004)	Loss 3.3044e+00 (3.3044e+00)	Acc@1  23.44 ( 23.44)	Acc@5  49.22 ( 49.22)
[2022-03-01_14-07-46] Epoch: [1][128/390] 9 Compute flavour conv	Time  0.248 ( 0.117)	Data  0.000 ( 0.003)	Loss 3.3863e+00 (3.3936e+00)	Acc@1  14.06 ( 17.33)	Acc@5  49.22 ( 45.42)
[2022-03-01_14-08-18] Epoch: [1][256/390] 9 Compute flavour conv	Time  0.255 ( 0.144)	Data  0.000 ( 0.003)	Loss 3.0910e+00 (3.3320e+00)	Acc@1  25.78 ( 18.62)	Acc@5  50.78 ( 47.16)
[2022-03-01_14-08-48] Epoch: [1][384/390] 9 Compute flavour conv	Time  0.262 ( 0.158)	Data  0.000 ( 0.002)	Loss 3.0635e+00 (3.2685e+00)	Acc@1  24.22 ( 19.87)	Acc@5  53.91 ( 48.73)

----------------------------------------
-------- Training Epoch 1 Stats --------
----------------------------------------

+------------------------+-------------+-------------+-------------+
| Conv                   |   Avg. Loss |   Avg. Acc1 |   Avg. Acc5 |
+========================+=============+=============+=============+
| 9 Compute flavour conv |      3.2647 |       19.95 |       48.82 |
+------------------------+-------------+-------------+-------------+
[2022-03-01_14-08-49] Total Epoch 1 Time:  95.08 seconds

----------------------------------------
----------- Testing Epoch 1 ------------
----------------------------------------

[2022-03-01_14-08-50] Test: [ 0/79] 9 Compute flavour conv	Time  0.865 ( 0.094)	Loss 3.0308e+00 (3.0308e+00)	Acc@1  22.66 ( 22.66)	Acc@5  53.12 ( 53.12)

----------------------------------------
-------- Testing Epoch 1 Stats ---------
----------------------------------------

+------------------------+-------------+-------------+-------------+
| Conv                   |   Avg. Loss |   Avg. Acc1 |   Avg. Acc5 |
+========================+=============+=============+=============+
| 9 Compute flavour conv |      3.1202 |       23.57 |       52.94 |
+------------------------+-------------+-------------+-------------+
[2022-03-01_14-08-57] Total Test Time:   1.00 seconds

----------------------------------------
----------- Training Epoch 2 -----------
----------------------------------------

[2022-03-01_14-08-58] Epoch: [2][  0/390] 9 Compute flavour conv	Time  1.140 ( 0.160)	Data  0.870 ( 0.003)	Loss 2.8639e+00 (2.8639e+00)	Acc@1  23.44 ( 23.44)	Acc@5  57.81 ( 57.81)
[2022-03-01_14-09-31] Epoch: [2][128/390] 9 Compute flavour conv	Time  0.252 ( 0.173)	Data  0.000 ( 0.003)	Loss 3.0572e+00 (2.9694e+00)	Acc@1  25.00 ( 24.93)	Acc@5  53.12 ( 56.25)
[2022-03-01_14-10-00] Epoch: [2][256/390] 9 Compute flavour conv	Time  0.260 ( 0.180)	Data  0.000 ( 0.003)	Loss 2.8182e+00 (2.9209e+00)	Acc@1  28.12 ( 25.84)	Acc@5  59.38 ( 57.50)
[2022-03-01_14-10-33] Epoch: [2][384/390] 9 Compute flavour conv	Time  0.257 ( 0.188)	Data  0.000 ( 0.002)	Loss 2.7158e+00 (2.8746e+00)	Acc@1  28.12 ( 26.89)	Acc@5  59.38 ( 58.67)

----------------------------------------
-------- Training Epoch 2 Stats --------
----------------------------------------

+------------------------+-------------+-------------+-------------+
| Conv                   |   Avg. Loss |   Avg. Acc1 |   Avg. Acc5 |
+========================+=============+=============+=============+
| 9 Compute flavour conv |      2.8728 |       26.93 |       58.73 |
+------------------------+-------------+-------------+-------------+
[2022-03-01_14-10-34] Total Epoch 2 Time:  97.14 seconds

----------------------------------------
----------- Testing Epoch 2 ------------
----------------------------------------

[2022-03-01_14-10-35] Test: [ 0/79] 9 Compute flavour conv	Time  0.808 ( 0.095)	Loss 2.8280e+00 (2.8280e+00)	Acc@1  31.25 ( 31.25)	Acc@5  62.50 ( 62.50)

----------------------------------------
-------- Testing Epoch 2 Stats ---------
----------------------------------------

+------------------------+-------------+-------------+-------------+
| Conv                   |   Avg. Loss |   Avg. Acc1 |   Avg. Acc5 |
+========================+=============+=============+=============+
| 9 Compute flavour conv |      2.8535 |       28.68 |       60.08 |
+------------------------+-------------+-------------+-------------+
[2022-03-01_14-10-42] Total Test Time:   2.00 seconds

----------------------------------------
----------- Training Epoch 3 -----------
----------------------------------------

[2022-03-01_14-10-43] Epoch: [3][  0/390] 9 Compute flavour conv	Time  1.105 ( 0.189)	Data  0.808 ( 0.003)	Loss 2.4270e+00 (2.4270e+00)	Acc@1  35.94 ( 35.94)	Acc@5  69.53 ( 69.53)
[2022-03-01_14-11-12] Epoch: [3][128/390] 9 Compute flavour conv	Time  0.251 ( 0.193)	Data  0.001 ( 0.003)	Loss 2.6689e+00 (2.6349e+00)	Acc@1  35.16 ( 31.98)	Acc@5  67.19 ( 64.58)
[2022-03-01_14-12-14] Epoch: [3][256/390] 9 Compute flavour conv	Time  0.554 ( 0.219)	Data  0.000 ( 0.003)	Loss 2.3733e+00 (2.5935e+00)	Acc@1  38.28 ( 32.69)	Acc@5  69.53 ( 65.43)
[2022-03-01_14-13-21] Epoch: [3][384/390] 9 Compute flavour conv	Time  0.540 ( 0.244)	Data  0.000 ( 0.002)	Loss 2.1825e+00 (2.5594e+00)	Acc@1  38.28 ( 33.46)	Acc@5  69.53 ( 66.24)

----------------------------------------
-------- Training Epoch 3 Stats --------
----------------------------------------

+------------------------+-------------+-------------+-------------+
| Conv                   |   Avg. Loss |   Avg. Acc1 |   Avg. Acc5 |
+========================+=============+=============+=============+
| 9 Compute flavour conv |      2.5578 |       33.49 |       66.26 |
+------------------------+-------------+-------------+-------------+
[2022-03-01_14-13-24] Total Epoch 3 Time: 162.09 seconds

----------------------------------------
----------- Testing Epoch 3 ------------
----------------------------------------

[2022-03-01_14-13-25] Test: [ 0/79] 9 Compute flavour conv	Time  1.046 ( 0.097)	Loss 2.3366e+00 (2.3366e+00)	Acc@1  41.41 ( 41.41)	Acc@5  71.88 ( 71.88)

----------------------------------------
-------- Testing Epoch 3 Stats ---------
----------------------------------------

+------------------------+-------------+-------------+-------------+
| Conv                   |   Avg. Loss |   Avg. Acc1 |   Avg. Acc5 |
+========================+=============+=============+=============+
| 9 Compute flavour conv |      2.5455 |       35.08 |       66.43 |
+------------------------+-------------+-------------+-------------+
[2022-03-01_14-13-40] Total Test Time:   3.00 seconds

----------------------------------------
----------- Training Epoch 4 -----------
----------------------------------------

[2022-03-01_14-13-41] Epoch: [4][  0/390] 9 Compute flavour conv	Time  1.464 ( 0.246)	Data  0.951 ( 0.003)	Loss 2.4055e+00 (2.4055e+00)	Acc@1  41.41 ( 41.41)	Acc@5  70.31 ( 70.31)
[2022-03-01_14-14-47] Epoch: [4][128/390] 9 Compute flavour conv	Time  0.505 ( 0.266)	Data  0.000 ( 0.003)	Loss 2.2799e+00 (2.3565e+00)	Acc@1  46.09 ( 37.64)	Acc@5  69.53 ( 70.12)
[2022-03-01_14-15-54] Epoch: [4][256/390] 9 Compute flavour conv	Time  0.548 ( 0.284)	Data  0.000 ( 0.003)	Loss 2.2805e+00 (2.3394e+00)	Acc@1  42.97 ( 38.34)	Acc@5  70.31 ( 70.56)
[2022-03-01_14-16-59] Epoch: [4][384/390] 9 Compute flavour conv	Time  0.553 ( 0.299)	Data  0.000 ( 0.002)	Loss 2.2965e+00 (2.3101e+00)	Acc@1  37.50 ( 39.07)	Acc@5  78.12 ( 71.26)

----------------------------------------
-------- Training Epoch 4 Stats --------
----------------------------------------

+------------------------+-------------+-------------+-------------+
| Conv                   |   Avg. Loss |   Avg. Acc1 |   Avg. Acc5 |
+========================+=============+=============+=============+
| 9 Compute flavour conv |       2.308 |       39.13 |       71.32 |
+------------------------+-------------+-------------+-------------+
[2022-03-01_14-17-02] Total Epoch 4 Time: 202.40 seconds

----------------------------------------
----------- Testing Epoch 4 ------------
----------------------------------------

[2022-03-01_14-17-03] Test: [ 0/79] 9 Compute flavour conv	Time  1.058 ( 0.123)	Loss 2.2796e+00 (2.2796e+00)	Acc@1  41.41 ( 41.41)	Acc@5  69.53 ( 69.53)

----------------------------------------
-------- Testing Epoch 4 Stats ---------
----------------------------------------

+------------------------+-------------+-------------+-------------+
| Conv                   |   Avg. Loss |   Avg. Acc1 |   Avg. Acc5 |
+========================+=============+=============+=============+
| 9 Compute flavour conv |      2.3375 |       39.61 |       71.46 |
+------------------------+-------------+-------------+-------------+
[2022-03-01_14-17-18] Total Test Time:   4.00 seconds
