[2022-03-01_19-11-58] main.py --action TRAINING --arch resnet18Asym-cifar100 --epoch 20 --batch_size 128 --seed 44 --gpu 0 --compute_flavour 9 --v 1

[2022-03-01_19-11-58] arch=resnet18Asym, dataset=cifar100, desc=None, flavour=9, epochs=20, batch_size=128, LR=0.1, LRD=0, WD=0, MOMENTUM=0, GAMMA=0.1, MILESTONES=[60, 120, 160], device=cuda, verbose=1, model_path=None
[2022-03-01_19-11-58] Seed = 44

----------------------------------------
----------- TRAINING NETWORK -----------
----------------------------------------

[2022-03-01_19-11-58] NeuralNet __init__: arch=resnet18Asym, dataset=cifar100 compute_flavour=9, epochs=20,LR=0.1 LRD=0 WD=0 MOMENTUM=0 GAMMA=0.1 MILESTONES=[60, 120, 160] device=cuda verbose=1 gpus=1 distributed=0 model_path=None
[2022-03-01_19-11-58] Seed = 44
[2022-03-01_19-12-01] Model_StatsLogger __init__() Compute flavour: 9

----------------------------------------
----------- Training Epoch 0 -----------
----------------------------------------

[2022-03-01_19-12-03] Epoch: [0][  0/390] 9 Compute flavour conv	Time  1.210 ( 1.210)	Data  0.932 ( 0.932)	Loss 4.7314e+00 (4.7314e+00)	Acc@1   0.78 (  0.78)	Acc@5   7.03 (  7.03)
[2022-03-01_19-12-15] Epoch: [0][128/390] 9 Compute flavour conv	Time  0.097 ( 0.106)	Data  0.000 ( 0.008)	Loss 4.2271e+00 (4.2475e+00)	Acc@1   4.69 (  5.59)	Acc@5  21.09 ( 19.35)
[2022-03-01_19-12-28] Epoch: [0][256/390] 9 Compute flavour conv	Time  0.099 ( 0.102)	Data  0.000 ( 0.004)	Loss 3.8484e+00 (4.0358e+00)	Acc@1  10.16 (  8.04)	Acc@5  29.69 ( 25.88)
[2022-03-01_19-12-41] Epoch: [0][384/390] 9 Compute flavour conv	Time  0.103 ( 0.101)	Data  0.000 ( 0.003)	Loss 3.5446e+00 (3.8920e+00)	Acc@1  19.53 (  9.87)	Acc@5  39.84 ( 30.34)

----------------------------------------
-------- Training Epoch 0 Stats --------
----------------------------------------

+------------------------+-------------+-------------+-------------+
| Conv                   |   Avg. Loss |   Avg. Acc1 |   Avg. Acc5 |
+========================+=============+=============+=============+
| 9 Compute flavour conv |      3.8872 |        9.94 |       30.46 |
+------------------------+-------------+-------------+-------------+
[2022-03-01_19-12-41] Total Epoch 0 Time:  39.68 seconds

----------------------------------------
----------- Testing Epoch 0 ------------
----------------------------------------

[2022-03-01_19-12-42] Test: [ 0/79] 9 Compute flavour conv	Time  0.942 ( 0.942)	Loss 3.5455e+00 (3.5455e+00)	Acc@1  14.06 ( 14.06)	Acc@5  39.06 ( 39.06)

----------------------------------------
-------- Testing Epoch 0 Stats ---------
----------------------------------------

+------------------------+-------------+-------------+-------------+
| Conv                   |   Avg. Loss |   Avg. Acc1 |   Avg. Acc5 |
+========================+=============+=============+=============+
| 9 Compute flavour conv |      3.4924 |       16.25 |       42.09 |
+------------------------+-------------+-------------+-------------+
[2022-03-01_19-12-45] Total Test Time:   0.00 seconds

----------------------------------------
----------- Training Epoch 1 -----------
----------------------------------------

[2022-03-01_19-12-46] Epoch: [1][  0/390] 9 Compute flavour conv	Time  1.103 ( 0.104)	Data  0.965 ( 0.005)	Loss 3.3141e+00 (3.3141e+00)	Acc@1  25.78 ( 25.78)	Acc@5  47.66 ( 47.66)
[2022-03-01_19-12-59] Epoch: [1][128/390] 9 Compute flavour conv	Time  0.102 ( 0.103)	Data  0.000 ( 0.004)	Loss 3.4151e+00 (3.4023e+00)	Acc@1  12.50 ( 17.39)	Acc@5  47.66 ( 44.98)
[2022-03-01_19-13-12] Epoch: [1][256/390] 9 Compute flavour conv	Time  0.106 ( 0.103)	Data  0.000 ( 0.003)	Loss 3.1333e+00 (3.3302e+00)	Acc@1  18.75 ( 18.63)	Acc@5  51.56 ( 46.95)
[2022-03-01_19-13-26] Epoch: [1][384/390] 9 Compute flavour conv	Time  0.105 ( 0.103)	Data  0.000 ( 0.003)	Loss 3.0663e+00 (3.2607e+00)	Acc@1  22.66 ( 20.02)	Acc@5  57.81 ( 48.82)

----------------------------------------
-------- Training Epoch 1 Stats --------
----------------------------------------

+------------------------+-------------+-------------+-------------+
| Conv                   |   Avg. Loss |   Avg. Acc1 |   Avg. Acc5 |
+========================+=============+=============+=============+
| 9 Compute flavour conv |      3.2565 |        20.1 |       48.93 |
+------------------------+-------------+-------------+-------------+
[2022-03-01_19-13-26] Total Epoch 1 Time:  41.18 seconds

----------------------------------------
----------- Testing Epoch 1 ------------
----------------------------------------

[2022-03-01_19-13-27] Test: [ 0/79] 9 Compute flavour conv	Time  0.924 ( 0.056)	Loss 3.1191e+00 (3.1191e+00)	Acc@1  23.44 ( 23.44)	Acc@5  54.69 ( 54.69)

----------------------------------------
-------- Testing Epoch 1 Stats ---------
----------------------------------------

+------------------------+-------------+-------------+-------------+
| Conv                   |   Avg. Loss |   Avg. Acc1 |   Avg. Acc5 |
+========================+=============+=============+=============+
| 9 Compute flavour conv |      3.0502 |       24.98 |       54.87 |
+------------------------+-------------+-------------+-------------+
[2022-03-01_19-13-30] Total Test Time:   1.00 seconds

----------------------------------------
----------- Training Epoch 2 -----------
----------------------------------------

[2022-03-01_19-13-31] Epoch: [2][  0/390] 9 Compute flavour conv	Time  1.108 ( 0.104)	Data  0.962 ( 0.004)	Loss 2.7555e+00 (2.7555e+00)	Acc@1  28.91 ( 28.91)	Acc@5  60.94 ( 60.94)
[2022-03-01_19-13-44] Epoch: [2][128/390] 9 Compute flavour conv	Time  0.105 ( 0.104)	Data  0.000 ( 0.003)	Loss 3.0399e+00 (2.9435e+00)	Acc@1  22.66 ( 25.29)	Acc@5  55.47 ( 56.88)
[2022-03-01_19-13-58] Epoch: [2][256/390] 9 Compute flavour conv	Time  0.103 ( 0.104)	Data  0.000 ( 0.003)	Loss 2.7676e+00 (2.8915e+00)	Acc@1  27.34 ( 26.54)	Acc@5  64.84 ( 58.22)
[2022-03-01_19-14-11] Epoch: [2][384/390] 9 Compute flavour conv	Time  0.101 ( 0.104)	Data  0.000 ( 0.003)	Loss 2.6746e+00 (2.8451e+00)	Acc@1  25.78 ( 27.43)	Acc@5  61.72 ( 59.29)

----------------------------------------
-------- Training Epoch 2 Stats --------
----------------------------------------

+------------------------+-------------+-------------+-------------+
| Conv                   |   Avg. Loss |   Avg. Acc1 |   Avg. Acc5 |
+========================+=============+=============+=============+
| 9 Compute flavour conv |      2.8436 |       27.48 |       59.34 |
+------------------------+-------------+-------------+-------------+
[2022-03-01_19-14-12] Total Epoch 2 Time:  41.54 seconds

----------------------------------------
----------- Testing Epoch 2 ------------
----------------------------------------

[2022-03-01_19-14-13] Test: [ 0/79] 9 Compute flavour conv	Time  0.926 ( 0.051)	Loss 2.7781e+00 (2.7781e+00)	Acc@1  26.56 ( 26.56)	Acc@5  64.06 ( 64.06)

----------------------------------------
-------- Testing Epoch 2 Stats ---------
----------------------------------------

+------------------------+-------------+-------------+-------------+
| Conv                   |   Avg. Loss |   Avg. Acc1 |   Avg. Acc5 |
+========================+=============+=============+=============+
| 9 Compute flavour conv |      2.7662 |       29.75 |       63.02 |
+------------------------+-------------+-------------+-------------+
[2022-03-01_19-14-15] Total Test Time:   2.00 seconds

----------------------------------------
----------- Training Epoch 3 -----------
----------------------------------------

[2022-03-01_19-14-17] Epoch: [3][  0/390] 9 Compute flavour conv	Time  1.083 ( 0.105)	Data  0.962 ( 0.004)	Loss 2.2957e+00 (2.2957e+00)	Acc@1  39.06 ( 39.06)	Acc@5  76.56 ( 76.56)
[2022-03-01_19-14-30] Epoch: [3][128/390] 9 Compute flavour conv	Time  0.101 ( 0.105)	Data  0.000 ( 0.003)	Loss 2.6967e+00 (2.5887e+00)	Acc@1  34.38 ( 33.48)	Acc@5  66.41 ( 65.60)
[2022-03-01_19-14-43] Epoch: [3][256/390] 9 Compute flavour conv	Time  0.106 ( 0.105)	Data  0.000 ( 0.003)	Loss 2.3271e+00 (2.5526e+00)	Acc@1  32.81 ( 33.70)	Acc@5  75.00 ( 66.25)
[2022-03-01_19-14-56] Epoch: [3][384/390] 9 Compute flavour conv	Time  0.102 ( 0.104)	Data  0.000 ( 0.003)	Loss 2.1404e+00 (2.5168e+00)	Acc@1  43.75 ( 34.44)	Acc@5  72.66 ( 67.02)

----------------------------------------
-------- Training Epoch 3 Stats --------
----------------------------------------

+------------------------+-------------+-------------+-------------+
| Conv                   |   Avg. Loss |   Avg. Acc1 |   Avg. Acc5 |
+========================+=============+=============+=============+
| 9 Compute flavour conv |      2.5155 |       34.46 |       67.05 |
+------------------------+-------------+-------------+-------------+
[2022-03-01_19-14-57] Total Epoch 3 Time:  41.37 seconds

----------------------------------------
----------- Testing Epoch 3 ------------
----------------------------------------

[2022-03-01_19-14-58] Test: [ 0/79] 9 Compute flavour conv	Time  0.931 ( 0.050)	Loss 2.3768e+00 (2.3768e+00)	Acc@1  40.62 ( 40.62)	Acc@5  68.75 ( 68.75)

----------------------------------------
-------- Testing Epoch 3 Stats ---------
----------------------------------------

+------------------------+-------------+-------------+-------------+
| Conv                   |   Avg. Loss |   Avg. Acc1 |   Avg. Acc5 |
+========================+=============+=============+=============+
| 9 Compute flavour conv |      2.5761 |       33.84 |       65.56 |
+------------------------+-------------+-------------+-------------+
[2022-03-01_19-15-01] Total Test Time:   3.00 seconds

----------------------------------------
----------- Training Epoch 4 -----------
----------------------------------------

[2022-03-01_19-15-02] Epoch: [4][  0/390] 9 Compute flavour conv	Time  1.074 ( 0.105)	Data  0.917 ( 0.003)	Loss 2.3816e+00 (2.3816e+00)	Acc@1  39.06 ( 39.06)	Acc@5  70.31 ( 70.31)
[2022-03-01_19-15-15] Epoch: [4][128/390] 9 Compute flavour conv	Time  0.106 ( 0.105)	Data  0.000 ( 0.003)	Loss 2.3149e+00 (2.3014e+00)	Acc@1  42.97 ( 38.72)	Acc@5  67.97 ( 71.11)
[2022-03-01_19-15-28] Epoch: [4][256/390] 9 Compute flavour conv	Time  0.104 ( 0.105)	Data  0.000 ( 0.003)	Loss 2.2276e+00 (2.2805e+00)	Acc@1  39.84 ( 39.35)	Acc@5  72.66 ( 71.77)
[2022-03-01_19-15-42] Epoch: [4][384/390] 9 Compute flavour conv	Time  0.101 ( 0.105)	Data  0.000 ( 0.003)	Loss 2.2022e+00 (2.2489e+00)	Acc@1  36.72 ( 40.04)	Acc@5  79.69 ( 72.54)

----------------------------------------
-------- Training Epoch 4 Stats --------
----------------------------------------

+------------------------+-------------+-------------+-------------+
| Conv                   |   Avg. Loss |   Avg. Acc1 |   Avg. Acc5 |
+========================+=============+=============+=============+
| 9 Compute flavour conv |      2.2463 |       40.08 |       72.61 |
+------------------------+-------------+-------------+-------------+
[2022-03-01_19-15-42] Total Epoch 4 Time:  41.65 seconds

----------------------------------------
----------- Testing Epoch 4 ------------
----------------------------------------

[2022-03-01_19-15-43] Test: [ 0/79] 9 Compute flavour conv	Time  0.932 ( 0.049)	Loss 2.2567e+00 (2.2567e+00)	Acc@1  46.09 ( 46.09)	Acc@5  71.88 ( 71.88)

----------------------------------------
-------- Testing Epoch 4 Stats ---------
----------------------------------------

+------------------------+-------------+-------------+-------------+
| Conv                   |   Avg. Loss |   Avg. Acc1 |   Avg. Acc5 |
+========================+=============+=============+=============+
| 9 Compute flavour conv |      2.3513 |       39.79 |       70.86 |
+------------------------+-------------+-------------+-------------+
[2022-03-01_19-15-46] Total Test Time:   4.00 seconds

----------------------------------------
----------- Training Epoch 5 -----------
----------------------------------------

[2022-03-01_19-15-47] Epoch: [5][  0/390] 9 Compute flavour conv	Time  1.093 ( 0.105)	Data  0.934 ( 0.003)	Loss 1.7769e+00 (1.7769e+00)	Acc@1  50.00 ( 50.00)	Acc@5  82.81 ( 82.81)
[2022-03-01_19-16-01] Epoch: [5][128/390] 9 Compute flavour conv	Time  0.102 ( 0.105)	Data  0.000 ( 0.003)	Loss 2.0878e+00 (2.0783e+00)	Acc@1  46.88 ( 43.69)	Acc@5  78.12 ( 76.02)
[2022-03-01_19-16-14] Epoch: [5][256/390] 9 Compute flavour conv	Time  0.102 ( 0.105)	Data  0.000 ( 0.003)	Loss 1.9125e+00 (2.0653e+00)	Acc@1  50.78 ( 43.95)	Acc@5  77.34 ( 76.34)
[2022-03-01_19-16-27] Epoch: [5][384/390] 9 Compute flavour conv	Time  0.103 ( 0.105)	Data  0.000 ( 0.003)	Loss 2.1608e+00 (2.0360e+00)	Acc@1  42.19 ( 44.53)	Acc@5  69.53 ( 76.86)

----------------------------------------
-------- Training Epoch 5 Stats --------
----------------------------------------

+------------------------+-------------+-------------+-------------+
| Conv                   |   Avg. Loss |   Avg. Acc1 |   Avg. Acc5 |
+========================+=============+=============+=============+
| 9 Compute flavour conv |      2.0347 |       44.54 |       76.87 |
+------------------------+-------------+-------------+-------------+
[2022-03-01_19-16-28] Total Epoch 5 Time:  41.35 seconds

----------------------------------------
----------- Testing Epoch 5 ------------
----------------------------------------

[2022-03-01_19-16-29] Test: [ 0/79] 9 Compute flavour conv	Time  0.919 ( 0.048)	Loss 2.2837e+00 (2.2837e+00)	Acc@1  43.75 ( 43.75)	Acc@5  72.66 ( 72.66)

----------------------------------------
-------- Testing Epoch 5 Stats ---------
----------------------------------------

+------------------------+-------------+-------------+-------------+
| Conv                   |   Avg. Loss |   Avg. Acc1 |   Avg. Acc5 |
+========================+=============+=============+=============+
| 9 Compute flavour conv |      2.2496 |       41.81 |       74.44 |
+------------------------+-------------+-------------+-------------+
[2022-03-01_19-16-31] Total Test Time:   5.00 seconds

----------------------------------------
----------- Training Epoch 6 -----------
----------------------------------------

[2022-03-01_19-16-33] Epoch: [6][  0/390] 9 Compute flavour conv	Time  1.131 ( 0.105)	Data  0.973 ( 0.003)	Loss 1.6627e+00 (1.6627e+00)	Acc@1  50.78 ( 50.78)	Acc@5  84.38 ( 84.38)
[2022-03-01_19-16-46] Epoch: [6][128/390] 9 Compute flavour conv	Time  0.102 ( 0.105)	Data  0.000 ( 0.003)	Loss 1.8619e+00 (1.8825e+00)	Acc@1  51.56 ( 48.48)	Acc@5  75.78 ( 79.76)
[2022-03-01_19-16-59] Epoch: [6][256/390] 9 Compute flavour conv	Time  0.101 ( 0.105)	Data  0.000 ( 0.003)	Loss 1.8008e+00 (1.8807e+00)	Acc@1  51.56 ( 48.37)	Acc@5  82.03 ( 79.78)
[2022-03-01_19-17-12] Epoch: [6][384/390] 9 Compute flavour conv	Time  0.101 ( 0.105)	Data  0.000 ( 0.003)	Loss 1.6621e+00 (1.8664e+00)	Acc@1  50.78 ( 48.73)	Acc@5  82.81 ( 80.03)

----------------------------------------
-------- Training Epoch 6 Stats --------
----------------------------------------

+------------------------+-------------+-------------+-------------+
| Conv                   |   Avg. Loss |   Avg. Acc1 |   Avg. Acc5 |
+========================+=============+=============+=============+
| 9 Compute flavour conv |      1.8671 |       48.73 |       80.02 |
+------------------------+-------------+-------------+-------------+
[2022-03-01_19-17-13] Total Epoch 6 Time:  41.56 seconds

----------------------------------------
----------- Testing Epoch 6 ------------
----------------------------------------

[2022-03-01_19-17-14] Test: [ 0/79] 9 Compute flavour conv	Time  0.927 ( 0.048)	Loss 2.0483e+00 (2.0483e+00)	Acc@1  48.44 ( 48.44)	Acc@5  75.78 ( 75.78)

----------------------------------------
-------- Testing Epoch 6 Stats ---------
----------------------------------------

+------------------------+-------------+-------------+-------------+
| Conv                   |   Avg. Loss |   Avg. Acc1 |   Avg. Acc5 |
+========================+=============+=============+=============+
| 9 Compute flavour conv |       2.063 |       45.27 |       76.73 |
+------------------------+-------------+-------------+-------------+
[2022-03-01_19-17-17] Total Test Time:   6.00 seconds

----------------------------------------
----------- Training Epoch 7 -----------
----------------------------------------

[2022-03-01_19-17-18] Epoch: [7][  0/390] 9 Compute flavour conv	Time  1.090 ( 0.105)	Data  0.917 ( 0.003)	Loss 1.6011e+00 (1.6011e+00)	Acc@1  55.47 ( 55.47)	Acc@5  81.25 ( 81.25)
[2022-03-01_19-17-31] Epoch: [7][128/390] 9 Compute flavour conv	Time  0.105 ( 0.105)	Data  0.000 ( 0.003)	Loss 1.7723e+00 (1.7436e+00)	Acc@1  49.22 ( 51.62)	Acc@5  81.25 ( 82.31)
[2022-03-01_19-17-45] Epoch: [7][256/390] 9 Compute flavour conv	Time  0.108 ( 0.105)	Data  0.000 ( 0.003)	Loss 1.7863e+00 (1.7271e+00)	Acc@1  50.00 ( 51.99)	Acc@5  82.03 ( 82.61)
[2022-03-01_19-18-05] Epoch: [7][384/390] 9 Compute flavour conv	Time  0.475 ( 0.108)	Data  0.000 ( 0.003)	Loss 1.7163e+00 (1.7114e+00)	Acc@1  51.56 ( 52.35)	Acc@5  85.94 ( 82.89)

----------------------------------------
-------- Training Epoch 7 Stats --------
----------------------------------------

+------------------------+-------------+-------------+-------------+
| Conv                   |   Avg. Loss |   Avg. Acc1 |   Avg. Acc5 |
+========================+=============+=============+=============+
| 9 Compute flavour conv |      1.7118 |       52.33 |       82.87 |
+------------------------+-------------+-------------+-------------+
[2022-03-01_19-18-08] Total Epoch 7 Time:  51.27 seconds

----------------------------------------
----------- Testing Epoch 7 ------------
----------------------------------------

[2022-03-01_19-18-09] Test: [ 0/79] 9 Compute flavour conv	Time  1.121 ( 0.048)	Loss 1.8765e+00 (1.8765e+00)	Acc@1  47.66 ( 47.66)	Acc@5  80.47 ( 80.47)

----------------------------------------
-------- Testing Epoch 7 Stats ---------
----------------------------------------

+------------------------+-------------+-------------+-------------+
| Conv                   |   Avg. Loss |   Avg. Acc1 |   Avg. Acc5 |
+========================+=============+=============+=============+
| 9 Compute flavour conv |      1.9941 |       47.23 |       78.57 |
+------------------------+-------------+-------------+-------------+
[2022-03-01_19-18-25] Total Test Time:   7.00 seconds

----------------------------------------
----------- Training Epoch 8 -----------
----------------------------------------

[2022-03-01_19-18-26] Epoch: [8][  0/390] 9 Compute flavour conv	Time  1.527 ( 0.109)	Data  0.987 ( 0.003)	Loss 1.4813e+00 (1.4813e+00)	Acc@1  57.03 ( 57.03)	Acc@5  84.38 ( 84.38)
[2022-03-01_19-19-20] Epoch: [8][128/390] 9 Compute flavour conv	Time  0.102 ( 0.121)	Data  0.000 ( 0.003)	Loss 1.7426e+00 (1.5943e+00)	Acc@1  53.12 ( 54.94)	Acc@5  81.25 ( 84.81)
[2022-03-01_19-19-47] Epoch: [8][256/390] 9 Compute flavour conv	Time  0.493 ( 0.125)	Data  0.000 ( 0.003)	Loss 1.6618e+00 (1.5949e+00)	Acc@1  51.56 ( 55.04)	Acc@5  86.72 ( 84.97)
[2022-03-01_19-20-49] Epoch: [8][384/390] 9 Compute flavour conv	Time  0.469 ( 0.138)	Data  0.000 ( 0.003)	Loss 1.4079e+00 (1.5971e+00)	Acc@1  55.47 ( 54.97)	Acc@5  89.06 ( 84.84)

----------------------------------------
-------- Training Epoch 8 Stats --------
----------------------------------------

+------------------------+-------------+-------------+-------------+
| Conv                   |   Avg. Loss |   Avg. Acc1 |   Avg. Acc5 |
+========================+=============+=============+=============+
| 9 Compute flavour conv |      1.5967 |       54.98 |       84.85 |
+------------------------+-------------+-------------+-------------+
[2022-03-01_19-20-52] Total Epoch 8 Time: 147.02 seconds

----------------------------------------
----------- Testing Epoch 8 ------------
----------------------------------------

[2022-03-01_19-20-53] Test: [ 0/79] 9 Compute flavour conv	Time  1.102 ( 0.068)	Loss 1.8033e+00 (1.8033e+00)	Acc@1  52.34 ( 52.34)	Acc@5  82.81 ( 82.81)

----------------------------------------
-------- Testing Epoch 8 Stats ---------
----------------------------------------

+------------------------+-------------+-------------+-------------+
| Conv                   |   Avg. Loss |   Avg. Acc1 |   Avg. Acc5 |
+========================+=============+=============+=============+
| 9 Compute flavour conv |      1.9625 |       48.83 |        79.7 |
+------------------------+-------------+-------------+-------------+
[2022-03-01_19-21-08] Total Test Time:   8.00 seconds

----------------------------------------
----------- Training Epoch 9 -----------
----------------------------------------

[2022-03-01_19-21-10] Epoch: [9][  0/390] 9 Compute flavour conv	Time  1.529 ( 0.139)	Data  1.008 ( 0.003)	Loss 1.3461e+00 (1.3461e+00)	Acc@1  56.25 ( 56.25)	Acc@5  92.97 ( 92.97)
[2022-03-01_19-21-30] Epoch: [9][128/390] 9 Compute flavour conv	Time  0.105 ( 0.139)	Data  0.000 ( 0.003)	Loss 1.5223e+00 (1.4956e+00)	Acc@1  54.69 ( 57.41)	Acc@5  82.03 ( 86.16)
[2022-03-01_19-21-57] Epoch: [9][256/390] 9 Compute flavour conv	Time  0.505 ( 0.142)	Data  0.000 ( 0.003)	Loss 1.1188e+00 (1.4817e+00)	Acc@1  67.97 ( 57.92)	Acc@5  93.75 ( 86.55)
[2022-03-01_19-22-59] Epoch: [9][384/390] 9 Compute flavour conv	Time  0.505 ( 0.153)	Data  0.000 ( 0.003)	Loss 1.2777e+00 (1.4768e+00)	Acc@1  57.81 ( 58.04)	Acc@5  93.75 ( 86.56)

----------------------------------------
-------- Training Epoch 9 Stats --------
----------------------------------------

+------------------------+-------------+-------------+-------------+
| Conv                   |   Avg. Loss |   Avg. Acc1 |   Avg. Acc5 |
+========================+=============+=============+=============+
| 9 Compute flavour conv |      1.4784 |       58.01 |       86.53 |
+------------------------+-------------+-------------+-------------+
[2022-03-01_19-23-02] Total Epoch 9 Time: 113.38 seconds

----------------------------------------
----------- Testing Epoch 9 ------------
----------------------------------------

[2022-03-01_19-23-03] Test: [ 0/79] 9 Compute flavour conv	Time  1.125 ( 0.083)	Loss 1.7985e+00 (1.7985e+00)	Acc@1  53.91 ( 53.91)	Acc@5  79.69 ( 79.69)

----------------------------------------
-------- Testing Epoch 9 Stats ---------
----------------------------------------

+------------------------+-------------+-------------+-------------+
| Conv                   |   Avg. Loss |   Avg. Acc1 |   Avg. Acc5 |
+========================+=============+=============+=============+
| 9 Compute flavour conv |      1.8132 |       51.68 |        81.6 |
+------------------------+-------------+-------------+-------------+
[2022-03-01_19-23-18] Total Test Time:   9.00 seconds

----------------------------------------
---------- Training Epoch 10 -----------
----------------------------------------

[2022-03-01_19-23-20] Epoch: [10][  0/390] 9 Compute flavour conv	Time  1.535 ( 0.154)	Data  1.049 ( 0.003)	Loss 1.2238e+00 (1.2238e+00)	Acc@1  64.06 ( 64.06)	Acc@5  89.84 ( 89.84)
[2022-03-01_19-23-56] Epoch: [10][128/390] 9 Compute flavour conv	Time  0.106 ( 0.158)	Data  0.000 ( 0.003)	Loss 1.2603e+00 (1.3713e+00)	Acc@1  67.19 ( 60.66)	Acc@5  91.41 ( 88.34)
[2022-03-01_19-24-09] Epoch: [10][256/390] 9 Compute flavour conv	Time  0.102 ( 0.156)	Data  0.000 ( 0.003)	Loss 1.4686e+00 (1.3822e+00)	Acc@1  55.47 ( 60.60)	Acc@5  88.28 ( 88.20)
[2022-03-01_19-24-22] Epoch: [10][384/390] 9 Compute flavour conv	Time  0.102 ( 0.154)	Data  0.000 ( 0.003)	Loss 1.1424e+00 (1.3850e+00)	Acc@1  69.53 ( 60.40)	Acc@5  90.62 ( 88.15)

----------------------------------------
------- Training Epoch 10 Stats --------
----------------------------------------

+------------------------+-------------+-------------+-------------+
| Conv                   |   Avg. Loss |   Avg. Acc1 |   Avg. Acc5 |
+========================+=============+=============+=============+
| 9 Compute flavour conv |      1.3847 |       60.38 |       88.17 |
+------------------------+-------------+-------------+-------------+
[2022-03-01_19-24-23] Total Epoch 10 Time:  64.71 seconds

----------------------------------------
----------- Testing Epoch 10 -----------
----------------------------------------

[2022-03-01_19-24-24] Test: [ 0/79] 9 Compute flavour conv	Time  0.933 ( 0.095)	Loss 1.6025e+00 (1.6025e+00)	Acc@1  57.03 ( 57.03)	Acc@5  84.38 ( 84.38)

----------------------------------------
-------- Testing Epoch 10 Stats --------
----------------------------------------

+------------------------+-------------+-------------+-------------+
| Conv                   |   Avg. Loss |   Avg. Acc1 |   Avg. Acc5 |
+========================+=============+=============+=============+
| 9 Compute flavour conv |      1.7307 |       53.92 |       82.91 |
+------------------------+-------------+-------------+-------------+
[2022-03-01_19-24-27] Total Test Time:  10.00 seconds

----------------------------------------
---------- Training Epoch 11 -----------
----------------------------------------

[2022-03-01_19-24-28] Epoch: [11][  0/390] 9 Compute flavour conv	Time  1.083 ( 0.155)	Data  0.935 ( 0.003)	Loss 1.2189e+00 (1.2189e+00)	Acc@1  64.84 ( 64.84)	Acc@5  92.97 ( 92.97)
[2022-03-01_19-24-41] Epoch: [11][128/390] 9 Compute flavour conv	Time  0.102 ( 0.153)	Data  0.000 ( 0.003)	Loss 1.3397e+00 (1.2835e+00)	Acc@1  61.72 ( 62.74)	Acc@5  89.06 ( 89.50)
[2022-03-01_19-24-54] Epoch: [11][256/390] 9 Compute flavour conv	Time  0.102 ( 0.152)	Data  0.000 ( 0.003)	Loss 1.4572e+00 (1.2959e+00)	Acc@1  60.94 ( 62.17)	Acc@5  84.38 ( 89.34)
[2022-03-01_19-25-07] Epoch: [11][384/390] 9 Compute flavour conv	Time  0.107 ( 0.150)	Data  0.000 ( 0.003)	Loss 1.3307e+00 (1.2973e+00)	Acc@1  57.81 ( 62.20)	Acc@5  87.50 ( 89.32)

----------------------------------------
------- Training Epoch 11 Stats --------
----------------------------------------

+------------------------+-------------+-------------+-------------+
| Conv                   |   Avg. Loss |   Avg. Acc1 |   Avg. Acc5 |
+========================+=============+=============+=============+
| 9 Compute flavour conv |      1.2978 |        62.2 |       89.31 |
+------------------------+-------------+-------------+-------------+
[2022-03-01_19-25-08] Total Epoch 11 Time:  41.21 seconds

----------------------------------------
----------- Testing Epoch 11 -----------
----------------------------------------

[2022-03-01_19-25-09] Test: [ 0/79] 9 Compute flavour conv	Time  0.923 ( 0.091)	Loss 1.7105e+00 (1.7105e+00)	Acc@1  56.25 ( 56.25)	Acc@5  84.38 ( 84.38)

----------------------------------------
-------- Testing Epoch 11 Stats --------
----------------------------------------

+------------------------+-------------+-------------+-------------+
| Conv                   |   Avg. Loss |   Avg. Acc1 |   Avg. Acc5 |
+========================+=============+=============+=============+
| 9 Compute flavour conv |      1.7711 |       53.83 |       82.64 |
+------------------------+-------------+-------------+-------------+
[2022-03-01_19-25-12] Total Test Time:  11.00 seconds

----------------------------------------
---------- Training Epoch 12 -----------
----------------------------------------

[2022-03-01_19-25-13] Epoch: [12][  0/390] 9 Compute flavour conv	Time  1.094 ( 0.151)	Data  0.973 ( 0.003)	Loss 1.2398e+00 (1.2398e+00)	Acc@1  67.97 ( 67.97)	Acc@5  90.62 ( 90.62)
[2022-03-01_19-25-26] Epoch: [12][128/390] 9 Compute flavour conv	Time  0.101 ( 0.149)	Data  0.000 ( 0.003)	Loss 1.1852e+00 (1.2158e+00)	Acc@1  61.72 ( 64.40)	Acc@5  91.41 ( 90.56)
[2022-03-01_19-25-39] Epoch: [12][256/390] 9 Compute flavour conv	Time  0.104 ( 0.148)	Data  0.000 ( 0.003)	Loss 1.3151e+00 (1.2321e+00)	Acc@1  64.84 ( 64.21)	Acc@5  87.50 ( 90.35)
[2022-03-01_19-25-53] Epoch: [12][384/390] 9 Compute flavour conv	Time  0.101 ( 0.147)	Data  0.000 ( 0.003)	Loss 1.1877e+00 (1.2275e+00)	Acc@1  67.19 ( 64.35)	Acc@5  91.41 ( 90.41)

----------------------------------------
------- Training Epoch 12 Stats --------
----------------------------------------

+------------------------+-------------+-------------+-------------+
| Conv                   |   Avg. Loss |   Avg. Acc1 |   Avg. Acc5 |
+========================+=============+=============+=============+
| 9 Compute flavour conv |      1.2281 |        64.3 |       90.41 |
+------------------------+-------------+-------------+-------------+
[2022-03-01_19-25-53] Total Epoch 12 Time:  41.79 seconds

----------------------------------------
----------- Testing Epoch 12 -----------
----------------------------------------

[2022-03-01_19-25-54] Test: [ 0/79] 9 Compute flavour conv	Time  0.947 ( 0.087)	Loss 1.7256e+00 (1.7256e+00)	Acc@1  57.03 ( 57.03)	Acc@5  79.69 ( 79.69)

----------------------------------------
-------- Testing Epoch 12 Stats --------
----------------------------------------

+------------------------+-------------+-------------+-------------+
| Conv                   |   Avg. Loss |   Avg. Acc1 |   Avg. Acc5 |
+========================+=============+=============+=============+
| 9 Compute flavour conv |      1.8988 |       52.33 |       81.28 |
+------------------------+-------------+-------------+-------------+
[2022-03-01_19-25-57] Total Test Time:  12.00 seconds

----------------------------------------
---------- Training Epoch 13 -----------
----------------------------------------

[2022-03-01_19-25-58] Epoch: [13][  0/390] 9 Compute flavour conv	Time  1.102 ( 0.147)	Data  0.981 ( 0.003)	Loss 1.1789e+00 (1.1789e+00)	Acc@1  61.72 ( 61.72)	Acc@5  92.19 ( 92.19)
[2022-03-01_19-26-12] Epoch: [13][128/390] 9 Compute flavour conv	Time  0.108 ( 0.146)	Data  0.000 ( 0.003)	Loss 1.2649e+00 (1.1194e+00)	Acc@1  60.94 ( 66.81)	Acc@5  90.62 ( 91.98)
[2022-03-01_19-26-25] Epoch: [13][256/390] 9 Compute flavour conv	Time  0.105 ( 0.145)	Data  0.000 ( 0.003)	Loss 1.0044e+00 (1.1409e+00)	Acc@1  71.88 ( 66.38)	Acc@5  92.97 ( 91.72)
[2022-03-01_19-26-38] Epoch: [13][384/390] 9 Compute flavour conv	Time  0.104 ( 0.144)	Data  0.000 ( 0.003)	Loss 9.6564e-01 (1.1452e+00)	Acc@1  68.75 ( 66.36)	Acc@5  93.75 ( 91.58)

----------------------------------------
------- Training Epoch 13 Stats --------
----------------------------------------

+------------------------+-------------+-------------+-------------+
| Conv                   |   Avg. Loss |   Avg. Acc1 |   Avg. Acc5 |
+========================+=============+=============+=============+
| 9 Compute flavour conv |      1.1464 |       66.33 |       91.56 |
+------------------------+-------------+-------------+-------------+
[2022-03-01_19-26-39] Total Epoch 13 Time:  41.56 seconds

----------------------------------------
----------- Testing Epoch 13 -----------
----------------------------------------

[2022-03-01_19-26-40] Test: [ 0/79] 9 Compute flavour conv	Time  0.922 ( 0.084)	Loss 1.6000e+00 (1.6000e+00)	Acc@1  59.38 ( 59.38)	Acc@5  84.38 ( 84.38)

----------------------------------------
-------- Testing Epoch 13 Stats --------
----------------------------------------

+------------------------+-------------+-------------+-------------+
| Conv                   |   Avg. Loss |   Avg. Acc1 |   Avg. Acc5 |
+========================+=============+=============+=============+
| 9 Compute flavour conv |      1.7066 |       55.34 |       83.51 |
+------------------------+-------------+-------------+-------------+
[2022-03-01_19-26-43] Total Test Time:  13.00 seconds

----------------------------------------
---------- Training Epoch 14 -----------
----------------------------------------

[2022-03-01_19-26-44] Epoch: [14][  0/390] 9 Compute flavour conv	Time  1.100 ( 0.144)	Data  0.961 ( 0.003)	Loss 1.1075e+00 (1.1075e+00)	Acc@1  70.31 ( 70.31)	Acc@5  91.41 ( 91.41)
[2022-03-01_19-26-57] Epoch: [14][128/390] 9 Compute flavour conv	Time  0.102 ( 0.143)	Data  0.000 ( 0.003)	Loss 8.8096e-01 (1.0692e+00)	Acc@1  78.12 ( 68.72)	Acc@5  94.53 ( 92.61)
[2022-03-01_19-27-10] Epoch: [14][256/390] 9 Compute flavour conv	Time  0.105 ( 0.142)	Data  0.000 ( 0.003)	Loss 9.2894e-01 (1.0720e+00)	Acc@1  75.00 ( 68.42)	Acc@5  92.97 ( 92.57)
[2022-03-01_19-27-24] Epoch: [14][384/390] 9 Compute flavour conv	Time  0.102 ( 0.142)	Data  0.000 ( 0.003)	Loss 9.7010e-01 (1.0836e+00)	Acc@1  71.88 ( 68.01)	Acc@5  92.97 ( 92.40)

----------------------------------------
------- Training Epoch 14 Stats --------
----------------------------------------

+------------------------+-------------+-------------+-------------+
| Conv                   |   Avg. Loss |   Avg. Acc1 |   Avg. Acc5 |
+========================+=============+=============+=============+
| 9 Compute flavour conv |      1.0845 |       68.02 |       92.37 |
+------------------------+-------------+-------------+-------------+
[2022-03-01_19-27-24] Total Epoch 14 Time:  41.71 seconds

----------------------------------------
----------- Testing Epoch 14 -----------
----------------------------------------

[2022-03-01_19-27-25] Test: [ 0/79] 9 Compute flavour conv	Time  0.938 ( 0.081)	Loss 1.8122e+00 (1.8122e+00)	Acc@1  59.38 ( 59.38)	Acc@5  77.34 ( 77.34)

----------------------------------------
-------- Testing Epoch 14 Stats --------
----------------------------------------

+------------------------+-------------+-------------+-------------+
| Conv                   |   Avg. Loss |   Avg. Acc1 |   Avg. Acc5 |
+========================+=============+=============+=============+
| 9 Compute flavour conv |      1.6817 |       56.92 |        84.7 |
+------------------------+-------------+-------------+-------------+
[2022-03-01_19-27-28] Total Test Time:  14.00 seconds

----------------------------------------
---------- Training Epoch 15 -----------
----------------------------------------

[2022-03-01_19-27-29] Epoch: [15][  0/390] 9 Compute flavour conv	Time  1.053 ( 0.142)	Data  0.934 ( 0.003)	Loss 9.1125e-01 (9.1125e-01)	Acc@1  68.75 ( 68.75)	Acc@5  95.31 ( 95.31)
[2022-03-01_19-27-43] Epoch: [15][128/390] 9 Compute flavour conv	Time  0.106 ( 0.141)	Data  0.000 ( 0.003)	Loss 1.0741e+00 (9.8373e-01)	Acc@1  72.66 ( 70.84)	Acc@5  89.84 ( 93.27)
[2022-03-01_19-27-56] Epoch: [15][256/390] 9 Compute flavour conv	Time  0.106 ( 0.140)	Data  0.000 ( 0.003)	Loss 9.5470e-01 (1.0061e+00)	Acc@1  69.53 ( 70.07)	Acc@5  97.66 ( 93.27)
[2022-03-01_19-28-09] Epoch: [15][384/390] 9 Compute flavour conv	Time  0.101 ( 0.139)	Data  0.000 ( 0.003)	Loss 1.0850e+00 (1.0211e+00)	Acc@1  67.19 ( 69.45)	Acc@5  91.41 ( 93.12)

----------------------------------------
------- Training Epoch 15 Stats --------
----------------------------------------

+------------------------+-------------+-------------+-------------+
| Conv                   |   Avg. Loss |   Avg. Acc1 |   Avg. Acc5 |
+========================+=============+=============+=============+
| 9 Compute flavour conv |      1.0212 |       69.45 |       93.11 |
+------------------------+-------------+-------------+-------------+
[2022-03-01_19-28-10] Total Epoch 15 Time:  41.59 seconds

----------------------------------------
----------- Testing Epoch 15 -----------
----------------------------------------

[2022-03-01_19-28-11] Test: [ 0/79] 9 Compute flavour conv	Time  0.920 ( 0.079)	Loss 1.6471e+00 (1.6471e+00)	Acc@1  64.06 ( 64.06)	Acc@5  89.06 ( 89.06)

----------------------------------------
-------- Testing Epoch 15 Stats --------
----------------------------------------

+------------------------+-------------+-------------+-------------+
| Conv                   |   Avg. Loss |   Avg. Acc1 |   Avg. Acc5 |
+========================+=============+=============+=============+
| 9 Compute flavour conv |      1.8694 |       54.32 |       82.88 |
+------------------------+-------------+-------------+-------------+
[2022-03-01_19-28-14] Total Test Time:  15.00 seconds

----------------------------------------
---------- Training Epoch 16 -----------
----------------------------------------

[2022-03-01_19-28-15] Epoch: [16][  0/390] 9 Compute flavour conv	Time  1.102 ( 0.139)	Data  0.960 ( 0.003)	Loss 7.4204e-01 (7.4204e-01)	Acc@1  76.56 ( 76.56)	Acc@5  94.53 ( 94.53)
[2022-03-01_19-28-28] Epoch: [16][128/390] 9 Compute flavour conv	Time  0.103 ( 0.139)	Data  0.000 ( 0.003)	Loss 1.0081e+00 (9.3954e-01)	Acc@1  74.22 ( 71.99)	Acc@5  92.97 ( 94.00)
[2022-03-01_19-28-41] Epoch: [16][256/390] 9 Compute flavour conv	Time  0.102 ( 0.138)	Data  0.000 ( 0.003)	Loss 1.0694e+00 (9.4868e-01)	Acc@1  67.19 ( 71.63)	Acc@5  92.19 ( 94.00)
[2022-03-01_19-28-55] Epoch: [16][384/390] 9 Compute flavour conv	Time  0.100 ( 0.137)	Data  0.000 ( 0.003)	Loss 1.0153e+00 (9.6650e-01)	Acc@1  69.53 ( 70.97)	Acc@5  94.53 ( 93.84)

----------------------------------------
------- Training Epoch 16 Stats --------
----------------------------------------

+------------------------+-------------+-------------+-------------+
| Conv                   |   Avg. Loss |   Avg. Acc1 |   Avg. Acc5 |
+========================+=============+=============+=============+
| 9 Compute flavour conv |     0.96582 |          71 |       93.83 |
+------------------------+-------------+-------------+-------------+
[2022-03-01_19-28-55] Total Epoch 16 Time:  41.71 seconds

----------------------------------------
----------- Testing Epoch 16 -----------
----------------------------------------

[2022-03-01_19-28-56] Test: [ 0/79] 9 Compute flavour conv	Time  0.928 ( 0.077)	Loss 1.4225e+00 (1.4225e+00)	Acc@1  64.84 ( 64.84)	Acc@5  85.94 ( 85.94)

----------------------------------------
-------- Testing Epoch 16 Stats --------
----------------------------------------

+------------------------+-------------+-------------+-------------+
| Conv                   |   Avg. Loss |   Avg. Acc1 |   Avg. Acc5 |
+========================+=============+=============+=============+
| 9 Compute flavour conv |      1.5304 |       60.57 |       86.12 |
+------------------------+-------------+-------------+-------------+
[2022-03-01_19-28-59] Total Test Time:  16.00 seconds

----------------------------------------
---------- Training Epoch 17 -----------
----------------------------------------

[2022-03-01_19-29-00] Epoch: [17][  0/390] 9 Compute flavour conv	Time  1.083 ( 0.138)	Data  0.931 ( 0.003)	Loss 8.5533e-01 (8.5533e-01)	Acc@1  70.31 ( 70.31)	Acc@5  95.31 ( 95.31)
[2022-03-01_19-29-13] Epoch: [17][128/390] 9 Compute flavour conv	Time  0.102 ( 0.137)	Data  0.000 ( 0.003)	Loss 9.3700e-01 (8.7835e-01)	Acc@1  76.56 ( 73.61)	Acc@5  94.53 ( 94.73)
[2022-03-01_19-29-27] Epoch: [17][256/390] 9 Compute flavour conv	Time  0.102 ( 0.136)	Data  0.000 ( 0.003)	Loss 1.0365e+00 (8.9921e-01)	Acc@1  67.97 ( 72.82)	Acc@5  91.41 ( 94.62)
[2022-03-01_19-29-40] Epoch: [17][384/390] 9 Compute flavour conv	Time  0.102 ( 0.136)	Data  0.000 ( 0.003)	Loss 7.9432e-01 (9.0476e-01)	Acc@1  79.69 ( 72.71)	Acc@5  94.53 ( 94.54)

----------------------------------------
------- Training Epoch 17 Stats --------
----------------------------------------

+------------------------+-------------+-------------+-------------+
| Conv                   |   Avg. Loss |   Avg. Acc1 |   Avg. Acc5 |
+========================+=============+=============+=============+
| 9 Compute flavour conv |     0.90518 |       72.72 |       94.53 |
+------------------------+-------------+-------------+-------------+
[2022-03-01_19-29-41] Total Epoch 17 Time:  41.25 seconds

----------------------------------------
----------- Testing Epoch 17 -----------
----------------------------------------

[2022-03-01_19-29-41] Test: [ 0/79] 9 Compute flavour conv	Time  0.924 ( 0.075)	Loss 1.6765e+00 (1.6765e+00)	Acc@1  60.16 ( 60.16)	Acc@5  82.03 ( 82.03)

----------------------------------------
-------- Testing Epoch 17 Stats --------
----------------------------------------

+------------------------+-------------+-------------+-------------+
| Conv                   |   Avg. Loss |   Avg. Acc1 |   Avg. Acc5 |
+========================+=============+=============+=============+
| 9 Compute flavour conv |      1.6658 |       58.49 |       85.89 |
+------------------------+-------------+-------------+-------------+
[2022-03-01_19-29-44] Total Test Time:  17.00 seconds

----------------------------------------
---------- Training Epoch 18 -----------
----------------------------------------

[2022-03-01_19-29-45] Epoch: [18][  0/390] 9 Compute flavour conv	Time  1.078 ( 0.136)	Data  0.956 ( 0.003)	Loss 1.0102e+00 (1.0102e+00)	Acc@1  71.09 ( 71.09)	Acc@5  94.53 ( 94.53)
[2022-03-01_19-29-59] Epoch: [18][128/390] 9 Compute flavour conv	Time  0.103 ( 0.135)	Data  0.000 ( 0.003)	Loss 8.3433e-01 (8.2600e-01)	Acc@1  73.44 ( 74.78)	Acc@5  96.09 ( 95.35)
[2022-03-01_19-30-12] Epoch: [18][256/390] 9 Compute flavour conv	Time  0.106 ( 0.135)	Data  0.000 ( 0.003)	Loss 7.4828e-01 (8.3741e-01)	Acc@1  79.69 ( 74.52)	Acc@5  96.88 ( 95.26)
[2022-03-01_19-30-25] Epoch: [18][384/390] 9 Compute flavour conv	Time  0.104 ( 0.134)	Data  0.000 ( 0.003)	Loss 8.2797e-01 (8.5060e-01)	Acc@1  78.91 ( 74.16)	Acc@5  95.31 ( 95.15)

----------------------------------------
------- Training Epoch 18 Stats --------
----------------------------------------

+------------------------+-------------+-------------+-------------+
| Conv                   |   Avg. Loss |   Avg. Acc1 |   Avg. Acc5 |
+========================+=============+=============+=============+
| 9 Compute flavour conv |     0.85179 |       74.13 |       95.15 |
+------------------------+-------------+-------------+-------------+
[2022-03-01_19-30-26] Total Epoch 18 Time:  41.60 seconds

----------------------------------------
----------- Testing Epoch 18 -----------
----------------------------------------

[2022-03-01_19-30-27] Test: [ 0/79] 9 Compute flavour conv	Time  0.946 ( 0.073)	Loss 1.5333e+00 (1.5333e+00)	Acc@1  63.28 ( 63.28)	Acc@5  82.81 ( 82.81)

----------------------------------------
-------- Testing Epoch 18 Stats --------
----------------------------------------

+------------------------+-------------+-------------+-------------+
| Conv                   |   Avg. Loss |   Avg. Acc1 |   Avg. Acc5 |
+========================+=============+=============+=============+
| 9 Compute flavour conv |      1.6482 |       59.42 |       86.26 |
+------------------------+-------------+-------------+-------------+
[2022-03-01_19-30-30] Total Test Time:  18.00 seconds

----------------------------------------
---------- Training Epoch 19 -----------
----------------------------------------

[2022-03-01_19-30-31] Epoch: [19][  0/390] 9 Compute flavour conv	Time  1.088 ( 0.134)	Data  0.970 ( 0.003)	Loss 9.0289e-01 (9.0289e-01)	Acc@1  76.56 ( 76.56)	Acc@5  93.75 ( 93.75)
[2022-03-01_19-30-44] Epoch: [19][128/390] 9 Compute flavour conv	Time  0.105 ( 0.134)	Data  0.000 ( 0.003)	Loss 9.1381e-01 (7.6659e-01)	Acc@1  74.22 ( 76.70)	Acc@5  92.19 ( 95.91)
[2022-03-01_19-30-58] Epoch: [19][256/390] 9 Compute flavour conv	Time  0.102 ( 0.133)	Data  0.000 ( 0.003)	Loss 9.3380e-01 (7.8391e-01)	Acc@1  71.09 ( 75.96)	Acc@5  93.75 ( 95.82)
[2022-03-01_19-31-11] Epoch: [19][384/390] 9 Compute flavour conv	Time  0.102 ( 0.133)	Data  0.000 ( 0.003)	Loss 7.2313e-01 (7.9464e-01)	Acc@1  78.12 ( 75.69)	Acc@5  95.31 ( 95.70)

----------------------------------------
------- Training Epoch 19 Stats --------
----------------------------------------

+------------------------+-------------+-------------+-------------+
| Conv                   |   Avg. Loss |   Avg. Acc1 |   Avg. Acc5 |
+========================+=============+=============+=============+
| 9 Compute flavour conv |      0.7961 |       75.65 |       95.69 |
+------------------------+-------------+-------------+-------------+
[2022-03-01_19-31-11] Total Epoch 19 Time:  41.51 seconds

----------------------------------------
----------- Testing Epoch 19 -----------
----------------------------------------

[2022-03-01_19-31-12] Test: [ 0/79] 9 Compute flavour conv	Time  0.948 ( 0.072)	Loss 1.3407e+00 (1.3407e+00)	Acc@1  62.50 ( 62.50)	Acc@5  88.28 ( 88.28)

----------------------------------------
-------- Testing Epoch 19 Stats --------
----------------------------------------

+------------------------+-------------+-------------+-------------+
| Conv                   |   Avg. Loss |   Avg. Acc1 |   Avg. Acc5 |
+========================+=============+=============+=============+
| 9 Compute flavour conv |      1.4788 |       61.85 |       87.13 |
+------------------------+-------------+-------------+-------------+
[2022-03-01_19-31-15] Total Test Time:  19.00 seconds
