[2022-03-01_02-22-38] main.py --action TRAINING --arch resnet18-cifar100 --epoch 200 --batch_size 128 --seed 345 --compute_flavour 1 --v 1 --WD 5e-6 --GAMMA 0.1 --MOMENTUM 0.5 --distributed 0 --gpu 1 --layer 1

[2022-03-01_02-22-38] arch=resnet18, dataset=cifar100, desc=None, flavour=1, epochs=200, batch_size=128, LR=0.1, LRD=0, WD=5e-06, MOMENTUM=0.5, GAMMA=0.1, MILESTONES=[60, 120, 160], device=cuda, verbose=1, model_path=None, action=TRAINING
[2022-03-01_02-22-38] Seed = 345
[2022-03-01_02-22-38] NeuralNet __init__: arch=resnet18, dataset=cifar100 compute_flavour=1, epochs=200,LR=0.1 LRD=0 WD=5e-06 MOMENTUM=0.5 GAMMA=0.1 MILESTONES=[60, 120, 160] device=cuda verbose=1 gpus=1 distributed=0 model_path=None
[2022-03-01_02-22-38] Seed = 345
[2022-03-01_02-22-40] Model_StatsLogger __init__() Compute flavour: 1

----------------------------------------
----------- TRAINING NETWORK -----------
----------------------------------------


----------------------------------------
----------- Training Epoch 0 -----------
----------------------------------------

[2022-03-01_02-22-41] Epoch: [0][  0/390] 1 Compute flavour conv	Time  0.360 ( 0.360)	Data  0.091 ( 0.091)	Loss 4.7352e+00 (4.7352e+00)	Acc@1   0.78 (  0.78)	Acc@5   4.69 (  4.69)
[2022-03-01_02-23-04] Epoch: [0][128/390] 1 Compute flavour conv	Time  0.179 ( 0.176)	Data  0.000 ( 0.001)	Loss 3.8922e+00 (4.1979e+00)	Acc@1   9.38 (  6.80)	Acc@5  28.91 ( 21.97)
[2022-03-01_02-23-26] Epoch: [0][256/390] 1 Compute flavour conv	Time  0.176 ( 0.177)	Data  0.000 ( 0.001)	Loss 3.6218e+00 (3.9649e+00)	Acc@1  13.28 (  9.57)	Acc@5  36.72 ( 28.69)
[2022-03-01_02-23-49] Epoch: [0][384/390] 1 Compute flavour conv	Time  0.182 ( 0.178)	Data  0.000 ( 0.001)	Loss 3.5448e+00 (3.7928e+00)	Acc@1  15.62 ( 12.09)	Acc@5  35.94 ( 33.57)

----------------------------------------
-------- Training Epoch 0 Stats --------
----------------------------------------

+------------------------+-------------+-------------+-------------+
| Conv                   |   Avg. Loss |   Avg. Acc1 |   Avg. Acc5 |
+========================+=============+=============+=============+
| 1 Compute flavour conv |      3.7853 |        12.2 |       33.78 |
+------------------------+-------------+-------------+-------------+
[2022-03-01_02-23-50] Total Epoch 0 Time:  69.33 seconds

----------------------------------------
----------- Testing Epoch 0 ------------
----------------------------------------

[2022-03-01_02-23-50] Test: [ 0/79] 1 Compute flavour conv	Time  0.155 ( 0.155)	Loss 3.3595e+00 (3.3595e+00)	Acc@1  21.88 ( 21.88)	Acc@5  43.75 ( 43.75)

----------------------------------------
-------- Testing Epoch 0 Stats ---------
----------------------------------------

+------------------------+-------------+-------------+-------------+
| Conv                   |   Avg. Loss |   Avg. Acc1 |   Avg. Acc5 |
+========================+=============+=============+=============+
| 1 Compute flavour conv |      3.4868 |       17.61 |       45.47 |
+------------------------+-------------+-------------+-------------+
[2022-03-01_02-23-56] Total Test Time:   0.00 seconds

----------------------------------------
----------- Training Epoch 1 -----------
----------------------------------------

[2022-03-01_02-23-56] Epoch: [1][  0/390] 1 Compute flavour conv	Time  0.275 ( 0.178)	Data  0.089 ( 0.001)	Loss 3.3209e+00 (3.3209e+00)	Acc@1  17.19 ( 17.19)	Acc@5  49.22 ( 49.22)
[2022-03-01_02-24-19] Epoch: [1][128/390] 1 Compute flavour conv	Time  0.186 ( 0.178)	Data  0.000 ( 0.001)	Loss 3.2157e+00 (3.2222e+00)	Acc@1  21.88 ( 21.01)	Acc@5  51.56 ( 49.93)
[2022-03-01_02-24-42] Epoch: [1][256/390] 1 Compute flavour conv	Time  0.184 ( 0.179)	Data  0.000 ( 0.001)	Loss 3.0694e+00 (3.1406e+00)	Acc@1  25.78 ( 22.36)	Acc@5  53.12 ( 51.98)
[2022-03-01_02-25-05] Epoch: [1][384/390] 1 Compute flavour conv	Time  0.179 ( 0.179)	Data  0.000 ( 0.001)	Loss 2.5464e+00 (3.0634e+00)	Acc@1  31.25 ( 23.67)	Acc@5  67.19 ( 53.82)

----------------------------------------
-------- Training Epoch 1 Stats --------
----------------------------------------

+------------------------+-------------+-------------+-------------+
| Conv                   |   Avg. Loss |   Avg. Acc1 |   Avg. Acc5 |
+========================+=============+=============+=============+
| 1 Compute flavour conv |      3.0611 |       23.72 |       53.89 |
+------------------------+-------------+-------------+-------------+
[2022-03-01_02-25-06] Total Epoch 1 Time:  70.05 seconds

----------------------------------------
----------- Testing Epoch 1 ------------
----------------------------------------

[2022-03-01_02-25-06] Test: [ 0/79] 1 Compute flavour conv	Time  0.144 ( 0.067)	Loss 3.0965e+00 (3.0965e+00)	Acc@1  27.34 ( 27.34)	Acc@5  53.12 ( 53.12)

----------------------------------------
-------- Testing Epoch 1 Stats ---------
----------------------------------------

+------------------------+-------------+-------------+-------------+
| Conv                   |   Avg. Loss |   Avg. Acc1 |   Avg. Acc5 |
+========================+=============+=============+=============+
| 1 Compute flavour conv |       3.038 |       25.92 |       55.66 |
+------------------------+-------------+-------------+-------------+
[2022-03-01_02-25-11] Total Test Time:   1.00 seconds

----------------------------------------
----------- Training Epoch 2 -----------
----------------------------------------

[2022-03-01_02-25-11] Epoch: [2][  0/390] 1 Compute flavour conv	Time  0.269 ( 0.179)	Data  0.086 ( 0.001)	Loss 2.8817e+00 (2.8817e+00)	Acc@1  28.91 ( 28.91)	Acc@5  60.16 ( 60.16)
[2022-03-01_02-25-34] Epoch: [2][128/390] 1 Compute flavour conv	Time  0.178 ( 0.179)	Data  0.000 ( 0.001)	Loss 2.8807e+00 (2.7128e+00)	Acc@1  28.12 ( 30.18)	Acc@5  59.38 ( 62.19)
[2022-03-01_02-25-57] Epoch: [2][256/390] 1 Compute flavour conv	Time  0.180 ( 0.179)	Data  0.000 ( 0.001)	Loss 2.7130e+00 (2.6468e+00)	Acc@1  32.81 ( 31.57)	Acc@5  64.84 ( 63.90)
[2022-03-01_02-26-20] Epoch: [2][384/390] 1 Compute flavour conv	Time  0.176 ( 0.179)	Data  0.000 ( 0.001)	Loss 2.5814e+00 (2.5825e+00)	Acc@1  28.12 ( 33.03)	Acc@5  64.06 ( 65.37)

----------------------------------------
-------- Training Epoch 2 Stats --------
----------------------------------------

+------------------------+-------------+-------------+-------------+
| Conv                   |   Avg. Loss |   Avg. Acc1 |   Avg. Acc5 |
+========================+=============+=============+=============+
| 1 Compute flavour conv |      2.5798 |       33.07 |       65.42 |
+------------------------+-------------+-------------+-------------+
[2022-03-01_02-26-21] Total Epoch 2 Time:  69.56 seconds

----------------------------------------
----------- Testing Epoch 2 ------------
----------------------------------------

[2022-03-01_02-26-21] Test: [ 0/79] 1 Compute flavour conv	Time  0.142 ( 0.068)	Loss 2.4906e+00 (2.4906e+00)	Acc@1  36.72 ( 36.72)	Acc@5  67.19 ( 67.19)

----------------------------------------
-------- Testing Epoch 2 Stats ---------
----------------------------------------

+------------------------+-------------+-------------+-------------+
| Conv                   |   Avg. Loss |   Avg. Acc1 |   Avg. Acc5 |
+========================+=============+=============+=============+
| 1 Compute flavour conv |       2.675 |       33.36 |       65.32 |
+------------------------+-------------+-------------+-------------+
[2022-03-01_02-26-26] Total Test Time:   2.00 seconds

----------------------------------------
----------- Training Epoch 3 -----------
----------------------------------------

[2022-03-01_02-26-26] Epoch: [3][  0/390] 1 Compute flavour conv	Time  0.265 ( 0.179)	Data  0.087 ( 0.001)	Loss 2.4124e+00 (2.4124e+00)	Acc@1  33.59 ( 33.59)	Acc@5  68.75 ( 68.75)
[2022-03-01_02-26-49] Epoch: [3][128/390] 1 Compute flavour conv	Time  0.180 ( 0.179)	Data  0.000 ( 0.001)	Loss 2.2388e+00 (2.3162e+00)	Acc@1  39.06 ( 38.54)	Acc@5  74.22 ( 71.39)
[2022-03-01_02-27-12] Epoch: [3][256/390] 1 Compute flavour conv	Time  0.177 ( 0.179)	Data  0.000 ( 0.001)	Loss 2.4843e+00 (2.2694e+00)	Acc@1  39.84 ( 39.38)	Acc@5  67.19 ( 72.51)
[2022-03-01_02-27-35] Epoch: [3][384/390] 1 Compute flavour conv	Time  0.178 ( 0.178)	Data  0.000 ( 0.001)	Loss 2.3044e+00 (2.2269e+00)	Acc@1  40.62 ( 40.48)	Acc@5  70.31 ( 73.40)

----------------------------------------
-------- Training Epoch 3 Stats --------
----------------------------------------

+------------------------+-------------+-------------+-------------+
| Conv                   |   Avg. Loss |   Avg. Acc1 |   Avg. Acc5 |
+========================+=============+=============+=============+
| 1 Compute flavour conv |      2.2246 |       40.53 |       73.44 |
+------------------------+-------------+-------------+-------------+
[2022-03-01_02-27-35] Total Epoch 3 Time:  69.56 seconds

----------------------------------------
----------- Testing Epoch 3 ------------
----------------------------------------

[2022-03-01_02-27-36] Test: [ 0/79] 1 Compute flavour conv	Time  0.145 ( 0.067)	Loss 2.1800e+00 (2.1800e+00)	Acc@1  43.75 ( 43.75)	Acc@5  74.22 ( 74.22)

----------------------------------------
-------- Testing Epoch 3 Stats ---------
----------------------------------------

+------------------------+-------------+-------------+-------------+
| Conv                   |   Avg. Loss |   Avg. Acc1 |   Avg. Acc5 |
+========================+=============+=============+=============+
| 1 Compute flavour conv |      2.2357 |       41.63 |       73.67 |
+------------------------+-------------+-------------+-------------+
[2022-03-01_02-27-41] Total Test Time:   3.00 seconds

----------------------------------------
----------- Training Epoch 4 -----------
----------------------------------------

[2022-03-01_02-27-41] Epoch: [4][  0/390] 1 Compute flavour conv	Time  0.265 ( 0.179)	Data  0.089 ( 0.001)	Loss 2.0775e+00 (2.0775e+00)	Acc@1  51.56 ( 51.56)	Acc@5  76.56 ( 76.56)
[2022-03-01_02-28-04] Epoch: [4][128/390] 1 Compute flavour conv	Time  0.174 ( 0.178)	Data  0.000 ( 0.001)	Loss 1.8593e+00 (1.9777e+00)	Acc@1  51.56 ( 45.83)	Acc@5  81.25 ( 78.68)
[2022-03-01_02-28-26] Epoch: [4][256/390] 1 Compute flavour conv	Time  0.182 ( 0.178)	Data  0.000 ( 0.001)	Loss 2.1608e+00 (1.9681e+00)	Acc@1  54.69 ( 46.22)	Acc@5  75.00 ( 78.58)
[2022-03-01_02-28-49] Epoch: [4][384/390] 1 Compute flavour conv	Time  0.177 ( 0.178)	Data  0.000 ( 0.001)	Loss 1.8263e+00 (1.9499e+00)	Acc@1  47.66 ( 46.60)	Acc@5  81.25 ( 78.86)

----------------------------------------
-------- Training Epoch 4 Stats --------
----------------------------------------

+------------------------+-------------+-------------+-------------+
| Conv                   |   Avg. Loss |   Avg. Acc1 |   Avg. Acc5 |
+========================+=============+=============+=============+
| 1 Compute flavour conv |      1.9493 |       46.59 |       78.85 |
+------------------------+-------------+-------------+-------------+
[2022-03-01_02-28-50] Total Epoch 4 Time:  69.25 seconds

----------------------------------------
----------- Testing Epoch 4 ------------
----------------------------------------

[2022-03-01_02-28-50] Test: [ 0/79] 1 Compute flavour conv	Time  0.144 ( 0.067)	Loss 1.9867e+00 (1.9867e+00)	Acc@1  45.31 ( 45.31)	Acc@5  83.59 ( 83.59)

----------------------------------------
-------- Testing Epoch 4 Stats ---------
----------------------------------------

+------------------------+-------------+-------------+-------------+
| Conv                   |   Avg. Loss |   Avg. Acc1 |   Avg. Acc5 |
+========================+=============+=============+=============+
| 1 Compute flavour conv |      2.0731 |       44.86 |       77.34 |
+------------------------+-------------+-------------+-------------+
[2022-03-01_02-28-55] Total Test Time:   4.00 seconds

----------------------------------------
----------- Training Epoch 5 -----------
----------------------------------------

[2022-03-01_02-28-55] Epoch: [5][  0/390] 1 Compute flavour conv	Time  0.263 ( 0.178)	Data  0.087 ( 0.001)	Loss 1.6267e+00 (1.6267e+00)	Acc@1  53.12 ( 53.12)	Acc@5  85.94 ( 85.94)
[2022-03-01_02-29-18] Epoch: [5][128/390] 1 Compute flavour conv	Time  0.179 ( 0.178)	Data  0.000 ( 0.001)	Loss 1.6328e+00 (1.7783e+00)	Acc@1  50.00 ( 50.89)	Acc@5  82.81 ( 81.82)
[2022-03-01_02-29-41] Epoch: [5][256/390] 1 Compute flavour conv	Time  0.177 ( 0.178)	Data  0.000 ( 0.001)	Loss 1.7777e+00 (1.7639e+00)	Acc@1  53.12 ( 51.11)	Acc@5  79.69 ( 82.14)
[2022-03-01_02-30-03] Epoch: [5][384/390] 1 Compute flavour conv	Time  0.179 ( 0.178)	Data  0.000 ( 0.001)	Loss 1.7068e+00 (1.7557e+00)	Acc@1  50.00 ( 51.08)	Acc@5  85.16 ( 82.25)

----------------------------------------
-------- Training Epoch 5 Stats --------
----------------------------------------

+------------------------+-------------+-------------+-------------+
| Conv                   |   Avg. Loss |   Avg. Acc1 |   Avg. Acc5 |
+========================+=============+=============+=============+
| 1 Compute flavour conv |      1.7544 |       51.14 |       82.29 |
+------------------------+-------------+-------------+-------------+
[2022-03-01_02-30-04] Total Epoch 5 Time:  69.03 seconds

----------------------------------------
----------- Testing Epoch 5 ------------
----------------------------------------

[2022-03-01_02-30-04] Test: [ 0/79] 1 Compute flavour conv	Time  0.145 ( 0.067)	Loss 1.8400e+00 (1.8400e+00)	Acc@1  50.78 ( 50.78)	Acc@5  80.47 ( 80.47)

----------------------------------------
-------- Testing Epoch 5 Stats ---------
----------------------------------------

+------------------------+-------------+-------------+-------------+
| Conv                   |   Avg. Loss |   Avg. Acc1 |   Avg. Acc5 |
+========================+=============+=============+=============+
| 1 Compute flavour conv |      1.9568 |       48.67 |       79.02 |
+------------------------+-------------+-------------+-------------+
[2022-03-01_02-30-09] Total Test Time:   5.00 seconds

----------------------------------------
----------- Training Epoch 6 -----------
----------------------------------------

[2022-03-01_02-30-10] Epoch: [6][  0/390] 1 Compute flavour conv	Time  0.264 ( 0.178)	Data  0.086 ( 0.001)	Loss 1.8210e+00 (1.8210e+00)	Acc@1  51.56 ( 51.56)	Acc@5  81.25 ( 81.25)
[2022-03-01_02-30-32] Epoch: [6][128/390] 1 Compute flavour conv	Time  0.177 ( 0.178)	Data  0.000 ( 0.001)	Loss 1.5492e+00 (1.5917e+00)	Acc@1  56.25 ( 55.18)	Acc@5  85.16 ( 84.94)
[2022-03-01_02-30-55] Epoch: [6][256/390] 1 Compute flavour conv	Time  0.182 ( 0.178)	Data  0.000 ( 0.001)	Loss 1.7934e+00 (1.6014e+00)	Acc@1  53.12 ( 54.73)	Acc@5  78.91 ( 84.85)
[2022-03-01_02-31-18] Epoch: [6][384/390] 1 Compute flavour conv	Time  0.177 ( 0.178)	Data  0.000 ( 0.001)	Loss 1.6618e+00 (1.5991e+00)	Acc@1  50.00 ( 54.77)	Acc@5  82.81 ( 84.86)

----------------------------------------
-------- Training Epoch 6 Stats --------
----------------------------------------

+------------------------+-------------+-------------+-------------+
| Conv                   |   Avg. Loss |   Avg. Acc1 |   Avg. Acc5 |
+========================+=============+=============+=============+
| 1 Compute flavour conv |      1.5988 |        54.8 |       84.86 |
+------------------------+-------------+-------------+-------------+
[2022-03-01_02-31-19] Total Epoch 6 Time:  69.22 seconds

----------------------------------------
----------- Testing Epoch 6 ------------
----------------------------------------

[2022-03-01_02-31-19] Test: [ 0/79] 1 Compute flavour conv	Time  0.145 ( 0.067)	Loss 1.4785e+00 (1.4785e+00)	Acc@1  55.47 ( 55.47)	Acc@5  86.72 ( 86.72)

----------------------------------------
-------- Testing Epoch 6 Stats ---------
----------------------------------------

+------------------------+-------------+-------------+-------------+
| Conv                   |   Avg. Loss |   Avg. Acc1 |   Avg. Acc5 |
+========================+=============+=============+=============+
| 1 Compute flavour conv |      1.7548 |       52.08 |       82.85 |
+------------------------+-------------+-------------+-------------+
[2022-03-01_02-31-24] Total Test Time:   6.00 seconds

----------------------------------------
----------- Training Epoch 7 -----------
----------------------------------------

[2022-03-01_02-31-24] Epoch: [7][  0/390] 1 Compute flavour conv	Time  0.266 ( 0.178)	Data  0.087 ( 0.001)	Loss 1.5177e+00 (1.5177e+00)	Acc@1  57.03 ( 57.03)	Acc@5  84.38 ( 84.38)
[2022-03-01_02-31-47] Epoch: [7][128/390] 1 Compute flavour conv	Time  0.182 ( 0.178)	Data  0.000 ( 0.001)	Loss 1.5556e+00 (1.4452e+00)	Acc@1  55.47 ( 58.31)	Acc@5  82.03 ( 87.31)
[2022-03-01_02-32-10] Epoch: [7][256/390] 1 Compute flavour conv	Time  0.181 ( 0.178)	Data  0.000 ( 0.001)	Loss 1.5082e+00 (1.4600e+00)	Acc@1  49.22 ( 57.99)	Acc@5  87.50 ( 87.03)
[2022-03-01_02-32-32] Epoch: [7][384/390] 1 Compute flavour conv	Time  0.176 ( 0.178)	Data  0.000 ( 0.001)	Loss 1.3284e+00 (1.4551e+00)	Acc@1  58.59 ( 58.16)	Acc@5  89.84 ( 87.04)

----------------------------------------
-------- Training Epoch 7 Stats --------
----------------------------------------

+------------------------+-------------+-------------+-------------+
| Conv                   |   Avg. Loss |   Avg. Acc1 |   Avg. Acc5 |
+========================+=============+=============+=============+
| 1 Compute flavour conv |      1.4549 |       58.16 |       87.03 |
+------------------------+-------------+-------------+-------------+
[2022-03-01_02-32-33] Total Epoch 7 Time:  69.17 seconds

----------------------------------------
----------- Testing Epoch 7 ------------
----------------------------------------

[2022-03-01_02-32-33] Test: [ 0/79] 1 Compute flavour conv	Time  0.148 ( 0.067)	Loss 1.4726e+00 (1.4726e+00)	Acc@1  64.84 ( 64.84)	Acc@5  83.59 ( 83.59)

----------------------------------------
-------- Testing Epoch 7 Stats ---------
----------------------------------------

+------------------------+-------------+-------------+-------------+
| Conv                   |   Avg. Loss |   Avg. Acc1 |   Avg. Acc5 |
+========================+=============+=============+=============+
| 1 Compute flavour conv |      1.7429 |       53.81 |       82.84 |
+------------------------+-------------+-------------+-------------+
[2022-03-01_02-32-38] Total Test Time:   7.00 seconds

----------------------------------------
----------- Training Epoch 8 -----------
----------------------------------------

[2022-03-01_02-32-39] Epoch: [8][  0/390] 1 Compute flavour conv	Time  0.263 ( 0.178)	Data  0.086 ( 0.001)	Loss 1.4385e+00 (1.4385e+00)	Acc@1  62.50 ( 62.50)	Acc@5  87.50 ( 87.50)
[2022-03-01_02-33-01] Epoch: [8][128/390] 1 Compute flavour conv	Time  0.180 ( 0.178)	Data  0.000 ( 0.001)	Loss 1.3274e+00 (1.3448e+00)	Acc@1  65.62 ( 61.23)	Acc@5  88.28 ( 88.61)
[2022-03-01_02-33-24] Epoch: [8][256/390] 1 Compute flavour conv	Time  0.175 ( 0.178)	Data  0.000 ( 0.001)	Loss 1.4904e+00 (1.3409e+00)	Acc@1  55.47 ( 61.35)	Acc@5  90.62 ( 88.70)
[2022-03-01_02-33-47] Epoch: [8][384/390] 1 Compute flavour conv	Time  0.175 ( 0.178)	Data  0.000 ( 0.001)	Loss 1.3553e+00 (1.3460e+00)	Acc@1  60.94 ( 61.30)	Acc@5  86.72 ( 88.52)

----------------------------------------
-------- Training Epoch 8 Stats --------
----------------------------------------

+------------------------+-------------+-------------+-------------+
| Conv                   |   Avg. Loss |   Avg. Acc1 |   Avg. Acc5 |
+========================+=============+=============+=============+
| 1 Compute flavour conv |      1.3448 |       61.33 |       88.56 |
+------------------------+-------------+-------------+-------------+
[2022-03-01_02-33-48] Total Epoch 8 Time:  69.15 seconds

----------------------------------------
----------- Testing Epoch 8 ------------
----------------------------------------

[2022-03-01_02-33-48] Test: [ 0/79] 1 Compute flavour conv	Time  0.141 ( 0.067)	Loss 1.4804e+00 (1.4804e+00)	Acc@1  62.50 ( 62.50)	Acc@5  85.94 ( 85.94)

----------------------------------------
-------- Testing Epoch 8 Stats ---------
----------------------------------------

+------------------------+-------------+-------------+-------------+
| Conv                   |   Avg. Loss |   Avg. Acc1 |   Avg. Acc5 |
+========================+=============+=============+=============+
| 1 Compute flavour conv |      1.6602 |       55.29 |       84.09 |
+------------------------+-------------+-------------+-------------+
[2022-03-01_02-33-53] Total Test Time:   8.00 seconds

----------------------------------------
----------- Training Epoch 9 -----------
----------------------------------------

[2022-03-01_02-33-53] Epoch: [9][  0/390] 1 Compute flavour conv	Time  0.267 ( 0.178)	Data  0.089 ( 0.001)	Loss 1.2969e+00 (1.2969e+00)	Acc@1  64.06 ( 64.06)	Acc@5  89.84 ( 89.84)
[2022-03-01_02-34-16] Epoch: [9][128/390] 1 Compute flavour conv	Time  0.174 ( 0.178)	Data  0.000 ( 0.001)	Loss 1.1901e+00 (1.2293e+00)	Acc@1  66.41 ( 63.78)	Acc@5  91.41 ( 90.40)
[2022-03-01_02-34-38] Epoch: [9][256/390] 1 Compute flavour conv	Time  0.178 ( 0.178)	Data  0.000 ( 0.001)	Loss 1.2740e+00 (1.2401e+00)	Acc@1  62.50 ( 63.73)	Acc@5  88.28 ( 90.26)
[2022-03-01_02-35-01] Epoch: [9][384/390] 1 Compute flavour conv	Time  0.176 ( 0.178)	Data  0.000 ( 0.001)	Loss 1.5273e+00 (1.2509e+00)	Acc@1  56.25 ( 63.60)	Acc@5  85.94 ( 90.08)

----------------------------------------
-------- Training Epoch 9 Stats --------
----------------------------------------

+------------------------+-------------+-------------+-------------+
| Conv                   |   Avg. Loss |   Avg. Acc1 |   Avg. Acc5 |
+========================+=============+=============+=============+
| 1 Compute flavour conv |      1.2512 |       63.59 |       90.08 |
+------------------------+-------------+-------------+-------------+
[2022-03-01_02-35-02] Total Epoch 9 Time:  69.18 seconds

----------------------------------------
----------- Testing Epoch 9 ------------
----------------------------------------

[2022-03-01_02-35-02] Test: [ 0/79] 1 Compute flavour conv	Time  0.144 ( 0.067)	Loss 1.4251e+00 (1.4251e+00)	Acc@1  65.62 ( 65.62)	Acc@5  87.50 ( 87.50)

----------------------------------------
-------- Testing Epoch 9 Stats ---------
----------------------------------------

+------------------------+-------------+-------------+-------------+
| Conv                   |   Avg. Loss |   Avg. Acc1 |   Avg. Acc5 |
+========================+=============+=============+=============+
| 1 Compute flavour conv |      1.6562 |       56.26 |        84.8 |
+------------------------+-------------+-------------+-------------+
[2022-03-01_02-35-07] Total Test Time:   9.00 seconds

----------------------------------------
---------- Training Epoch 10 -----------
----------------------------------------

[2022-03-01_02-35-07] Epoch: [10][  0/390] 1 Compute flavour conv	Time  0.265 ( 0.178)	Data  0.088 ( 0.001)	Loss 8.6419e-01 (8.6419e-01)	Acc@1  73.44 ( 73.44)	Acc@5  96.09 ( 96.09)
[2022-03-01_02-35-30] Epoch: [10][128/390] 1 Compute flavour conv	Time  0.175 ( 0.178)	Data  0.000 ( 0.001)	Loss 1.0300e+00 (1.1270e+00)	Acc@1  65.62 ( 66.82)	Acc@5  95.31 ( 91.70)
[2022-03-01_02-35-53] Epoch: [10][256/390] 1 Compute flavour conv	Time  0.181 ( 0.178)	Data  0.000 ( 0.001)	Loss 1.1268e+00 (1.1475e+00)	Acc@1  67.19 ( 66.42)	Acc@5  92.19 ( 91.48)
[2022-03-01_02-36-15] Epoch: [10][384/390] 1 Compute flavour conv	Time  0.176 ( 0.178)	Data  0.000 ( 0.001)	Loss 1.0904e+00 (1.1530e+00)	Acc@1  65.62 ( 66.10)	Acc@5  91.41 ( 91.49)

----------------------------------------
------- Training Epoch 10 Stats --------
----------------------------------------

+------------------------+-------------+-------------+-------------+
| Conv                   |   Avg. Loss |   Avg. Acc1 |   Avg. Acc5 |
+========================+=============+=============+=============+
| 1 Compute flavour conv |       1.153 |       66.11 |       91.47 |
+------------------------+-------------+-------------+-------------+
[2022-03-01_02-36-16] Total Epoch 10 Time:  69.11 seconds

----------------------------------------
----------- Testing Epoch 10 -----------
----------------------------------------

[2022-03-01_02-36-16] Test: [ 0/79] 1 Compute flavour conv	Time  0.143 ( 0.067)	Loss 1.5576e+00 (1.5576e+00)	Acc@1  60.94 ( 60.94)	Acc@5  86.72 ( 86.72)

----------------------------------------
-------- Testing Epoch 10 Stats --------
----------------------------------------

+------------------------+-------------+-------------+-------------+
| Conv                   |   Avg. Loss |   Avg. Acc1 |   Avg. Acc5 |
+========================+=============+=============+=============+
| 1 Compute flavour conv |      1.6456 |        56.2 |       84.28 |
+------------------------+-------------+-------------+-------------+
[2022-03-01_02-36-22] Total Test Time:  10.00 seconds

----------------------------------------
---------- Training Epoch 11 -----------
----------------------------------------

[2022-03-01_02-36-22] Epoch: [11][  0/390] 1 Compute flavour conv	Time  0.268 ( 0.178)	Data  0.088 ( 0.001)	Loss 9.5801e-01 (9.5801e-01)	Acc@1  72.66 ( 72.66)	Acc@5  92.97 ( 92.97)
[2022-03-01_02-36-45] Epoch: [11][128/390] 1 Compute flavour conv	Time  0.177 ( 0.178)	Data  0.000 ( 0.001)	Loss 1.0259e+00 (1.0509e+00)	Acc@1  67.97 ( 69.11)	Acc@5  92.19 ( 92.70)
[2022-03-01_02-37-07] Epoch: [11][256/390] 1 Compute flavour conv	Time  0.176 ( 0.178)	Data  0.000 ( 0.001)	Loss 1.0900e+00 (1.0631e+00)	Acc@1  66.41 ( 68.64)	Acc@5  93.75 ( 92.63)
[2022-03-01_02-37-30] Epoch: [11][384/390] 1 Compute flavour conv	Time  0.175 ( 0.178)	Data  0.000 ( 0.001)	Loss 1.2475e+00 (1.0748e+00)	Acc@1  65.62 ( 68.32)	Acc@5  88.28 ( 92.39)

----------------------------------------
------- Training Epoch 11 Stats --------
----------------------------------------

+------------------------+-------------+-------------+-------------+
| Conv                   |   Avg. Loss |   Avg. Acc1 |   Avg. Acc5 |
+========================+=============+=============+=============+
| 1 Compute flavour conv |      1.0753 |       68.31 |       92.38 |
+------------------------+-------------+-------------+-------------+
[2022-03-01_02-37-31] Total Epoch 11 Time:  69.25 seconds

----------------------------------------
----------- Testing Epoch 11 -----------
----------------------------------------

[2022-03-01_02-37-31] Test: [ 0/79] 1 Compute flavour conv	Time  0.146 ( 0.067)	Loss 1.5233e+00 (1.5233e+00)	Acc@1  60.94 ( 60.94)	Acc@5  83.59 ( 83.59)

----------------------------------------
-------- Testing Epoch 11 Stats --------
----------------------------------------

+------------------------+-------------+-------------+-------------+
| Conv                   |   Avg. Loss |   Avg. Acc1 |   Avg. Acc5 |
+========================+=============+=============+=============+
| 1 Compute flavour conv |      1.6015 |       57.29 |       85.65 |
+------------------------+-------------+-------------+-------------+
[2022-03-01_02-37-36] Total Test Time:  11.00 seconds

----------------------------------------
---------- Training Epoch 12 -----------
----------------------------------------

[2022-03-01_02-37-36] Epoch: [12][  0/390] 1 Compute flavour conv	Time  0.263 ( 0.178)	Data  0.085 ( 0.001)	Loss 1.0287e+00 (1.0287e+00)	Acc@1  72.66 ( 72.66)	Acc@5  92.19 ( 92.19)
[2022-03-01_02-37-59] Epoch: [12][128/390] 1 Compute flavour conv	Time  0.176 ( 0.178)	Data  0.000 ( 0.001)	Loss 1.1993e+00 (9.7601e-01)	Acc@1  66.41 ( 70.97)	Acc@5  87.50 ( 93.60)
[2022-03-01_02-38-22] Epoch: [12][256/390] 1 Compute flavour conv	Time  0.183 ( 0.178)	Data  0.000 ( 0.001)	Loss 1.1643e+00 (9.9486e-01)	Acc@1  64.06 ( 70.39)	Acc@5  90.62 ( 93.41)
[2022-03-01_02-38-44] Epoch: [12][384/390] 1 Compute flavour conv	Time  0.174 ( 0.178)	Data  0.000 ( 0.001)	Loss 9.8807e-01 (9.9809e-01)	Acc@1  67.19 ( 70.33)	Acc@5  96.88 ( 93.35)

----------------------------------------
------- Training Epoch 12 Stats --------
----------------------------------------

+------------------------+-------------+-------------+-------------+
| Conv                   |   Avg. Loss |   Avg. Acc1 |   Avg. Acc5 |
+========================+=============+=============+=============+
| 1 Compute flavour conv |     0.99877 |       70.29 |       93.34 |
+------------------------+-------------+-------------+-------------+
[2022-03-01_02-38-45] Total Epoch 12 Time:  68.98 seconds

----------------------------------------
----------- Testing Epoch 12 -----------
----------------------------------------

[2022-03-01_02-38-45] Test: [ 0/79] 1 Compute flavour conv	Time  0.143 ( 0.067)	Loss 1.5088e+00 (1.5088e+00)	Acc@1  62.50 ( 62.50)	Acc@5  85.16 ( 85.16)

----------------------------------------
-------- Testing Epoch 12 Stats --------
----------------------------------------

+------------------------+-------------+-------------+-------------+
| Conv                   |   Avg. Loss |   Avg. Acc1 |   Avg. Acc5 |
+========================+=============+=============+=============+
| 1 Compute flavour conv |      1.5516 |       59.07 |       86.31 |
+------------------------+-------------+-------------+-------------+
[2022-03-01_02-38-50] Total Test Time:  12.00 seconds

----------------------------------------
---------- Training Epoch 13 -----------
----------------------------------------

[2022-03-01_02-38-51] Epoch: [13][  0/390] 1 Compute flavour conv	Time  0.266 ( 0.178)	Data  0.086 ( 0.001)	Loss 7.6284e-01 (7.6284e-01)	Acc@1  77.34 ( 77.34)	Acc@5  93.75 ( 93.75)
[2022-03-01_02-39-13] Epoch: [13][128/390] 1 Compute flavour conv	Time  0.177 ( 0.178)	Data  0.000 ( 0.001)	Loss 1.0334e+00 (8.9390e-01)	Acc@1  67.19 ( 73.29)	Acc@5  93.75 ( 94.53)
[2022-03-01_02-39-36] Epoch: [13][256/390] 1 Compute flavour conv	Time  0.176 ( 0.178)	Data  0.000 ( 0.001)	Loss 8.9942e-01 (9.2075e-01)	Acc@1  71.88 ( 72.37)	Acc@5  95.31 ( 94.36)
[2022-03-01_02-39-59] Epoch: [13][384/390] 1 Compute flavour conv	Time  0.174 ( 0.178)	Data  0.000 ( 0.001)	Loss 9.8933e-01 (9.3050e-01)	Acc@1  68.75 ( 72.02)	Acc@5  93.75 ( 94.27)

----------------------------------------
------- Training Epoch 13 Stats --------
----------------------------------------

+------------------------+-------------+-------------+-------------+
| Conv                   |   Avg. Loss |   Avg. Acc1 |   Avg. Acc5 |
+========================+=============+=============+=============+
| 1 Compute flavour conv |     0.93021 |          72 |       94.27 |
+------------------------+-------------+-------------+-------------+
[2022-03-01_02-40-00] Total Epoch 13 Time:  69.25 seconds

----------------------------------------
----------- Testing Epoch 13 -----------
----------------------------------------

[2022-03-01_02-40-00] Test: [ 0/79] 1 Compute flavour conv	Time  0.148 ( 0.066)	Loss 1.2857e+00 (1.2857e+00)	Acc@1  65.62 ( 65.62)	Acc@5  89.84 ( 89.84)

----------------------------------------
-------- Testing Epoch 13 Stats --------
----------------------------------------

+------------------------+-------------+-------------+-------------+
| Conv                   |   Avg. Loss |   Avg. Acc1 |   Avg. Acc5 |
+========================+=============+=============+=============+
| 1 Compute flavour conv |      1.4512 |       61.19 |       87.34 |
+------------------------+-------------+-------------+-------------+
[2022-03-01_02-40-05] Total Test Time:  13.00 seconds

----------------------------------------
---------- Training Epoch 14 -----------
----------------------------------------

[2022-03-01_02-40-05] Epoch: [14][  0/390] 1 Compute flavour conv	Time  0.265 ( 0.178)	Data  0.085 ( 0.001)	Loss 1.0097e+00 (1.0097e+00)	Acc@1  71.88 ( 71.88)	Acc@5  92.19 ( 92.19)
[2022-03-01_02-40-28] Epoch: [14][128/390] 1 Compute flavour conv	Time  0.176 ( 0.178)	Data  0.000 ( 0.001)	Loss 8.7789e-01 (8.5037e-01)	Acc@1  70.31 ( 74.07)	Acc@5  95.31 ( 95.28)
[2022-03-01_02-40-51] Epoch: [14][256/390] 1 Compute flavour conv	Time  0.176 ( 0.178)	Data  0.000 ( 0.001)	Loss 8.8669e-01 (8.6514e-01)	Acc@1  73.44 ( 73.88)	Acc@5  93.75 ( 95.01)
[2022-03-01_02-41-13] Epoch: [14][384/390] 1 Compute flavour conv	Time  0.174 ( 0.178)	Data  0.000 ( 0.001)	Loss 6.2139e-01 (8.6506e-01)	Acc@1  78.91 ( 73.70)	Acc@5  96.88 ( 94.97)

----------------------------------------
------- Training Epoch 14 Stats --------
----------------------------------------

+------------------------+-------------+-------------+-------------+
| Conv                   |   Avg. Loss |   Avg. Acc1 |   Avg. Acc5 |
+========================+=============+=============+=============+
| 1 Compute flavour conv |     0.86557 |       73.71 |       94.96 |
+------------------------+-------------+-------------+-------------+
[2022-03-01_02-41-14] Total Epoch 14 Time:  69.25 seconds

----------------------------------------
----------- Testing Epoch 14 -----------
----------------------------------------

[2022-03-01_02-41-14] Test: [ 0/79] 1 Compute flavour conv	Time  0.145 ( 0.066)	Loss 1.4539e+00 (1.4539e+00)	Acc@1  61.72 ( 61.72)	Acc@5  85.94 ( 85.94)

----------------------------------------
-------- Testing Epoch 14 Stats --------
----------------------------------------

+------------------------+-------------+-------------+-------------+
| Conv                   |   Avg. Loss |   Avg. Acc1 |   Avg. Acc5 |
+========================+=============+=============+=============+
| 1 Compute flavour conv |      1.6663 |       57.56 |       86.06 |
+------------------------+-------------+-------------+-------------+
[2022-03-01_02-41-19] Total Test Time:  14.00 seconds

----------------------------------------
---------- Training Epoch 15 -----------
----------------------------------------

[2022-03-01_02-41-20] Epoch: [15][  0/390] 1 Compute flavour conv	Time  0.263 ( 0.178)	Data  0.086 ( 0.001)	Loss 6.0182e-01 (6.0182e-01)	Acc@1  79.69 ( 79.69)	Acc@5  97.66 ( 97.66)
[2022-03-01_02-41-42] Epoch: [15][128/390] 1 Compute flavour conv	Time  0.176 ( 0.178)	Data  0.000 ( 0.001)	Loss 7.5520e-01 (7.7237e-01)	Acc@1  75.78 ( 76.34)	Acc@5  98.44 ( 95.71)
[2022-03-01_02-42-05] Epoch: [15][256/390] 1 Compute flavour conv	Time  0.174 ( 0.178)	Data  0.000 ( 0.001)	Loss 9.0616e-01 (8.0073e-01)	Acc@1  73.44 ( 75.51)	Acc@5  92.19 ( 95.49)
[2022-03-01_02-42-28] Epoch: [15][384/390] 1 Compute flavour conv	Time  0.174 ( 0.178)	Data  0.000 ( 0.001)	Loss 7.0765e-01 (8.1446e-01)	Acc@1  81.25 ( 75.21)	Acc@5  95.31 ( 95.33)

----------------------------------------
------- Training Epoch 15 Stats --------
----------------------------------------

+------------------------+-------------+-------------+-------------+
| Conv                   |   Avg. Loss |   Avg. Acc1 |   Avg. Acc5 |
+========================+=============+=============+=============+
| 1 Compute flavour conv |     0.81443 |       75.23 |       95.33 |
+------------------------+-------------+-------------+-------------+
[2022-03-01_02-42-28] Total Epoch 15 Time:  69.11 seconds

----------------------------------------
----------- Testing Epoch 15 -----------
----------------------------------------

[2022-03-01_02-42-29] Test: [ 0/79] 1 Compute flavour conv	Time  0.142 ( 0.066)	Loss 1.2985e+00 (1.2985e+00)	Acc@1  65.62 ( 65.62)	Acc@5  87.50 ( 87.50)

----------------------------------------
-------- Testing Epoch 15 Stats --------
----------------------------------------

+------------------------+-------------+-------------+-------------+
| Conv                   |   Avg. Loss |   Avg. Acc1 |   Avg. Acc5 |
+========================+=============+=============+=============+
| 1 Compute flavour conv |      1.4643 |       62.09 |       87.92 |
+------------------------+-------------+-------------+-------------+
[2022-03-01_02-42-34] Total Test Time:  15.00 seconds

----------------------------------------
---------- Training Epoch 16 -----------
----------------------------------------

[2022-03-01_02-42-34] Epoch: [16][  0/390] 1 Compute flavour conv	Time  0.266 ( 0.178)	Data  0.086 ( 0.001)	Loss 4.9949e-01 (4.9949e-01)	Acc@1  82.03 ( 82.03)	Acc@5  99.22 ( 99.22)
[2022-03-01_02-42-57] Epoch: [16][128/390] 1 Compute flavour conv	Time  0.174 ( 0.178)	Data  0.000 ( 0.001)	Loss 1.0877e+00 (7.2080e-01)	Acc@1  70.31 ( 77.64)	Acc@5  92.97 ( 96.44)
[2022-03-01_02-43-19] Epoch: [16][256/390] 1 Compute flavour conv	Time  0.184 ( 0.178)	Data  0.000 ( 0.001)	Loss 6.0210e-01 (7.3966e-01)	Acc@1  82.81 ( 77.11)	Acc@5  95.31 ( 96.26)
[2022-03-01_02-43-42] Epoch: [16][384/390] 1 Compute flavour conv	Time  0.177 ( 0.178)	Data  0.000 ( 0.001)	Loss 9.0568e-01 (7.5646e-01)	Acc@1  71.88 ( 76.62)	Acc@5  95.31 ( 96.11)

----------------------------------------
------- Training Epoch 16 Stats --------
----------------------------------------

+------------------------+-------------+-------------+-------------+
| Conv                   |   Avg. Loss |   Avg. Acc1 |   Avg. Acc5 |
+========================+=============+=============+=============+
| 1 Compute flavour conv |     0.75738 |       76.57 |       96.09 |
+------------------------+-------------+-------------+-------------+
[2022-03-01_02-43-43] Total Epoch 16 Time:  69.31 seconds

----------------------------------------
----------- Testing Epoch 16 -----------
----------------------------------------

[2022-03-01_02-43-43] Test: [ 0/79] 1 Compute flavour conv	Time  0.144 ( 0.066)	Loss 1.5797e+00 (1.5797e+00)	Acc@1  65.62 ( 65.62)	Acc@5  85.94 ( 85.94)

----------------------------------------
-------- Testing Epoch 16 Stats --------
----------------------------------------

+------------------------+-------------+-------------+-------------+
| Conv                   |   Avg. Loss |   Avg. Acc1 |   Avg. Acc5 |
+========================+=============+=============+=============+
| 1 Compute flavour conv |       1.561 |       61.51 |       87.26 |
+------------------------+-------------+-------------+-------------+
[2022-03-01_02-43-48] Total Test Time:  16.00 seconds

----------------------------------------
---------- Training Epoch 17 -----------
----------------------------------------

[2022-03-01_02-43-49] Epoch: [17][  0/390] 1 Compute flavour conv	Time  0.263 ( 0.178)	Data  0.086 ( 0.001)	Loss 5.7661e-01 (5.7661e-01)	Acc@1  80.47 ( 80.47)	Acc@5  97.66 ( 97.66)
[2022-03-01_02-44-11] Epoch: [17][128/390] 1 Compute flavour conv	Time  0.178 ( 0.178)	Data  0.000 ( 0.001)	Loss 6.5449e-01 (6.6549e-01)	Acc@1  80.47 ( 79.59)	Acc@5  96.09 ( 96.95)
[2022-03-01_02-44-34] Epoch: [17][256/390] 1 Compute flavour conv	Time  0.177 ( 0.178)	Data  0.000 ( 0.001)	Loss 6.5390e-01 (6.7893e-01)	Acc@1  78.91 ( 78.97)	Acc@5  97.66 ( 96.82)
[2022-03-01_02-44-56] Epoch: [17][384/390] 1 Compute flavour conv	Time  0.174 ( 0.178)	Data  0.000 ( 0.001)	Loss 8.1180e-01 (6.9251e-01)	Acc@1  73.44 ( 78.60)	Acc@5  96.88 ( 96.75)

----------------------------------------
------- Training Epoch 17 Stats --------
----------------------------------------

+------------------------+-------------+-------------+-------------+
| Conv                   |   Avg. Loss |   Avg. Acc1 |   Avg. Acc5 |
+========================+=============+=============+=============+
| 1 Compute flavour conv |      0.6929 |        78.6 |       96.75 |
+------------------------+-------------+-------------+-------------+
[2022-03-01_02-44-57] Total Epoch 17 Time:  69.15 seconds

----------------------------------------
----------- Testing Epoch 17 -----------
----------------------------------------

[2022-03-01_02-44-58] Test: [ 0/79] 1 Compute flavour conv	Time  0.144 ( 0.066)	Loss 1.3831e+00 (1.3831e+00)	Acc@1  66.41 ( 66.41)	Acc@5  89.06 ( 89.06)

----------------------------------------
-------- Testing Epoch 17 Stats --------
----------------------------------------

+------------------------+-------------+-------------+-------------+
| Conv                   |   Avg. Loss |   Avg. Acc1 |   Avg. Acc5 |
+========================+=============+=============+=============+
| 1 Compute flavour conv |        1.61 |       60.91 |       86.53 |
+------------------------+-------------+-------------+-------------+
[2022-03-01_02-45-03] Total Test Time:  17.00 seconds

----------------------------------------
---------- Training Epoch 18 -----------
----------------------------------------

[2022-03-01_02-45-03] Epoch: [18][  0/390] 1 Compute flavour conv	Time  0.262 ( 0.178)	Data  0.085 ( 0.001)	Loss 7.8038e-01 (7.8038e-01)	Acc@1  71.09 ( 71.09)	Acc@5  96.88 ( 96.88)
[2022-03-01_02-45-26] Epoch: [18][128/390] 1 Compute flavour conv	Time  0.178 ( 0.178)	Data  0.000 ( 0.001)	Loss 7.3786e-01 (6.0185e-01)	Acc@1  75.78 ( 81.59)	Acc@5  97.66 ( 97.50)
[2022-03-01_02-45-48] Epoch: [18][256/390] 1 Compute flavour conv	Time  0.177 ( 0.178)	Data  0.000 ( 0.001)	Loss 6.2506e-01 (6.1842e-01)	Acc@1  82.03 ( 80.78)	Acc@5  97.66 ( 97.33)
[2022-03-01_02-46-11] Epoch: [18][384/390] 1 Compute flavour conv	Time  0.177 ( 0.178)	Data  0.000 ( 0.001)	Loss 4.6730e-01 (6.4016e-01)	Acc@1  89.06 ( 80.16)	Acc@5  97.66 ( 97.13)

----------------------------------------
------- Training Epoch 18 Stats --------
----------------------------------------

+------------------------+-------------+-------------+-------------+
| Conv                   |   Avg. Loss |   Avg. Acc1 |   Avg. Acc5 |
+========================+=============+=============+=============+
| 1 Compute flavour conv |     0.64097 |       80.12 |       97.12 |
+------------------------+-------------+-------------+-------------+
[2022-03-01_02-46-12] Total Epoch 18 Time:  69.09 seconds

----------------------------------------
----------- Testing Epoch 18 -----------
----------------------------------------

[2022-03-01_02-46-12] Test: [ 0/79] 1 Compute flavour conv	Time  0.143 ( 0.066)	Loss 1.5224e+00 (1.5224e+00)	Acc@1  65.62 ( 65.62)	Acc@5  86.72 ( 86.72)

----------------------------------------
-------- Testing Epoch 18 Stats --------
----------------------------------------

+------------------------+-------------+-------------+-------------+
| Conv                   |   Avg. Loss |   Avg. Acc1 |   Avg. Acc5 |
+========================+=============+=============+=============+
| 1 Compute flavour conv |      1.4964 |       62.62 |       88.24 |
+------------------------+-------------+-------------+-------------+
[2022-03-01_02-46-17] Total Test Time:  18.00 seconds

----------------------------------------
---------- Training Epoch 19 -----------
----------------------------------------

[2022-03-01_02-46-17] Epoch: [19][  0/390] 1 Compute flavour conv	Time  0.267 ( 0.178)	Data  0.086 ( 0.001)	Loss 6.2543e-01 (6.2543e-01)	Acc@1  79.69 ( 79.69)	Acc@5  96.88 ( 96.88)
[2022-03-01_02-46-40] Epoch: [19][128/390] 1 Compute flavour conv	Time  0.176 ( 0.178)	Data  0.000 ( 0.001)	Loss 3.3424e-01 (5.6083e-01)	Acc@1  89.06 ( 82.18)	Acc@5 100.00 ( 98.00)
[2022-03-01_02-47-03] Epoch: [19][256/390] 1 Compute flavour conv	Time  0.177 ( 0.178)	Data  0.000 ( 0.001)	Loss 7.1899e-01 (5.8415e-01)	Acc@1  77.34 ( 81.56)	Acc@5  99.22 ( 97.70)
[2022-03-01_02-47-25] Epoch: [19][384/390] 1 Compute flavour conv	Time  0.176 ( 0.178)	Data  0.000 ( 0.001)	Loss 5.7067e-01 (5.9721e-01)	Acc@1  83.59 ( 81.23)	Acc@5  96.88 ( 97.53)

----------------------------------------
------- Training Epoch 19 Stats --------
----------------------------------------

+------------------------+-------------+-------------+-------------+
| Conv                   |   Avg. Loss |   Avg. Acc1 |   Avg. Acc5 |
+========================+=============+=============+=============+
| 1 Compute flavour conv |     0.59709 |       81.22 |       97.54 |
+------------------------+-------------+-------------+-------------+
[2022-03-01_02-47-26] Total Epoch 19 Time:  69.17 seconds

----------------------------------------
----------- Testing Epoch 19 -----------
----------------------------------------

[2022-03-01_02-47-26] Test: [ 0/79] 1 Compute flavour conv	Time  0.144 ( 0.066)	Loss 1.1772e+00 (1.1772e+00)	Acc@1  75.00 ( 75.00)	Acc@5  91.41 ( 91.41)

----------------------------------------
-------- Testing Epoch 19 Stats --------
----------------------------------------

+------------------------+-------------+-------------+-------------+
| Conv                   |   Avg. Loss |   Avg. Acc1 |   Avg. Acc5 |
+========================+=============+=============+=============+
| 1 Compute flavour conv |      1.4344 |        64.8 |       88.97 |
+------------------------+-------------+-------------+-------------+
[2022-03-01_02-47-31] Total Test Time:  19.00 seconds

----------------------------------------
---------- Training Epoch 20 -----------
----------------------------------------

[2022-03-01_02-47-32] Epoch: [20][  0/390] 1 Compute flavour conv	Time  0.268 ( 0.178)	Data  0.088 ( 0.001)	Loss 5.2891e-01 (5.2891e-01)	Acc@1  82.03 ( 82.03)	Acc@5  98.44 ( 98.44)
[2022-03-01_02-47-54] Epoch: [20][128/390] 1 Compute flavour conv	Time  0.178 ( 0.178)	Data  0.000 ( 0.001)	Loss 3.8872e-01 (5.2142e-01)	Acc@1  89.84 ( 83.55)	Acc@5 100.00 ( 98.15)
[2022-03-01_02-48-17] Epoch: [20][256/390] 1 Compute flavour conv	Time  0.175 ( 0.178)	Data  0.000 ( 0.001)	Loss 6.2444e-01 (5.3734e-01)	Acc@1  82.03 ( 83.08)	Acc@5  96.09 ( 98.04)
[2022-03-01_02-48-40] Epoch: [20][384/390] 1 Compute flavour conv	Time  0.174 ( 0.178)	Data  0.000 ( 0.001)	Loss 5.3846e-01 (5.5334e-01)	Acc@1  85.94 ( 82.53)	Acc@5  98.44 ( 97.91)

----------------------------------------
------- Training Epoch 20 Stats --------
----------------------------------------

+------------------------+-------------+-------------+-------------+
| Conv                   |   Avg. Loss |   Avg. Acc1 |   Avg. Acc5 |
+========================+=============+=============+=============+
| 1 Compute flavour conv |      0.5542 |       82.49 |       97.91 |
+------------------------+-------------+-------------+-------------+
[2022-03-01_02-48-41] Total Epoch 20 Time:  69.23 seconds

----------------------------------------
----------- Testing Epoch 20 -----------
----------------------------------------

[2022-03-01_02-48-41] Test: [ 0/79] 1 Compute flavour conv	Time  0.144 ( 0.066)	Loss 1.2458e+00 (1.2458e+00)	Acc@1  69.53 ( 69.53)	Acc@5  92.19 ( 92.19)

----------------------------------------
-------- Testing Epoch 20 Stats --------
----------------------------------------

+------------------------+-------------+-------------+-------------+
| Conv                   |   Avg. Loss |   Avg. Acc1 |   Avg. Acc5 |
+========================+=============+=============+=============+
| 1 Compute flavour conv |      1.5082 |       63.49 |        88.3 |
+------------------------+-------------+-------------+-------------+
[2022-03-01_02-48-46] Total Test Time:  20.00 seconds

----------------------------------------
---------- Training Epoch 21 -----------
----------------------------------------

[2022-03-01_02-48-46] Epoch: [21][  0/390] 1 Compute flavour conv	Time  0.263 ( 0.178)	Data  0.086 ( 0.001)	Loss 5.2558e-01 (5.2558e-01)	Acc@1  83.59 ( 83.59)	Acc@5  98.44 ( 98.44)
[2022-03-01_02-49-09] Epoch: [21][128/390] 1 Compute flavour conv	Time  0.177 ( 0.178)	Data  0.000 ( 0.001)	Loss 5.5830e-01 (4.5537e-01)	Acc@1  85.16 ( 85.59)	Acc@5  97.66 ( 98.74)
[2022-03-01_02-49-31] Epoch: [21][256/390] 1 Compute flavour conv	Time  0.177 ( 0.178)	Data  0.000 ( 0.001)	Loss 5.3790e-01 (4.8497e-01)	Acc@1  85.94 ( 84.67)	Acc@5  99.22 ( 98.42)
[2022-03-01_02-49-54] Epoch: [21][384/390] 1 Compute flavour conv	Time  0.176 ( 0.178)	Data  0.000 ( 0.001)	Loss 4.5744e-01 (5.0238e-01)	Acc@1  89.84 ( 84.12)	Acc@5  97.66 ( 98.29)

----------------------------------------
------- Training Epoch 21 Stats --------
----------------------------------------

+------------------------+-------------+-------------+-------------+
| Conv                   |   Avg. Loss |   Avg. Acc1 |   Avg. Acc5 |
+========================+=============+=============+=============+
| 1 Compute flavour conv |     0.50312 |       84.11 |       98.28 |
+------------------------+-------------+-------------+-------------+
[2022-03-01_02-49-55] Total Epoch 21 Time:  69.04 seconds

----------------------------------------
----------- Testing Epoch 21 -----------
----------------------------------------

[2022-03-01_02-49-55] Test: [ 0/79] 1 Compute flavour conv	Time  0.142 ( 0.066)	Loss 1.4433e+00 (1.4433e+00)	Acc@1  67.19 ( 67.19)	Acc@5  89.84 ( 89.84)

----------------------------------------
-------- Testing Epoch 21 Stats --------
----------------------------------------

+------------------------+-------------+-------------+-------------+
| Conv                   |   Avg. Loss |   Avg. Acc1 |   Avg. Acc5 |
+========================+=============+=============+=============+
| 1 Compute flavour conv |      1.4818 |       64.48 |       89.26 |
+------------------------+-------------+-------------+-------------+
[2022-03-01_02-50-00] Total Test Time:  21.00 seconds

----------------------------------------
---------- Training Epoch 22 -----------
----------------------------------------

[2022-03-01_02-50-00] Epoch: [22][  0/390] 1 Compute flavour conv	Time  0.263 ( 0.178)	Data  0.085 ( 0.001)	Loss 3.5766e-01 (3.5766e-01)	Acc@1  87.50 ( 87.50)	Acc@5  99.22 ( 99.22)
[2022-03-01_02-50-23] Epoch: [22][128/390] 1 Compute flavour conv	Time  0.177 ( 0.178)	Data  0.000 ( 0.001)	Loss 4.2225e-01 (4.3539e-01)	Acc@1  85.94 ( 86.24)	Acc@5  97.66 ( 98.70)
[2022-03-01_02-50-46] Epoch: [22][256/390] 1 Compute flavour conv	Time  0.175 ( 0.178)	Data  0.000 ( 0.001)	Loss 6.5056e-01 (4.5192e-01)	Acc@1  79.69 ( 85.59)	Acc@5  97.66 ( 98.65)
[2022-03-01_02-51-08] Epoch: [22][384/390] 1 Compute flavour conv	Time  0.179 ( 0.177)	Data  0.000 ( 0.001)	Loss 6.4449e-01 (4.6849e-01)	Acc@1  81.25 ( 85.01)	Acc@5  98.44 ( 98.54)

----------------------------------------
------- Training Epoch 22 Stats --------
----------------------------------------

+------------------------+-------------+-------------+-------------+
| Conv                   |   Avg. Loss |   Avg. Acc1 |   Avg. Acc5 |
+========================+=============+=============+=============+
| 1 Compute flavour conv |     0.46952 |       84.97 |       98.54 |
+------------------------+-------------+-------------+-------------+
[2022-03-01_02-51-09] Total Epoch 22 Time:  69.15 seconds

----------------------------------------
----------- Testing Epoch 22 -----------
----------------------------------------

[2022-03-01_02-51-09] Test: [ 0/79] 1 Compute flavour conv	Time  0.145 ( 0.066)	Loss 1.4110e+00 (1.4110e+00)	Acc@1  65.62 ( 65.62)	Acc@5  88.28 ( 88.28)

----------------------------------------
-------- Testing Epoch 22 Stats --------
----------------------------------------

+------------------------+-------------+-------------+-------------+
| Conv                   |   Avg. Loss |   Avg. Acc1 |   Avg. Acc5 |
+========================+=============+=============+=============+
| 1 Compute flavour conv |      1.5964 |        63.4 |       88.24 |
+------------------------+-------------+-------------+-------------+
[2022-03-01_02-51-15] Total Test Time:  22.00 seconds

----------------------------------------
---------- Training Epoch 23 -----------
----------------------------------------

[2022-03-01_02-51-15] Epoch: [23][  0/390] 1 Compute flavour conv	Time  0.265 ( 0.178)	Data  0.088 ( 0.001)	Loss 4.0898e-01 (4.0898e-01)	Acc@1  89.06 ( 89.06)	Acc@5  98.44 ( 98.44)
[2022-03-01_02-51-38] Epoch: [23][128/390] 1 Compute flavour conv	Time  0.176 ( 0.178)	Data  0.000 ( 0.001)	Loss 5.0924e-01 (3.9599e-01)	Acc@1  82.03 ( 87.55)	Acc@5  97.66 ( 99.02)
[2022-03-01_02-52-00] Epoch: [23][256/390] 1 Compute flavour conv	Time  0.176 ( 0.178)	Data  0.000 ( 0.001)	Loss 5.4520e-01 (4.1205e-01)	Acc@1  82.81 ( 86.83)	Acc@5  98.44 ( 98.94)
[2022-03-01_02-52-23] Epoch: [23][384/390] 1 Compute flavour conv	Time  0.182 ( 0.178)	Data  0.000 ( 0.001)	Loss 4.2637e-01 (4.2720e-01)	Acc@1  81.25 ( 86.35)	Acc@5 100.00 ( 98.84)

----------------------------------------
------- Training Epoch 23 Stats --------
----------------------------------------

+------------------------+-------------+-------------+-------------+
| Conv                   |   Avg. Loss |   Avg. Acc1 |   Avg. Acc5 |
+========================+=============+=============+=============+
| 1 Compute flavour conv |     0.42788 |       86.33 |       98.83 |
+------------------------+-------------+-------------+-------------+
[2022-03-01_02-52-24] Total Epoch 23 Time:  69.29 seconds

----------------------------------------
----------- Testing Epoch 23 -----------
----------------------------------------

[2022-03-01_02-52-24] Test: [ 0/79] 1 Compute flavour conv	Time  0.145 ( 0.066)	Loss 1.4458e+00 (1.4458e+00)	Acc@1  65.62 ( 65.62)	Acc@5  89.84 ( 89.84)

----------------------------------------
-------- Testing Epoch 23 Stats --------
----------------------------------------

+------------------------+-------------+-------------+-------------+
| Conv                   |   Avg. Loss |   Avg. Acc1 |   Avg. Acc5 |
+========================+=============+=============+=============+
| 1 Compute flavour conv |      1.6372 |       62.92 |       87.85 |
+------------------------+-------------+-------------+-------------+
[2022-03-01_02-52-29] Total Test Time:  23.00 seconds

----------------------------------------
---------- Training Epoch 24 -----------
----------------------------------------

[2022-03-01_02-52-29] Epoch: [24][  0/390] 1 Compute flavour conv	Time  0.267 ( 0.178)	Data  0.089 ( 0.001)	Loss 3.5188e-01 (3.5188e-01)	Acc@1  89.06 ( 89.06)	Acc@5  99.22 ( 99.22)
[2022-03-01_02-52-52] Epoch: [24][128/390] 1 Compute flavour conv	Time  0.177 ( 0.178)	Data  0.000 ( 0.001)	Loss 2.5376e-01 (3.6824e-01)	Acc@1  94.53 ( 88.32)	Acc@5 100.00 ( 99.12)
[2022-03-01_02-53-15] Epoch: [24][256/390] 1 Compute flavour conv	Time  0.177 ( 0.177)	Data  0.000 ( 0.001)	Loss 4.2268e-01 (3.7941e-01)	Acc@1  85.16 ( 87.82)	Acc@5  99.22 ( 99.15)
[2022-03-01_02-53-37] Epoch: [24][384/390] 1 Compute flavour conv	Time  0.174 ( 0.177)	Data  0.000 ( 0.001)	Loss 3.7560e-01 (3.8918e-01)	Acc@1  89.06 ( 87.53)	Acc@5  98.44 ( 99.06)

----------------------------------------
------- Training Epoch 24 Stats --------
----------------------------------------

+------------------------+-------------+-------------+-------------+
| Conv                   |   Avg. Loss |   Avg. Acc1 |   Avg. Acc5 |
+========================+=============+=============+=============+
| 1 Compute flavour conv |     0.38917 |       87.53 |       99.07 |
+------------------------+-------------+-------------+-------------+
[2022-03-01_02-53-38] Total Epoch 24 Time:  69.13 seconds

----------------------------------------
----------- Testing Epoch 24 -----------
----------------------------------------

[2022-03-01_02-53-38] Test: [ 0/79] 1 Compute flavour conv	Time  0.143 ( 0.066)	Loss 1.3692e+00 (1.3692e+00)	Acc@1  67.19 ( 67.19)	Acc@5  91.41 ( 91.41)

----------------------------------------
-------- Testing Epoch 24 Stats --------
----------------------------------------

+------------------------+-------------+-------------+-------------+
| Conv                   |   Avg. Loss |   Avg. Acc1 |   Avg. Acc5 |
+========================+=============+=============+=============+
| 1 Compute flavour conv |      1.5182 |       65.67 |       89.36 |
+------------------------+-------------+-------------+-------------+
[2022-03-01_02-53-43] Total Test Time:  24.00 seconds

----------------------------------------
---------- Training Epoch 25 -----------
----------------------------------------

[2022-03-01_02-53-44] Epoch: [25][  0/390] 1 Compute flavour conv	Time  0.266 ( 0.177)	Data  0.089 ( 0.001)	Loss 3.2072e-01 (3.2072e-01)	Acc@1  88.28 ( 88.28)	Acc@5  99.22 ( 99.22)
[2022-03-01_02-54-06] Epoch: [25][128/390] 1 Compute flavour conv	Time  0.173 ( 0.177)	Data  0.000 ( 0.001)	Loss 3.4485e-01 (3.2423e-01)	Acc@1  85.94 ( 89.55)	Acc@5 100.00 ( 99.43)
[2022-03-01_02-54-29] Epoch: [25][256/390] 1 Compute flavour conv	Time  0.175 ( 0.177)	Data  0.000 ( 0.001)	Loss 3.8169e-01 (3.4335e-01)	Acc@1  89.84 ( 88.94)	Acc@5  97.66 ( 99.28)
[2022-03-01_02-54-52] Epoch: [25][384/390] 1 Compute flavour conv	Time  0.178 ( 0.177)	Data  0.000 ( 0.001)	Loss 3.7620e-01 (3.5751e-01)	Acc@1  89.84 ( 88.38)	Acc@5  97.66 ( 99.27)

----------------------------------------
------- Training Epoch 25 Stats --------
----------------------------------------

+------------------------+-------------+-------------+-------------+
| Conv                   |   Avg. Loss |   Avg. Acc1 |   Avg. Acc5 |
+========================+=============+=============+=============+
| 1 Compute flavour conv |     0.35802 |       88.37 |       99.27 |
+------------------------+-------------+-------------+-------------+
[2022-03-01_02-54-53] Total Epoch 25 Time:  69.12 seconds

----------------------------------------
----------- Testing Epoch 25 -----------
----------------------------------------

[2022-03-01_02-54-53] Test: [ 0/79] 1 Compute flavour conv	Time  0.149 ( 0.066)	Loss 1.5372e+00 (1.5372e+00)	Acc@1  68.75 ( 68.75)	Acc@5  89.84 ( 89.84)

----------------------------------------
-------- Testing Epoch 25 Stats --------
----------------------------------------

+------------------------+-------------+-------------+-------------+
| Conv                   |   Avg. Loss |   Avg. Acc1 |   Avg. Acc5 |
+========================+=============+=============+=============+
| 1 Compute flavour conv |      1.5739 |       64.94 |       88.96 |
+------------------------+-------------+-------------+-------------+
[2022-03-01_02-54-58] Total Test Time:  25.00 seconds

----------------------------------------
---------- Training Epoch 26 -----------
----------------------------------------

[2022-03-01_02-54-58] Epoch: [26][  0/390] 1 Compute flavour conv	Time  0.266 ( 0.177)	Data  0.088 ( 0.001)	Loss 3.1458e-01 (3.1458e-01)	Acc@1  87.50 ( 87.50)	Acc@5 100.00 (100.00)
[2022-03-01_02-55-21] Epoch: [26][128/390] 1 Compute flavour conv	Time  0.175 ( 0.177)	Data  0.000 ( 0.001)	Loss 3.1142e-01 (2.9628e-01)	Acc@1  91.41 ( 90.38)	Acc@5  99.22 ( 99.52)
[2022-03-01_02-55-43] Epoch: [26][256/390] 1 Compute flavour conv	Time  0.175 ( 0.177)	Data  0.000 ( 0.001)	Loss 3.3640e-01 (3.1082e-01)	Acc@1  89.06 ( 89.90)	Acc@5  98.44 ( 99.47)
[2022-03-01_02-56-06] Epoch: [26][384/390] 1 Compute flavour conv	Time  0.174 ( 0.177)	Data  0.000 ( 0.001)	Loss 5.0774e-01 (3.2569e-01)	Acc@1  82.03 ( 89.42)	Acc@5  98.44 ( 99.38)

----------------------------------------
------- Training Epoch 26 Stats --------
----------------------------------------

+------------------------+-------------+-------------+-------------+
| Conv                   |   Avg. Loss |   Avg. Acc1 |   Avg. Acc5 |
+========================+=============+=============+=============+
| 1 Compute flavour conv |     0.32587 |       89.43 |       99.38 |
+------------------------+-------------+-------------+-------------+
[2022-03-01_02-56-07] Total Epoch 26 Time:  69.14 seconds

----------------------------------------
----------- Testing Epoch 26 -----------
----------------------------------------

[2022-03-01_02-56-07] Test: [ 0/79] 1 Compute flavour conv	Time  0.145 ( 0.066)	Loss 1.5168e+00 (1.5168e+00)	Acc@1  66.41 ( 66.41)	Acc@5  89.06 ( 89.06)

----------------------------------------
-------- Testing Epoch 26 Stats --------
----------------------------------------

+------------------------+-------------+-------------+-------------+
| Conv                   |   Avg. Loss |   Avg. Acc1 |   Avg. Acc5 |
+========================+=============+=============+=============+
| 1 Compute flavour conv |      1.6148 |       64.94 |       88.84 |
+------------------------+-------------+-------------+-------------+
[2022-03-01_02-56-12] Total Test Time:  26.00 seconds

----------------------------------------
---------- Training Epoch 27 -----------
----------------------------------------

[2022-03-01_02-56-12] Epoch: [27][  0/390] 1 Compute flavour conv	Time  0.266 ( 0.177)	Data  0.086 ( 0.001)	Loss 3.3243e-01 (3.3243e-01)	Acc@1  86.72 ( 86.72)	Acc@5  99.22 ( 99.22)
[2022-03-01_02-56-35] Epoch: [27][128/390] 1 Compute flavour conv	Time  0.178 ( 0.177)	Data  0.000 ( 0.001)	Loss 2.9638e-01 (2.6944e-01)	Acc@1  89.06 ( 91.29)	Acc@5  99.22 ( 99.59)
[2022-03-01_02-56-58] Epoch: [27][256/390] 1 Compute flavour conv	Time  0.177 ( 0.177)	Data  0.000 ( 0.001)	Loss 2.5231e-01 (2.8455e-01)	Acc@1  91.41 ( 90.70)	Acc@5  99.22 ( 99.52)
[2022-03-01_02-57-21] Epoch: [27][384/390] 1 Compute flavour conv	Time  0.181 ( 0.177)	Data  0.000 ( 0.001)	Loss 3.7099e-01 (3.0122e-01)	Acc@1  85.16 ( 90.00)	Acc@5 100.00 ( 99.52)

----------------------------------------
------- Training Epoch 27 Stats --------
----------------------------------------

+------------------------+-------------+-------------+-------------+
| Conv                   |   Avg. Loss |   Avg. Acc1 |   Avg. Acc5 |
+========================+=============+=============+=============+
| 1 Compute flavour conv |     0.30147 |       89.99 |       99.52 |
+------------------------+-------------+-------------+-------------+
[2022-03-01_02-57-21] Total Epoch 27 Time:  69.31 seconds

----------------------------------------
----------- Testing Epoch 27 -----------
----------------------------------------

[2022-03-01_02-57-22] Test: [ 0/79] 1 Compute flavour conv	Time  0.143 ( 0.066)	Loss 1.5467e+00 (1.5467e+00)	Acc@1  70.31 ( 70.31)	Acc@5  91.41 ( 91.41)

----------------------------------------
-------- Testing Epoch 27 Stats --------
----------------------------------------

+------------------------+-------------+-------------+-------------+
| Conv                   |   Avg. Loss |   Avg. Acc1 |   Avg. Acc5 |
+========================+=============+=============+=============+
| 1 Compute flavour conv |       1.591 |        65.8 |       89.16 |
+------------------------+-------------+-------------+-------------+
[2022-03-01_02-57-27] Total Test Time:  27.00 seconds

----------------------------------------
---------- Training Epoch 28 -----------
----------------------------------------

[2022-03-01_02-57-27] Epoch: [28][  0/390] 1 Compute flavour conv	Time  0.263 ( 0.177)	Data  0.087 ( 0.001)	Loss 2.7942e-01 (2.7942e-01)	Acc@1  92.19 ( 92.19)	Acc@5 100.00 (100.00)
[2022-03-01_02-57-50] Epoch: [28][128/390] 1 Compute flavour conv	Time  0.176 ( 0.177)	Data  0.000 ( 0.001)	Loss 2.2377e-01 (2.4875e-01)	Acc@1  95.31 ( 92.16)	Acc@5 100.00 ( 99.66)
[2022-03-01_02-58-12] Epoch: [28][256/390] 1 Compute flavour conv	Time  0.177 ( 0.177)	Data  0.000 ( 0.001)	Loss 3.0425e-01 (2.6554e-01)	Acc@1  91.41 ( 91.52)	Acc@5  99.22 ( 99.60)
[2022-03-01_02-58-35] Epoch: [28][384/390] 1 Compute flavour conv	Time  0.182 ( 0.177)	Data  0.000 ( 0.001)	Loss 3.1101e-01 (2.7193e-01)	Acc@1  89.84 ( 91.25)	Acc@5 100.00 ( 99.62)

----------------------------------------
------- Training Epoch 28 Stats --------
----------------------------------------

+------------------------+-------------+-------------+-------------+
| Conv                   |   Avg. Loss |   Avg. Acc1 |   Avg. Acc5 |
+========================+=============+=============+=============+
| 1 Compute flavour conv |     0.27263 |       91.22 |       99.62 |
+------------------------+-------------+-------------+-------------+
[2022-03-01_02-58-36] Total Epoch 28 Time:  69.12 seconds

----------------------------------------
----------- Testing Epoch 28 -----------
----------------------------------------

[2022-03-01_02-58-36] Test: [ 0/79] 1 Compute flavour conv	Time  0.147 ( 0.066)	Loss 1.6738e+00 (1.6738e+00)	Acc@1  66.41 ( 66.41)	Acc@5  90.62 ( 90.62)

----------------------------------------
-------- Testing Epoch 28 Stats --------
----------------------------------------

+------------------------+-------------+-------------+-------------+
| Conv                   |   Avg. Loss |   Avg. Acc1 |   Avg. Acc5 |
+========================+=============+=============+=============+
| 1 Compute flavour conv |      1.6787 |       64.66 |       88.79 |
+------------------------+-------------+-------------+-------------+
[2022-03-01_02-58-41] Total Test Time:  28.00 seconds

----------------------------------------
---------- Training Epoch 29 -----------
----------------------------------------

[2022-03-01_02-58-41] Epoch: [29][  0/390] 1 Compute flavour conv	Time  0.269 ( 0.177)	Data  0.088 ( 0.001)	Loss 2.8879e-01 (2.8879e-01)	Acc@1  88.28 ( 88.28)	Acc@5 100.00 (100.00)
[2022-03-01_02-59-04] Epoch: [29][128/390] 1 Compute flavour conv	Time  0.177 ( 0.177)	Data  0.000 ( 0.001)	Loss 3.6440e-01 (2.2645e-01)	Acc@1  88.28 ( 92.79)	Acc@5  98.44 ( 99.72)
[2022-03-01_02-59-27] Epoch: [29][256/390] 1 Compute flavour conv	Time  0.175 ( 0.177)	Data  0.000 ( 0.001)	Loss 2.4849e-01 (2.3832e-01)	Acc@1  90.62 ( 92.32)	Acc@5 100.00 ( 99.69)
[2022-03-01_02-59-49] Epoch: [29][384/390] 1 Compute flavour conv	Time  0.176 ( 0.177)	Data  0.000 ( 0.001)	Loss 4.1305e-01 (2.5725e-01)	Acc@1  86.72 ( 91.66)	Acc@5  98.44 ( 99.64)

----------------------------------------
------- Training Epoch 29 Stats --------
----------------------------------------

+------------------------+-------------+-------------+-------------+
| Conv                   |   Avg. Loss |   Avg. Acc1 |   Avg. Acc5 |
+========================+=============+=============+=============+
| 1 Compute flavour conv |       0.258 |       91.65 |       99.63 |
+------------------------+-------------+-------------+-------------+
[2022-03-01_02-59-50] Total Epoch 29 Time:  69.11 seconds

----------------------------------------
----------- Testing Epoch 29 -----------
----------------------------------------

[2022-03-01_02-59-50] Test: [ 0/79] 1 Compute flavour conv	Time  0.143 ( 0.066)	Loss 1.5406e+00 (1.5406e+00)	Acc@1  69.53 ( 69.53)	Acc@5  89.84 ( 89.84)

----------------------------------------
-------- Testing Epoch 29 Stats --------
----------------------------------------

+------------------------+-------------+-------------+-------------+
| Conv                   |   Avg. Loss |   Avg. Acc1 |   Avg. Acc5 |
+========================+=============+=============+=============+
| 1 Compute flavour conv |      1.6418 |       65.12 |       89.22 |
+------------------------+-------------+-------------+-------------+
[2022-03-01_02-59-55] Total Test Time:  29.00 seconds
