[2022-03-01_13-22-25] main.py --action TRAINING --arch resnet18Asym-cifar100 --epoch 5 --batch_size 128 --seed 44 --gpu 0 --compute_flavour 9 --v 1

[2022-03-01_13-22-25] arch=resnet18Asym, dataset=cifar100, desc=None, flavour=9, epochs=5, batch_size=128, LR=0.1, LRD=0, WD=0, MOMENTUM=0, GAMMA=0.1, MILESTONES=[60, 120, 160], device=cuda, verbose=1, model_path=None
[2022-03-01_13-22-25] Seed = 44

----------------------------------------
----------- TRAINING NETWORK -----------
----------------------------------------

[2022-03-01_13-22-25] NeuralNet __init__: arch=resnet18Asym, dataset=cifar100 compute_flavour=9, epochs=5,LR=0.1 LRD=0 WD=0 MOMENTUM=0 GAMMA=0.1 MILESTONES=[60, 120, 160] device=cuda verbose=1 gpus=1 distributed=0 model_path=None
[2022-03-01_13-22-25] Seed = 44
[2022-03-01_13-22-29] Model_StatsLogger __init__() Compute flavour: 9

----------------------------------------
----------- Training Epoch 0 -----------
----------------------------------------

[2022-03-01_13-22-31] Epoch: [0][  0/390] 9 Compute flavour conv	Time  1.043 ( 1.043)	Data  0.744 ( 0.744)	Loss 4.7314e+00 (4.7314e+00)	Acc@1   0.78 (  0.78)	Acc@5   7.03 (  7.03)
[2022-03-01_13-22-43] Epoch: [0][128/390] 9 Compute flavour conv	Time  0.095 ( 0.102)	Data  0.000 ( 0.006)	Loss 4.2271e+00 (4.2475e+00)	Acc@1   4.69 (  5.59)	Acc@5  21.09 ( 19.35)
[2022-03-01_13-22-55] Epoch: [0][256/390] 9 Compute flavour conv	Time  0.096 ( 0.099)	Data  0.000 ( 0.003)	Loss 3.8484e+00 (4.0358e+00)	Acc@1  10.16 (  8.04)	Acc@5  29.69 ( 25.88)
[2022-03-01_13-23-07] Epoch: [0][384/390] 9 Compute flavour conv	Time  0.096 ( 0.098)	Data  0.000 ( 0.002)	Loss 3.5446e+00 (3.8920e+00)	Acc@1  19.53 (  9.87)	Acc@5  39.84 ( 30.34)

----------------------------------------
-------- Training Epoch 0 Stats --------
----------------------------------------

+------------------------+-------------+-------------+-------------+
| Conv                   |   Avg. Loss |   Avg. Acc1 |   Avg. Acc5 |
+========================+=============+=============+=============+
| 9 Compute flavour conv |      3.8872 |        9.94 |       30.46 |
+------------------------+-------------+-------------+-------------+
[2022-03-01_13-23-08] Total Epoch 0 Time:  38.32 seconds

----------------------------------------
----------- Testing Epoch 0 ------------
----------------------------------------

[2022-03-01_13-23-09] Test: [ 0/79] 9 Compute flavour conv	Time  0.761 ( 0.761)	Loss 3.5455e+00 (3.5455e+00)	Acc@1  14.06 ( 14.06)	Acc@5  39.06 ( 39.06)

----------------------------------------
-------- Testing Epoch 0 Stats ---------
----------------------------------------

+------------------------+-------------+-------------+-------------+
| Conv                   |   Avg. Loss |   Avg. Acc1 |   Avg. Acc5 |
+========================+=============+=============+=============+
| 9 Compute flavour conv |      3.4924 |       16.25 |       42.09 |
+------------------------+-------------+-------------+-------------+
[2022-03-01_13-23-11] Total Test Time:   0.00 seconds

----------------------------------------
----------- Training Epoch 1 -----------
----------------------------------------

[2022-03-01_13-23-12] Epoch: [1][  0/390] 9 Compute flavour conv	Time  0.893 ( 0.100)	Data  0.727 ( 0.004)	Loss 3.3141e+00 (3.3141e+00)	Acc@1  25.78 ( 25.78)	Acc@5  47.66 ( 47.66)
[2022-03-01_13-23-25] Epoch: [1][128/390] 9 Compute flavour conv	Time  0.098 ( 0.099)	Data  0.000 ( 0.003)	Loss 3.4151e+00 (3.4023e+00)	Acc@1  12.50 ( 17.39)	Acc@5  47.66 ( 44.98)
[2022-03-01_13-23-37] Epoch: [1][256/390] 9 Compute flavour conv	Time  0.099 ( 0.099)	Data  0.000 ( 0.003)	Loss 3.1333e+00 (3.3302e+00)	Acc@1  18.75 ( 18.63)	Acc@5  51.56 ( 46.95)
[2022-03-01_13-23-50] Epoch: [1][384/390] 9 Compute flavour conv	Time  0.098 ( 0.099)	Data  0.000 ( 0.002)	Loss 3.0663e+00 (3.2607e+00)	Acc@1  22.66 ( 20.02)	Acc@5  57.81 ( 48.82)

----------------------------------------
-------- Training Epoch 1 Stats --------
----------------------------------------

+------------------------+-------------+-------------+-------------+
| Conv                   |   Avg. Loss |   Avg. Acc1 |   Avg. Acc5 |
+========================+=============+=============+=============+
| 9 Compute flavour conv |      3.2565 |        20.1 |       48.93 |
+------------------------+-------------+-------------+-------------+
[2022-03-01_13-23-51] Total Epoch 1 Time:  39.19 seconds

----------------------------------------
----------- Testing Epoch 1 ------------
----------------------------------------

[2022-03-01_13-23-51] Test: [ 0/79] 9 Compute flavour conv	Time  0.756 ( 0.051)	Loss 3.1191e+00 (3.1191e+00)	Acc@1  23.44 ( 23.44)	Acc@5  54.69 ( 54.69)

----------------------------------------
-------- Testing Epoch 1 Stats ---------
----------------------------------------

+------------------------+-------------+-------------+-------------+
| Conv                   |   Avg. Loss |   Avg. Acc1 |   Avg. Acc5 |
+========================+=============+=============+=============+
| 9 Compute flavour conv |      3.0502 |       24.98 |       54.87 |
+------------------------+-------------+-------------+-------------+
[2022-03-01_13-23-54] Total Test Time:   1.00 seconds

----------------------------------------
----------- Training Epoch 2 -----------
----------------------------------------

[2022-03-01_13-23-55] Epoch: [2][  0/390] 9 Compute flavour conv	Time  0.899 ( 0.100)	Data  0.764 ( 0.003)	Loss 2.7555e+00 (2.7555e+00)	Acc@1  28.91 ( 28.91)	Acc@5  60.94 ( 60.94)
[2022-03-01_13-24-08] Epoch: [2][128/390] 9 Compute flavour conv	Time  0.100 ( 0.100)	Data  0.000 ( 0.003)	Loss 3.0399e+00 (2.9435e+00)	Acc@1  22.66 ( 25.29)	Acc@5  55.47 ( 56.88)
[2022-03-01_13-24-21] Epoch: [2][256/390] 9 Compute flavour conv	Time  0.100 ( 0.100)	Data  0.000 ( 0.002)	Loss 2.7676e+00 (2.8915e+00)	Acc@1  27.34 ( 26.54)	Acc@5  64.84 ( 58.22)
[2022-03-01_13-24-33] Epoch: [2][384/390] 9 Compute flavour conv	Time  0.100 ( 0.100)	Data  0.000 ( 0.002)	Loss 2.6746e+00 (2.8451e+00)	Acc@1  25.78 ( 27.43)	Acc@5  61.72 ( 59.29)

----------------------------------------
-------- Training Epoch 2 Stats --------
----------------------------------------

+------------------------+-------------+-------------+-------------+
| Conv                   |   Avg. Loss |   Avg. Acc1 |   Avg. Acc5 |
+========================+=============+=============+=============+
| 9 Compute flavour conv |      2.8436 |       27.48 |       59.34 |
+------------------------+-------------+-------------+-------------+
[2022-03-01_13-24-34] Total Epoch 2 Time:  39.97 seconds

----------------------------------------
----------- Testing Epoch 2 ------------
----------------------------------------

[2022-03-01_13-24-35] Test: [ 0/79] 9 Compute flavour conv	Time  0.746 ( 0.046)	Loss 2.7781e+00 (2.7781e+00)	Acc@1  26.56 ( 26.56)	Acc@5  64.06 ( 64.06)

----------------------------------------
-------- Testing Epoch 2 Stats ---------
----------------------------------------

+------------------------+-------------+-------------+-------------+
| Conv                   |   Avg. Loss |   Avg. Acc1 |   Avg. Acc5 |
+========================+=============+=============+=============+
| 9 Compute flavour conv |      2.7662 |       29.75 |       63.02 |
+------------------------+-------------+-------------+-------------+
[2022-03-01_13-24-38] Total Test Time:   2.00 seconds

----------------------------------------
----------- Training Epoch 3 -----------
----------------------------------------

[2022-03-01_13-24-39] Epoch: [3][  0/390] 9 Compute flavour conv	Time  0.915 ( 0.101)	Data  0.783 ( 0.003)	Loss 2.2957e+00 (2.2957e+00)	Acc@1  39.06 ( 39.06)	Acc@5  76.56 ( 76.56)
[2022-03-01_13-24-52] Epoch: [3][128/390] 9 Compute flavour conv	Time  0.100 ( 0.101)	Data  0.000 ( 0.003)	Loss 2.6967e+00 (2.5887e+00)	Acc@1  34.38 ( 33.48)	Acc@5  66.41 ( 65.60)
[2022-03-01_13-25-05] Epoch: [3][256/390] 9 Compute flavour conv	Time  0.104 ( 0.101)	Data  0.000 ( 0.002)	Loss 2.3271e+00 (2.5526e+00)	Acc@1  32.81 ( 33.70)	Acc@5  75.00 ( 66.25)
[2022-03-01_13-25-18] Epoch: [3][384/390] 9 Compute flavour conv	Time  0.101 ( 0.101)	Data  0.000 ( 0.002)	Loss 2.1404e+00 (2.5168e+00)	Acc@1  43.75 ( 34.44)	Acc@5  72.66 ( 67.02)

----------------------------------------
-------- Training Epoch 3 Stats --------
----------------------------------------

+------------------------+-------------+-------------+-------------+
| Conv                   |   Avg. Loss |   Avg. Acc1 |   Avg. Acc5 |
+========================+=============+=============+=============+
| 9 Compute flavour conv |      2.5155 |       34.46 |       67.05 |
+------------------------+-------------+-------------+-------------+
[2022-03-01_13-25-18] Total Epoch 3 Time:  40.81 seconds

----------------------------------------
----------- Testing Epoch 3 ------------
----------------------------------------

[2022-03-01_13-25-19] Test: [ 0/79] 9 Compute flavour conv	Time  0.768 ( 0.045)	Loss 2.3768e+00 (2.3768e+00)	Acc@1  40.62 ( 40.62)	Acc@5  68.75 ( 68.75)

----------------------------------------
-------- Testing Epoch 3 Stats ---------
----------------------------------------

+------------------------+-------------+-------------+-------------+
| Conv                   |   Avg. Loss |   Avg. Acc1 |   Avg. Acc5 |
+========================+=============+=============+=============+
| 9 Compute flavour conv |      2.5761 |       33.84 |       65.56 |
+------------------------+-------------+-------------+-------------+
[2022-03-01_13-25-22] Total Test Time:   3.00 seconds

----------------------------------------
----------- Training Epoch 4 -----------
----------------------------------------

[2022-03-01_13-25-23] Epoch: [4][  0/390] 9 Compute flavour conv	Time  0.921 ( 0.102)	Data  0.805 ( 0.003)	Loss 2.3816e+00 (2.3816e+00)	Acc@1  39.06 ( 39.06)	Acc@5  70.31 ( 70.31)
[2022-03-01_13-25-36] Epoch: [4][128/390] 9 Compute flavour conv	Time  0.103 ( 0.102)	Data  0.000 ( 0.003)	Loss 2.3149e+00 (2.3014e+00)	Acc@1  42.97 ( 38.72)	Acc@5  67.97 ( 71.11)
[2022-03-01_13-25-49] Epoch: [4][256/390] 9 Compute flavour conv	Time  0.101 ( 0.102)	Data  0.000 ( 0.002)	Loss 2.2276e+00 (2.2805e+00)	Acc@1  39.84 ( 39.35)	Acc@5  72.66 ( 71.77)
[2022-03-01_13-26-02] Epoch: [4][384/390] 9 Compute flavour conv	Time  0.103 ( 0.102)	Data  0.000 ( 0.002)	Loss 2.2022e+00 (2.2489e+00)	Acc@1  36.72 ( 40.04)	Acc@5  79.69 ( 72.54)

----------------------------------------
-------- Training Epoch 4 Stats --------
----------------------------------------

+------------------------+-------------+-------------+-------------+
| Conv                   |   Avg. Loss |   Avg. Acc1 |   Avg. Acc5 |
+========================+=============+=============+=============+
| 9 Compute flavour conv |      2.2463 |       40.08 |       72.61 |
+------------------------+-------------+-------------+-------------+
[2022-03-01_13-26-03] Total Epoch 4 Time:  40.86 seconds

----------------------------------------
----------- Testing Epoch 4 ------------
----------------------------------------

[2022-03-01_13-26-04] Test: [ 0/79] 9 Compute flavour conv	Time  0.761 ( 0.045)	Loss 2.2567e+00 (2.2567e+00)	Acc@1  46.09 ( 46.09)	Acc@5  71.88 ( 71.88)

----------------------------------------
-------- Testing Epoch 4 Stats ---------
----------------------------------------

+------------------------+-------------+-------------+-------------+
| Conv                   |   Avg. Loss |   Avg. Acc1 |   Avg. Acc5 |
+========================+=============+=============+=============+
| 9 Compute flavour conv |      2.3513 |       39.79 |       70.86 |
+------------------------+-------------+-------------+-------------+
[2022-03-01_13-26-07] Total Test Time:   4.00 seconds
