[2022-03-01_12-55-00] main.py --action TRAINING --arch resnet18Asym-cifar100 --epoch 5 --batch_size 128 --seed 44 --gpu 1 --compute_flavour 9 --v 1

[2022-03-01_12-55-00] arch=resnet18Asym, dataset=cifar100, desc=None, flavour=9, epochs=5, batch_size=128, LR=0.1, LRD=0, WD=0, MOMENTUM=0, GAMMA=0.1, MILESTONES=[60, 120, 160], device=cuda, verbose=1, model_path=None
[2022-03-01_12-55-00] Seed = 44

----------------------------------------
----------- TRAINING NETWORK -----------
----------------------------------------

[2022-03-01_12-55-00] NeuralNet __init__: arch=resnet18Asym, dataset=cifar100 compute_flavour=9, epochs=5,LR=0.1 LRD=0 WD=0 MOMENTUM=0 GAMMA=0.1 MILESTONES=[60, 120, 160] device=cuda verbose=1 gpus=1 distributed=0 model_path=None
[2022-03-01_12-55-00] Seed = 44
[2022-03-01_12-55-02] Model_StatsLogger __init__() Compute flavour: 9

----------------------------------------
----------- Training Epoch 0 -----------
----------------------------------------

[2022-03-01_12-55-04] Epoch: [0][  0/390] 9 Compute flavour conv	Time  1.535 ( 1.535)	Data  0.638 ( 0.638)	Loss 4.7310e+00 (4.7310e+00)	Acc@1   1.56 (  1.56)	Acc@5   7.03 (  7.03)
[2022-03-01_12-55-20] Epoch: [0][128/390] 9 Compute flavour conv	Time  0.124 ( 0.135)	Data  0.000 ( 0.005)	Loss 4.1586e+00 (4.2481e+00)	Acc@1   5.47 (  5.23)	Acc@5  21.09 ( 19.55)
[2022-03-01_12-55-36] Epoch: [0][256/390] 9 Compute flavour conv	Time  0.125 ( 0.130)	Data  0.000 ( 0.003)	Loss 3.9054e+00 (4.0396e+00)	Acc@1   8.59 (  7.71)	Acc@5  28.91 ( 25.87)
[2022-03-01_12-55-52] Epoch: [0][384/390] 9 Compute flavour conv	Time  0.125 ( 0.128)	Data  0.000 ( 0.002)	Loss 3.6025e+00 (3.8977e+00)	Acc@1  20.31 (  9.63)	Acc@5  36.72 ( 30.04)

----------------------------------------
-------- Training Epoch 0 Stats --------
----------------------------------------

+------------------------+-------------+-------------+-------------+
| Conv                   |   Avg. Loss |   Avg. Acc1 |   Avg. Acc5 |
+========================+=============+=============+=============+
| 9 Compute flavour conv |      3.8937 |         9.7 |       30.14 |
+------------------------+-------------+-------------+-------------+
[2022-03-01_12-55-53] Total Epoch 0 Time:  50.19 seconds

----------------------------------------
----------- Testing Epoch 0 ------------
----------------------------------------

[2022-03-01_12-55-54] Test: [ 0/79] 9 Compute flavour conv	Time  0.644 ( 0.644)	Loss 3.5425e+00 (3.5425e+00)	Acc@1  17.97 ( 17.97)	Acc@5  36.72 ( 36.72)

----------------------------------------
-------- Testing Epoch 0 Stats ---------
----------------------------------------

+------------------------+-------------+-------------+-------------+
| Conv                   |   Avg. Loss |   Avg. Acc1 |   Avg. Acc5 |
+========================+=============+=============+=============+
| 9 Compute flavour conv |      3.4788 |       16.91 |       42.71 |
+------------------------+-------------+-------------+-------------+
[2022-03-01_12-55-57] Total Test Time:   0.00 seconds

----------------------------------------
----------- Training Epoch 1 -----------
----------------------------------------

[2022-03-01_12-55-58] Epoch: [1][  0/390] 9 Compute flavour conv	Time  0.812 ( 0.130)	Data  0.651 ( 0.004)	Loss 3.3743e+00 (3.3743e+00)	Acc@1  18.75 ( 18.75)	Acc@5  45.31 ( 45.31)
[2022-03-01_12-56-14] Epoch: [1][128/390] 9 Compute flavour conv	Time  0.126 ( 0.129)	Data  0.000 ( 0.003)	Loss 3.3619e+00 (3.4230e+00)	Acc@1  13.28 ( 16.94)	Acc@5  46.09 ( 44.37)
[2022-03-01_12-56-30] Epoch: [1][256/390] 9 Compute flavour conv	Time  0.126 ( 0.129)	Data  0.000 ( 0.002)	Loss 3.1430e+00 (3.3565e+00)	Acc@1  20.31 ( 18.32)	Acc@5  52.34 ( 46.26)
[2022-03-01_12-56-46] Epoch: [1][384/390] 9 Compute flavour conv	Time  0.125 ( 0.128)	Data  0.000 ( 0.002)	Loss 3.0919e+00 (3.2894e+00)	Acc@1  21.88 ( 19.59)	Acc@5  53.91 ( 48.02)

----------------------------------------
-------- Training Epoch 1 Stats --------
----------------------------------------

+------------------------+-------------+-------------+-------------+
| Conv                   |   Avg. Loss |   Avg. Acc1 |   Avg. Acc5 |
+========================+=============+=============+=============+
| 9 Compute flavour conv |      3.2854 |       19.66 |       48.11 |
+------------------------+-------------+-------------+-------------+
[2022-03-01_12-56-47] Total Epoch 1 Time:  49.94 seconds

----------------------------------------
----------- Testing Epoch 1 ------------
----------------------------------------

[2022-03-01_12-56-47] Test: [ 0/79] 9 Compute flavour conv	Time  0.661 ( 0.054)	Loss 3.1226e+00 (3.1226e+00)	Acc@1  21.88 ( 21.88)	Acc@5  51.56 ( 51.56)

----------------------------------------
-------- Testing Epoch 1 Stats ---------
----------------------------------------

+------------------------+-------------+-------------+-------------+
| Conv                   |   Avg. Loss |   Avg. Acc1 |   Avg. Acc5 |
+========================+=============+=============+=============+
| 9 Compute flavour conv |      3.1803 |        22.9 |       51.52 |
+------------------------+-------------+-------------+-------------+
[2022-03-01_12-56-50] Total Test Time:   1.00 seconds

----------------------------------------
----------- Training Epoch 2 -----------
----------------------------------------

[2022-03-01_12-56-51] Epoch: [2][  0/390] 9 Compute flavour conv	Time  0.816 ( 0.129)	Data  0.679 ( 0.003)	Loss 2.8518e+00 (2.8518e+00)	Acc@1  30.47 ( 30.47)	Acc@5  58.59 ( 58.59)
[2022-03-01_12-57-07] Epoch: [2][128/390] 9 Compute flavour conv	Time  0.126 ( 0.129)	Data  0.000 ( 0.002)	Loss 3.0639e+00 (2.9889e+00)	Acc@1  21.88 ( 24.36)	Acc@5  50.78 ( 55.38)
[2022-03-01_12-57-24] Epoch: [2][256/390] 9 Compute flavour conv	Time  0.126 ( 0.128)	Data  0.000 ( 0.002)	Loss 2.8544e+00 (2.9329e+00)	Acc@1  27.34 ( 25.63)	Acc@5  58.59 ( 56.93)
[2022-03-01_12-57-40] Epoch: [2][384/390] 9 Compute flavour conv	Time  0.125 ( 0.128)	Data  0.000 ( 0.002)	Loss 2.6432e+00 (2.8879e+00)	Acc@1  28.12 ( 26.67)	Acc@5  65.62 ( 58.20)

----------------------------------------
-------- Training Epoch 2 Stats --------
----------------------------------------

+------------------------+-------------+-------------+-------------+
| Conv                   |   Avg. Loss |   Avg. Acc1 |   Avg. Acc5 |
+========================+=============+=============+=============+
| 9 Compute flavour conv |      2.8866 |        26.7 |       58.24 |
+------------------------+-------------+-------------+-------------+
[2022-03-01_12-57-41] Total Epoch 2 Time:  50.11 seconds

----------------------------------------
----------- Testing Epoch 2 ------------
----------------------------------------

[2022-03-01_12-57-41] Test: [ 0/79] 9 Compute flavour conv	Time  0.642 ( 0.049)	Loss 2.7714e+00 (2.7714e+00)	Acc@1  32.81 ( 32.81)	Acc@5  62.50 ( 62.50)

----------------------------------------
-------- Testing Epoch 2 Stats ---------
----------------------------------------

+------------------------+-------------+-------------+-------------+
| Conv                   |   Avg. Loss |   Avg. Acc1 |   Avg. Acc5 |
+========================+=============+=============+=============+
| 9 Compute flavour conv |      2.8453 |       28.62 |       60.79 |
+------------------------+-------------+-------------+-------------+
[2022-03-01_12-57-44] Total Test Time:   2.00 seconds

----------------------------------------
----------- Training Epoch 3 -----------
----------------------------------------

[2022-03-01_12-57-45] Epoch: [3][  0/390] 9 Compute flavour conv	Time  0.808 ( 0.129)	Data  0.670 ( 0.003)	Loss 2.3511e+00 (2.3511e+00)	Acc@1  39.06 ( 39.06)	Acc@5  72.66 ( 72.66)
[2022-03-01_12-58-01] Epoch: [3][128/390] 9 Compute flavour conv	Time  0.126 ( 0.128)	Data  0.000 ( 0.002)	Loss 2.6359e+00 (2.6260e+00)	Acc@1  31.25 ( 32.03)	Acc@5  70.31 ( 64.52)
[2022-03-01_12-58-17] Epoch: [3][256/390] 9 Compute flavour conv	Time  0.126 ( 0.128)	Data  0.000 ( 0.002)	Loss 2.3866e+00 (2.5944e+00)	Acc@1  35.94 ( 32.70)	Acc@5  72.66 ( 65.29)
[2022-03-01_12-58-34] Epoch: [3][384/390] 9 Compute flavour conv	Time  0.125 ( 0.128)	Data  0.000 ( 0.002)	Loss 2.1900e+00 (2.5538e+00)	Acc@1  40.62 ( 33.33)	Acc@5  71.88 ( 66.27)

----------------------------------------
-------- Training Epoch 3 Stats --------
----------------------------------------

+------------------------+-------------+-------------+-------------+
| Conv                   |   Avg. Loss |   Avg. Acc1 |   Avg. Acc5 |
+========================+=============+=============+=============+
| 9 Compute flavour conv |      2.5521 |       33.37 |       66.31 |
+------------------------+-------------+-------------+-------------+
[2022-03-01_12-58-34] Total Epoch 3 Time:  50.12 seconds

----------------------------------------
----------- Testing Epoch 3 ------------
----------------------------------------

[2022-03-01_12-58-35] Test: [ 0/79] 9 Compute flavour conv	Time  0.659 ( 0.048)	Loss 2.2934e+00 (2.2934e+00)	Acc@1  43.75 ( 43.75)	Acc@5  71.09 ( 71.09)

----------------------------------------
-------- Testing Epoch 3 Stats ---------
----------------------------------------

+------------------------+-------------+-------------+-------------+
| Conv                   |   Avg. Loss |   Avg. Acc1 |   Avg. Acc5 |
+========================+=============+=============+=============+
| 9 Compute flavour conv |      2.5177 |       35.71 |       66.78 |
+------------------------+-------------+-------------+-------------+
[2022-03-01_12-58-38] Total Test Time:   3.00 seconds

----------------------------------------
----------- Training Epoch 4 -----------
----------------------------------------

[2022-03-01_12-58-39] Epoch: [4][  0/390] 9 Compute flavour conv	Time  0.837 ( 0.129)	Data  0.688 ( 0.002)	Loss 2.4118e+00 (2.4118e+00)	Acc@1  39.06 ( 39.06)	Acc@5  74.22 ( 74.22)
[2022-03-01_12-58-55] Epoch: [4][128/390] 9 Compute flavour conv	Time  0.126 ( 0.128)	Data  0.000 ( 0.002)	Loss 2.2747e+00 (2.3399e+00)	Acc@1  39.06 ( 37.51)	Acc@5  72.66 ( 70.71)
[2022-03-01_12-59-11] Epoch: [4][256/390] 9 Compute flavour conv	Time  0.126 ( 0.128)	Data  0.000 ( 0.002)	Loss 2.1856e+00 (2.3159e+00)	Acc@1  47.66 ( 38.43)	Acc@5  73.44 ( 71.35)
[2022-03-01_12-59-28] Epoch: [4][384/390] 9 Compute flavour conv	Time  0.126 ( 0.128)	Data  0.000 ( 0.002)	Loss 2.2921e+00 (2.2830e+00)	Acc@1  32.03 ( 39.15)	Acc@5  75.00 ( 72.13)

----------------------------------------
-------- Training Epoch 4 Stats --------
----------------------------------------

+------------------------+-------------+-------------+-------------+
| Conv                   |   Avg. Loss |   Avg. Acc1 |   Avg. Acc5 |
+========================+=============+=============+=============+
| 9 Compute flavour conv |      2.2806 |       39.21 |       72.22 |
+------------------------+-------------+-------------+-------------+
[2022-03-01_12-59-28] Total Epoch 4 Time:  50.47 seconds

----------------------------------------
----------- Testing Epoch 4 ------------
----------------------------------------

[2022-03-01_12-59-29] Test: [ 0/79] 9 Compute flavour conv	Time  0.615 ( 0.047)	Loss 2.1798e+00 (2.1798e+00)	Acc@1  49.22 ( 49.22)	Acc@5  72.66 ( 72.66)

----------------------------------------
-------- Testing Epoch 4 Stats ---------
----------------------------------------

+------------------------+-------------+-------------+-------------+
| Conv                   |   Avg. Loss |   Avg. Acc1 |   Avg. Acc5 |
+========================+=============+=============+=============+
| 9 Compute flavour conv |      2.3477 |       39.73 |       71.32 |
+------------------------+-------------+-------------+-------------+
[2022-03-01_12-59-32] Total Test Time:   4.00 seconds
