[2022-03-01_18-34-13] main.py --action TRAINING --arch resnet18Asym-cifar100 --epoch 20 --batch_size 128 --seed 44 --gpu 0 --compute_flavour 9 --v 1

[2022-03-01_18-34-13] arch=resnet18Asym, dataset=cifar100, desc=None, flavour=9, epochs=20, batch_size=128, LR=0.1, LRD=0, WD=0, MOMENTUM=0, GAMMA=0.1, MILESTONES=[60, 120, 160], device=cuda, verbose=1, model_path=None
[2022-03-01_18-34-13] Seed = 44

----------------------------------------
----------- TRAINING NETWORK -----------
----------------------------------------

[2022-03-01_18-34-13] NeuralNet __init__: arch=resnet18Asym, dataset=cifar100 compute_flavour=9, epochs=20,LR=0.1 LRD=0 WD=0 MOMENTUM=0 GAMMA=0.1 MILESTONES=[60, 120, 160] device=cuda verbose=1 gpus=1 distributed=0 model_path=None
[2022-03-01_18-34-13] Seed = 44
[2022-03-01_18-34-16] Model_StatsLogger __init__() Compute flavour: 9

----------------------------------------
----------- Training Epoch 0 -----------
----------------------------------------

[2022-03-01_18-34-18] Epoch: [0][  0/390] 9 Compute flavour conv	Time  1.149 ( 1.149)	Data  0.952 ( 0.952)	Loss 4.7425e+00 (4.7425e+00)	Acc@1   1.56 (  1.56)	Acc@5   3.91 (  3.91)
[2022-03-01_18-34-26] Epoch: [0][128/390] 9 Compute flavour conv	Time  0.067 ( 0.076)	Data  0.000 ( 0.008)	Loss 4.1966e+00 (4.2290e+00)	Acc@1   4.69 (  5.79)	Acc@5  21.88 ( 19.93)
[2022-03-01_18-34-35] Epoch: [0][256/390] 9 Compute flavour conv	Time  0.070 ( 0.072)	Data  0.000 ( 0.004)	Loss 3.8782e+00 (4.0224e+00)	Acc@1  10.94 (  8.25)	Acc@5  27.34 ( 26.39)
[2022-03-01_18-34-44] Epoch: [0][384/390] 9 Compute flavour conv	Time  0.068 ( 0.071)	Data  0.000 ( 0.003)	Loss 3.5135e+00 (3.8790e+00)	Acc@1  20.31 ( 10.10)	Acc@5  41.41 ( 30.76)

----------------------------------------
-------- Training Epoch 0 Stats --------
----------------------------------------

+------------------------+-------------+-------------+-------------+
| Conv                   |   Avg. Loss |   Avg. Acc1 |   Avg. Acc5 |
+========================+=============+=============+=============+
| 9 Compute flavour conv |      3.8748 |       10.16 |       30.89 |
+------------------------+-------------+-------------+-------------+
[2022-03-01_18-34-44] Total Epoch 0 Time:  27.73 seconds

----------------------------------------
----------- Testing Epoch 0 ------------
----------------------------------------

[2022-03-01_18-34-45] Test: [ 0/79] 9 Compute flavour conv	Time  0.896 ( 0.896)	Loss 3.5407e+00 (3.5407e+00)	Acc@1  16.41 ( 16.41)	Acc@5  41.41 ( 41.41)

----------------------------------------
-------- Testing Epoch 0 Stats ---------
----------------------------------------

+------------------------+-------------+-------------+-------------+
| Conv                   |   Avg. Loss |   Avg. Acc1 |   Avg. Acc5 |
+========================+=============+=============+=============+
| 9 Compute flavour conv |      3.4945 |       17.01 |       42.63 |
+------------------------+-------------+-------------+-------------+
[2022-03-01_18-34-47] Total Test Time:   0.00 seconds

----------------------------------------
----------- Training Epoch 1 -----------
----------------------------------------

[2022-03-01_18-34-48] Epoch: [1][  0/390] 9 Compute flavour conv	Time  1.038 ( 0.073)	Data  0.925 ( 0.005)	Loss 3.3044e+00 (3.3044e+00)	Acc@1  23.44 ( 23.44)	Acc@5  49.22 ( 49.22)
[2022-03-01_18-34-57] Epoch: [1][128/390] 9 Compute flavour conv	Time  0.069 ( 0.072)	Data  0.000 ( 0.004)	Loss 3.3863e+00 (3.3936e+00)	Acc@1  14.06 ( 17.33)	Acc@5  49.22 ( 45.42)
[2022-03-01_18-35-06] Epoch: [1][256/390] 9 Compute flavour conv	Time  0.069 ( 0.072)	Data  0.000 ( 0.003)	Loss 3.0910e+00 (3.3320e+00)	Acc@1  25.78 ( 18.62)	Acc@5  50.78 ( 47.16)
[2022-03-01_18-35-15] Epoch: [1][384/390] 9 Compute flavour conv	Time  0.070 ( 0.071)	Data  0.000 ( 0.003)	Loss 3.0635e+00 (3.2685e+00)	Acc@1  24.22 ( 19.87)	Acc@5  53.91 ( 48.73)

----------------------------------------
-------- Training Epoch 1 Stats --------
----------------------------------------

+------------------------+-------------+-------------+-------------+
| Conv                   |   Avg. Loss |   Avg. Acc1 |   Avg. Acc5 |
+========================+=============+=============+=============+
| 9 Compute flavour conv |      3.2647 |       19.95 |       48.82 |
+------------------------+-------------+-------------+-------------+
[2022-03-01_18-35-15] Total Epoch 1 Time:  28.30 seconds

----------------------------------------
----------- Testing Epoch 1 ------------
----------------------------------------

[2022-03-01_18-35-16] Test: [ 0/79] 9 Compute flavour conv	Time  0.876 ( 0.041)	Loss 3.0308e+00 (3.0308e+00)	Acc@1  22.66 ( 22.66)	Acc@5  53.12 ( 53.12)

----------------------------------------
-------- Testing Epoch 1 Stats ---------
----------------------------------------

+------------------------+-------------+-------------+-------------+
| Conv                   |   Avg. Loss |   Avg. Acc1 |   Avg. Acc5 |
+========================+=============+=============+=============+
| 9 Compute flavour conv |      3.1202 |       23.57 |       52.94 |
+------------------------+-------------+-------------+-------------+
[2022-03-01_18-35-18] Total Test Time:   1.00 seconds

----------------------------------------
----------- Training Epoch 2 -----------
----------------------------------------

[2022-03-01_18-35-19] Epoch: [2][  0/390] 9 Compute flavour conv	Time  1.064 ( 0.073)	Data  0.973 ( 0.004)	Loss 2.8639e+00 (2.8639e+00)	Acc@1  23.44 ( 23.44)	Acc@5  57.81 ( 57.81)
[2022-03-01_18-35-28] Epoch: [2][128/390] 9 Compute flavour conv	Time  0.073 ( 0.072)	Data  0.000 ( 0.003)	Loss 3.0572e+00 (2.9694e+00)	Acc@1  25.00 ( 24.93)	Acc@5  53.12 ( 56.25)
[2022-03-01_18-35-37] Epoch: [2][256/390] 9 Compute flavour conv	Time  0.071 ( 0.072)	Data  0.000 ( 0.003)	Loss 2.8182e+00 (2.9209e+00)	Acc@1  28.12 ( 25.84)	Acc@5  59.38 ( 57.50)
[2022-03-01_18-35-46] Epoch: [2][384/390] 9 Compute flavour conv	Time  0.073 ( 0.072)	Data  0.000 ( 0.003)	Loss 2.7158e+00 (2.8746e+00)	Acc@1  28.12 ( 26.89)	Acc@5  59.38 ( 58.67)

----------------------------------------
-------- Training Epoch 2 Stats --------
----------------------------------------

+------------------------+-------------+-------------+-------------+
| Conv                   |   Avg. Loss |   Avg. Acc1 |   Avg. Acc5 |
+========================+=============+=============+=============+
| 9 Compute flavour conv |      2.8728 |       26.93 |       58.73 |
+------------------------+-------------+-------------+-------------+
[2022-03-01_18-35-47] Total Epoch 2 Time:  29.02 seconds

----------------------------------------
----------- Testing Epoch 2 ------------
----------------------------------------

[2022-03-01_18-35-48] Test: [ 0/79] 9 Compute flavour conv	Time  0.908 ( 0.036)	Loss 2.8280e+00 (2.8280e+00)	Acc@1  31.25 ( 31.25)	Acc@5  62.50 ( 62.50)

----------------------------------------
-------- Testing Epoch 2 Stats ---------
----------------------------------------

+------------------------+-------------+-------------+-------------+
| Conv                   |   Avg. Loss |   Avg. Acc1 |   Avg. Acc5 |
+========================+=============+=============+=============+
| 9 Compute flavour conv |      2.8535 |       28.68 |       60.08 |
+------------------------+-------------+-------------+-------------+
[2022-03-01_18-35-50] Total Test Time:   2.00 seconds

----------------------------------------
----------- Training Epoch 3 -----------
----------------------------------------

[2022-03-01_18-35-51] Epoch: [3][  0/390] 9 Compute flavour conv	Time  1.042 ( 0.073)	Data  0.964 ( 0.004)	Loss 2.4270e+00 (2.4270e+00)	Acc@1  35.94 ( 35.94)	Acc@5  69.53 ( 69.53)
[2022-03-01_18-36-00] Epoch: [3][128/390] 9 Compute flavour conv	Time  0.075 ( 0.073)	Data  0.000 ( 0.003)	Loss 2.6689e+00 (2.6349e+00)	Acc@1  35.16 ( 31.98)	Acc@5  67.19 ( 64.58)
[2022-03-01_18-36-10] Epoch: [3][256/390] 9 Compute flavour conv	Time  0.075 ( 0.073)	Data  0.000 ( 0.003)	Loss 2.3733e+00 (2.5935e+00)	Acc@1  38.28 ( 32.69)	Acc@5  69.53 ( 65.43)
[2022-03-01_18-36-19] Epoch: [3][384/390] 9 Compute flavour conv	Time  0.075 ( 0.073)	Data  0.000 ( 0.003)	Loss 2.1825e+00 (2.5594e+00)	Acc@1  38.28 ( 33.46)	Acc@5  69.53 ( 66.24)

----------------------------------------
-------- Training Epoch 3 Stats --------
----------------------------------------

+------------------------+-------------+-------------+-------------+
| Conv                   |   Avg. Loss |   Avg. Acc1 |   Avg. Acc5 |
+========================+=============+=============+=============+
| 9 Compute flavour conv |      2.5578 |       33.49 |       66.26 |
+------------------------+-------------+-------------+-------------+
[2022-03-01_18-36-20] Total Epoch 3 Time:  30.19 seconds

----------------------------------------
----------- Testing Epoch 3 ------------
----------------------------------------

[2022-03-01_18-36-21] Test: [ 0/79] 9 Compute flavour conv	Time  0.897 ( 0.035)	Loss 2.3366e+00 (2.3366e+00)	Acc@1  41.41 ( 41.41)	Acc@5  71.88 ( 71.88)

----------------------------------------
-------- Testing Epoch 3 Stats ---------
----------------------------------------

+------------------------+-------------+-------------+-------------+
| Conv                   |   Avg. Loss |   Avg. Acc1 |   Avg. Acc5 |
+========================+=============+=============+=============+
| 9 Compute flavour conv |      2.5455 |       35.08 |       66.43 |
+------------------------+-------------+-------------+-------------+
[2022-03-01_18-36-23] Total Test Time:   3.00 seconds

----------------------------------------
----------- Training Epoch 4 -----------
----------------------------------------

[2022-03-01_18-36-24] Epoch: [4][  0/390] 9 Compute flavour conv	Time  1.049 ( 0.074)	Data  0.947 ( 0.003)	Loss 2.4055e+00 (2.4055e+00)	Acc@1  41.41 ( 41.41)	Acc@5  70.31 ( 70.31)
[2022-03-01_18-36-33] Epoch: [4][128/390] 9 Compute flavour conv	Time  0.076 ( 0.074)	Data  0.000 ( 0.003)	Loss 2.2799e+00 (2.3565e+00)	Acc@1  46.09 ( 37.64)	Acc@5  69.53 ( 70.12)
[2022-03-01_18-36-43] Epoch: [4][256/390] 9 Compute flavour conv	Time  0.078 ( 0.074)	Data  0.000 ( 0.003)	Loss 2.2805e+00 (2.3394e+00)	Acc@1  42.97 ( 38.34)	Acc@5  70.31 ( 70.56)
[2022-03-01_18-36-53] Epoch: [4][384/390] 9 Compute flavour conv	Time  0.075 ( 0.074)	Data  0.000 ( 0.003)	Loss 2.2965e+00 (2.3101e+00)	Acc@1  37.50 ( 39.07)	Acc@5  78.12 ( 71.26)

----------------------------------------
-------- Training Epoch 4 Stats --------
----------------------------------------

+------------------------+-------------+-------------+-------------+
| Conv                   |   Avg. Loss |   Avg. Acc1 |   Avg. Acc5 |
+========================+=============+=============+=============+
| 9 Compute flavour conv |       2.308 |       39.13 |       71.32 |
+------------------------+-------------+-------------+-------------+
[2022-03-01_18-36-53] Total Epoch 4 Time:  30.59 seconds

----------------------------------------
----------- Testing Epoch 4 ------------
----------------------------------------

[2022-03-01_18-36-54] Test: [ 0/79] 9 Compute flavour conv	Time  0.944 ( 0.034)	Loss 2.2796e+00 (2.2796e+00)	Acc@1  41.41 ( 41.41)	Acc@5  69.53 ( 69.53)

----------------------------------------
-------- Testing Epoch 4 Stats ---------
----------------------------------------

+------------------------+-------------+-------------+-------------+
| Conv                   |   Avg. Loss |   Avg. Acc1 |   Avg. Acc5 |
+========================+=============+=============+=============+
| 9 Compute flavour conv |      2.3375 |       39.61 |       71.46 |
+------------------------+-------------+-------------+-------------+
[2022-03-01_18-36-56] Total Test Time:   4.00 seconds

----------------------------------------
----------- Training Epoch 5 -----------
----------------------------------------

[2022-03-01_18-36-57] Epoch: [5][  0/390] 9 Compute flavour conv	Time  1.037 ( 0.075)	Data  0.928 ( 0.003)	Loss 1.8903e+00 (1.8903e+00)	Acc@1  52.34 ( 52.34)	Acc@5  78.91 ( 78.91)
[2022-03-01_18-37-07] Epoch: [5][128/390] 9 Compute flavour conv	Time  0.076 ( 0.075)	Data  0.000 ( 0.003)	Loss 2.1197e+00 (2.1370e+00)	Acc@1  41.41 ( 42.44)	Acc@5  75.78 ( 74.84)
[2022-03-01_18-37-16] Epoch: [5][256/390] 9 Compute flavour conv	Time  0.079 ( 0.075)	Data  0.000 ( 0.003)	Loss 1.9799e+00 (2.1295e+00)	Acc@1  46.09 ( 42.76)	Acc@5  78.12 ( 75.19)
[2022-03-01_18-37-26] Epoch: [5][384/390] 9 Compute flavour conv	Time  0.076 ( 0.075)	Data  0.000 ( 0.003)	Loss 2.1629e+00 (2.1042e+00)	Acc@1  38.28 ( 43.31)	Acc@5  79.69 ( 75.64)

----------------------------------------
-------- Training Epoch 5 Stats --------
----------------------------------------

+------------------------+-------------+-------------+-------------+
| Conv                   |   Avg. Loss |   Avg. Acc1 |   Avg. Acc5 |
+========================+=============+=============+=============+
| 9 Compute flavour conv |      2.1027 |       43.33 |       75.67 |
+------------------------+-------------+-------------+-------------+
[2022-03-01_18-37-27] Total Epoch 5 Time:  30.72 seconds

----------------------------------------
----------- Testing Epoch 5 ------------
----------------------------------------

[2022-03-01_18-37-28] Test: [ 0/79] 9 Compute flavour conv	Time  0.916 ( 0.034)	Loss 2.2835e+00 (2.2835e+00)	Acc@1  43.75 ( 43.75)	Acc@5  78.12 ( 78.12)

----------------------------------------
-------- Testing Epoch 5 Stats ---------
----------------------------------------

+------------------------+-------------+-------------+-------------+
| Conv                   |   Avg. Loss |   Avg. Acc1 |   Avg. Acc5 |
+========================+=============+=============+=============+
| 9 Compute flavour conv |      2.4066 |       38.95 |        71.8 |
+------------------------+-------------+-------------+-------------+
[2022-03-01_18-37-29] Total Test Time:   5.00 seconds

----------------------------------------
----------- Training Epoch 6 -----------
----------------------------------------

[2022-03-01_18-37-30] Epoch: [6][  0/390] 9 Compute flavour conv	Time  1.064 ( 0.075)	Data  0.985 ( 0.003)	Loss 1.7108e+00 (1.7108e+00)	Acc@1  47.66 ( 47.66)	Acc@5  84.38 ( 84.38)
[2022-03-01_18-37-40] Epoch: [6][128/390] 9 Compute flavour conv	Time  0.076 ( 0.075)	Data  0.000 ( 0.003)	Loss 1.9350e+00 (1.9435e+00)	Acc@1  50.78 ( 47.24)	Acc@5  76.56 ( 78.77)
[2022-03-01_18-37-50] Epoch: [6][256/390] 9 Compute flavour conv	Time  0.075 ( 0.075)	Data  0.000 ( 0.003)	Loss 1.8527e+00 (1.9537e+00)	Acc@1  52.34 ( 46.83)	Acc@5  81.25 ( 78.55)
[2022-03-01_18-38-00] Epoch: [6][384/390] 9 Compute flavour conv	Time  0.076 ( 0.075)	Data  0.000 ( 0.003)	Loss 1.6408e+00 (1.9376e+00)	Acc@1  51.56 ( 47.29)	Acc@5  82.81 ( 78.71)

----------------------------------------
-------- Training Epoch 6 Stats --------
----------------------------------------

+------------------------+-------------+-------------+-------------+
| Conv                   |   Avg. Loss |   Avg. Acc1 |   Avg. Acc5 |
+========================+=============+=============+=============+
| 9 Compute flavour conv |      1.9384 |       47.26 |       78.69 |
+------------------------+-------------+-------------+-------------+
[2022-03-01_18-38-00] Total Epoch 6 Time:  30.79 seconds

----------------------------------------
----------- Testing Epoch 6 ------------
----------------------------------------

[2022-03-01_18-38-01] Test: [ 0/79] 9 Compute flavour conv	Time  0.913 ( 0.033)	Loss 1.9333e+00 (1.9333e+00)	Acc@1  52.34 ( 52.34)	Acc@5  79.69 ( 79.69)

----------------------------------------
-------- Testing Epoch 6 Stats ---------
----------------------------------------

+------------------------+-------------+-------------+-------------+
| Conv                   |   Avg. Loss |   Avg. Acc1 |   Avg. Acc5 |
+========================+=============+=============+=============+
| 9 Compute flavour conv |       2.174 |       44.13 |       75.26 |
+------------------------+-------------+-------------+-------------+
[2022-03-01_18-38-03] Total Test Time:   6.00 seconds

----------------------------------------
----------- Training Epoch 7 -----------
----------------------------------------

[2022-03-01_18-38-04] Epoch: [7][  0/390] 9 Compute flavour conv	Time  1.030 ( 0.076)	Data  0.948 ( 0.003)	Loss 1.7249e+00 (1.7249e+00)	Acc@1  58.59 ( 58.59)	Acc@5  79.69 ( 79.69)
[2022-03-01_18-38-14] Epoch: [7][128/390] 9 Compute flavour conv	Time  0.076 ( 0.076)	Data  0.000 ( 0.003)	Loss 1.8503e+00 (1.8095e+00)	Acc@1  53.12 ( 50.03)	Acc@5  78.91 ( 80.94)
[2022-03-01_18-38-23] Epoch: [7][256/390] 9 Compute flavour conv	Time  0.075 ( 0.076)	Data  0.000 ( 0.003)	Loss 1.9074e+00 (1.8087e+00)	Acc@1  42.19 ( 50.09)	Acc@5  78.91 ( 81.16)
[2022-03-01_18-38-33] Epoch: [7][384/390] 9 Compute flavour conv	Time  0.076 ( 0.076)	Data  0.000 ( 0.003)	Loss 1.7172e+00 (1.7906e+00)	Acc@1  54.69 ( 50.39)	Acc@5  82.81 ( 81.44)

----------------------------------------
-------- Training Epoch 7 Stats --------
----------------------------------------

+------------------------+-------------+-------------+-------------+
| Conv                   |   Avg. Loss |   Avg. Acc1 |   Avg. Acc5 |
+========================+=============+=============+=============+
| 9 Compute flavour conv |      1.7909 |       50.38 |       81.41 |
+------------------------+-------------+-------------+-------------+
[2022-03-01_18-38-34] Total Epoch 7 Time:  30.79 seconds

----------------------------------------
----------- Testing Epoch 7 ------------
----------------------------------------

[2022-03-01_18-38-35] Test: [ 0/79] 9 Compute flavour conv	Time  0.910 ( 0.033)	Loss 1.8210e+00 (1.8210e+00)	Acc@1  52.34 ( 52.34)	Acc@5  81.25 ( 81.25)

----------------------------------------
-------- Testing Epoch 7 Stats ---------
----------------------------------------

+------------------------+-------------+-------------+-------------+
| Conv                   |   Avg. Loss |   Avg. Acc1 |   Avg. Acc5 |
+========================+=============+=============+=============+
| 9 Compute flavour conv |      2.0102 |       46.86 |       77.67 |
+------------------------+-------------+-------------+-------------+
[2022-03-01_18-38-36] Total Test Time:   7.00 seconds

----------------------------------------
----------- Training Epoch 8 -----------
----------------------------------------

[2022-03-01_18-38-38] Epoch: [8][  0/390] 9 Compute flavour conv	Time  1.072 ( 0.076)	Data  0.942 ( 0.003)	Loss 1.5560e+00 (1.5560e+00)	Acc@1  56.25 ( 56.25)	Acc@5  85.16 ( 85.16)
[2022-03-01_18-38-47] Epoch: [8][128/390] 9 Compute flavour conv	Time  0.076 ( 0.076)	Data  0.000 ( 0.003)	Loss 1.7930e+00 (1.6646e+00)	Acc@1  49.22 ( 53.45)	Acc@5  81.25 ( 83.39)
[2022-03-01_18-38-57] Epoch: [8][256/390] 9 Compute flavour conv	Time  0.077 ( 0.076)	Data  0.000 ( 0.003)	Loss 1.9568e+00 (1.6716e+00)	Acc@1  43.75 ( 53.12)	Acc@5  81.25 ( 83.31)
[2022-03-01_18-39-07] Epoch: [8][384/390] 9 Compute flavour conv	Time  0.075 ( 0.076)	Data  0.000 ( 0.003)	Loss 1.5518e+00 (1.6797e+00)	Acc@1  55.47 ( 53.20)	Acc@5  87.50 ( 83.27)

----------------------------------------
-------- Training Epoch 8 Stats --------
----------------------------------------

+------------------------+-------------+-------------+-------------+
| Conv                   |   Avg. Loss |   Avg. Acc1 |   Avg. Acc5 |
+========================+=============+=============+=============+
| 9 Compute flavour conv |      1.6803 |       53.18 |       83.26 |
+------------------------+-------------+-------------+-------------+
[2022-03-01_18-39-07] Total Epoch 8 Time:  30.63 seconds

----------------------------------------
----------- Testing Epoch 8 ------------
----------------------------------------

[2022-03-01_18-39-08] Test: [ 0/79] 9 Compute flavour conv	Time  0.892 ( 0.033)	Loss 1.7859e+00 (1.7859e+00)	Acc@1  54.69 ( 54.69)	Acc@5  83.59 ( 83.59)

----------------------------------------
-------- Testing Epoch 8 Stats ---------
----------------------------------------

+------------------------+-------------+-------------+-------------+
| Conv                   |   Avg. Loss |   Avg. Acc1 |   Avg. Acc5 |
+========================+=============+=============+=============+
| 9 Compute flavour conv |      1.9919 |        48.2 |       78.51 |
+------------------------+-------------+-------------+-------------+
[2022-03-01_18-39-10] Total Test Time:   8.00 seconds

----------------------------------------
----------- Training Epoch 9 -----------
----------------------------------------

[2022-03-01_18-39-11] Epoch: [9][  0/390] 9 Compute flavour conv	Time  1.086 ( 0.076)	Data  0.985 ( 0.003)	Loss 1.5441e+00 (1.5441e+00)	Acc@1  54.69 ( 54.69)	Acc@5  85.94 ( 85.94)
[2022-03-01_18-39-21] Epoch: [9][128/390] 9 Compute flavour conv	Time  0.078 ( 0.076)	Data  0.000 ( 0.003)	Loss 1.5627e+00 (1.5837e+00)	Acc@1  55.47 ( 55.34)	Acc@5  88.28 ( 85.14)
[2022-03-01_18-39-30] Epoch: [9][256/390] 9 Compute flavour conv	Time  0.075 ( 0.076)	Data  0.000 ( 0.003)	Loss 1.2442e+00 (1.5739e+00)	Acc@1  60.94 ( 55.63)	Acc@5  90.62 ( 85.18)
[2022-03-01_18-39-40] Epoch: [9][384/390] 9 Compute flavour conv	Time  0.074 ( 0.076)	Data  0.000 ( 0.003)	Loss 1.4537e+00 (1.5696e+00)	Acc@1  59.38 ( 55.83)	Acc@5  86.72 ( 85.15)

----------------------------------------
-------- Training Epoch 9 Stats --------
----------------------------------------

+------------------------+-------------+-------------+-------------+
| Conv                   |   Avg. Loss |   Avg. Acc1 |   Avg. Acc5 |
+========================+=============+=============+=============+
| 9 Compute flavour conv |      1.5707 |        55.8 |       85.14 |
+------------------------+-------------+-------------+-------------+
[2022-03-01_18-39-41] Total Epoch 9 Time:  30.85 seconds

----------------------------------------
----------- Testing Epoch 9 ------------
----------------------------------------

[2022-03-01_18-39-42] Test: [ 0/79] 9 Compute flavour conv	Time  0.912 ( 0.033)	Loss 1.8482e+00 (1.8482e+00)	Acc@1  46.09 ( 46.09)	Acc@5  81.25 ( 81.25)

----------------------------------------
-------- Testing Epoch 9 Stats ---------
----------------------------------------

+------------------------+-------------+-------------+-------------+
| Conv                   |   Avg. Loss |   Avg. Acc1 |   Avg. Acc5 |
+========================+=============+=============+=============+
| 9 Compute flavour conv |      1.8259 |       51.04 |       80.42 |
+------------------------+-------------+-------------+-------------+
[2022-03-01_18-39-43] Total Test Time:   9.00 seconds

----------------------------------------
---------- Training Epoch 10 -----------
----------------------------------------

[2022-03-01_18-39-45] Epoch: [10][  0/390] 9 Compute flavour conv	Time  1.077 ( 0.077)	Data  0.975 ( 0.003)	Loss 1.2245e+00 (1.2245e+00)	Acc@1  68.75 ( 68.75)	Acc@5  89.84 ( 89.84)
[2022-03-01_18-39-54] Epoch: [10][128/390] 9 Compute flavour conv	Time  0.075 ( 0.077)	Data  0.000 ( 0.003)	Loss 1.4447e+00 (1.4666e+00)	Acc@1  61.72 ( 58.42)	Acc@5  90.62 ( 86.37)
[2022-03-01_18-40-04] Epoch: [10][256/390] 9 Compute flavour conv	Time  0.078 ( 0.077)	Data  0.000 ( 0.003)	Loss 1.6476e+00 (1.4737e+00)	Acc@1  53.91 ( 58.20)	Acc@5  84.38 ( 86.43)
[2022-03-01_18-40-14] Epoch: [10][384/390] 9 Compute flavour conv	Time  0.074 ( 0.077)	Data  0.000 ( 0.003)	Loss 1.2354e+00 (1.4776e+00)	Acc@1  66.41 ( 58.07)	Acc@5  89.06 ( 86.47)

----------------------------------------
------- Training Epoch 10 Stats --------
----------------------------------------

+------------------------+-------------+-------------+-------------+
| Conv                   |   Avg. Loss |   Avg. Acc1 |   Avg. Acc5 |
+========================+=============+=============+=============+
| 9 Compute flavour conv |      1.4774 |       58.06 |       86.48 |
+------------------------+-------------+-------------+-------------+
[2022-03-01_18-40-14] Total Epoch 10 Time:  30.77 seconds

----------------------------------------
----------- Testing Epoch 10 -----------
----------------------------------------

[2022-03-01_18-40-15] Test: [ 0/79] 9 Compute flavour conv	Time  0.889 ( 0.033)	Loss 1.8421e+00 (1.8421e+00)	Acc@1  49.22 ( 49.22)	Acc@5  80.47 ( 80.47)

----------------------------------------
-------- Testing Epoch 10 Stats --------
----------------------------------------

+------------------------+-------------+-------------+-------------+
| Conv                   |   Avg. Loss |   Avg. Acc1 |   Avg. Acc5 |
+========================+=============+=============+=============+
| 9 Compute flavour conv |      1.9382 |       49.33 |       79.65 |
+------------------------+-------------+-------------+-------------+
[2022-03-01_18-40-17] Total Test Time:  10.00 seconds

----------------------------------------
---------- Training Epoch 11 -----------
----------------------------------------

[2022-03-01_18-40-18] Epoch: [11][  0/390] 9 Compute flavour conv	Time  1.036 ( 0.077)	Data  0.952 ( 0.003)	Loss 1.4537e+00 (1.4537e+00)	Acc@1  57.03 ( 57.03)	Acc@5  83.59 ( 83.59)
[2022-03-01_18-40-28] Epoch: [11][128/390] 9 Compute flavour conv	Time  0.076 ( 0.077)	Data  0.000 ( 0.003)	Loss 1.4725e+00 (1.3760e+00)	Acc@1  54.69 ( 60.22)	Acc@5  86.72 ( 88.10)
[2022-03-01_18-40-37] Epoch: [11][256/390] 9 Compute flavour conv	Time  0.078 ( 0.077)	Data  0.000 ( 0.003)	Loss 1.5106e+00 (1.3925e+00)	Acc@1  59.38 ( 60.07)	Acc@5  82.81 ( 87.83)
[2022-03-01_18-40-47] Epoch: [11][384/390] 9 Compute flavour conv	Time  0.075 ( 0.077)	Data  0.000 ( 0.003)	Loss 1.2979e+00 (1.3963e+00)	Acc@1  62.50 ( 60.04)	Acc@5  92.19 ( 87.69)

----------------------------------------
------- Training Epoch 11 Stats --------
----------------------------------------

+------------------------+-------------+-------------+-------------+
| Conv                   |   Avg. Loss |   Avg. Acc1 |   Avg. Acc5 |
+========================+=============+=============+=============+
| 9 Compute flavour conv |      1.3973 |       60.04 |       87.67 |
+------------------------+-------------+-------------+-------------+
[2022-03-01_18-40-48] Total Epoch 11 Time:  30.72 seconds

----------------------------------------
----------- Testing Epoch 11 -----------
----------------------------------------

[2022-03-01_18-40-49] Test: [ 0/79] 9 Compute flavour conv	Time  0.906 ( 0.033)	Loss 1.7404e+00 (1.7404e+00)	Acc@1  56.25 ( 56.25)	Acc@5  83.59 ( 83.59)

----------------------------------------
-------- Testing Epoch 11 Stats --------
----------------------------------------

+------------------------+-------------+-------------+-------------+
| Conv                   |   Avg. Loss |   Avg. Acc1 |   Avg. Acc5 |
+========================+=============+=============+=============+
| 9 Compute flavour conv |      1.8181 |       52.51 |       81.26 |
+------------------------+-------------+-------------+-------------+
[2022-03-01_18-40-50] Total Test Time:  11.00 seconds

----------------------------------------
---------- Training Epoch 12 -----------
----------------------------------------

[2022-03-01_18-40-51] Epoch: [12][  0/390] 9 Compute flavour conv	Time  1.031 ( 0.077)	Data  0.914 ( 0.003)	Loss 1.3993e+00 (1.3993e+00)	Acc@1  59.38 ( 59.38)	Acc@5  87.50 ( 87.50)
[2022-03-01_18-41-01] Epoch: [12][128/390] 9 Compute flavour conv	Time  0.076 ( 0.077)	Data  0.000 ( 0.003)	Loss 1.3737e+00 (1.3023e+00)	Acc@1  59.38 ( 62.08)	Acc@5  89.06 ( 89.55)
[2022-03-01_18-41-11] Epoch: [12][256/390] 9 Compute flavour conv	Time  0.076 ( 0.077)	Data  0.000 ( 0.003)	Loss 1.4243e+00 (1.3224e+00)	Acc@1  63.28 ( 61.76)	Acc@5  87.50 ( 89.01)
[2022-03-01_18-41-21] Epoch: [12][384/390] 9 Compute flavour conv	Time  0.074 ( 0.077)	Data  0.000 ( 0.003)	Loss 1.3605e+00 (1.3199e+00)	Acc@1  60.94 ( 61.91)	Acc@5  85.16 ( 89.01)

----------------------------------------
------- Training Epoch 12 Stats --------
----------------------------------------

+------------------------+-------------+-------------+-------------+
| Conv                   |   Avg. Loss |   Avg. Acc1 |   Avg. Acc5 |
+========================+=============+=============+=============+
| 9 Compute flavour conv |      1.3211 |       61.88 |          89 |
+------------------------+-------------+-------------+-------------+
[2022-03-01_18-41-21] Total Epoch 12 Time:  30.73 seconds

----------------------------------------
----------- Testing Epoch 12 -----------
----------------------------------------

[2022-03-01_18-41-22] Test: [ 0/79] 9 Compute flavour conv	Time  0.912 ( 0.033)	Loss 1.6616e+00 (1.6616e+00)	Acc@1  58.59 ( 58.59)	Acc@5  82.03 ( 82.03)

----------------------------------------
-------- Testing Epoch 12 Stats --------
----------------------------------------

+------------------------+-------------+-------------+-------------+
| Conv                   |   Avg. Loss |   Avg. Acc1 |   Avg. Acc5 |
+========================+=============+=============+=============+
| 9 Compute flavour conv |      1.8318 |       52.58 |       81.55 |
+------------------------+-------------+-------------+-------------+
[2022-03-01_18-41-24] Total Test Time:  12.00 seconds

----------------------------------------
---------- Training Epoch 13 -----------
----------------------------------------

[2022-03-01_18-41-25] Epoch: [13][  0/390] 9 Compute flavour conv	Time  1.038 ( 0.077)	Data  0.930 ( 0.003)	Loss 1.3000e+00 (1.3000e+00)	Acc@1  62.50 ( 62.50)	Acc@5  90.62 ( 90.62)
[2022-03-01_18-41-35] Epoch: [13][128/390] 9 Compute flavour conv	Time  0.076 ( 0.077)	Data  0.000 ( 0.003)	Loss 1.2963e+00 (1.2109e+00)	Acc@1  64.06 ( 64.73)	Acc@5  87.50 ( 90.48)
[2022-03-01_18-41-44] Epoch: [13][256/390] 9 Compute flavour conv	Time  0.076 ( 0.077)	Data  0.000 ( 0.003)	Loss 1.1101e+00 (1.2421e+00)	Acc@1  66.41 ( 63.78)	Acc@5  93.75 ( 90.01)
[2022-03-01_18-41-54] Epoch: [13][384/390] 9 Compute flavour conv	Time  0.076 ( 0.077)	Data  0.000 ( 0.003)	Loss 1.0814e+00 (1.2464e+00)	Acc@1  66.41 ( 63.73)	Acc@5  89.84 ( 89.91)

----------------------------------------
------- Training Epoch 13 Stats --------
----------------------------------------

+------------------------+-------------+-------------+-------------+
| Conv                   |   Avg. Loss |   Avg. Acc1 |   Avg. Acc5 |
+========================+=============+=============+=============+
| 9 Compute flavour conv |      1.2473 |       63.71 |       89.92 |
+------------------------+-------------+-------------+-------------+
[2022-03-01_18-41-55] Total Epoch 13 Time:  30.79 seconds

----------------------------------------
----------- Testing Epoch 13 -----------
----------------------------------------

[2022-03-01_18-41-56] Test: [ 0/79] 9 Compute flavour conv	Time  0.883 ( 0.033)	Loss 1.6750e+00 (1.6750e+00)	Acc@1  57.03 ( 57.03)	Acc@5  83.59 ( 83.59)

----------------------------------------
-------- Testing Epoch 13 Stats --------
----------------------------------------

+------------------------+-------------+-------------+-------------+
| Conv                   |   Avg. Loss |   Avg. Acc1 |   Avg. Acc5 |
+========================+=============+=============+=============+
| 9 Compute flavour conv |      1.7837 |       53.46 |       81.97 |
+------------------------+-------------+-------------+-------------+
[2022-03-01_18-41-57] Total Test Time:  13.00 seconds

----------------------------------------
---------- Training Epoch 14 -----------
----------------------------------------

[2022-03-01_18-41-59] Epoch: [14][  0/390] 9 Compute flavour conv	Time  1.049 ( 0.077)	Data  0.972 ( 0.003)	Loss 1.1240e+00 (1.1240e+00)	Acc@1  70.31 ( 70.31)	Acc@5  89.84 ( 89.84)
[2022-03-01_18-42-08] Epoch: [14][128/390] 9 Compute flavour conv	Time  0.077 ( 0.077)	Data  0.000 ( 0.003)	Loss 1.0875e+00 (1.1650e+00)	Acc@1  65.62 ( 66.11)	Acc@5  92.97 ( 90.93)
[2022-03-01_18-42-18] Epoch: [14][256/390] 9 Compute flavour conv	Time  0.077 ( 0.077)	Data  0.000 ( 0.003)	Loss 1.0925e+00 (1.1763e+00)	Acc@1  67.97 ( 65.79)	Acc@5  91.41 ( 90.96)
[2022-03-01_18-42-28] Epoch: [14][384/390] 9 Compute flavour conv	Time  0.075 ( 0.077)	Data  0.000 ( 0.003)	Loss 1.1773e+00 (1.1829e+00)	Acc@1  62.50 ( 65.46)	Acc@5  89.06 ( 90.88)

----------------------------------------
------- Training Epoch 14 Stats --------
----------------------------------------

+------------------------+-------------+-------------+-------------+
| Conv                   |   Avg. Loss |   Avg. Acc1 |   Avg. Acc5 |
+========================+=============+=============+=============+
| 9 Compute flavour conv |       1.184 |       65.45 |       90.87 |
+------------------------+-------------+-------------+-------------+
[2022-03-01_18-42-28] Total Epoch 14 Time:  30.76 seconds

----------------------------------------
----------- Testing Epoch 14 -----------
----------------------------------------

[2022-03-01_18-42-29] Test: [ 0/79] 9 Compute flavour conv	Time  0.940 ( 0.033)	Loss 1.5780e+00 (1.5780e+00)	Acc@1  58.59 ( 58.59)	Acc@5  83.59 ( 83.59)

----------------------------------------
-------- Testing Epoch 14 Stats --------
----------------------------------------

+------------------------+-------------+-------------+-------------+
| Conv                   |   Avg. Loss |   Avg. Acc1 |   Avg. Acc5 |
+========================+=============+=============+=============+
| 9 Compute flavour conv |      1.6823 |       55.75 |       84.29 |
+------------------------+-------------+-------------+-------------+
[2022-03-01_18-42-31] Total Test Time:  14.00 seconds

----------------------------------------
---------- Training Epoch 15 -----------
----------------------------------------

[2022-03-01_18-42-32] Epoch: [15][  0/390] 9 Compute flavour conv	Time  1.057 ( 0.077)	Data  0.945 ( 0.003)	Loss 8.9494e-01 (8.9494e-01)	Acc@1  75.00 ( 75.00)	Acc@5  96.09 ( 96.09)
[2022-03-01_18-42-42] Epoch: [15][128/390] 9 Compute flavour conv	Time  0.075 ( 0.077)	Data  0.000 ( 0.003)	Loss 1.2118e+00 (1.0776e+00)	Acc@1  71.88 ( 68.28)	Acc@5  86.72 ( 92.27)
[2022-03-01_18-42-51] Epoch: [15][256/390] 9 Compute flavour conv	Time  0.076 ( 0.077)	Data  0.000 ( 0.003)	Loss 9.7109e-01 (1.1041e+00)	Acc@1  69.53 ( 67.39)	Acc@5  96.09 ( 92.01)
[2022-03-01_18-43-01] Epoch: [15][384/390] 9 Compute flavour conv	Time  0.074 ( 0.077)	Data  0.000 ( 0.003)	Loss 1.1350e+00 (1.1211e+00)	Acc@1  71.88 ( 66.81)	Acc@5  92.19 ( 91.78)

----------------------------------------
------- Training Epoch 15 Stats --------
----------------------------------------

+------------------------+-------------+-------------+-------------+
| Conv                   |   Avg. Loss |   Avg. Acc1 |   Avg. Acc5 |
+========================+=============+=============+=============+
| 9 Compute flavour conv |      1.1218 |       66.79 |       91.76 |
+------------------------+-------------+-------------+-------------+
[2022-03-01_18-43-02] Total Epoch 15 Time:  30.75 seconds

----------------------------------------
----------- Testing Epoch 15 -----------
----------------------------------------

[2022-03-01_18-43-03] Test: [ 0/79] 9 Compute flavour conv	Time  0.912 ( 0.033)	Loss 1.6431e+00 (1.6431e+00)	Acc@1  59.38 ( 59.38)	Acc@5  86.72 ( 86.72)

----------------------------------------
-------- Testing Epoch 15 Stats --------
----------------------------------------

+------------------------+-------------+-------------+-------------+
| Conv                   |   Avg. Loss |   Avg. Acc1 |   Avg. Acc5 |
+========================+=============+=============+=============+
| 9 Compute flavour conv |      1.7003 |       55.72 |       83.61 |
+------------------------+-------------+-------------+-------------+
[2022-03-01_18-43-04] Total Test Time:  15.00 seconds

----------------------------------------
---------- Training Epoch 16 -----------
----------------------------------------

[2022-03-01_18-43-06] Epoch: [16][  0/390] 9 Compute flavour conv	Time  1.041 ( 0.077)	Data  0.929 ( 0.003)	Loss 9.5709e-01 (9.5709e-01)	Acc@1  70.31 ( 70.31)	Acc@5  93.75 ( 93.75)
[2022-03-01_18-43-15] Epoch: [16][128/390] 9 Compute flavour conv	Time  0.077 ( 0.077)	Data  0.000 ( 0.003)	Loss 1.1293e+00 (1.0219e+00)	Acc@1  67.97 ( 69.78)	Acc@5  90.62 ( 92.87)
[2022-03-01_18-43-25] Epoch: [16][256/390] 9 Compute flavour conv	Time  0.078 ( 0.077)	Data  0.000 ( 0.003)	Loss 1.1395e+00 (1.0399e+00)	Acc@1  65.62 ( 69.06)	Acc@5  92.97 ( 92.77)
[2022-03-01_18-43-35] Epoch: [16][384/390] 9 Compute flavour conv	Time  0.075 ( 0.077)	Data  0.000 ( 0.003)	Loss 1.1859e+00 (1.0579e+00)	Acc@1  65.62 ( 68.51)	Acc@5  91.41 ( 92.55)

----------------------------------------
------- Training Epoch 16 Stats --------
----------------------------------------

+------------------------+-------------+-------------+-------------+
| Conv                   |   Avg. Loss |   Avg. Acc1 |   Avg. Acc5 |
+========================+=============+=============+=============+
| 9 Compute flavour conv |      1.0575 |       68.52 |       92.54 |
+------------------------+-------------+-------------+-------------+
[2022-03-01_18-43-35] Total Epoch 16 Time:  30.76 seconds

----------------------------------------
----------- Testing Epoch 16 -----------
----------------------------------------

[2022-03-01_18-43-36] Test: [ 0/79] 9 Compute flavour conv	Time  0.934 ( 0.033)	Loss 1.5349e+00 (1.5349e+00)	Acc@1  62.50 ( 62.50)	Acc@5  82.03 ( 82.03)

----------------------------------------
-------- Testing Epoch 16 Stats --------
----------------------------------------

+------------------------+-------------+-------------+-------------+
| Conv                   |   Avg. Loss |   Avg. Acc1 |   Avg. Acc5 |
+========================+=============+=============+=============+
| 9 Compute flavour conv |      1.6783 |       56.98 |       84.06 |
+------------------------+-------------+-------------+-------------+
[2022-03-01_18-43-38] Total Test Time:  16.00 seconds

----------------------------------------
---------- Training Epoch 17 -----------
----------------------------------------

[2022-03-01_18-43-39] Epoch: [17][  0/390] 9 Compute flavour conv	Time  1.044 ( 0.077)	Data  0.958 ( 0.003)	Loss 9.5375e-01 (9.5375e-01)	Acc@1  71.88 ( 71.88)	Acc@5  94.53 ( 94.53)
[2022-03-01_18-43-49] Epoch: [17][128/390] 9 Compute flavour conv	Time  0.076 ( 0.077)	Data  0.000 ( 0.003)	Loss 1.1732e+00 (9.8105e-01)	Acc@1  64.06 ( 70.74)	Acc@5  90.62 ( 93.44)
[2022-03-01_18-43-58] Epoch: [17][256/390] 9 Compute flavour conv	Time  0.076 ( 0.077)	Data  0.000 ( 0.003)	Loss 1.0942e+00 (9.9688e-01)	Acc@1  62.50 ( 70.28)	Acc@5  95.31 ( 93.25)
[2022-03-01_18-44-08] Epoch: [17][384/390] 9 Compute flavour conv	Time  0.075 ( 0.077)	Data  0.000 ( 0.003)	Loss 8.4674e-01 (1.0010e+00)	Acc@1  69.53 ( 69.95)	Acc@5  95.31 ( 93.30)

----------------------------------------
------- Training Epoch 17 Stats --------
----------------------------------------

+------------------------+-------------+-------------+-------------+
| Conv                   |   Avg. Loss |   Avg. Acc1 |   Avg. Acc5 |
+========================+=============+=============+=============+
| 9 Compute flavour conv |      1.0019 |       69.94 |       93.28 |
+------------------------+-------------+-------------+-------------+
[2022-03-01_18-44-09] Total Epoch 17 Time:  30.72 seconds

----------------------------------------
----------- Testing Epoch 17 -----------
----------------------------------------

[2022-03-01_18-44-10] Test: [ 0/79] 9 Compute flavour conv	Time  0.912 ( 0.033)	Loss 1.6458e+00 (1.6458e+00)	Acc@1  57.03 ( 57.03)	Acc@5  85.94 ( 85.94)

----------------------------------------
-------- Testing Epoch 17 Stats --------
----------------------------------------

+------------------------+-------------+-------------+-------------+
| Conv                   |   Avg. Loss |   Avg. Acc1 |   Avg. Acc5 |
+========================+=============+=============+=============+
| 9 Compute flavour conv |      1.7267 |       56.53 |       84.43 |
+------------------------+-------------+-------------+-------------+
[2022-03-01_18-44-11] Total Test Time:  17.00 seconds

----------------------------------------
---------- Training Epoch 18 -----------
----------------------------------------

[2022-03-01_18-44-12] Epoch: [18][  0/390] 9 Compute flavour conv	Time  1.036 ( 0.077)	Data  0.932 ( 0.003)	Loss 9.3852e-01 (9.3852e-01)	Acc@1  73.44 ( 73.44)	Acc@5  94.53 ( 94.53)
[2022-03-01_18-44-22] Epoch: [18][128/390] 9 Compute flavour conv	Time  0.076 ( 0.077)	Data  0.000 ( 0.003)	Loss 9.4395e-01 (9.1345e-01)	Acc@1  68.75 ( 72.58)	Acc@5  94.53 ( 94.34)
[2022-03-01_18-44-32] Epoch: [18][256/390] 9 Compute flavour conv	Time  0.076 ( 0.077)	Data  0.000 ( 0.003)	Loss 8.5918e-01 (9.2946e-01)	Acc@1  72.66 ( 72.11)	Acc@5  94.53 ( 94.14)
[2022-03-01_18-44-41] Epoch: [18][384/390] 9 Compute flavour conv	Time  0.075 ( 0.077)	Data  0.000 ( 0.003)	Loss 9.6813e-01 (9.4622e-01)	Acc@1  69.53 ( 71.54)	Acc@5  93.75 ( 93.98)

----------------------------------------
------- Training Epoch 18 Stats --------
----------------------------------------

+------------------------+-------------+-------------+-------------+
| Conv                   |   Avg. Loss |   Avg. Acc1 |   Avg. Acc5 |
+========================+=============+=============+=============+
| 9 Compute flavour conv |     0.94666 |       71.49 |       93.96 |
+------------------------+-------------+-------------+-------------+
[2022-03-01_18-44-42] Total Epoch 18 Time:  30.56 seconds

----------------------------------------
----------- Testing Epoch 18 -----------
----------------------------------------

[2022-03-01_18-44-43] Test: [ 0/79] 9 Compute flavour conv	Time  0.917 ( 0.033)	Loss 1.7336e+00 (1.7336e+00)	Acc@1  57.81 ( 57.81)	Acc@5  84.38 ( 84.38)

----------------------------------------
-------- Testing Epoch 18 Stats --------
----------------------------------------

+------------------------+-------------+-------------+-------------+
| Conv                   |   Avg. Loss |   Avg. Acc1 |   Avg. Acc5 |
+========================+=============+=============+=============+
| 9 Compute flavour conv |      1.7409 |       57.08 |       84.87 |
+------------------------+-------------+-------------+-------------+
[2022-03-01_18-44-45] Total Test Time:  18.00 seconds

----------------------------------------
---------- Training Epoch 19 -----------
----------------------------------------

[2022-03-01_18-44-46] Epoch: [19][  0/390] 9 Compute flavour conv	Time  1.066 ( 0.077)	Data  0.955 ( 0.003)	Loss 1.0585e+00 (1.0585e+00)	Acc@1  74.22 ( 74.22)	Acc@5  91.41 ( 91.41)
[2022-03-01_18-44-55] Epoch: [19][128/390] 9 Compute flavour conv	Time  0.078 ( 0.077)	Data  0.000 ( 0.003)	Loss 9.9764e-01 (8.6142e-01)	Acc@1  73.44 ( 74.32)	Acc@5  91.41 ( 95.10)
[2022-03-01_18-45-05] Epoch: [19][256/390] 9 Compute flavour conv	Time  0.076 ( 0.077)	Data  0.000 ( 0.003)	Loss 9.4404e-01 (8.7730e-01)	Acc@1  67.97 ( 73.62)	Acc@5  92.97 ( 94.83)
[2022-03-01_18-45-15] Epoch: [19][384/390] 9 Compute flavour conv	Time  0.076 ( 0.077)	Data  0.000 ( 0.003)	Loss 8.1810e-01 (8.9189e-01)	Acc@1  75.00 ( 73.13)	Acc@5  95.31 ( 94.63)

----------------------------------------
------- Training Epoch 19 Stats --------
----------------------------------------

+------------------------+-------------+-------------+-------------+
| Conv                   |   Avg. Loss |   Avg. Acc1 |   Avg. Acc5 |
+========================+=============+=============+=============+
| 9 Compute flavour conv |     0.89393 |       73.09 |        94.6 |
+------------------------+-------------+-------------+-------------+
[2022-03-01_18-45-15] Total Epoch 19 Time:  30.60 seconds

----------------------------------------
----------- Testing Epoch 19 -----------
----------------------------------------

[2022-03-01_18-45-16] Test: [ 0/79] 9 Compute flavour conv	Time  0.914 ( 0.033)	Loss 1.8150e+00 (1.8150e+00)	Acc@1  54.69 ( 54.69)	Acc@5  84.38 ( 84.38)

----------------------------------------
-------- Testing Epoch 19 Stats --------
----------------------------------------

+------------------------+-------------+-------------+-------------+
| Conv                   |   Avg. Loss |   Avg. Acc1 |   Avg. Acc5 |
+========================+=============+=============+=============+
| 9 Compute flavour conv |      1.7384 |       57.05 |        84.4 |
+------------------------+-------------+-------------+-------------+
[2022-03-01_18-45-18] Total Test Time:  19.00 seconds
