[2022-02-20_21-51-19] main.py --action TRAINING --arch resnet18-cifar100 --epoch 200 --batch_size 128 --seed 345 --compute_flavour 4 --v 1 --save_all_states 1 --WD 5e-4 --GAMMA 0.2 --MOMENTUM 0.9 --distributed 0 --gpu 1

[2022-02-20_21-51-19] arch=resnet18, dataset=cifar100, desc=None, flavour=4, epochs=200, batch_size=128, LR=0.1, LRD=0, WD=0.0005, MOMENTUM=0.9, GAMMA=0.2, MILESTONES=[60, 120, 160], device=cuda, verbose=1, model_path=None, action=TRAINING
[2022-02-20_21-51-19] Seed = 345
[2022-02-20_21-51-19] NeuralNet __init__: arch=resnet18, dataset=cifar100 compute_flavour=4, epochs=200,LR=0.1 LRD=0 WD=0.0005 MOMENTUM=0.9 GAMMA=0.2 MILESTONES=[60, 120, 160] device=cuda verbose=1 gpus=1 distributed=0 model_path=None
[2022-02-20_21-51-19] Seed = 345
[2022-02-20_21-51-21] Model_StatsLogger __init__() Compute flavour: 4

----------------------------------------
----------- TRAINING NETWORK -----------
----------------------------------------


----------------------------------------
----------- Training Epoch 0 -----------
----------------------------------------

[2022-02-20_21-51-24] Epoch: [0][  0/390] 4 Compute flavour conv	Time  2.265 ( 2.265)	Data  0.117 ( 0.117)	Loss 4.7337e+00 (4.7337e+00)	Acc@1   0.78 (  0.78)	Acc@5   3.12 (  3.12)
[2022-02-20_21-52-04] Epoch: [0][128/390] 4 Compute flavour conv	Time  0.309 ( 0.324)	Data  0.000 ( 0.001)	Loss 4.0154e+00 (4.3243e+00)	Acc@1   8.59 (  5.48)	Acc@5  27.34 ( 19.19)
[2022-02-20_21-52-43] Epoch: [0][256/390] 4 Compute flavour conv	Time  0.310 ( 0.317)	Data  0.000 ( 0.001)	Loss 3.7539e+00 (4.1085e+00)	Acc@1  12.50 (  7.39)	Acc@5  32.81 ( 24.62)
[2022-02-20_21-53-23] Epoch: [0][384/390] 4 Compute flavour conv	Time  0.309 ( 0.314)	Data  0.000 ( 0.001)	Loss 3.7046e+00 (3.9668e+00)	Acc@1   8.59 (  9.11)	Acc@5  34.38 ( 28.66)

----------------------------------------
-------- Training Epoch 0 Stats --------
----------------------------------------

+------------------------+-------------+-------------+-------------+
| Conv                   |   Avg. Loss |   Avg. Acc1 |   Avg. Acc5 |
+========================+=============+=============+=============+
| 4 Compute flavour conv |      3.9605 |         9.2 |       28.83 |
+------------------------+-------------+-------------+-------------+
[2022-02-20_21-53-24] Total Epoch 0 Time: 122.55 seconds

----------------------------------------
----------- Testing Epoch 0 ------------
----------------------------------------

[2022-02-20_21-53-25] Test: [ 0/79] 4 Compute flavour conv	Time  0.224 ( 0.224)	Loss 3.5522e+00 (3.5522e+00)	Acc@1  17.97 ( 17.97)	Acc@5  38.28 ( 38.28)

----------------------------------------
-------- Testing Epoch 0 Stats ---------
----------------------------------------

+------------------------+-------------+-------------+-------------+
| Conv                   |   Avg. Loss |   Avg. Acc1 |   Avg. Acc5 |
+========================+=============+=============+=============+
| 4 Compute flavour conv |      3.5728 |        14.3 |       39.81 |
+------------------------+-------------+-------------+-------------+
[2022-02-20_21-53-34] Total Test Time:   0.00 seconds

----------------------------------------
----------- Training Epoch 1 -----------
----------------------------------------

[2022-02-20_21-53-35] Epoch: [1][  0/390] 4 Compute flavour conv	Time  0.429 ( 0.314)	Data  0.115 ( 0.001)	Loss 3.5452e+00 (3.5452e+00)	Acc@1  14.84 ( 14.84)	Acc@5  36.72 ( 36.72)
[2022-02-20_21-54-14] Epoch: [1][128/390] 4 Compute flavour conv	Time  0.310 ( 0.313)	Data  0.000 ( 0.001)	Loss 3.2713e+00 (3.4627e+00)	Acc@1  17.19 ( 16.09)	Acc@5  45.31 ( 43.16)
[2022-02-20_21-54-54] Epoch: [1][256/390] 4 Compute flavour conv	Time  0.311 ( 0.313)	Data  0.000 ( 0.001)	Loss 3.2633e+00 (3.3816e+00)	Acc@1  19.53 ( 17.51)	Acc@5  42.19 ( 45.38)
[2022-02-20_21-55-34] Epoch: [1][384/390] 4 Compute flavour conv	Time  0.313 ( 0.312)	Data  0.000 ( 0.001)	Loss 2.9095e+00 (3.3009e+00)	Acc@1  28.12 ( 19.14)	Acc@5  57.03 ( 47.55)

----------------------------------------
-------- Training Epoch 1 Stats --------
----------------------------------------

+------------------------+-------------+-------------+-------------+
| Conv                   |   Avg. Loss |   Avg. Acc1 |   Avg. Acc5 |
+========================+=============+=============+=============+
| 4 Compute flavour conv |      3.2987 |       19.19 |       47.62 |
+------------------------+-------------+-------------+-------------+
[2022-02-20_21-55-35] Total Epoch 1 Time: 121.17 seconds

----------------------------------------
----------- Testing Epoch 1 ------------
----------------------------------------

[2022-02-20_21-55-36] Test: [ 0/79] 4 Compute flavour conv	Time  0.226 ( 0.124)	Loss 3.2916e+00 (3.2916e+00)	Acc@1  25.00 ( 25.00)	Acc@5  42.19 ( 42.19)

----------------------------------------
-------- Testing Epoch 1 Stats ---------
----------------------------------------

+------------------------+-------------+-------------+-------------+
| Conv                   |   Avg. Loss |   Avg. Acc1 |   Avg. Acc5 |
+========================+=============+=============+=============+
| 4 Compute flavour conv |      3.3009 |       19.99 |       48.69 |
+------------------------+-------------+-------------+-------------+
[2022-02-20_21-55-45] Total Test Time:   1.00 seconds

----------------------------------------
----------- Training Epoch 2 -----------
----------------------------------------

[2022-02-20_21-55-45] Epoch: [2][  0/390] 4 Compute flavour conv	Time  0.427 ( 0.313)	Data  0.113 ( 0.001)	Loss 3.1454e+00 (3.1454e+00)	Acc@1  22.66 ( 22.66)	Acc@5  53.12 ( 53.12)
[2022-02-20_21-56-25] Epoch: [2][128/390] 4 Compute flavour conv	Time  0.310 ( 0.312)	Data  0.000 ( 0.001)	Loss 2.9751e+00 (2.9461e+00)	Acc@1  27.34 ( 25.47)	Acc@5  53.91 ( 56.93)
[2022-02-20_21-57-05] Epoch: [2][256/390] 4 Compute flavour conv	Time  0.310 ( 0.312)	Data  0.000 ( 0.001)	Loss 2.9262e+00 (2.8708e+00)	Acc@1  23.44 ( 26.99)	Acc@5  61.72 ( 58.86)
[2022-02-20_21-57-45] Epoch: [2][384/390] 4 Compute flavour conv	Time  0.310 ( 0.312)	Data  0.000 ( 0.001)	Loss 2.8568e+00 (2.8003e+00)	Acc@1  23.44 ( 28.39)	Acc@5  56.25 ( 60.56)

----------------------------------------
-------- Training Epoch 2 Stats --------
----------------------------------------

+------------------------+-------------+-------------+-------------+
| Conv                   |   Avg. Loss |   Avg. Acc1 |   Avg. Acc5 |
+========================+=============+=============+=============+
| 4 Compute flavour conv |      2.7971 |       28.43 |       60.63 |
+------------------------+-------------+-------------+-------------+
[2022-02-20_21-57-46] Total Epoch 2 Time: 121.18 seconds

----------------------------------------
----------- Testing Epoch 2 ------------
----------------------------------------

[2022-02-20_21-57-46] Test: [ 0/79] 4 Compute flavour conv	Time  0.226 ( 0.123)	Loss 2.8708e+00 (2.8708e+00)	Acc@1  26.56 ( 26.56)	Acc@5  61.72 ( 61.72)

----------------------------------------
-------- Testing Epoch 2 Stats ---------
----------------------------------------

+------------------------+-------------+-------------+-------------+
| Conv                   |   Avg. Loss |   Avg. Acc1 |   Avg. Acc5 |
+========================+=============+=============+=============+
| 4 Compute flavour conv |      2.8018 |       28.59 |       61.37 |
+------------------------+-------------+-------------+-------------+
[2022-02-20_21-57-56] Total Test Time:   2.00 seconds

----------------------------------------
----------- Training Epoch 3 -----------
----------------------------------------

[2022-02-20_21-57-56] Epoch: [3][  0/390] 4 Compute flavour conv	Time  0.427 ( 0.312)	Data  0.113 ( 0.001)	Loss 2.6579e+00 (2.6579e+00)	Acc@1  29.69 ( 29.69)	Acc@5  61.72 ( 61.72)
[2022-02-20_21-58-36] Epoch: [3][128/390] 4 Compute flavour conv	Time  0.310 ( 0.312)	Data  0.000 ( 0.001)	Loss 2.3972e+00 (2.4860e+00)	Acc@1  35.94 ( 34.78)	Acc@5  66.41 ( 67.59)
[2022-02-20_21-59-16] Epoch: [3][256/390] 4 Compute flavour conv	Time  0.310 ( 0.312)	Data  0.000 ( 0.001)	Loss 2.5612e+00 (2.4278e+00)	Acc@1  35.16 ( 35.78)	Acc@5  67.97 ( 69.11)
[2022-02-20_21-59-55] Epoch: [3][384/390] 4 Compute flavour conv	Time  0.309 ( 0.312)	Data  0.000 ( 0.001)	Loss 2.2364e+00 (2.3761e+00)	Acc@1  35.94 ( 36.93)	Acc@5  71.09 ( 70.18)

----------------------------------------
-------- Training Epoch 3 Stats --------
----------------------------------------

+------------------------+-------------+-------------+-------------+
| Conv                   |   Avg. Loss |   Avg. Acc1 |   Avg. Acc5 |
+========================+=============+=============+=============+
| 4 Compute flavour conv |      2.3732 |       37.02 |       70.25 |
+------------------------+-------------+-------------+-------------+
[2022-02-20_21-59-57] Total Epoch 3 Time: 121.17 seconds

----------------------------------------
----------- Testing Epoch 3 ------------
----------------------------------------

[2022-02-20_21-59-57] Test: [ 0/79] 4 Compute flavour conv	Time  0.229 ( 0.122)	Loss 2.6608e+00 (2.6608e+00)	Acc@1  37.50 ( 37.50)	Acc@5  65.62 ( 65.62)

----------------------------------------
-------- Testing Epoch 3 Stats ---------
----------------------------------------

+------------------------+-------------+-------------+-------------+
| Conv                   |   Avg. Loss |   Avg. Acc1 |   Avg. Acc5 |
+========================+=============+=============+=============+
| 4 Compute flavour conv |      2.5714 |       34.24 |       65.75 |
+------------------------+-------------+-------------+-------------+
[2022-02-20_22-00-07] Total Test Time:   3.00 seconds

----------------------------------------
----------- Training Epoch 4 -----------
----------------------------------------

[2022-02-20_22-00-07] Epoch: [4][  0/390] 4 Compute flavour conv	Time  0.433 ( 0.312)	Data  0.116 ( 0.001)	Loss 2.0894e+00 (2.0894e+00)	Acc@1  46.88 ( 46.88)	Acc@5  75.00 ( 75.00)
[2022-02-20_22-00-47] Epoch: [4][128/390] 4 Compute flavour conv	Time  0.310 ( 0.312)	Data  0.000 ( 0.001)	Loss 1.9314e+00 (2.1243e+00)	Acc@1  42.97 ( 42.17)	Acc@5  79.69 ( 75.69)
[2022-02-20_22-01-27] Epoch: [4][256/390] 4 Compute flavour conv	Time  0.310 ( 0.311)	Data  0.000 ( 0.001)	Loss 2.2062e+00 (2.1042e+00)	Acc@1  46.09 ( 42.80)	Acc@5  75.78 ( 75.85)
[2022-02-20_22-02-06] Epoch: [4][384/390] 4 Compute flavour conv	Time  0.309 ( 0.311)	Data  0.000 ( 0.001)	Loss 1.9105e+00 (2.0730e+00)	Acc@1  46.09 ( 43.58)	Acc@5  80.47 ( 76.40)

----------------------------------------
-------- Training Epoch 4 Stats --------
----------------------------------------

+------------------------+-------------+-------------+-------------+
| Conv                   |   Avg. Loss |   Avg. Acc1 |   Avg. Acc5 |
+========================+=============+=============+=============+
| 4 Compute flavour conv |      2.0719 |        43.6 |       76.43 |
+------------------------+-------------+-------------+-------------+
[2022-02-20_22-02-08] Total Epoch 4 Time: 121.39 seconds

----------------------------------------
----------- Testing Epoch 4 ------------
----------------------------------------

[2022-02-20_22-02-08] Test: [ 0/79] 4 Compute flavour conv	Time  0.228 ( 0.122)	Loss 2.0651e+00 (2.0651e+00)	Acc@1  49.22 ( 49.22)	Acc@5  76.56 ( 76.56)

----------------------------------------
-------- Testing Epoch 4 Stats ---------
----------------------------------------

+------------------------+-------------+-------------+-------------+
| Conv                   |   Avg. Loss |   Avg. Acc1 |   Avg. Acc5 |
+========================+=============+=============+=============+
| 4 Compute flavour conv |      2.0897 |       44.37 |       75.35 |
+------------------------+-------------+-------------+-------------+
[2022-02-20_22-02-18] Total Test Time:   4.00 seconds

----------------------------------------
----------- Training Epoch 5 -----------
----------------------------------------

[2022-02-20_22-02-18] Epoch: [5][  0/390] 4 Compute flavour conv	Time  0.427 ( 0.312)	Data  0.114 ( 0.001)	Loss 1.6396e+00 (1.6396e+00)	Acc@1  56.25 ( 56.25)	Acc@5  85.16 ( 85.16)
[2022-02-20_22-02-58] Epoch: [5][128/390] 4 Compute flavour conv	Time  0.310 ( 0.311)	Data  0.000 ( 0.001)	Loss 1.8699e+00 (1.8875e+00)	Acc@1  53.91 ( 47.94)	Acc@5  81.25 ( 80.42)
[2022-02-20_22-03-38] Epoch: [5][256/390] 4 Compute flavour conv	Time  0.310 ( 0.311)	Data  0.000 ( 0.001)	Loss 1.8629e+00 (1.8754e+00)	Acc@1  52.34 ( 48.30)	Acc@5  80.47 ( 80.40)
[2022-02-20_22-04-17] Epoch: [5][384/390] 4 Compute flavour conv	Time  0.310 ( 0.311)	Data  0.000 ( 0.001)	Loss 1.9770e+00 (1.8681e+00)	Acc@1  47.66 ( 48.35)	Acc@5  81.25 ( 80.33)

----------------------------------------
-------- Training Epoch 5 Stats --------
----------------------------------------

+------------------------+-------------+-------------+-------------+
| Conv                   |   Avg. Loss |   Avg. Acc1 |   Avg. Acc5 |
+========================+=============+=============+=============+
| 4 Compute flavour conv |      1.8666 |        48.4 |       80.36 |
+------------------------+-------------+-------------+-------------+
[2022-02-20_22-04-19] Total Epoch 5 Time: 121.11 seconds

----------------------------------------
----------- Testing Epoch 5 ------------
----------------------------------------

[2022-02-20_22-04-19] Test: [ 0/79] 4 Compute flavour conv	Time  0.228 ( 0.122)	Loss 1.8684e+00 (1.8684e+00)	Acc@1  53.12 ( 53.12)	Acc@5  81.25 ( 81.25)

----------------------------------------
-------- Testing Epoch 5 Stats ---------
----------------------------------------

+------------------------+-------------+-------------+-------------+
| Conv                   |   Avg. Loss |   Avg. Acc1 |   Avg. Acc5 |
+========================+=============+=============+=============+
| 4 Compute flavour conv |      1.9531 |       47.46 |       78.34 |
+------------------------+-------------+-------------+-------------+
[2022-02-20_22-04-28] Total Test Time:   5.00 seconds

----------------------------------------
----------- Training Epoch 6 -----------
----------------------------------------

[2022-02-20_22-04-29] Epoch: [6][  0/390] 4 Compute flavour conv	Time  0.429 ( 0.311)	Data  0.115 ( 0.001)	Loss 1.9022e+00 (1.9022e+00)	Acc@1  50.00 ( 50.00)	Acc@5  81.25 ( 81.25)
[2022-02-20_22-05-09] Epoch: [6][128/390] 4 Compute flavour conv	Time  0.311 ( 0.311)	Data  0.000 ( 0.001)	Loss 1.6700e+00 (1.7305e+00)	Acc@1  54.69 ( 51.85)	Acc@5  85.94 ( 82.99)
[2022-02-20_22-05-48] Epoch: [6][256/390] 4 Compute flavour conv	Time  0.311 ( 0.311)	Data  0.000 ( 0.001)	Loss 1.8155e+00 (1.7386e+00)	Acc@1  53.12 ( 51.49)	Acc@5  79.69 ( 82.78)
[2022-02-20_22-06-28] Epoch: [6][384/390] 4 Compute flavour conv	Time  0.310 ( 0.311)	Data  0.000 ( 0.001)	Loss 1.7785e+00 (1.7321e+00)	Acc@1  53.12 ( 51.75)	Acc@5  78.91 ( 82.86)

----------------------------------------
-------- Training Epoch 6 Stats --------
----------------------------------------

+------------------------+-------------+-------------+-------------+
| Conv                   |   Avg. Loss |   Avg. Acc1 |   Avg. Acc5 |
+========================+=============+=============+=============+
| 4 Compute flavour conv |      1.7314 |       51.77 |       82.86 |
+------------------------+-------------+-------------+-------------+
[2022-02-20_22-06-30] Total Epoch 6 Time: 121.29 seconds

----------------------------------------
----------- Testing Epoch 6 ------------
----------------------------------------

[2022-02-20_22-06-30] Test: [ 0/79] 4 Compute flavour conv	Time  0.229 ( 0.121)	Loss 1.6537e+00 (1.6537e+00)	Acc@1  53.12 ( 53.12)	Acc@5  84.38 ( 84.38)

----------------------------------------
-------- Testing Epoch 6 Stats ---------
----------------------------------------

+------------------------+-------------+-------------+-------------+
| Conv                   |   Avg. Loss |   Avg. Acc1 |   Avg. Acc5 |
+========================+=============+=============+=============+
| 4 Compute flavour conv |       1.841 |        49.6 |       80.69 |
+------------------------+-------------+-------------+-------------+
[2022-02-20_22-06-39] Total Test Time:   6.00 seconds

----------------------------------------
----------- Training Epoch 7 -----------
----------------------------------------

[2022-02-20_22-06-40] Epoch: [7][  0/390] 4 Compute flavour conv	Time  0.428 ( 0.311)	Data  0.114 ( 0.001)	Loss 1.6818e+00 (1.6818e+00)	Acc@1  54.69 ( 54.69)	Acc@5  82.81 ( 82.81)
[2022-02-20_22-07-20] Epoch: [7][128/390] 4 Compute flavour conv	Time  0.311 ( 0.311)	Data  0.000 ( 0.001)	Loss 1.7164e+00 (1.6024e+00)	Acc@1  46.88 ( 54.69)	Acc@5  84.38 ( 85.19)
[2022-02-20_22-07-59] Epoch: [7][256/390] 4 Compute flavour conv	Time  0.310 ( 0.311)	Data  0.000 ( 0.001)	Loss 1.7086e+00 (1.6221e+00)	Acc@1  47.66 ( 54.22)	Acc@5  85.94 ( 84.76)
[2022-02-20_22-08-39] Epoch: [7][384/390] 4 Compute flavour conv	Time  0.310 ( 0.311)	Data  0.000 ( 0.001)	Loss 1.6454e+00 (1.6279e+00)	Acc@1  53.91 ( 54.13)	Acc@5  83.59 ( 84.69)

----------------------------------------
-------- Training Epoch 7 Stats --------
----------------------------------------

+------------------------+-------------+-------------+-------------+
| Conv                   |   Avg. Loss |   Avg. Acc1 |   Avg. Acc5 |
+========================+=============+=============+=============+
| 4 Compute flavour conv |       1.629 |       54.12 |       84.64 |
+------------------------+-------------+-------------+-------------+
[2022-02-20_22-08-41] Total Epoch 7 Time: 121.28 seconds

----------------------------------------
----------- Testing Epoch 7 ------------
----------------------------------------

[2022-02-20_22-08-41] Test: [ 0/79] 4 Compute flavour conv	Time  0.230 ( 0.121)	Loss 1.7132e+00 (1.7132e+00)	Acc@1  54.69 ( 54.69)	Acc@5  83.59 ( 83.59)

----------------------------------------
-------- Testing Epoch 7 Stats ---------
----------------------------------------

+------------------------+-------------+-------------+-------------+
| Conv                   |   Avg. Loss |   Avg. Acc1 |   Avg. Acc5 |
+========================+=============+=============+=============+
| 4 Compute flavour conv |      1.9909 |       47.17 |       78.24 |
+------------------------+-------------+-------------+-------------+
[2022-02-20_22-08-50] Total Test Time:   7.00 seconds

----------------------------------------
----------- Training Epoch 8 -----------
----------------------------------------

[2022-02-20_22-08-51] Epoch: [8][  0/390] 4 Compute flavour conv	Time  0.431 ( 0.311)	Data  0.113 ( 0.001)	Loss 1.5850e+00 (1.5850e+00)	Acc@1  54.69 ( 54.69)	Acc@5  85.16 ( 85.16)
[2022-02-20_22-09-31] Epoch: [8][128/390] 4 Compute flavour conv	Time  0.310 ( 0.311)	Data  0.000 ( 0.001)	Loss 1.6912e+00 (1.5294e+00)	Acc@1  53.12 ( 56.99)	Acc@5  85.94 ( 86.25)
[2022-02-20_22-10-10] Epoch: [8][256/390] 4 Compute flavour conv	Time  0.310 ( 0.311)	Data  0.000 ( 0.001)	Loss 1.7052e+00 (1.5475e+00)	Acc@1  51.56 ( 56.53)	Acc@5  86.72 ( 85.91)
[2022-02-20_22-10-50] Epoch: [8][384/390] 4 Compute flavour conv	Time  0.310 ( 0.311)	Data  0.000 ( 0.001)	Loss 1.5456e+00 (1.5486e+00)	Acc@1  55.47 ( 56.50)	Acc@5  85.94 ( 85.80)

----------------------------------------
-------- Training Epoch 8 Stats --------
----------------------------------------

+------------------------+-------------+-------------+-------------+
| Conv                   |   Avg. Loss |   Avg. Acc1 |   Avg. Acc5 |
+========================+=============+=============+=============+
| 4 Compute flavour conv |      1.5478 |        56.5 |       85.84 |
+------------------------+-------------+-------------+-------------+
[2022-02-20_22-10-52] Total Epoch 8 Time: 121.17 seconds

----------------------------------------
----------- Testing Epoch 8 ------------
----------------------------------------

[2022-02-20_22-10-52] Test: [ 0/79] 4 Compute flavour conv	Time  0.227 ( 0.121)	Loss 1.7083e+00 (1.7083e+00)	Acc@1  55.47 ( 55.47)	Acc@5  82.81 ( 82.81)

----------------------------------------
-------- Testing Epoch 8 Stats ---------
----------------------------------------

+------------------------+-------------+-------------+-------------+
| Conv                   |   Avg. Loss |   Avg. Acc1 |   Avg. Acc5 |
+========================+=============+=============+=============+
| 4 Compute flavour conv |      1.7666 |       51.76 |       82.74 |
+------------------------+-------------+-------------+-------------+
[2022-02-20_22-11-01] Total Test Time:   8.00 seconds

----------------------------------------
----------- Training Epoch 9 -----------
----------------------------------------

[2022-02-20_22-11-02] Epoch: [9][  0/390] 4 Compute flavour conv	Time  0.429 ( 0.311)	Data  0.114 ( 0.001)	Loss 1.4484e+00 (1.4484e+00)	Acc@1  56.25 ( 56.25)	Acc@5  90.62 ( 90.62)
[2022-02-20_22-11-41] Epoch: [9][128/390] 4 Compute flavour conv	Time  0.310 ( 0.311)	Data  0.000 ( 0.001)	Loss 1.4348e+00 (1.4632e+00)	Acc@1  64.84 ( 58.60)	Acc@5  88.28 ( 87.23)
[2022-02-20_22-12-21] Epoch: [9][256/390] 4 Compute flavour conv	Time  0.310 ( 0.311)	Data  0.000 ( 0.001)	Loss 1.4229e+00 (1.4831e+00)	Acc@1  55.47 ( 58.17)	Acc@5  87.50 ( 86.86)
[2022-02-20_22-13-01] Epoch: [9][384/390] 4 Compute flavour conv	Time  0.310 ( 0.311)	Data  0.000 ( 0.001)	Loss 2.0132e+00 (1.4937e+00)	Acc@1  47.66 ( 57.90)	Acc@5  78.12 ( 86.72)

----------------------------------------
-------- Training Epoch 9 Stats --------
----------------------------------------

+------------------------+-------------+-------------+-------------+
| Conv                   |   Avg. Loss |   Avg. Acc1 |   Avg. Acc5 |
+========================+=============+=============+=============+
| 4 Compute flavour conv |      1.4927 |       57.91 |       86.74 |
+------------------------+-------------+-------------+-------------+
[2022-02-20_22-13-02] Total Epoch 9 Time: 121.22 seconds

----------------------------------------
----------- Testing Epoch 9 ------------
----------------------------------------

[2022-02-20_22-13-03] Test: [ 0/79] 4 Compute flavour conv	Time  0.227 ( 0.121)	Loss 1.8460e+00 (1.8460e+00)	Acc@1  55.47 ( 55.47)	Acc@5  81.25 ( 81.25)

----------------------------------------
-------- Testing Epoch 9 Stats ---------
----------------------------------------

+------------------------+-------------+-------------+-------------+
| Conv                   |   Avg. Loss |   Avg. Acc1 |   Avg. Acc5 |
+========================+=============+=============+=============+
| 4 Compute flavour conv |      1.9005 |       50.07 |       80.09 |
+------------------------+-------------+-------------+-------------+
[2022-02-20_22-13-12] Total Test Time:   9.00 seconds

----------------------------------------
---------- Training Epoch 10 -----------
----------------------------------------

[2022-02-20_22-13-12] Epoch: [10][  0/390] 4 Compute flavour conv	Time  0.433 ( 0.311)	Data  0.116 ( 0.001)	Loss 1.1683e+00 (1.1683e+00)	Acc@1  65.62 ( 65.62)	Acc@5  94.53 ( 94.53)
[2022-02-20_22-13-52] Epoch: [10][128/390] 4 Compute flavour conv	Time  0.311 ( 0.311)	Data  0.000 ( 0.001)	Loss 1.2168e+00 (1.3974e+00)	Acc@1  65.62 ( 60.04)	Acc@5  91.41 ( 88.27)
[2022-02-20_22-14-32] Epoch: [10][256/390] 4 Compute flavour conv	Time  0.311 ( 0.311)	Data  0.000 ( 0.001)	Loss 1.3446e+00 (1.4256e+00)	Acc@1  56.25 ( 59.30)	Acc@5  87.50 ( 87.69)
[2022-02-20_22-15-12] Epoch: [10][384/390] 4 Compute flavour conv	Time  0.310 ( 0.311)	Data  0.000 ( 0.001)	Loss 1.4086e+00 (1.4350e+00)	Acc@1  60.94 ( 59.10)	Acc@5  85.16 ( 87.45)

----------------------------------------
------- Training Epoch 10 Stats --------
----------------------------------------

+------------------------+-------------+-------------+-------------+
| Conv                   |   Avg. Loss |   Avg. Acc1 |   Avg. Acc5 |
+========================+=============+=============+=============+
| 4 Compute flavour conv |      1.4353 |       59.08 |       87.44 |
+------------------------+-------------+-------------+-------------+
[2022-02-20_22-15-14] Total Epoch 10 Time: 121.60 seconds

----------------------------------------
----------- Testing Epoch 10 -----------
----------------------------------------

[2022-02-20_22-15-14] Test: [ 0/79] 4 Compute flavour conv	Time  0.228 ( 0.121)	Loss 1.6113e+00 (1.6113e+00)	Acc@1  57.81 ( 57.81)	Acc@5  84.38 ( 84.38)

----------------------------------------
-------- Testing Epoch 10 Stats --------
----------------------------------------

+------------------------+-------------+-------------+-------------+
| Conv                   |   Avg. Loss |   Avg. Acc1 |   Avg. Acc5 |
+========================+=============+=============+=============+
| 4 Compute flavour conv |      1.7317 |       52.78 |       83.16 |
+------------------------+-------------+-------------+-------------+
[2022-02-20_22-15-23] Total Test Time:  10.00 seconds

----------------------------------------
---------- Training Epoch 11 -----------
----------------------------------------

[2022-02-20_22-15-24] Epoch: [11][  0/390] 4 Compute flavour conv	Time  0.432 ( 0.311)	Data  0.113 ( 0.001)	Loss 1.1687e+00 (1.1687e+00)	Acc@1  65.62 ( 65.62)	Acc@5  91.41 ( 91.41)
[2022-02-20_22-16-03] Epoch: [11][128/390] 4 Compute flavour conv	Time  0.311 ( 0.311)	Data  0.000 ( 0.001)	Loss 1.3525e+00 (1.3543e+00)	Acc@1  61.72 ( 60.83)	Acc@5  86.72 ( 88.80)
[2022-02-20_22-16-43] Epoch: [11][256/390] 4 Compute flavour conv	Time  0.310 ( 0.311)	Data  0.000 ( 0.001)	Loss 1.3693e+00 (1.3769e+00)	Acc@1  60.16 ( 60.43)	Acc@5  89.84 ( 88.50)
[2022-02-20_22-17-23] Epoch: [11][384/390] 4 Compute flavour conv	Time  0.310 ( 0.311)	Data  0.000 ( 0.001)	Loss 1.6264e+00 (1.3944e+00)	Acc@1  57.03 ( 60.13)	Acc@5  82.81 ( 88.22)

----------------------------------------
------- Training Epoch 11 Stats --------
----------------------------------------

+------------------------+-------------+-------------+-------------+
| Conv                   |   Avg. Loss |   Avg. Acc1 |   Avg. Acc5 |
+========================+=============+=============+=============+
| 4 Compute flavour conv |       1.395 |       60.12 |        88.2 |
+------------------------+-------------+-------------+-------------+
[2022-02-20_22-17-24] Total Epoch 11 Time: 121.31 seconds

----------------------------------------
----------- Testing Epoch 11 -----------
----------------------------------------

[2022-02-20_22-17-25] Test: [ 0/79] 4 Compute flavour conv	Time  0.225 ( 0.121)	Loss 1.6612e+00 (1.6612e+00)	Acc@1  57.03 ( 57.03)	Acc@5  85.94 ( 85.94)

----------------------------------------
-------- Testing Epoch 11 Stats --------
----------------------------------------

+------------------------+-------------+-------------+-------------+
| Conv                   |   Avg. Loss |   Avg. Acc1 |   Avg. Acc5 |
+========================+=============+=============+=============+
| 4 Compute flavour conv |      1.6996 |       53.74 |       83.75 |
+------------------------+-------------+-------------+-------------+
[2022-02-20_22-17-34] Total Test Time:  11.00 seconds

----------------------------------------
---------- Training Epoch 12 -----------
----------------------------------------

[2022-02-20_22-17-35] Epoch: [12][  0/390] 4 Compute flavour conv	Time  0.431 ( 0.311)	Data  0.116 ( 0.001)	Loss 1.3009e+00 (1.3009e+00)	Acc@1  60.16 ( 60.16)	Acc@5  88.28 ( 88.28)
[2022-02-20_22-18-14] Epoch: [12][128/390] 4 Compute flavour conv	Time  0.311 ( 0.311)	Data  0.000 ( 0.001)	Loss 1.5502e+00 (1.3126e+00)	Acc@1  57.03 ( 61.77)	Acc@5  83.59 ( 89.59)
