[2022-02-23_23-05-28] main.py --action TRAINING --arch resnet18-cifar100 --epoch 200 --batch_size 128 --seed 345 --compute_flavour 0 --v 1 --save_all_states 1 --WD 5e-6 --GAMMA 0.1 --MOMENTUM 0.5 --distributed 0 --gpu 1

[2022-02-23_23-05-28] arch=resnet18, dataset=cifar100, desc=None, flavour=0, epochs=200, batch_size=128, LR=0.1, LRD=0, WD=5e-06, MOMENTUM=0.5, GAMMA=0.1, MILESTONES=[60, 120, 160], device=cuda, verbose=1, model_path=None, action=TRAINING
[2022-02-23_23-05-28] Seed = 345
[2022-02-23_23-05-28] NeuralNet __init__: arch=resnet18, dataset=cifar100 compute_flavour=0, epochs=200,LR=0.1 LRD=0 WD=5e-06 MOMENTUM=0.5 GAMMA=0.1 MILESTONES=[60, 120, 160] device=cuda verbose=1 gpus=1 distributed=0 model_path=None
[2022-02-23_23-05-28] Seed = 345
[2022-02-23_23-05-36] Model_StatsLogger __init__() Compute flavour: 0

----------------------------------------
----------- TRAINING NETWORK -----------
----------------------------------------


----------------------------------------
----------- Training Epoch 0 -----------
----------------------------------------

[2022-02-23_23-05-39] Epoch: [0][  0/390] 0 Compute flavour conv	Time  0.770 ( 0.770)	Data  0.458 ( 0.458)	Loss 4.7332e+00 (4.7332e+00)	Acc@1   0.78 (  0.78)	Acc@5   3.12 (  3.12)
[2022-02-23_23-05-50] Epoch: [0][128/390] 0 Compute flavour conv	Time  0.088 ( 0.094)	Data  0.000 ( 0.004)	Loss 3.8972e+00 (4.1817e+00)	Acc@1  10.16 (  6.81)	Acc@5  29.69 ( 22.38)
[2022-02-23_23-06-01] Epoch: [0][256/390] 0 Compute flavour conv	Time  0.089 ( 0.091)	Data  0.000 ( 0.002)	Loss 3.5657e+00 (3.9493e+00)	Acc@1  16.41 (  9.62)	Acc@5  36.72 ( 29.19)
[2022-02-23_23-06-13] Epoch: [0][384/390] 0 Compute flavour conv	Time  0.088 ( 0.090)	Data  0.000 ( 0.002)	Loss 3.5459e+00 (3.7787e+00)	Acc@1  13.28 ( 12.13)	Acc@5  39.06 ( 34.06)

----------------------------------------
-------- Training Epoch 0 Stats --------
----------------------------------------

+------------------------+-------------+-------------+-------------+
| Conv                   |   Avg. Loss |   Avg. Acc1 |   Avg. Acc5 |
+========================+=============+=============+=============+
| 0 Compute flavour conv |       3.771 |       12.26 |       34.28 |
+------------------------+-------------+-------------+-------------+
[2022-02-23_23-06-13] Total Epoch 0 Time:  35.20 seconds

----------------------------------------
----------- Testing Epoch 0 ------------
----------------------------------------

[2022-02-23_23-06-13] Test: [ 0/79] 0 Compute flavour conv	Time  0.152 ( 0.152)	Loss 3.2269e+00 (3.2269e+00)	Acc@1  21.88 ( 21.88)	Acc@5  48.44 ( 48.44)

----------------------------------------
-------- Testing Epoch 0 Stats ---------
----------------------------------------

+------------------------+-------------+-------------+-------------+
| Conv                   |   Avg. Loss |   Avg. Acc1 |   Avg. Acc5 |
+========================+=============+=============+=============+
| 0 Compute flavour conv |      3.4003 |       18.23 |       46.89 |
+------------------------+-------------+-------------+-------------+
[2022-02-23_23-06-15] Total Test Time:   0.00 seconds

----------------------------------------
----------- Training Epoch 1 -----------
----------------------------------------

[2022-02-23_23-06-16] Epoch: [1][  0/390] 0 Compute flavour conv	Time  0.227 ( 0.091)	Data  0.137 ( 0.002)	Loss 3.2807e+00 (3.2807e+00)	Acc@1  15.62 ( 15.62)	Acc@5  50.78 ( 50.78)
[2022-02-23_23-06-27] Epoch: [1][128/390] 0 Compute flavour conv	Time  0.089 ( 0.090)	Data  0.000 ( 0.001)	Loss 3.2343e+00 (3.1943e+00)	Acc@1  23.44 ( 21.11)	Acc@5  51.56 ( 50.69)
[2022-02-23_23-06-39] Epoch: [1][256/390] 0 Compute flavour conv	Time  0.090 ( 0.090)	Data  0.000 ( 0.001)	Loss 2.9809e+00 (3.1069e+00)	Acc@1  25.00 ( 22.65)	Acc@5  53.91 ( 52.90)
[2022-02-23_23-06-50] Epoch: [1][384/390] 0 Compute flavour conv	Time  0.089 ( 0.090)	Data  0.000 ( 0.001)	Loss 2.5493e+00 (3.0319e+00)	Acc@1  34.38 ( 24.07)	Acc@5  67.19 ( 54.77)

----------------------------------------
-------- Training Epoch 1 Stats --------
----------------------------------------

+------------------------+-------------+-------------+-------------+
| Conv                   |   Avg. Loss |   Avg. Acc1 |   Avg. Acc5 |
+========================+=============+=============+=============+
| 0 Compute flavour conv |      3.0292 |       24.13 |       54.83 |
+------------------------+-------------+-------------+-------------+
[2022-02-23_23-06-50] Total Epoch 1 Time:  35.03 seconds

----------------------------------------
----------- Testing Epoch 1 ------------
----------------------------------------

[2022-02-23_23-06-51] Test: [ 0/79] 0 Compute flavour conv	Time  0.145 ( 0.028)	Loss 2.8351e+00 (2.8351e+00)	Acc@1  32.03 ( 32.03)	Acc@5  56.25 ( 56.25)

----------------------------------------
-------- Testing Epoch 1 Stats ---------
----------------------------------------

+------------------------+-------------+-------------+-------------+
| Conv                   |   Avg. Loss |   Avg. Acc1 |   Avg. Acc5 |
+========================+=============+=============+=============+
| 0 Compute flavour conv |      2.8405 |       28.25 |       59.52 |
+------------------------+-------------+-------------+-------------+
[2022-02-23_23-06-53] Total Test Time:   1.00 seconds

----------------------------------------
----------- Training Epoch 2 -----------
----------------------------------------

[2022-02-23_23-06-53] Epoch: [2][  0/390] 0 Compute flavour conv	Time  0.217 ( 0.090)	Data  0.123 ( 0.001)	Loss 2.8638e+00 (2.8638e+00)	Acc@1  25.00 ( 25.00)	Acc@5  59.38 ( 59.38)
[2022-02-23_23-07-05] Epoch: [2][128/390] 0 Compute flavour conv	Time  0.091 ( 0.090)	Data  0.000 ( 0.001)	Loss 2.8439e+00 (2.6662e+00)	Acc@1  29.69 ( 31.05)	Acc@5  60.94 ( 63.66)
[2022-02-23_23-07-16] Epoch: [2][256/390] 0 Compute flavour conv	Time  0.092 ( 0.091)	Data  0.000 ( 0.001)	Loss 2.7418e+00 (2.5968e+00)	Acc@1  32.03 ( 32.23)	Acc@5  63.28 ( 65.17)
[2022-02-23_23-07-28] Epoch: [2][384/390] 0 Compute flavour conv	Time  0.089 ( 0.091)	Data  0.000 ( 0.001)	Loss 2.5997e+00 (2.5328e+00)	Acc@1  26.56 ( 33.79)	Acc@5  69.53 ( 66.60)

----------------------------------------
-------- Training Epoch 2 Stats --------
----------------------------------------

+------------------------+-------------+-------------+-------------+
| Conv                   |   Avg. Loss |   Avg. Acc1 |   Avg. Acc5 |
+========================+=============+=============+=============+
| 0 Compute flavour conv |      2.5301 |       33.83 |       66.65 |
+------------------------+-------------+-------------+-------------+
[2022-02-23_23-07-29] Total Epoch 2 Time:  36.02 seconds

----------------------------------------
----------- Testing Epoch 2 ------------
----------------------------------------

[2022-02-23_23-07-29] Test: [ 0/79] 0 Compute flavour conv	Time  0.143 ( 0.027)	Loss 2.7947e+00 (2.7947e+00)	Acc@1  35.16 ( 35.16)	Acc@5  65.62 ( 65.62)

----------------------------------------
-------- Testing Epoch 2 Stats ---------
----------------------------------------

+------------------------+-------------+-------------+-------------+
| Conv                   |   Avg. Loss |   Avg. Acc1 |   Avg. Acc5 |
+========================+=============+=============+=============+
| 0 Compute flavour conv |      2.8669 |        31.9 |       63.31 |
+------------------------+-------------+-------------+-------------+
[2022-02-23_23-07-31] Total Test Time:   2.00 seconds

----------------------------------------
----------- Training Epoch 3 -----------
----------------------------------------

[2022-02-23_23-07-31] Epoch: [3][  0/390] 0 Compute flavour conv	Time  0.240 ( 0.091)	Data  0.134 ( 0.001)	Loss 2.4162e+00 (2.4162e+00)	Acc@1  34.38 ( 34.38)	Acc@5  70.31 ( 70.31)
[2022-02-23_23-07-43] Epoch: [3][128/390] 0 Compute flavour conv	Time  0.090 ( 0.091)	Data  0.000 ( 0.001)	Loss 2.2088e+00 (2.2608e+00)	Acc@1  44.53 ( 39.84)	Acc@5  74.22 ( 72.55)
[2022-02-23_23-07-55] Epoch: [3][256/390] 0 Compute flavour conv	Time  0.091 ( 0.091)	Data  0.000 ( 0.001)	Loss 2.4323e+00 (2.2168e+00)	Acc@1  36.72 ( 40.55)	Acc@5  70.31 ( 73.48)
[2022-02-23_23-08-07] Epoch: [3][384/390] 0 Compute flavour conv	Time  0.092 ( 0.091)	Data  0.000 ( 0.001)	Loss 2.2373e+00 (2.1764e+00)	Acc@1  39.84 ( 41.48)	Acc@5  74.22 ( 74.28)

----------------------------------------
-------- Training Epoch 3 Stats --------
----------------------------------------

+------------------------+-------------+-------------+-------------+
| Conv                   |   Avg. Loss |   Avg. Acc1 |   Avg. Acc5 |
+========================+=============+=============+=============+
| 0 Compute flavour conv |      2.1743 |       41.53 |       74.32 |
+------------------------+-------------+-------------+-------------+
[2022-02-23_23-08-07] Total Epoch 3 Time:  36.17 seconds

----------------------------------------
----------- Testing Epoch 3 ------------
----------------------------------------

[2022-02-23_23-08-08] Test: [ 0/79] 0 Compute flavour conv	Time  0.144 ( 0.028)	Loss 2.0504e+00 (2.0504e+00)	Acc@1  47.66 ( 47.66)	Acc@5  81.25 ( 81.25)

----------------------------------------
-------- Testing Epoch 3 Stats ---------
----------------------------------------

+------------------------+-------------+-------------+-------------+
| Conv                   |   Avg. Loss |   Avg. Acc1 |   Avg. Acc5 |
+========================+=============+=============+=============+
| 0 Compute flavour conv |      2.2224 |       41.68 |       74.27 |
+------------------------+-------------+-------------+-------------+
[2022-02-23_23-08-10] Total Test Time:   3.00 seconds

----------------------------------------
----------- Training Epoch 4 -----------
----------------------------------------

[2022-02-23_23-08-10] Epoch: [4][  0/390] 0 Compute flavour conv	Time  0.218 ( 0.091)	Data  0.123 ( 0.001)	Loss 2.0722e+00 (2.0722e+00)	Acc@1  45.31 ( 45.31)	Acc@5  73.44 ( 73.44)
[2022-02-23_23-08-22] Epoch: [4][128/390] 0 Compute flavour conv	Time  0.094 ( 0.091)	Data  0.000 ( 0.001)	Loss 1.7816e+00 (1.9458e+00)	Acc@1  43.75 ( 46.66)	Acc@5  82.03 ( 78.91)
[2022-02-23_23-08-34] Epoch: [4][256/390] 0 Compute flavour conv	Time  0.095 ( 0.092)	Data  0.000 ( 0.001)	Loss 2.1102e+00 (1.9311e+00)	Acc@1  46.88 ( 47.05)	Acc@5  73.44 ( 79.10)
[2022-02-23_23-08-46] Epoch: [4][384/390] 0 Compute flavour conv	Time  0.095 ( 0.092)	Data  0.000 ( 0.001)	Loss 1.8780e+00 (1.9084e+00)	Acc@1  49.22 ( 47.56)	Acc@5  79.69 ( 79.48)

----------------------------------------
-------- Training Epoch 4 Stats --------
----------------------------------------

+------------------------+-------------+-------------+-------------+
| Conv                   |   Avg. Loss |   Avg. Acc1 |   Avg. Acc5 |
+========================+=============+=============+=============+
| 0 Compute flavour conv |      1.9082 |       47.56 |       79.49 |
+------------------------+-------------+-------------+-------------+
[2022-02-23_23-08-46] Total Epoch 4 Time:  36.48 seconds

----------------------------------------
----------- Testing Epoch 4 ------------
----------------------------------------

[2022-02-23_23-08-46] Test: [ 0/79] 0 Compute flavour conv	Time  0.154 ( 0.028)	Loss 1.9286e+00 (1.9286e+00)	Acc@1  50.00 ( 50.00)	Acc@5  81.25 ( 81.25)

----------------------------------------
-------- Testing Epoch 4 Stats ---------
----------------------------------------

+------------------------+-------------+-------------+-------------+
| Conv                   |   Avg. Loss |   Avg. Acc1 |   Avg. Acc5 |
+========================+=============+=============+=============+
| 0 Compute flavour conv |      2.0232 |       46.43 |       78.17 |
+------------------------+-------------+-------------+-------------+
[2022-02-23_23-08-48] Total Test Time:   4.00 seconds

----------------------------------------
----------- Training Epoch 5 -----------
----------------------------------------

[2022-02-23_23-08-49] Epoch: [5][  0/390] 0 Compute flavour conv	Time  0.217 ( 0.092)	Data  0.124 ( 0.001)	Loss 1.6967e+00 (1.6967e+00)	Acc@1  49.22 ( 49.22)	Acc@5  82.03 ( 82.03)
[2022-02-23_23-09-01] Epoch: [5][128/390] 0 Compute flavour conv	Time  0.093 ( 0.092)	Data  0.000 ( 0.001)	Loss 1.6812e+00 (1.7419e+00)	Acc@1  54.69 ( 51.60)	Acc@5  81.25 ( 82.67)
[2022-02-23_23-09-12] Epoch: [5][256/390] 0 Compute flavour conv	Time  0.093 ( 0.092)	Data  0.000 ( 0.001)	Loss 1.8103e+00 (1.7269e+00)	Acc@1  52.34 ( 51.94)	Acc@5  82.81 ( 82.78)
[2022-02-23_23-09-24] Epoch: [5][384/390] 0 Compute flavour conv	Time  0.090 ( 0.092)	Data  0.000 ( 0.001)	Loss 1.7335e+00 (1.7185e+00)	Acc@1  58.59 ( 51.98)	Acc@5  82.81 ( 82.77)

----------------------------------------
-------- Training Epoch 5 Stats --------
----------------------------------------

+------------------------+-------------+-------------+-------------+
| Conv                   |   Avg. Loss |   Avg. Acc1 |   Avg. Acc5 |
+========================+=============+=============+=============+
| 0 Compute flavour conv |      1.7176 |       52.03 |        82.8 |
+------------------------+-------------+-------------+-------------+
[2022-02-23_23-09-25] Total Epoch 5 Time:  36.24 seconds

----------------------------------------
----------- Testing Epoch 5 ------------
----------------------------------------

[2022-02-23_23-09-25] Test: [ 0/79] 0 Compute flavour conv	Time  0.140 ( 0.028)	Loss 2.1804e+00 (2.1804e+00)	Acc@1  46.88 ( 46.88)	Acc@5  77.34 ( 77.34)

----------------------------------------
-------- Testing Epoch 5 Stats ---------
----------------------------------------

+------------------------+-------------+-------------+-------------+
| Conv                   |   Avg. Loss |   Avg. Acc1 |   Avg. Acc5 |
+========================+=============+=============+=============+
| 0 Compute flavour conv |      2.1045 |       46.27 |        77.7 |
+------------------------+-------------+-------------+-------------+
[2022-02-23_23-09-27] Total Test Time:   5.00 seconds

----------------------------------------
----------- Training Epoch 6 -----------
----------------------------------------

[2022-02-23_23-09-27] Epoch: [6][  0/390] 0 Compute flavour conv	Time  0.221 ( 0.092)	Data  0.127 ( 0.001)	Loss 1.7874e+00 (1.7874e+00)	Acc@1  46.09 ( 46.09)	Acc@5  82.03 ( 82.03)
[2022-02-23_23-09-39] Epoch: [6][128/390] 0 Compute flavour conv	Time  0.090 ( 0.092)	Data  0.000 ( 0.001)	Loss 1.5818e+00 (1.5459e+00)	Acc@1  55.47 ( 56.28)	Acc@5  85.16 ( 85.63)
[2022-02-23_23-09-51] Epoch: [6][256/390] 0 Compute flavour conv	Time  0.093 ( 0.092)	Data  0.000 ( 0.001)	Loss 1.6867e+00 (1.5550e+00)	Acc@1  57.03 ( 56.01)	Acc@5  84.38 ( 85.55)
[2022-02-23_23-10-03] Epoch: [6][384/390] 0 Compute flavour conv	Time  0.094 ( 0.092)	Data  0.000 ( 0.001)	Loss 1.6020e+00 (1.5551e+00)	Acc@1  55.47 ( 55.91)	Acc@5  84.38 ( 85.56)

----------------------------------------
-------- Training Epoch 6 Stats --------
----------------------------------------

+------------------------+-------------+-------------+-------------+
| Conv                   |   Avg. Loss |   Avg. Acc1 |   Avg. Acc5 |
+========================+=============+=============+=============+
| 0 Compute flavour conv |      1.5547 |       55.87 |       85.57 |
+------------------------+-------------+-------------+-------------+
[2022-02-23_23-10-03] Total Epoch 6 Time:  36.21 seconds

----------------------------------------
----------- Testing Epoch 6 ------------
----------------------------------------

[2022-02-23_23-10-03] Test: [ 0/79] 0 Compute flavour conv	Time  0.151 ( 0.028)	Loss 1.7226e+00 (1.7226e+00)	Acc@1  53.12 ( 53.12)	Acc@5  84.38 ( 84.38)

----------------------------------------
-------- Testing Epoch 6 Stats ---------
----------------------------------------

+------------------------+-------------+-------------+-------------+
| Conv                   |   Avg. Loss |   Avg. Acc1 |   Avg. Acc5 |
+========================+=============+=============+=============+
| 0 Compute flavour conv |      1.8914 |       50.08 |       80.76 |
+------------------------+-------------+-------------+-------------+
[2022-02-23_23-10-05] Total Test Time:   6.00 seconds

----------------------------------------
----------- Training Epoch 7 -----------
----------------------------------------

[2022-02-23_23-10-06] Epoch: [7][  0/390] 0 Compute flavour conv	Time  0.230 ( 0.092)	Data  0.139 ( 0.001)	Loss 1.4716e+00 (1.4716e+00)	Acc@1  61.72 ( 61.72)	Acc@5  85.94 ( 85.94)
[2022-02-23_23-10-18] Epoch: [7][128/390] 0 Compute flavour conv	Time  0.092 ( 0.092)	Data  0.000 ( 0.001)	Loss 1.5572e+00 (1.4105e+00)	Acc@1  52.34 ( 59.70)	Acc@5  85.94 ( 87.65)
[2022-02-23_23-10-29] Epoch: [7][256/390] 0 Compute flavour conv	Time  0.093 ( 0.092)	Data  0.000 ( 0.001)	Loss 1.5287e+00 (1.4235e+00)	Acc@1  52.34 ( 59.28)	Acc@5  85.16 ( 87.56)
[2022-02-23_23-10-41] Epoch: [7][384/390] 0 Compute flavour conv	Time  0.089 ( 0.092)	Data  0.000 ( 0.001)	Loss 1.3873e+00 (1.4172e+00)	Acc@1  58.59 ( 59.53)	Acc@5  89.84 ( 87.69)

----------------------------------------
-------- Training Epoch 7 Stats --------
----------------------------------------

+------------------------+-------------+-------------+-------------+
| Conv                   |   Avg. Loss |   Avg. Acc1 |   Avg. Acc5 |
+========================+=============+=============+=============+
| 0 Compute flavour conv |      1.4175 |       59.53 |       87.67 |
+------------------------+-------------+-------------+-------------+
[2022-02-23_23-10-42] Total Epoch 7 Time:  36.26 seconds

----------------------------------------
----------- Testing Epoch 7 ------------
----------------------------------------

[2022-02-23_23-10-42] Test: [ 0/79] 0 Compute flavour conv	Time  0.143 ( 0.028)	Loss 1.5830e+00 (1.5830e+00)	Acc@1  53.91 ( 53.91)	Acc@5  83.59 ( 83.59)

----------------------------------------
-------- Testing Epoch 7 Stats ---------
----------------------------------------

+------------------------+-------------+-------------+-------------+
| Conv                   |   Avg. Loss |   Avg. Acc1 |   Avg. Acc5 |
+========================+=============+=============+=============+
| 0 Compute flavour conv |      1.7865 |       52.71 |       82.13 |
+------------------------+-------------+-------------+-------------+
[2022-02-23_23-10-44] Total Test Time:   7.00 seconds

----------------------------------------
----------- Training Epoch 8 -----------
----------------------------------------

[2022-02-23_23-10-44] Epoch: [8][  0/390] 0 Compute flavour conv	Time  0.218 ( 0.092)	Data  0.123 ( 0.001)	Loss 1.4371e+00 (1.4371e+00)	Acc@1  60.94 ( 60.94)	Acc@5  89.06 ( 89.06)
[2022-02-23_23-10-56] Epoch: [8][128/390] 0 Compute flavour conv	Time  0.093 ( 0.092)	Data  0.000 ( 0.001)	Loss 1.4150e+00 (1.3093e+00)	Acc@1  60.94 ( 62.27)	Acc@5  86.72 ( 89.23)
[2022-02-23_23-11-08] Epoch: [8][256/390] 0 Compute flavour conv	Time  0.091 ( 0.092)	Data  0.000 ( 0.001)	Loss 1.4919e+00 (1.3041e+00)	Acc@1  55.47 ( 62.37)	Acc@5  87.50 ( 89.31)
[2022-02-23_23-11-20] Epoch: [8][384/390] 0 Compute flavour conv	Time  0.092 ( 0.092)	Data  0.000 ( 0.001)	Loss 1.3139e+00 (1.3088e+00)	Acc@1  62.50 ( 62.17)	Acc@5  89.84 ( 89.26)

----------------------------------------
-------- Training Epoch 8 Stats --------
----------------------------------------

+------------------------+-------------+-------------+-------------+
| Conv                   |   Avg. Loss |   Avg. Acc1 |   Avg. Acc5 |
+========================+=============+=============+=============+
| 0 Compute flavour conv |      1.3082 |       62.17 |       89.28 |
+------------------------+-------------+-------------+-------------+
[2022-02-23_23-11-20] Total Epoch 8 Time:  36.24 seconds

----------------------------------------
----------- Testing Epoch 8 ------------
----------------------------------------

[2022-02-23_23-11-20] Test: [ 0/79] 0 Compute flavour conv	Time  0.146 ( 0.028)	Loss 1.3748e+00 (1.3748e+00)	Acc@1  64.06 ( 64.06)	Acc@5  88.28 ( 88.28)

----------------------------------------
-------- Testing Epoch 8 Stats ---------
----------------------------------------

+------------------------+-------------+-------------+-------------+
| Conv                   |   Avg. Loss |   Avg. Acc1 |   Avg. Acc5 |
+========================+=============+=============+=============+
| 0 Compute flavour conv |      1.5975 |       56.73 |       84.93 |
+------------------------+-------------+-------------+-------------+
[2022-02-23_23-11-22] Total Test Time:   8.00 seconds

----------------------------------------
----------- Training Epoch 9 -----------
----------------------------------------

[2022-02-23_23-11-23] Epoch: [9][  0/390] 0 Compute flavour conv	Time  0.216 ( 0.092)	Data  0.123 ( 0.001)	Loss 1.2674e+00 (1.2674e+00)	Acc@1  63.28 ( 63.28)	Acc@5  89.06 ( 89.06)
[2022-02-23_23-11-34] Epoch: [9][128/390] 0 Compute flavour conv	Time  0.093 ( 0.092)	Data  0.000 ( 0.001)	Loss 1.1083e+00 (1.1929e+00)	Acc@1  70.31 ( 65.01)	Acc@5  90.62 ( 90.81)
[2022-02-23_23-11-46] Epoch: [9][256/390] 0 Compute flavour conv	Time  0.094 ( 0.092)	Data  0.000 ( 0.001)	Loss 1.1036e+00 (1.2035e+00)	Acc@1  66.41 ( 64.86)	Acc@5  92.19 ( 90.68)
[2022-02-23_23-11-58] Epoch: [9][384/390] 0 Compute flavour conv	Time  0.090 ( 0.092)	Data  0.000 ( 0.001)	Loss 1.4106e+00 (1.2075e+00)	Acc@1  62.50 ( 64.78)	Acc@5  85.94 ( 90.69)

----------------------------------------
-------- Training Epoch 9 Stats --------
----------------------------------------

+------------------------+-------------+-------------+-------------+
| Conv                   |   Avg. Loss |   Avg. Acc1 |   Avg. Acc5 |
+========================+=============+=============+=============+
| 0 Compute flavour conv |      1.2075 |       64.78 |       90.69 |
+------------------------+-------------+-------------+-------------+
[2022-02-23_23-11-59] Total Epoch 9 Time:  36.12 seconds

----------------------------------------
----------- Testing Epoch 9 ------------
----------------------------------------

[2022-02-23_23-11-59] Test: [ 0/79] 0 Compute flavour conv	Time  0.142 ( 0.028)	Loss 1.4179e+00 (1.4179e+00)	Acc@1  60.94 ( 60.94)	Acc@5  89.06 ( 89.06)

----------------------------------------
-------- Testing Epoch 9 Stats ---------
----------------------------------------

+------------------------+-------------+-------------+-------------+
| Conv                   |   Avg. Loss |   Avg. Acc1 |   Avg. Acc5 |
+========================+=============+=============+=============+
| 0 Compute flavour conv |      1.7137 |       55.26 |       84.31 |
+------------------------+-------------+-------------+-------------+
[2022-02-23_23-12-01] Total Test Time:   9.00 seconds

----------------------------------------
---------- Training Epoch 10 -----------
----------------------------------------

[2022-02-23_23-12-01] Epoch: [10][  0/390] 0 Compute flavour conv	Time  0.218 ( 0.092)	Data  0.126 ( 0.001)	Loss 8.1074e-01 (8.1074e-01)	Acc@1  74.22 ( 74.22)	Acc@5  97.66 ( 97.66)
[2022-02-23_23-12-13] Epoch: [10][128/390] 0 Compute flavour conv	Time  0.092 ( 0.092)	Data  0.000 ( 0.001)	Loss 9.9004e-01 (1.0966e+00)	Acc@1  71.88 ( 67.47)	Acc@5  95.31 ( 91.99)
[2022-02-23_23-12-25] Epoch: [10][256/390] 0 Compute flavour conv	Time  0.093 ( 0.092)	Data  0.000 ( 0.001)	Loss 1.0934e+00 (1.1169e+00)	Acc@1  67.97 ( 66.94)	Acc@5  92.97 ( 91.84)
[2022-02-23_23-12-36] Epoch: [10][384/390] 0 Compute flavour conv	Time  0.090 ( 0.092)	Data  0.000 ( 0.001)	Loss 1.1841e+00 (1.1233e+00)	Acc@1  64.06 ( 66.71)	Acc@5  91.41 ( 91.76)

----------------------------------------
------- Training Epoch 10 Stats --------
----------------------------------------

+------------------------+-------------+-------------+-------------+
| Conv                   |   Avg. Loss |   Avg. Acc1 |   Avg. Acc5 |
+========================+=============+=============+=============+
| 0 Compute flavour conv |      1.1229 |       66.73 |       91.74 |
+------------------------+-------------+-------------+-------------+
[2022-02-23_23-12-37] Total Epoch 10 Time:  36.21 seconds

----------------------------------------
----------- Testing Epoch 10 -----------
----------------------------------------

[2022-02-23_23-12-37] Test: [ 0/79] 0 Compute flavour conv	Time  0.149 ( 0.028)	Loss 1.5191e+00 (1.5191e+00)	Acc@1  58.59 ( 58.59)	Acc@5  83.59 ( 83.59)

----------------------------------------
-------- Testing Epoch 10 Stats --------
----------------------------------------

+------------------------+-------------+-------------+-------------+
| Conv                   |   Avg. Loss |   Avg. Acc1 |   Avg. Acc5 |
+========================+=============+=============+=============+
| 0 Compute flavour conv |      1.6083 |       57.51 |       85.43 |
+------------------------+-------------+-------------+-------------+
[2022-02-23_23-12-39] Total Test Time:  10.00 seconds

----------------------------------------
---------- Training Epoch 11 -----------
----------------------------------------

[2022-02-23_23-12-39] Epoch: [11][  0/390] 0 Compute flavour conv	Time  0.219 ( 0.092)	Data  0.128 ( 0.001)	Loss 9.3227e-01 (9.3227e-01)	Acc@1  72.66 ( 72.66)	Acc@5  93.75 ( 93.75)
[2022-02-23_23-12-51] Epoch: [11][128/390] 0 Compute flavour conv	Time  0.090 ( 0.092)	Data  0.000 ( 0.001)	Loss 9.9055e-01 (1.0219e+00)	Acc@1  68.75 ( 69.69)	Acc@5  91.41 ( 93.07)
[2022-02-23_23-13-03] Epoch: [11][256/390] 0 Compute flavour conv	Time  0.093 ( 0.092)	Data  0.000 ( 0.001)	Loss 9.2864e-01 (1.0352e+00)	Acc@1  72.66 ( 69.26)	Acc@5  94.53 ( 93.03)
[2022-02-23_23-13-15] Epoch: [11][384/390] 0 Compute flavour conv	Time  0.090 ( 0.092)	Data  0.000 ( 0.001)	Loss 1.1959e+00 (1.0454e+00)	Acc@1  66.41 ( 68.93)	Acc@5  92.97 ( 92.81)

----------------------------------------
------- Training Epoch 11 Stats --------
----------------------------------------

+------------------------+-------------+-------------+-------------+
| Conv                   |   Avg. Loss |   Avg. Acc1 |   Avg. Acc5 |
+========================+=============+=============+=============+
| 0 Compute flavour conv |      1.0455 |       68.93 |       92.82 |
+------------------------+-------------+-------------+-------------+
[2022-02-23_23-13-15] Total Epoch 11 Time:  36.07 seconds

----------------------------------------
----------- Testing Epoch 11 -----------
----------------------------------------

[2022-02-23_23-13-16] Test: [ 0/79] 0 Compute flavour conv	Time  0.198 ( 0.028)	Loss 1.3991e+00 (1.3991e+00)	Acc@1  65.62 ( 65.62)	Acc@5  86.72 ( 86.72)

----------------------------------------
-------- Testing Epoch 11 Stats --------
----------------------------------------

+------------------------+-------------+-------------+-------------+
| Conv                   |   Avg. Loss |   Avg. Acc1 |   Avg. Acc5 |
+========================+=============+=============+=============+
| 0 Compute flavour conv |      1.5843 |       57.34 |       85.47 |
+------------------------+-------------+-------------+-------------+
[2022-02-23_23-13-18] Total Test Time:  11.00 seconds

----------------------------------------
---------- Training Epoch 12 -----------
----------------------------------------

[2022-02-23_23-13-18] Epoch: [12][  0/390] 0 Compute flavour conv	Time  0.219 ( 0.092)	Data  0.125 ( 0.001)	Loss 8.5894e-01 (8.5894e-01)	Acc@1  75.78 ( 75.78)	Acc@5  92.97 ( 92.97)
[2022-02-23_23-13-30] Epoch: [12][128/390] 0 Compute flavour conv	Time  0.090 ( 0.092)	Data  0.000 ( 0.001)	Loss 1.1461e+00 (9.4372e-01)	Acc@1  60.94 ( 71.70)	Acc@5  92.19 ( 94.19)
[2022-02-23_23-13-41] Epoch: [12][256/390] 0 Compute flavour conv	Time  0.094 ( 0.092)	Data  0.000 ( 0.001)	Loss 1.0866e+00 (9.6545e-01)	Acc@1  67.97 ( 71.31)	Acc@5  92.19 ( 93.85)
[2022-02-23_23-13-53] Epoch: [12][384/390] 0 Compute flavour conv	Time  0.092 ( 0.092)	Data  0.000 ( 0.001)	Loss 9.7217e-01 (9.6940e-01)	Acc@1  67.19 ( 71.19)	Acc@5  95.31 ( 93.75)

----------------------------------------
------- Training Epoch 12 Stats --------
----------------------------------------

+------------------------+-------------+-------------+-------------+
| Conv                   |   Avg. Loss |   Avg. Acc1 |   Avg. Acc5 |
+========================+=============+=============+=============+
| 0 Compute flavour conv |     0.97039 |       71.16 |       93.74 |
+------------------------+-------------+-------------+-------------+
[2022-02-23_23-13-54] Total Epoch 12 Time:  36.14 seconds

----------------------------------------
----------- Testing Epoch 12 -----------
----------------------------------------

[2022-02-23_23-13-54] Test: [ 0/79] 0 Compute flavour conv	Time  0.146 ( 0.028)	Loss 1.4850e+00 (1.4850e+00)	Acc@1  63.28 ( 63.28)	Acc@5  86.72 ( 86.72)

----------------------------------------
-------- Testing Epoch 12 Stats --------
----------------------------------------

+------------------------+-------------+-------------+-------------+
| Conv                   |   Avg. Loss |   Avg. Acc1 |   Avg. Acc5 |
+========================+=============+=============+=============+
| 0 Compute flavour conv |      1.5936 |       58.94 |       85.36 |
+------------------------+-------------+-------------+-------------+
[2022-02-23_23-13-56] Total Test Time:  12.00 seconds

----------------------------------------
---------- Training Epoch 13 -----------
----------------------------------------

[2022-02-23_23-13-56] Epoch: [13][  0/390] 0 Compute flavour conv	Time  0.219 ( 0.092)	Data  0.125 ( 0.001)	Loss 7.2602e-01 (7.2602e-01)	Acc@1  78.12 ( 78.12)	Acc@5  92.97 ( 92.97)
[2022-02-23_23-14-08] Epoch: [13][128/390] 0 Compute flavour conv	Time  0.094 ( 0.092)	Data  0.000 ( 0.001)	Loss 8.6658e-01 (8.5449e-01)	Acc@1  73.44 ( 74.41)	Acc@5  96.09 ( 95.02)
[2022-02-23_23-14-20] Epoch: [13][256/390] 0 Compute flavour conv	Time  0.092 ( 0.092)	Data  0.000 ( 0.001)	Loss 7.9418e-01 (8.8791e-01)	Acc@1  77.34 ( 73.32)	Acc@5  96.09 ( 94.79)
[2022-02-23_23-14-32] Epoch: [13][384/390] 0 Compute flavour conv	Time  0.091 ( 0.092)	Data  0.000 ( 0.001)	Loss 9.6535e-01 (8.9575e-01)	Acc@1  75.00 ( 72.84)	Acc@5  92.19 ( 94.65)

----------------------------------------
------- Training Epoch 13 Stats --------
----------------------------------------

+------------------------+-------------+-------------+-------------+
| Conv                   |   Avg. Loss |   Avg. Acc1 |   Avg. Acc5 |
+========================+=============+=============+=============+
| 0 Compute flavour conv |     0.89677 |        72.8 |       94.64 |
+------------------------+-------------+-------------+-------------+
[2022-02-23_23-14-32] Total Epoch 13 Time:  36.06 seconds

----------------------------------------
----------- Testing Epoch 13 -----------
----------------------------------------

[2022-02-23_23-14-32] Test: [ 0/79] 0 Compute flavour conv	Time  0.143 ( 0.028)	Loss 1.2794e+00 (1.2794e+00)	Acc@1  62.50 ( 62.50)	Acc@5  88.28 ( 88.28)

----------------------------------------
-------- Testing Epoch 13 Stats --------
----------------------------------------

+------------------------+-------------+-------------+-------------+
| Conv                   |   Avg. Loss |   Avg. Acc1 |   Avg. Acc5 |
+========================+=============+=============+=============+
| 0 Compute flavour conv |      1.5367 |       60.18 |       87.55 |
+------------------------+-------------+-------------+-------------+
[2022-02-23_23-14-34] Total Test Time:  13.00 seconds

----------------------------------------
---------- Training Epoch 14 -----------
----------------------------------------

[2022-02-23_23-14-35] Epoch: [14][  0/390] 0 Compute flavour conv	Time  0.228 ( 0.092)	Data  0.136 ( 0.001)	Loss 9.1483e-01 (9.1483e-01)	Acc@1  75.00 ( 75.00)	Acc@5  92.97 ( 92.97)
[2022-02-23_23-14-46] Epoch: [14][128/390] 0 Compute flavour conv	Time  0.091 ( 0.092)	Data  0.000 ( 0.001)	Loss 8.3854e-01 (8.1806e-01)	Acc@1  73.44 ( 74.99)	Acc@5  96.88 ( 95.53)
[2022-02-23_23-14-58] Epoch: [14][256/390] 0 Compute flavour conv	Time  0.093 ( 0.092)	Data  0.000 ( 0.001)	Loss 7.5996e-01 (8.3502e-01)	Acc@1  76.56 ( 74.49)	Acc@5  95.31 ( 95.27)
[2022-02-23_23-15-10] Epoch: [14][384/390] 0 Compute flavour conv	Time  0.090 ( 0.092)	Data  0.000 ( 0.001)	Loss 7.3502e-01 (8.3405e-01)	Acc@1  75.00 ( 74.56)	Acc@5  96.09 ( 95.28)

----------------------------------------
------- Training Epoch 14 Stats --------
----------------------------------------

+------------------------+-------------+-------------+-------------+
| Conv                   |   Avg. Loss |   Avg. Acc1 |   Avg. Acc5 |
+========================+=============+=============+=============+
| 0 Compute flavour conv |     0.83465 |       74.55 |       95.25 |
+------------------------+-------------+-------------+-------------+
[2022-02-23_23-15-10] Total Epoch 14 Time:  36.03 seconds

----------------------------------------
----------- Testing Epoch 14 -----------
----------------------------------------

[2022-02-23_23-15-11] Test: [ 0/79] 0 Compute flavour conv	Time  0.159 ( 0.028)	Loss 1.3720e+00 (1.3720e+00)	Acc@1  61.72 ( 61.72)	Acc@5  89.84 ( 89.84)

----------------------------------------
-------- Testing Epoch 14 Stats --------
----------------------------------------

+------------------------+-------------+-------------+-------------+
| Conv                   |   Avg. Loss |   Avg. Acc1 |   Avg. Acc5 |
+========================+=============+=============+=============+
| 0 Compute flavour conv |      1.5128 |       60.49 |       87.35 |
+------------------------+-------------+-------------+-------------+
[2022-02-23_23-15-13] Total Test Time:  14.00 seconds

----------------------------------------
---------- Training Epoch 15 -----------
----------------------------------------

[2022-02-23_23-15-13] Epoch: [15][  0/390] 0 Compute flavour conv	Time  0.234 ( 0.092)	Data  0.137 ( 0.001)	Loss 6.5847e-01 (6.5847e-01)	Acc@1  78.91 ( 78.91)	Acc@5  96.88 ( 96.88)
[2022-02-23_23-15-25] Epoch: [15][128/390] 0 Compute flavour conv	Time  0.092 ( 0.092)	Data  0.000 ( 0.001)	Loss 6.8596e-01 (7.4167e-01)	Acc@1  79.69 ( 77.36)	Acc@5  98.44 ( 96.25)
[2022-02-23_23-15-36] Epoch: [15][256/390] 0 Compute flavour conv	Time  0.093 ( 0.092)	Data  0.000 ( 0.001)	Loss 8.9437e-01 (7.6683e-01)	Acc@1  73.44 ( 76.37)	Acc@5  93.75 ( 96.01)
[2022-02-23_23-15-48] Epoch: [15][384/390] 0 Compute flavour conv	Time  0.089 ( 0.092)	Data  0.000 ( 0.001)	Loss 7.3004e-01 (7.8040e-01)	Acc@1  77.34 ( 76.15)	Acc@5  94.53 ( 95.75)

----------------------------------------
------- Training Epoch 15 Stats --------
----------------------------------------

+------------------------+-------------+-------------+-------------+
| Conv                   |   Avg. Loss |   Avg. Acc1 |   Avg. Acc5 |
+========================+=============+=============+=============+
| 0 Compute flavour conv |     0.78084 |       76.12 |       95.74 |
+------------------------+-------------+-------------+-------------+
[2022-02-23_23-15-49] Total Epoch 15 Time:  35.92 seconds

----------------------------------------
----------- Testing Epoch 15 -----------
----------------------------------------

[2022-02-23_23-15-49] Test: [ 0/79] 0 Compute flavour conv	Time  0.144 ( 0.027)	Loss 1.2122e+00 (1.2122e+00)	Acc@1  63.28 ( 63.28)	Acc@5  86.72 ( 86.72)

----------------------------------------
-------- Testing Epoch 15 Stats --------
----------------------------------------

+------------------------+-------------+-------------+-------------+
| Conv                   |   Avg. Loss |   Avg. Acc1 |   Avg. Acc5 |
+========================+=============+=============+=============+
| 0 Compute flavour conv |      1.4009 |        63.3 |       88.24 |
+------------------------+-------------+-------------+-------------+
[2022-02-23_23-15-51] Total Test Time:  15.00 seconds

----------------------------------------
---------- Training Epoch 16 -----------
----------------------------------------

[2022-02-23_23-15-51] Epoch: [16][  0/390] 0 Compute flavour conv	Time  0.240 ( 0.092)	Data  0.133 ( 0.001)	Loss 4.6742e-01 (4.6742e-01)	Acc@1  84.38 ( 84.38)	Acc@5  99.22 ( 99.22)
[2022-02-23_23-16-03] Epoch: [16][128/390] 0 Compute flavour conv	Time  0.093 ( 0.092)	Data  0.000 ( 0.001)	Loss 9.1261e-01 (6.9271e-01)	Acc@1  72.66 ( 78.72)	Acc@5  92.97 ( 96.65)
[2022-02-23_23-16-15] Epoch: [16][256/390] 0 Compute flavour conv	Time  0.090 ( 0.092)	Data  0.000 ( 0.001)	Loss 6.3813e-01 (7.0917e-01)	Acc@1  78.91 ( 78.30)	Acc@5  96.09 ( 96.47)
[2022-02-23_23-16-27] Epoch: [16][384/390] 0 Compute flavour conv	Time  0.089 ( 0.092)	Data  0.000 ( 0.001)	Loss 7.5392e-01 (7.2504e-01)	Acc@1  78.91 ( 77.75)	Acc@5  93.75 ( 96.34)

----------------------------------------
------- Training Epoch 16 Stats --------
----------------------------------------

+------------------------+-------------+-------------+-------------+
| Conv                   |   Avg. Loss |   Avg. Acc1 |   Avg. Acc5 |
+========================+=============+=============+=============+
| 0 Compute flavour conv |     0.72592 |       77.73 |       96.33 |
+------------------------+-------------+-------------+-------------+
[2022-02-23_23-16-27] Total Epoch 16 Time:  35.88 seconds

----------------------------------------
----------- Testing Epoch 16 -----------
----------------------------------------

[2022-02-23_23-16-27] Test: [ 0/79] 0 Compute flavour conv	Time  0.140 ( 0.028)	Loss 1.3401e+00 (1.3401e+00)	Acc@1  67.19 ( 67.19)	Acc@5  89.06 ( 89.06)

----------------------------------------
-------- Testing Epoch 16 Stats --------
----------------------------------------

+------------------------+-------------+-------------+-------------+
| Conv                   |   Avg. Loss |   Avg. Acc1 |   Avg. Acc5 |
+========================+=============+=============+=============+
| 0 Compute flavour conv |      1.5458 |       61.81 |       87.37 |
+------------------------+-------------+-------------+-------------+
[2022-02-23_23-16-29] Total Test Time:  16.00 seconds

----------------------------------------
---------- Training Epoch 17 -----------
----------------------------------------

[2022-02-23_23-16-30] Epoch: [17][  0/390] 0 Compute flavour conv	Time  0.341 ( 0.092)	Data  0.234 ( 0.001)	Loss 5.0910e-01 (5.0910e-01)	Acc@1  82.81 ( 82.81)	Acc@5  98.44 ( 98.44)
[2022-02-23_23-16-41] Epoch: [17][128/390] 0 Compute flavour conv	Time  0.094 ( 0.092)	Data  0.000 ( 0.001)	Loss 5.9181e-01 (6.4391e-01)	Acc@1  82.81 ( 80.01)	Acc@5  98.44 ( 97.19)
[2022-02-23_23-16-53] Epoch: [17][256/390] 0 Compute flavour conv	Time  0.092 ( 0.092)	Data  0.000 ( 0.001)	Loss 6.2356e-01 (6.5281e-01)	Acc@1  78.12 ( 79.47)	Acc@5  98.44 ( 97.12)
[2022-02-23_23-17-05] Epoch: [17][384/390] 0 Compute flavour conv	Time  0.089 ( 0.092)	Data  0.000 ( 0.001)	Loss 7.7659e-01 (6.6696e-01)	Acc@1  79.69 ( 79.09)	Acc@5  94.53 ( 97.00)

----------------------------------------
------- Training Epoch 17 Stats --------
----------------------------------------

+------------------------+-------------+-------------+-------------+
| Conv                   |   Avg. Loss |   Avg. Acc1 |   Avg. Acc5 |
+========================+=============+=============+=============+
| 0 Compute flavour conv |     0.66728 |       79.07 |       97.01 |
+------------------------+-------------+-------------+-------------+
[2022-02-23_23-17-05] Total Epoch 17 Time:  36.24 seconds

----------------------------------------
----------- Testing Epoch 17 -----------
----------------------------------------

[2022-02-23_23-17-06] Test: [ 0/79] 0 Compute flavour conv	Time  0.141 ( 0.028)	Loss 1.1807e+00 (1.1807e+00)	Acc@1  67.97 ( 67.97)	Acc@5  87.50 ( 87.50)

----------------------------------------
-------- Testing Epoch 17 Stats --------
----------------------------------------

+------------------------+-------------+-------------+-------------+
| Conv                   |   Avg. Loss |   Avg. Acc1 |   Avg. Acc5 |
+========================+=============+=============+=============+
| 0 Compute flavour conv |      1.4425 |       63.35 |       88.45 |
+------------------------+-------------+-------------+-------------+
[2022-02-23_23-17-08] Total Test Time:  17.00 seconds

----------------------------------------
---------- Training Epoch 18 -----------
----------------------------------------

[2022-02-23_23-17-08] Epoch: [18][  0/390] 0 Compute flavour conv	Time  0.233 ( 0.092)	Data  0.137 ( 0.001)	Loss 7.0164e-01 (7.0164e-01)	Acc@1  78.91 ( 78.91)	Acc@5  96.88 ( 96.88)
[2022-02-23_23-17-20] Epoch: [18][128/390] 0 Compute flavour conv	Time  0.093 ( 0.092)	Data  0.000 ( 0.001)	Loss 6.3543e-01 (5.7613e-01)	Acc@1  78.91 ( 82.13)	Acc@5  99.22 ( 97.75)
[2022-02-23_23-17-32] Epoch: [18][256/390] 0 Compute flavour conv	Time  0.089 ( 0.092)	Data  0.000 ( 0.001)	Loss 6.4231e-01 (5.9848e-01)	Acc@1  80.47 ( 81.26)	Acc@5  96.88 ( 97.58)
[2022-02-23_23-17-43] Epoch: [18][384/390] 0 Compute flavour conv	Time  0.089 ( 0.092)	Data  0.000 ( 0.001)	Loss 4.0667e-01 (6.1996e-01)	Acc@1  87.50 ( 80.63)	Acc@5  96.88 ( 97.40)

----------------------------------------
------- Training Epoch 18 Stats --------
----------------------------------------

+------------------------+-------------+-------------+-------------+
| Conv                   |   Avg. Loss |   Avg. Acc1 |   Avg. Acc5 |
+========================+=============+=============+=============+
| 0 Compute flavour conv |     0.61981 |       80.64 |        97.4 |
+------------------------+-------------+-------------+-------------+
[2022-02-23_23-17-44] Total Epoch 18 Time:  36.13 seconds

----------------------------------------
----------- Testing Epoch 18 -----------
----------------------------------------

[2022-02-23_23-17-44] Test: [ 0/79] 0 Compute flavour conv	Time  0.141 ( 0.028)	Loss 1.3456e+00 (1.3456e+00)	Acc@1  67.19 ( 67.19)	Acc@5  87.50 ( 87.50)

----------------------------------------
-------- Testing Epoch 18 Stats --------
----------------------------------------

+------------------------+-------------+-------------+-------------+
| Conv                   |   Avg. Loss |   Avg. Acc1 |   Avg. Acc5 |
+========================+=============+=============+=============+
| 0 Compute flavour conv |      1.3681 |       65.61 |       89.51 |
+------------------------+-------------+-------------+-------------+
[2022-02-23_23-17-46] Total Test Time:  18.00 seconds

----------------------------------------
---------- Training Epoch 19 -----------
----------------------------------------

[2022-02-23_23-17-46] Epoch: [19][  0/390] 0 Compute flavour conv	Time  0.215 ( 0.092)	Data  0.122 ( 0.001)	Loss 6.1124e-01 (6.1124e-01)	Acc@1  78.12 ( 78.12)	Acc@5  97.66 ( 97.66)
[2022-02-23_23-17-58] Epoch: [19][128/390] 0 Compute flavour conv	Time  0.092 ( 0.092)	Data  0.000 ( 0.001)	Loss 4.3088e-01 (5.3460e-01)	Acc@1  85.16 ( 83.15)	Acc@5 100.00 ( 98.06)
[2022-02-23_23-18-10] Epoch: [19][256/390] 0 Compute flavour conv	Time  0.090 ( 0.092)	Data  0.000 ( 0.001)	Loss 5.6155e-01 (5.5783e-01)	Acc@1  81.25 ( 82.56)	Acc@5  98.44 ( 97.84)
[2022-02-23_23-18-22] Epoch: [19][384/390] 0 Compute flavour conv	Time  0.089 ( 0.092)	Data  0.000 ( 0.001)	Loss 5.6332e-01 (5.7162e-01)	Acc@1  80.47 ( 82.07)	Acc@5  96.88 ( 97.75)

----------------------------------------
------- Training Epoch 19 Stats --------
----------------------------------------

+------------------------+-------------+-------------+-------------+
| Conv                   |   Avg. Loss |   Avg. Acc1 |   Avg. Acc5 |
+========================+=============+=============+=============+
| 0 Compute flavour conv |     0.57152 |       82.06 |       97.76 |
+------------------------+-------------+-------------+-------------+
[2022-02-23_23-18-22] Total Epoch 19 Time:  36.09 seconds

----------------------------------------
----------- Testing Epoch 19 -----------
----------------------------------------

[2022-02-23_23-18-22] Test: [ 0/79] 0 Compute flavour conv	Time  0.142 ( 0.028)	Loss 1.3074e+00 (1.3074e+00)	Acc@1  67.19 ( 67.19)	Acc@5  89.06 ( 89.06)

----------------------------------------
-------- Testing Epoch 19 Stats --------
----------------------------------------

+------------------------+-------------+-------------+-------------+
| Conv                   |   Avg. Loss |   Avg. Acc1 |   Avg. Acc5 |
+========================+=============+=============+=============+
| 0 Compute flavour conv |      1.4733 |        64.1 |       88.64 |
+------------------------+-------------+-------------+-------------+
[2022-02-23_23-18-24] Total Test Time:  19.00 seconds

----------------------------------------
---------- Training Epoch 20 -----------
----------------------------------------

[2022-02-23_23-18-25] Epoch: [20][  0/390] 0 Compute flavour conv	Time  0.216 ( 0.092)	Data  0.124 ( 0.001)	Loss 5.1229e-01 (5.1229e-01)	Acc@1  82.81 ( 82.81)	Acc@5  98.44 ( 98.44)
[2022-02-23_23-18-36] Epoch: [20][128/390] 0 Compute flavour conv	Time  0.089 ( 0.092)	Data  0.000 ( 0.001)	Loss 4.8991e-01 (4.9769e-01)	Acc@1  86.72 ( 84.50)	Acc@5  96.88 ( 98.30)
[2022-02-23_23-18-48] Epoch: [20][256/390] 0 Compute flavour conv	Time  0.093 ( 0.092)	Data  0.000 ( 0.001)	Loss 5.1880e-01 (5.1387e-01)	Acc@1  82.81 ( 83.78)	Acc@5  97.66 ( 98.20)
[2022-02-23_23-19-00] Epoch: [20][384/390] 0 Compute flavour conv	Time  0.091 ( 0.092)	Data  0.000 ( 0.001)	Loss 4.2249e-01 (5.2819e-01)	Acc@1  89.06 ( 83.29)	Acc@5  97.66 ( 98.09)

----------------------------------------
------- Training Epoch 20 Stats --------
----------------------------------------

+------------------------+-------------+-------------+-------------+
| Conv                   |   Avg. Loss |   Avg. Acc1 |   Avg. Acc5 |
+========================+=============+=============+=============+
| 0 Compute flavour conv |      0.5288 |       83.26 |       98.09 |
+------------------------+-------------+-------------+-------------+
[2022-02-23_23-19-00] Total Epoch 20 Time:  35.95 seconds

----------------------------------------
----------- Testing Epoch 20 -----------
----------------------------------------

[2022-02-23_23-19-00] Test: [ 0/79] 0 Compute flavour conv	Time  0.142 ( 0.028)	Loss 1.2575e+00 (1.2575e+00)	Acc@1  69.53 ( 69.53)	Acc@5  87.50 ( 87.50)

----------------------------------------
-------- Testing Epoch 20 Stats --------
----------------------------------------

+------------------------+-------------+-------------+-------------+
| Conv                   |   Avg. Loss |   Avg. Acc1 |   Avg. Acc5 |
+========================+=============+=============+=============+
| 0 Compute flavour conv |      1.4457 |       64.55 |       89.23 |
+------------------------+-------------+-------------+-------------+
[2022-02-23_23-19-03] Total Test Time:  20.00 seconds

----------------------------------------
---------- Training Epoch 21 -----------
----------------------------------------

[2022-02-23_23-19-03] Epoch: [21][  0/390] 0 Compute flavour conv	Time  0.224 ( 0.092)	Data  0.125 ( 0.001)	Loss 4.5841e-01 (4.5841e-01)	Acc@1  85.94 ( 85.94)	Acc@5  99.22 ( 99.22)
[2022-02-23_23-19-15] Epoch: [21][128/390] 0 Compute flavour conv	Time  0.093 ( 0.092)	Data  0.000 ( 0.001)	Loss 5.0283e-01 (4.2777e-01)	Acc@1  83.59 ( 86.55)	Acc@5  99.22 ( 98.80)
[2022-02-23_23-19-26] Epoch: [21][256/390] 0 Compute flavour conv	Time  0.090 ( 0.092)	Data  0.000 ( 0.001)	Loss 5.2714e-01 (4.6360e-01)	Acc@1  82.81 ( 85.21)	Acc@5  96.88 ( 98.53)
[2022-02-23_23-19-38] Epoch: [21][384/390] 0 Compute flavour conv	Time  0.090 ( 0.092)	Data  0.000 ( 0.001)	Loss 4.8090e-01 (4.8074e-01)	Acc@1  86.72 ( 84.68)	Acc@5  97.66 ( 98.44)

----------------------------------------
------- Training Epoch 21 Stats --------
----------------------------------------

+------------------------+-------------+-------------+-------------+
| Conv                   |   Avg. Loss |   Avg. Acc1 |   Avg. Acc5 |
+========================+=============+=============+=============+
| 0 Compute flavour conv |     0.48158 |       84.66 |       98.44 |
+------------------------+-------------+-------------+-------------+
[2022-02-23_23-19-39] Total Epoch 21 Time:  35.95 seconds

----------------------------------------
----------- Testing Epoch 21 -----------
----------------------------------------

[2022-02-23_23-19-39] Test: [ 0/79] 0 Compute flavour conv	Time  0.152 ( 0.028)	Loss 1.5461e+00 (1.5461e+00)	Acc@1  67.19 ( 67.19)	Acc@5  88.28 ( 88.28)

----------------------------------------
-------- Testing Epoch 21 Stats --------
----------------------------------------

+------------------------+-------------+-------------+-------------+
| Conv                   |   Avg. Loss |   Avg. Acc1 |   Avg. Acc5 |
+========================+=============+=============+=============+
| 0 Compute flavour conv |      1.4802 |        64.9 |       89.15 |
+------------------------+-------------+-------------+-------------+
[2022-02-23_23-19-41] Total Test Time:  21.00 seconds

----------------------------------------
---------- Training Epoch 22 -----------
----------------------------------------

[2022-02-23_23-19-41] Epoch: [22][  0/390] 0 Compute flavour conv	Time  0.228 ( 0.092)	Data  0.137 ( 0.001)	Loss 3.5343e-01 (3.5343e-01)	Acc@1  89.06 ( 89.06)	Acc@5  99.22 ( 99.22)
[2022-02-23_23-19-53] Epoch: [22][128/390] 0 Compute flavour conv	Time  0.093 ( 0.092)	Data  0.000 ( 0.001)	Loss 4.1229e-01 (4.0492e-01)	Acc@1  89.06 ( 87.25)	Acc@5  97.66 ( 98.92)
[2022-02-23_23-20-05] Epoch: [22][256/390] 0 Compute flavour conv	Time  0.090 ( 0.092)	Data  0.000 ( 0.001)	Loss 5.3430e-01 (4.1865e-01)	Acc@1  81.25 ( 86.65)	Acc@5 100.00 ( 98.95)
[2022-02-23_23-20-17] Epoch: [22][384/390] 0 Compute flavour conv	Time  0.091 ( 0.092)	Data  0.000 ( 0.001)	Loss 5.0184e-01 (4.3304e-01)	Acc@1  83.59 ( 86.20)	Acc@5  98.44 ( 98.80)

----------------------------------------
------- Training Epoch 22 Stats --------
----------------------------------------

+------------------------+-------------+-------------+-------------+
| Conv                   |   Avg. Loss |   Avg. Acc1 |   Avg. Acc5 |
+========================+=============+=============+=============+
| 0 Compute flavour conv |     0.43359 |       86.18 |       98.79 |
+------------------------+-------------+-------------+-------------+
[2022-02-23_23-20-17] Total Epoch 22 Time:  36.16 seconds

----------------------------------------
----------- Testing Epoch 22 -----------
----------------------------------------

[2022-02-23_23-20-17] Test: [ 0/79] 0 Compute flavour conv	Time  0.154 ( 0.028)	Loss 1.4128e+00 (1.4128e+00)	Acc@1  68.75 ( 68.75)	Acc@5  85.94 ( 85.94)

----------------------------------------
-------- Testing Epoch 22 Stats --------
----------------------------------------

+------------------------+-------------+-------------+-------------+
| Conv                   |   Avg. Loss |   Avg. Acc1 |   Avg. Acc5 |
+========================+=============+=============+=============+
| 0 Compute flavour conv |      1.6026 |       63.26 |       88.07 |
+------------------------+-------------+-------------+-------------+
[2022-02-23_23-20-19] Total Test Time:  22.00 seconds

----------------------------------------
---------- Training Epoch 23 -----------
----------------------------------------

[2022-02-23_23-20-19] Epoch: [23][  0/390] 0 Compute flavour conv	Time  0.232 ( 0.092)	Data  0.138 ( 0.001)	Loss 3.0740e-01 (3.0740e-01)	Acc@1  90.62 ( 90.62)	Acc@5 100.00 (100.00)
[2022-02-23_23-20-31] Epoch: [23][128/390] 0 Compute flavour conv	Time  0.095 ( 0.092)	Data  0.000 ( 0.001)	Loss 4.7006e-01 (3.7570e-01)	Acc@1  84.38 ( 87.92)	Acc@5  98.44 ( 99.08)
[2022-02-23_23-20-43] Epoch: [23][256/390] 0 Compute flavour conv	Time  0.090 ( 0.092)	Data  0.000 ( 0.001)	Loss 4.2489e-01 (3.8871e-01)	Acc@1  89.84 ( 87.56)	Acc@5  97.66 ( 99.01)
[2022-02-23_23-20-55] Epoch: [23][384/390] 0 Compute flavour conv	Time  0.089 ( 0.092)	Data  0.000 ( 0.001)	Loss 4.8006e-01 (4.0422e-01)	Acc@1  80.47 ( 87.04)	Acc@5 100.00 ( 98.94)

----------------------------------------
------- Training Epoch 23 Stats --------
----------------------------------------

+------------------------+-------------+-------------+-------------+
| Conv                   |   Avg. Loss |   Avg. Acc1 |   Avg. Acc5 |
+========================+=============+=============+=============+
| 0 Compute flavour conv |     0.40455 |       87.01 |       98.94 |
+------------------------+-------------+-------------+-------------+
[2022-02-23_23-20-55] Total Epoch 23 Time:  35.90 seconds

----------------------------------------
----------- Testing Epoch 23 -----------
----------------------------------------

[2022-02-23_23-20-55] Test: [ 0/79] 0 Compute flavour conv	Time  0.143 ( 0.028)	Loss 1.4852e+00 (1.4852e+00)	Acc@1  66.41 ( 66.41)	Acc@5  90.62 ( 90.62)

----------------------------------------
-------- Testing Epoch 23 Stats --------
----------------------------------------

+------------------------+-------------+-------------+-------------+
| Conv                   |   Avg. Loss |   Avg. Acc1 |   Avg. Acc5 |
+========================+=============+=============+=============+
| 0 Compute flavour conv |      1.5308 |          65 |       88.91 |
+------------------------+-------------+-------------+-------------+
[2022-02-23_23-20-57] Total Test Time:  23.00 seconds

----------------------------------------
---------- Training Epoch 24 -----------
----------------------------------------

[2022-02-23_23-20-58] Epoch: [24][  0/390] 0 Compute flavour conv	Time  0.232 ( 0.092)	Data  0.135 ( 0.001)	Loss 4.8433e-01 (4.8433e-01)	Acc@1  85.94 ( 85.94)	Acc@5  98.44 ( 98.44)
[2022-02-23_23-21-09] Epoch: [24][128/390] 0 Compute flavour conv	Time  0.094 ( 0.092)	Data  0.000 ( 0.001)	Loss 3.5869e-01 (3.4627e-01)	Acc@1  86.72 ( 88.70)	Acc@5 100.00 ( 99.30)
[2022-02-23_23-21-21] Epoch: [24][256/390] 0 Compute flavour conv	Time  0.093 ( 0.092)	Data  0.000 ( 0.001)	Loss 3.9544e-01 (3.6196e-01)	Acc@1  85.94 ( 88.30)	Acc@5  98.44 ( 99.20)
[2022-02-23_23-21-33] Epoch: [24][384/390] 0 Compute flavour conv	Time  0.093 ( 0.092)	Data  0.000 ( 0.001)	Loss 3.3967e-01 (3.7262e-01)	Acc@1  92.19 ( 87.95)	Acc@5  99.22 ( 99.12)

----------------------------------------
------- Training Epoch 24 Stats --------
----------------------------------------

+------------------------+-------------+-------------+-------------+
| Conv                   |   Avg. Loss |   Avg. Acc1 |   Avg. Acc5 |
+========================+=============+=============+=============+
| 0 Compute flavour conv |     0.37304 |       87.93 |       99.12 |
+------------------------+-------------+-------------+-------------+
[2022-02-23_23-21-34] Total Epoch 24 Time:  36.22 seconds

----------------------------------------
----------- Testing Epoch 24 -----------
----------------------------------------

[2022-02-23_23-21-34] Test: [ 0/79] 0 Compute flavour conv	Time  0.142 ( 0.028)	Loss 1.4933e+00 (1.4933e+00)	Acc@1  71.09 ( 71.09)	Acc@5  86.72 ( 86.72)

----------------------------------------
-------- Testing Epoch 24 Stats --------
----------------------------------------

+------------------------+-------------+-------------+-------------+
| Conv                   |   Avg. Loss |   Avg. Acc1 |   Avg. Acc5 |
+========================+=============+=============+=============+
| 0 Compute flavour conv |      1.5157 |       65.53 |       89.42 |
+------------------------+-------------+-------------+-------------+
[2022-02-23_23-21-36] Total Test Time:  24.00 seconds

----------------------------------------
---------- Training Epoch 25 -----------
----------------------------------------

[2022-02-23_23-21-36] Epoch: [25][  0/390] 0 Compute flavour conv	Time  0.233 ( 0.092)	Data  0.138 ( 0.001)	Loss 2.7963e-01 (2.7963e-01)	Acc@1  90.62 ( 90.62)	Acc@5  98.44 ( 98.44)
[2022-02-23_23-21-48] Epoch: [25][128/390] 0 Compute flavour conv	Time  0.090 ( 0.092)	Data  0.000 ( 0.001)	Loss 3.3062e-01 (3.0824e-01)	Acc@1  88.28 ( 90.42)	Acc@5 100.00 ( 99.44)
[2022-02-23_23-21-59] Epoch: [25][256/390] 0 Compute flavour conv	Time  0.093 ( 0.092)	Data  0.000 ( 0.001)	Loss 3.1204e-01 (3.2673e-01)	Acc@1  89.06 ( 89.59)	Acc@5  98.44 ( 99.34)
[2022-02-23_23-22-11] Epoch: [25][384/390] 0 Compute flavour conv	Time  0.095 ( 0.092)	Data  0.000 ( 0.001)	Loss 3.6679e-01 (3.3788e-01)	Acc@1  89.06 ( 89.17)	Acc@5  99.22 ( 99.31)

----------------------------------------
------- Training Epoch 25 Stats --------
----------------------------------------

+------------------------+-------------+-------------+-------------+
| Conv                   |   Avg. Loss |   Avg. Acc1 |   Avg. Acc5 |
+========================+=============+=============+=============+
| 0 Compute flavour conv |     0.33894 |       89.13 |        99.3 |
+------------------------+-------------+-------------+-------------+
[2022-02-23_23-22-12] Total Epoch 25 Time:  36.04 seconds

----------------------------------------
----------- Testing Epoch 25 -----------
----------------------------------------

[2022-02-23_23-22-12] Test: [ 0/79] 0 Compute flavour conv	Time  0.152 ( 0.028)	Loss 1.4461e+00 (1.4461e+00)	Acc@1  71.09 ( 71.09)	Acc@5  86.72 ( 86.72)

----------------------------------------
-------- Testing Epoch 25 Stats --------
----------------------------------------

+------------------------+-------------+-------------+-------------+
| Conv                   |   Avg. Loss |   Avg. Acc1 |   Avg. Acc5 |
+========================+=============+=============+=============+
| 0 Compute flavour conv |      1.5429 |       65.24 |       88.87 |
+------------------------+-------------+-------------+-------------+
[2022-02-23_23-22-14] Total Test Time:  25.00 seconds

----------------------------------------
---------- Training Epoch 26 -----------
----------------------------------------

[2022-02-23_23-22-14] Epoch: [26][  0/390] 0 Compute flavour conv	Time  0.222 ( 0.092)	Data  0.125 ( 0.001)	Loss 2.5222e-01 (2.5222e-01)	Acc@1  91.41 ( 91.41)	Acc@5 100.00 (100.00)
[2022-02-23_23-22-26] Epoch: [26][128/390] 0 Compute flavour conv	Time  0.095 ( 0.092)	Data  0.000 ( 0.001)	Loss 3.8336e-01 (2.7934e-01)	Acc@1  85.94 ( 90.93)	Acc@5 100.00 ( 99.57)
